#
# A fatal error has been detected by the Java Runtime Environment:
#
#  EXCEPTION_ACCESS_VIOLATION (0xc0000005) at pc=0x000001fea0dd278f, pid=2884, tid=8308
#
# JRE version: OpenJDK Runtime Environment Temurin-17.0.4.1+1 (17.0.4.1+1) (build 17.0.4.1+1)
# Java VM: OpenJDK 64-Bit Server VM Temurin-17.0.4.1+1 (17.0.4.1+1, mixed mode, tiered, compressed oops, compressed class ptrs, parallel gc, windows-amd64)
# Problematic frame:
# J 12860 c1 org.eclipse.core.internal.localstore.BucketTree.locationFor(Lorg/eclipse/core/runtime/IPath;)Ljava/io/File; (137 bytes) @ 0x000001fea0dd278f [0x000001fea0dd26c0+0x00000000000000cf]
#
# No core dump will be written. Minidumps are not enabled by default on client versions of Windows
#
# If you would like to submit a bug report, please visit:
#   https://github.com/adoptium/adoptium-support/issues
#

---------------  S U M M A R Y ------------

Command Line: --add-modules=ALL-SYSTEM --add-opens=java.base/java.util=ALL-UNNAMED --add-opens=java.base/java.lang=ALL-UNNAMED --add-opens=java.base/sun.nio.fs=ALL-UNNAMED -Declipse.application=org.eclipse.jdt.ls.core.id1 -Dosgi.bundles.defaultStartLevel=4 -Declipse.product=org.eclipse.jdt.ls.core.product -Djava.import.generatesMetadataFilesAtProjectRoot=false -Dfile.encoding=utf8 -XX:+UseParallelGC -XX:GCTimeRatio=4 -XX:AdaptiveSizePolicyWeight=90 -Dsun.zip.disableMemoryMapping=true -Xmx1G -Xms100m -Xlog:disable -javaagent:c:\Users\Артур\.vscode\extensions\redhat.java-1.12.0-win32-x64\lombok\lombok-1.18.24.jar -XX:+HeapDumpOnOutOfMemoryError -XX:HeapDumpPath=c:\Users\Артур\AppData\Roaming\Code\User\workspaceStorage\5c1c60083b7b46aba082b4ca789630d8\redhat.java c:\Users\Артур\.vscode\extensions\redhat.java-1.12.0-win32-x64\server\plugins\org.eclipse.equinox.launcher_1.6.400.v20210924-0641.jar -configuration c:\Users\Артур\AppData\Roaming\Code\User\globalStorage\redhat.java\1.12.0\config_win -data c:\Users\Артур\AppData\Roaming\Code\User\workspaceStorage\5c1c60083b7b46aba082b4ca789630d8\redhat.java\jdt_ws

Host: Intel(R) Core(TM)2 Quad CPU    Q8400  @ 2.66GHz, 4 cores, 3G,  Windows 10 , 64 bit Build 19041 (10.0.19041.2251)
Time: Mon Nov 21 17:27:03 2022  Windows 10 , 64 bit Build 19041 (10.0.19041.2251) elapsed time: 3229.363441 seconds (0d 0h 53m 49s)

---------------  T H R E A D  ---------------

Current thread (0x000001feba48f030):  JavaThread "Worker-6: Building" [_thread_in_Java, id=8308, stack(0x0000007136800000,0x0000007136900000)]

Stack: [0x0000007136800000,0x0000007136900000],  sp=0x00000071368fe150,  free space=1016k
Native frames: (J=compiled Java code, j=interpreted, Vv=VM code, C=native code)
C  0x000001fea0dd278f


siginfo: EXCEPTION_ACCESS_VIOLATION (0xc0000005), writing address 0x00000001d57f3688


Register to memory mapping:

RIP=0x000001fea0dd278f is at entry_point+207 in (nmethod*)0x000001fea0dd2390
RAX=0x00000000eabf9b48 is an oop: org.eclipse.core.runtime.Path 
{0x00000000eabf9b48} - klass: 'org/eclipse/core/runtime/Path'
 - ---- fields (total size 4 words):
 - private 'hash' 'I' @12  0
 - private final 'flags' 'B' @16  9
 - private final 'device' 'Ljava/lang/String;' @20  "C:"{0x00000000c0428bd0} (c0428bd0)
 - private final 'segments' '[Ljava/lang/String;' @24  a 'java/lang/String'[15] {0x00000000eabf9af8} (eabf9af8)
RBX=0x000000000000000f is an unknown value
RCX=0x000000000000000e is an unknown value
RDX=0x0 is NULL
RSP=0x00000071368fe150 is pointing into the stack for thread: 0x000001feba48f030
RBP=0x00000071368fe328 is pointing into the stack for thread: 0x000001feba48f030
RSI=0x000000000000000e is an unknown value
RDI=0x00000001d57f3688 is an unknown value
R8 =0x00000000eabf9b48 is an oop: org.eclipse.core.runtime.Path 
{0x00000000eabf9b48} - klass: 'org/eclipse/core/runtime/Path'
 - ---- fields (total size 4 words):
 - private 'hash' 'I' @12  0
 - private final 'flags' 'B' @16  9
 - private final 'device' 'Ljava/lang/String;' @20  "C:"{0x00000000c0428bd0} (c0428bd0)
 - private final 'segments' '[Ljava/lang/String;' @24  a 'java/lang/String'[15] {0x00000000eabf9af8} (eabf9af8)
R9 =0x000001feba48f030 is a thread
R10=0x000001feae4c0000 is an unknown value
R11=0x0000000000755fcd is an unknown value
R12=0x0 is NULL
R13=0x0000000000000038 is an unknown value
R14=0x00000000c03e0260 is an oop: org.eclipse.core.runtime.Path 
{0x00000000c03e0260} - klass: 'org/eclipse/core/runtime/Path'
 - ---- fields (total size 4 words):
 - private 'hash' 'I' @12  17 (11)
 - private final 'flags' 'B' @16  9
 - private final 'device' 'Ljava/lang/String;' @20  NULL (0)
 - private final 'segments' '[Ljava/lang/String;' @24  a 'java/lang/String'[0] {0x00000000c03e0280} (c03e0280)
R15=0x000001feba48f030 is a thread


Registers:
RAX=0x00000000eabf9b48, RBX=0x000000000000000f, RCX=0x000000000000000e, RDX=0x0000000000000000
RSP=0x00000071368fe150, RBP=0x00000071368fe328, RSI=0x000000000000000e, RDI=0x00000001d57f3688
R8 =0x00000000eabf9b48, R9 =0x000001feba48f030, R10=0x000001feae4c0000, R11=0x0000000000755fcd
R12=0x0000000000000000, R13=0x0000000000000038, R14=0x00000000c03e0260, R15=0x000001feba48f030
RIP=0x000001fea0dd278f, EFLAGS=0x0000000000010206

Top of Stack: (sp=0x00000071368fe150)
0x00000071368fe150:   0000000000000000 0000000000000000
0x00000071368fe160:   0000000000000000 0000000000000000
0x00000071368fe170:   00000000eabf4b00 00000000eabf8678
0x00000071368fe180:   00000071368fe3c0 000001fea03952bc
0x00000071368fe190:   00000000eabf9098 000001fea74eb990
0x00000071368fe1a0:   00000000eabf9098 00000000eabf4e40
0x00000071368fe1b0:   00000000c3f37110 00000000eabf8ad8
0x00000071368fe1c0:   00000000eabf4b00 000001feae4c0000
0x00000071368fe1d0:   00000071368fe3c0 000001fea0dd31e4
0x00000071368fe1e0:   00000071368fe328 000001fea0c9edb4
0x00000071368fe1f0:   000000670000005c 00000000eabf63e0
0x00000071368fe200:   0000000000000000 00000000eabf5a10
0x00000071368fe210:   00000000eabf6498 00000000c3f37110
0x00000071368fe220:   00000000eabf8678 00007fffff5629cf
0x00000071368fe230:   00000071368fe298 000001fe9f8e94cc
0x00000071368fe240:   000001fe9f8e94cc 00000000eabf9ad8 

Instructions: (pc=0x000001fea0dd278f)
0x000001fea0dd268f:   f5 06 50 00 c0 0a 64 01 f8 e1 f4 06 50 00 c0 0a
0x000001fea0dd269f:   64 05 64 03 f8 81 ff 38 77 ff 7f 05 70 0e 60 01
0x000001fea0dd26af:   f8 2e fc 0e 90 0c 64 00 00 bf 03 00 00 c3 44 8b
0x000001fea0dd26bf:   42 44 8b 52 08 49 c1 e2 03 4c 3b d0 0f 85 af a0
0x000001fea0dd26cf:   b5 fe 66 66 66 0f 1f 84 00 00 00 00 00 66 66 66
0x000001fea0dd26df:   90 89 84 24 00 90 ff ff 55 48 81 ec 90 00 00 00
0x000001fea0dd26ef:   48 89 54 24 60 4c 89 44 24 58 48 be 70 ba 97 c0
0x000001fea0dd26ff:   fe 01 00 00 8b be cc 00 00 00 83 c7 02 89 be cc
0x000001fea0dd270f:   00 00 00 81 e7 fe 07 00 00 83 ff 00 0f 84 e1 0a
0x000001fea0dd271f:   00 00 8b 72 10 48 3b 06 48 8b fe 48 bb 70 ba 97
0x000001fea0dd272f:   c0 fe 01 00 00 49 ba 00 80 1d 00 01 00 00 00 4c
0x000001fea0dd273f:   89 93 20 01 00 00 48 83 83 28 01 00 00 01 8b 76
0x000001fea0dd274f:   40 48 3b 06 48 8b fe 48 bb 70 ba 97 c0 fe 01 00
0x000001fea0dd275f:   00 49 ba 00 80 20 00 01 00 00 00 4c 89 93 58 01
0x000001fea0dd276f:   00 00 48 83 83 60 01 00 00 01 49 8b f8 4c 8b c7
0x000001fea0dd277f:   48 8b d6 0f 1f 44 00 00 e8 94 00 d3 ff 48 03 f8
0x000001fea0dd278f:   00 0f 84 1f 00 00 00 48 bb e8 99 19 00 01 00 00
0x000001fea0dd279f:   00 8b 70 08 48 c1 e6 03 48 3b de 0f 85 7d 0a 00
0x000001fea0dd27af:   00 e9 00 00 00 00 48 8b d0 48 3b 00 48 8b d0 48
0x000001fea0dd27bf:   be 70 ba 97 c0 fe 01 00 00 49 ba e8 99 19 00 01
0x000001fea0dd27cf:   00 00 00 4c 89 96 90 01 00 00 48 83 86 98 01 00
0x000001fea0dd27df:   00 01 48 8b d0 66 66 90 e8 34 b9 e1 06 4c 8b 44
0x000001fea0dd27ef:   24 58 49 83 f8 00 0f 84 20 00 00 00 48 bb e8 99
0x000001fea0dd27ff:   19 00 01 00 00 00 41 8b 70 08 48 c1 e6 03 48 3b
0x000001fea0dd280f:   de 0f 85 21 0a 00 00 e9 00 00 00 00 49 8b d0 49
0x000001fea0dd281f:   3b 00 49 8b d0 48 be 70 ba 97 c0 fe 01 00 00 49
0x000001fea0dd282f:   ba e8 99 19 00 01 00 00 00 4c 89 96 c8 01 00 00
0x000001fea0dd283f:   48 83 86 d0 01 00 00 01 48 ba d0 b8 27 b8 fe 01
0x000001fea0dd284f:   00 00 8b b2 cc 00 00 00 83 c6 02 89 b2 cc 00 00
0x000001fea0dd285f:   00 81 e6 fe ff 1f 00 83 fe 00 0f 84 d2 09 00 00
0x000001fea0dd286f:   41 8b 50 18 8b 72 0c 89 74 24 68 48 83 f8 00 0f
0x000001fea0dd287f:   84 1f 00 00 00 48 b9 e8 99 19 00 01 00 00 00 8b 


Stack slot to memory mapping:
stack at sp + 0 slots: 0x0 is NULL
stack at sp + 1 slots: 0x0 is NULL
stack at sp + 2 slots: 0x0 is NULL
stack at sp + 3 slots: 0x0 is NULL
stack at sp + 4 slots: 0x00000000eabf4b00 is an oop: org.eclipse.core.runtime.Path 
{0x00000000eabf4b00} - klass: 'org/eclipse/core/runtime/Path'
 - ---- fields (total size 4 words):
 - private 'hash' 'I' @12  0
 - private final 'flags' 'B' @16  9
 - private final 'device' 'Ljava/lang/String;' @20  NULL (0)
 - private final 'segments' '[Ljava/lang/String;' @24  a 'java/lang/String'[9] {0x00000000eabf4ba0} (eabf4ba0)
stack at sp + 5 slots: 0x00000000eabf8678 is an oop: org.eclipse.core.internal.localstore.HistoryStore2$HistoryCopyVisitor 
{0x00000000eabf8678} - klass: 'org/eclipse/core/internal/localstore/HistoryStore2$HistoryCopyVisitor'
 - ---- fields (total size 4 words):
 - private 'changes' 'Ljava/util/List;' @12  a 'java/util/ArrayList'{0x00000000eabf8698} (eabf8698)
 - private 'destination' 'Lorg/eclipse/core/runtime/IPath;' @16  a 'org/eclipse/core/runtime/Path'{0x00000000eabf4e40} (eabf4e40)
 - private 'source' 'Lorg/eclipse/core/runtime/IPath;' @20  a 'org/eclipse/core/runtime/Path'{0x00000000eabf4b00} (eabf4b00)
 - final synthetic 'this$0' 'Lorg/eclipse/core/internal/localstore/HistoryStore2;' @24  a 'org/eclipse/core/internal/localstore/HistoryStore2'{0x00000000c3f36d28} (c3f36d28)
stack at sp + 6 slots: 0x00000071368fe3c0 is pointing into the stack for thread: 0x000001feba48f030
stack at sp + 7 slots: 0x000001fea03952bc is at entry_point+1052 in (nmethod*)0x000001fea0394c10

--------------------------------------------------------------------------------
[Constant Pool (empty)]

--------------------------------------------------------------------------------

[MachCode]
  0x000001fea0dd26c0: 448b 5208 | 49c1 e203 | 4c3b d00f | 85af a0b5 | fe66 6666 | 0f1f 8400 | 0000 0000 | 6666 6690 
  0x000001fea0dd26e0: 8984 2400 | 90ff ff55 | 4881 ec90 | 0000 0048 | 8954 2460 | 4c89 4424 | 5848 be70 | ba97 c0fe 
  0x000001fea0dd2700: 0100 008b | becc 0000 | 0083 c702 | 89be cc00 | 0000 81e7 | fe07 0000 | 83ff 000f | 84e1 0a00 
  0x000001fea0dd2720: 008b 7210 | 483b 0648 | 8bfe 48bb | 70ba 97c0 | fe01 0000 | 49ba 0080 | 1d00 0100 | 0000 4c89 
  0x000001fea0dd2740: 9320 0100 | 0048 8383 | 2801 0000 | 018b 7640 | 483b 0648 | 8bfe 48bb | 70ba 97c0 | fe01 0000 
  0x000001fea0dd2760: 49ba 0080 | 2000 0100 | 0000 4c89 | 9358 0100 | 0048 8383 | 6001 0000 | 0149 8bf8 | 4c8b c748 
  0x000001fea0dd2780: 8bd6 0f1f | 4400 00e8 | 9400 d3ff | 4803 f800 | 0f84 1f00 | 0000 48bb | e899 1900 | 0100 0000 
  0x000001fea0dd27a0: 8b70 0848 | c1e6 0348 | 3bde 0f85 | 7d0a 0000 | e900 0000 | 0048 8bd0 | 483b 0048 | 8bd0 48be 
  0x000001fea0dd27c0: 70ba 97c0 | fe01 0000 | 49ba e899 | 1900 0100 | 0000 4c89 | 9690 0100 | 0048 8386 | 9801 0000 
  0x000001fea0dd27e0: 0148 8bd0 | 6666 90e8 | 34b9 e106 | 4c8b 4424 | 5849 83f8 | 000f 8420 | 0000 0048 | bbe8 9919 
  0x000001fea0dd2800: 0001 0000 | 0041 8b70 | 0848 c1e6 | 0348 3bde | 0f85 210a | 0000 e900 | 0000 0049 | 8bd0 493b 
  0x000001fea0dd2820: 0049 8bd0 | 48be 70ba | 97c0 fe01 | 0000 49ba | e899 1900 | 0100 0000 | 4c89 96c8 | 0100 0048 
  0x000001fea0dd2840: 8386 d001 | 0000 0148 | bad0 b827 | b8fe 0100 | 008b b2cc | 0000 0083 | c602 89b2 | cc00 0000 
  0x000001fea0dd2860: 81e6 feff | 1f00 83fe | 000f 84d2 | 0900 0041 | 8b50 188b | 720c 8974 | 2468 4883 | f800 0f84 
  0x000001fea0dd2880: 1f00 0000 | 48b9 e899 | 1900 0100 | 0000 8b78 | 0848 c1e7 | 0348 3bcf | 0f85 c909 | 0000 e900 
  0x000001fea0dd28a0: 0000 0048 | 8bd0 483b | 0048 8bd0 | 48bf 70ba | 97c0 fe01 | 0000 49ba | e899 1900 | 0100 0000 
  0x000001fea0dd28c0: 4c89 9700 | 0200 0048 | 8387 0802 | 0000 0148 | 8bd0 0f1f | 4400 00e8 | c480 ba06 | 48ba b8f7 
  0x000001fea0dd28e0: 0400 0100 | 0000 488b | d849 8b87 | 0801 0000 | 488d 7818 | 493b bf18 | 0100 000f | 8770 0900 
  0x000001fea0dd2900: 0049 89bf | 0801 0000 | 48c7 0001 | 0000 0048 | 8bca 48c1 | e903 8948 | 0848 33c9 | 8948 0c48 
  0x000001fea0dd2920: 33c9 4889 | 4810 4889 | 4424 7048 | 3b03 488b | cb49 b870 | ba97 c0fe | 0100 0049 | 8380 2802 
  0x000001fea0dd2940: 0000 0148 | b9b8 6566 | b1fe 0100 | 0044 8b81 | cc00 0000 | 4183 c002 | 4489 81cc | 0000 0041 
  0x000001fea0dd2960: 81e0 feff | 1f00 4183 | f800 0f84 | 1309 0000 | 8b4b 1444 | 8b41 0c48 | 8bcb 48ba | b865 66b1 
  0x000001fea0dd2980: fe01 0000 | 4883 8210 | 0100 0001 | 48b9 4064 | 66b1 fe01 | 0000 8b91 | cc00 0000 | 83c2 0289 
  0x000001fea0dd29a0: 91cc 0000 | 0081 e2fe | ff1f 0083 | fa00 0f84 | f508 0000 | 48b9 4064 | 66b1 fe01 | 0000 ff81 
  0x000001fea0dd29c0: 2001 0000 | 0fbe 4b10 | 48ba 4064 | 66b1 fe01 | 0000 ff82 | 3001 0000 | c1e1 18c1 | f918 41d3 
  0x000001fea0dd29e0: f848 baf0 | 6d5e c000 | 0000 0048 | 8bf2 48bf | 70ba 97c0 | fe01 0000 | 4883 8760 | 0200 0001 
  0x000001fea0dd2a00: 48be b865 | 66b1 fe01 | 0000 8bbe | cc00 0000 | 83c7 0289 | becc 0000 | 0081 e7fe | ff1f 0083 
  0x000001fea0dd2a20: ff00 0f84 | a208 0000 | 48be b865 | 66b1 fe01 | 0000 4883 | 8610 0100 | 0001 48ba | 4064 66b1 
  0x000001fea0dd2a40: fe01 0000 | 8bb2 cc00 | 0000 83c6 | 0289 b2cc | 0000 0081 | e6fe ff1f | 0083 fe00 | 0f84 8908 
  0x000001fea0dd2a60: 0000 48ba | 4064 66b1 | fe01 0000 | ff82 2001 | 0000 48ba | 4064 66b1 | fe01 0000 | ff82 3001 
  0x000001fea0dd2a80: 0000 4889 | 5c24 7848 | 8bd0 48bf | 70ba 97c0 | fe01 0000 | 4883 8798 | 0200 0001 | 4183 c008 
  0x000001fea0dd2aa0: 4183 c010 | 48ba 283e | 84b1 fe01 | 0000 8bba | cc00 0000 | 83c7 0289 | bacc 0000 | 0081 e7fe 
  0x000001fea0dd2ac0: ff1f 0083 | ff00 0f84 | 4008 0000 | 488b d048 | bf28 3e84 | b1fe 0100 | 0048 8387 | 1001 0000 
  0x000001fea0dd2ae0: 0148 8bd0 | 6666 90e8 | 54ef 6506 | 488b 4424 | 7049 b870 | ba97 c0fe | 0100 0049 | 8380 a802 
  0x000001fea0dd2b00: 0000 0149 | b8a0 447c | b1fe 0100 | 0041 8b90 | cc00 0000 | 83c2 0241 | 8990 cc00 | 0000 81e2 
  0x000001fea0dd2b20: feff 1f00 | 83fa 000f | 8400 0800 | 0048 8b44 | 2470 49b8 | a044 7cb1 | fe01 0000 | 4983 8010 
  0x000001fea0dd2b40: 0100 0001 | 4c8b 4424 | 7848 8b54 | 2470 90e8 | 0cfc 6406 | 488b 4424 | 7049 b870 | ba97 c0fe 
  0x000001fea0dd2b60: 0100 0049 | 8380 e002 | 0000 0149 | b8c8 e492 | b1fe 0100 | 0041 8b90 | cc00 0000 | 83c2 0241 
  0x000001fea0dd2b80: 8990 cc00 | 0000 81e2 | feff 1f00 | 83fa 000f | 84b9 0700 | 0048 8b44 | 2470 49b8 | c8e4 92b1 
  0x000001fea0dd2ba0: fe01 0000 | 4983 8010 | 0100 0001 | 41b8 5c00 | 0000 488b | 5424 70e8 | a44f 5f06 | 488b 4424 
  0x000001fea0dd2bc0: 7049 b870 | ba97 c0fe | 0100 0049 | 8380 1803 | 0000 0149 | b8a0 447c | b1fe 0100 | 0041 8b90 
  0x000001fea0dd2be0: cc00 0000 | 83c2 0241 | 8990 cc00 | 0000 81e2 | feff 1f00 | 83fa 000f | 8472 0700 | 0048 8b44 
  0x000001fea0dd2c00: 2470 49b8 | a044 7cb1 | fe01 0000 | 4983 8010 | 0100 0001 | 49b8 f06d | 5ec0 0000 | 0000 488b 
  0x000001fea0dd2c20: 5424 700f | 1f40 00e8 | 34fb 6406 | 49b8 70ba | 97c0 fe01 | 0000 41ff | 8050 0300 | 00be 0100 
  0x000001fea0dd2c40: 0000 660f | 1f44 0000 | 488b 4424 | 708b 7c24 | 6848 8bdf | ffcb 3bf3 | b902 0000 | 000f 8c05 
  0x000001fea0dd2c60: 0000 00b9 | 0000 0000 | 49b9 70ba | 97c0 fe01 | 0000 458b | 99d0 0000 | 0044 03d9 | 4589 99d0 
  0x000001fea0dd2c80: 0000 0083 | f900 0f85 | 0600 0000 | 41bb 0200 | 0000 4181 | e3fe 3f00 | 0041 83fb | 000f 84ed 
  0x000001fea0dd2ca0: 0600 004d | 8b97 4803 | 0000 4185 | 023b f348 | bb70 ba97 | c0fe 0100 | 0048 b958 | 0400 0000 
  0x000001fea0dd2cc0: 0000 000f | 8d0a 0000 | 0048 b948 | 0400 0000 | 0000 004c | 8b0c 0b4d | 8d49 014c | 890c 0b0f 
  0x000001fea0dd2ce0: 8dea 0200 | 0089 7424 | 6c48 8bd8 | 48b9 70ba | 97c0 fe01 | 0000 4883 | 8168 0300 | 0001 48bb 
  0x000001fea0dd2d00: c8e4 92b1 | fe01 0000 | 8b8b cc00 | 0000 83c1 | 0289 8bcc | 0000 0081 | e1fe ff1f | 0083 f900 
  0x000001fea0dd2d20: 0f84 8b06 | 0000 488b | d848 b9c8 | e492 b1fe | 0100 0048 | 8381 1001 | 0000 0141 | b85c 0000 
  0x000001fea0dd2d40: 0048 8bd0 | 6666 90e8 | 144e 5f06 | 4c8b 4424 | 5849 83f8 | 000f 8420 | 0000 0048 | bbe8 9919 
  0x000001fea0dd2d60: 0001 0000 | 0041 8b70 | 0848 c1e6 | 0348 3bde | 0f85 5c06 | 0000 e900 | 0000 0049 | 8bd0 498b 
  0x000001fea0dd2d80: d048 be70 | ba97 c0fe | 0100 0049 | bae8 9919 | 0001 0000 | 004c 8996 | b003 0000 | 4883 86b8 
  0x000001fea0dd2da0: 0300 0001 | 48ba 18b6 | 27b8 fe01 | 0000 8bb2 | cc00 0000 | 83c6 0289 | b2cc 0000 | 0081 e6fe 
  0x000001fea0dd2dc0: ff1f 0083 | fe00 0f84 | 0b06 0000 | 418b 5018 | 8b72 0c8b | 7c24 6c3b | fe48 be18 | b627 b8fe 
  0x000001fea0dd2de0: 0100 0048 | bb10 0100 | 0000 0000 | 000f 8c0a | 0000 0048 | bb20 0100 | 0000 0000 | 0048 8b04 
  0x000001fea0dd2e00: 1e48 8d40 | 0148 8904 | 1e0f 8c0f | 0000 0048 | ba00 0000 | 0000 0000 | 00e9 1000 | 0000 3b7a 
  0x000001fea0dd2e20: 0c0f 83d6 | 0500 0048 | 63f7 8b54 | b210 897c | 246c 488b | 7c24 6048 | bb70 ba97 | c0fe 0100 
  0x000001fea0dd2e40: 0048 8383 | d803 0000 | 0148 bff0 | ab97 c0fe | 0100 008b | 9fcc 0000 | 0083 c302 | 899f cc00 
  0x000001fea0dd2e60: 0000 81e3 | feff 1f00 | 83fb 000f | 849a 0500 | 0048 3b02 | 488b fa48 | bbf0 ab97 | c0fe 0100 
  0x000001fea0dd2e80: 0048 8383 | 1001 0000 | 0166 0f1f | 4400 00e8 | 0c7b 6006 | 48ba f0ab | 97c0 fe01 | 0000 4883 
  0x000001fea0dd2ea0: 8248 0100 | 0001 48ba | 105c f7bb | fe01 0000 | 448b 82cc | 0000 0041 | 83c0 0244 | 8982 cc00 
  0x000001fea0dd2ec0: 0000 4181 | e0fe ff1f | 0041 83f8 | 000f 845e | 0500 0083 | f800 48ba | 105c f7bb | fe01 0000 
  0x000001fea0dd2ee0: 49b8 1001 | 0000 0000 | 0000 0f8d | 0a00 0000 | 49b8 2001 | 0000 0000 | 0000 4a8b | 3402 488d 
  0x000001fea0dd2f00: 7601 4a89 | 3402 0f8d | 1200 0000 | f7d8 48ba | 105c f7bb | fe01 0000 | ff82 3001 | 0000 41b8 
  0x000001fea0dd2f20: 0001 0000 | 81f8 0000 | 0080 0f85 | 0c00 0000 | 33d2 4183 | f8ff 0f84 | 0400 0000 | 9941 f7f8 
  0x000001fea0dd2f40: 49b8 904c | 5ec0 0000 | 0000 be00 | 0100 003b | f20f 8600 | 0500 0048 | 63d2 458b | 4490 1048 
  0x000001fea0dd2f60: 8b44 2470 | 48ba 70ba | 97c0 fe01 | 0000 4883 | 8210 0400 | 0001 48ba | 586b fdbb | fe01 0000 
  0x000001fea0dd2f80: 8bb2 cc00 | 0000 83c6 | 0289 b2cc | 0000 0081 | e6fe ff1f | 0083 fe00 | 0f84 cc04 | 0000 488b 
  0x000001fea0dd2fa0: 4424 7048 | ba58 6bfd | bbfe 0100 | 0048 8382 | 1001 0000 | 0148 8b54 | 2470 0f1f | 4400 00e8 
  0x000001fea0dd2fc0: 1c9f d806 | 8b74 246c | ffc6 e979 | fcff ff48 | ba60 4107 | 0001 0000 | 0049 8b87 | 0801 0000 
  0x000001fea0dd2fe0: 488d 7820 | 493b bf18 | 0100 000f | 879a 0400 | 0049 89bf | 0801 0000 | 48c7 0001 | 0000 0048 
  0x000001fea0dd3000: 8bca 48c1 | e903 8948 | 0848 33c9 | 8948 0c48 | 33c9 4889 | 4810 4889 | 4818 4889 | 8424 8000 
  0x000001fea0dd3020: 0000 488b | 5424 7049 | b870 ba97 | c0fe 0100 | 0049 8380 | 6804 0000 | 0148 ba48 | 487c b1fe 
  0x000001fea0dd3040: 0100 0044 | 8b82 cc00 | 0000 4183 | c002 4489 | 82cc 0000 | 0041 81e0 | feff 1f00 | 4183 f800 
  0x000001fea0dd3060: 0f84 3204 | 0000 488b | 5424 7049 | b848 487c | b1fe 0100 | 0049 8380 | 1001 0000 | 0148 ba88 
  0x000001fea0dd3080: 077c b1fe | 0100 0044 | 8b82 cc00 | 0000 4183 | c002 4489 | 82cc 0000 | 0041 81e0 | feff 1f00 
  0x000001fea0dd30a0: 4183 f800 | 0f84 0f04 | 0000 48ba | 8807 7cb1 | fe01 0000 | ff82 2001 | 0000 488b | 7424 700f 
  0x000001fea0dd30c0: be56 1083 | fa00 48ba | 8807 7cb1 | fe01 0000 | 49b8 3001 | 0000 0000 | 0000 0f85 | 0a00 0000 
  0x000001fea0dd30e0: 49b8 4001 | 0000 0000 | 0000 4e8b | 0c02 4d8d | 4901 4e89 | 0c02 0f85 | 1a00 0000 | 48ba 8807 
  0x000001fea0dd3100: 7cb1 fe01 | 0000 ff82 | 5001 0000 | ba01 0000 | 00e9 0500 | 0000 ba00 | 0000 0083 | e201 83fa 
  0x000001fea0dd3120: 0048 ba48 | 487c b1fe | 0100 0049 | b848 0100 | 0000 0000 | 000f 840a | 0000 0049 | b858 0100 
  0x000001fea0dd3140: 0000 0000 | 004e 8b0c | 024d 8d49 | 014e 890c | 020f 843a | 0000 008b | 5614 448b | 4e0c 49b8 
  0x000001fea0dd3160: 4848 7cb1 | fe01 0000 | 4983 8068 | 0100 0001 | 41b8 0000 | 0000 90e8 | 049f b5fe | 48ba 4848 
  0x000001fea0dd3180: 7cb1 fe01 | 0000 ff82 | 7801 0000 | e92b 0000 | 008b 5614 | 448b 4e0c | 49b8 4848 | 7cb1 fe01 
  0x000001fea0dd31a0: 0000 4983 | 8090 0100 | 0001 41b8 | 0000 0000 | 0f1f 8000 | 0000 00e8 | e44c 7106 | 488b b424 
  0x000001fea0dd31c0: 8000 0000 | 4c8b c648 | ba70 ba97 | c0fe 0100 | 0048 8382 | a004 0000 | 014c 8bc0 | 488b d6e8 
  0x000001fea0dd31e0: 7c87 7106 | 488b 8424 | 8000 0000 | 4881 c490 | 0000 005d | 493b a740 | 0300 000f | 87d9 0200 
  0x000001fea0dd3200: 00c3 49ba | b0c3 2fb8 | fe01 0000 | 4c89 5424 | 0848 c704 | 24ff ffff | ffe8 e25f | c0fe e9fe 
  0x000001fea0dd3220: f4ff ffe8 | f802 c0fe | e8f3 02c0 | fee8 ee29 | c0fe e8e9 | 02c0 fee8 | e429 c0fe | e8df 02c0 
  0x000001fea0dd3240: fe49 ba68 | 4dac b6fe | 0100 004c | 8954 2408 | 48c7 0424 | ffff ffff | e8a3 5fc0 | fee9 0df6 
  0x000001fea0dd3260: ffff e8b9 | 02c0 fee8 | b429 c0fe | e8af 02c0 | fe48 8bd2 | e887 0bc0 | fee9 a8f6 | ffff e89d 
  0x000001fea0dd3280: 02c0 fe49 | ba50 8040 | b1fe 0100 | 004c 8954 | 2408 48c7 | 0424 ffff | ffff e861 | 5fc0 fee9 
  0x000001fea0dd32a0: ccf6 ffff | e877 02c0 | fe49 baa0 | c540 b1fe | 0100 004c | 8954 2408 | 48c7 0424 | ffff ffff 
  0x000001fea0dd32c0: e83b 5fc0 | fee9 eaf6 | ffff 49ba | 5080 40b1 | fe01 0000 | 4c89 5424 | 0848 c704 | 24ff ffff 
  0x000001fea0dd32e0: ffe8 1a5f | c0fe e93d | f7ff ff49 | baa0 c540 | b1fe 0100 | 004c 8954 | 2408 48c7 | 0424 ffff 
  0x000001fea0dd3300: ffff e8f9 | 5ec0 fee9 | 56f7 ffff | 49ba c0a0 | 49b1 fe01 | 0000 4c89 | 5424 0848 | c704 24ff 
  0x000001fea0dd3320: ffff ffe8 | d85e c0fe | e99f f7ff | ff49 bac8 | a349 b1fe | 0100 004c | 8954 2408 | 48c7 0424 
  0x000001fea0dd3340: ffff ffff | e8b7 5ec0 | fee9 dff7 | ffff 49ba | e0a7 49b1 | fe01 0000 | 4c89 5424 | 0848 c704 
  0x000001fea0dd3360: 24ff ffff | ffe8 965e | c0fe e926 | f8ff ff49 | bac8 a349 | b1fe 0100 | 004c 8954 | 2408 48c7 
  0x000001fea0dd3380: 0424 ffff | ffff e875 | 5ec0 fee9 | 6df8 ffff | 49ba b0c3 | 2fb8 fe01 | 0000 4c89 | 5424 0848 
  0x000001fea0dd33a0: c704 2479 | 0000 00e8 | 545e c0fe | e9f2 f8ff | ff49 bae0 | a749 b1fe | 0100 004c | 8954 2408 
  0x000001fea0dd33c0: 48c7 0424 | ffff ffff | e833 5ec0 | fee9 54f9 | ffff e849 | 28c0 fe49 | bab0 4cac | b6fe 0100 
  0x000001fea0dd33e0: 004c 8954 | 2408 48c7 | 0424 ffff | ffff e80d | 5ec0 fee9 | d4f9 ffff | e823 01c0 | fe48 893c 
  0x000001fea0dd3400: 2448 8954 | 2408 e815 | f8bf fe49 | ba48 c62f | b8fe 0100 | 004c 8954 | 2408 48c7 | 0424 ffff 
  0x000001fea0dd3420: ffff e8d9 | 5dc0 fee9 | 45fa ffff | e8ef 00c0 | fe49 ba68 | 0355 b1fe | 0100 004c | 8954 2408 
  0x000001fea0dd3440: 48c7 0424 | ffff ffff | e8b3 5dc0 | fee9 81fa | ffff e8c9 | fdbf fe48 | 8914 244c | 8944 2408 
  0x000001fea0dd3460: e8bb f7bf | fee8 b600 | c0fe 49ba | 20a6 49b1 | fe01 0000 | 4c89 5424 | 0848 c704 | 24ff ffff 
  0x000001fea0dd3480: ffe8 7a5d | c0fe e913 | fbff ff48 | 8bd2 e86d | 09c0 fee9 | 82fb ffff | 49ba 40b7 | 49b1 fe01 
  0x000001fea0dd34a0: 0000 4c89 | 5424 0848 | c704 24ff | ffff ffe8 | 4c5d c0fe | e9ad fbff | ff49 bac8 | 8149 b1fe 
  0x000001fea0dd34c0: 0100 004c | 8954 2408 | 48c7 0424 | ffff ffff | e82b 5dc0 | fee9 d0fb | ffff 49ba | f431 dda0 
  0x000001fea0dd34e0: fe01 0000 | 4d89 9758 | 0300 00e9 | 90f7 b5fe | 9090 498b | 87d0 0300 | 0049 c787 | d003 0000 
  0x000001fea0dd3500: 0000 0000 | 49c7 87d8 | 0300 0000 | 0000 0048 | 81c4 9000 | 0000 5de9 | 6420 b7fe | f4f4 f4f4 
  0x000001fea0dd3520: 0f1f 4400 | 0048 bb00 | 0000 0000 | 0000 00e9 | fbff ffff | 9048 bb00 | 0000 0000 | 0000 00e9 
  0x000001fea0dd3540: fbff ffff | 9048 bb00 | 0000 0000 | 0000 00e9 | fbff ffff | 9048 bb00 | 0000 0000 | 0000 00e9 
  0x000001fea0dd3560: fbff ffff | 9048 bb00 | 0000 0000 | 0000 00e9 | fbff ffff | 9048 bb00 | 0000 0000 | 0000 00e9 
  0x000001fea0dd3580: fbff ffff | 9048 bb00 | 0000 0000 | 0000 00e9 | fbff ffff | 9048 bb00 | 0000 0000 | 0000 00e9 
  0x000001fea0dd35a0: fbff ffff | 9048 bb00 | 0000 0000 | 0000 00e9 | fbff ffff | 9048 bb00 | 0000 0000 | 0000 00e9 
  0x000001fea0dd35c0: fbff ffff | 9048 bb00 | 0000 0000 | 0000 00e9 | fbff ffff | 9048 bb00 | 0000 0000 | 0000 00e9 
  0x000001fea0dd35e0: fbff ffff | 9048 bb00 | 0000 0000 | 0000 00e9 | fbff ffff | e807 1dc0 | fe48 b938 | 7781 ffff 
  0x000001fea0dd3600: 7f00 0048 | 83e4 f049 | ba20 b649 | ffff 7f00 | 0041 ffd2 | f449 ba15 | 36dd a0fe | 0100 0041 
  0x000001fea0dd3620: 52e9 7aef | b5fe f4f4 
[/MachCode]
--------------------------------------------------------------------------------


---------------  P R O C E S S  ---------------

Threads class SMR info:
_java_thread_list=0x000001feb70a0a90, length=31, elements={
0x000001fe9b462c10, 0x000001feb11cf740, 0x000001feb11d0480, 0x000001feb11ec700,
0x000001feb1206f40, 0x000001feb1209bc0, 0x000001feb120bc30, 0x000001feb1210c60,
0x000001feb1211db0, 0x000001feb1221290, 0x000001feb2ce5280, 0x000001feb2ef03c0,
0x000001feb6171f60, 0x000001feb2ea0420, 0x000001feb2ea08f0, 0x000001feb60fed70,
0x000001feb5cfd600, 0x000001feb6f2b0a0, 0x000001feb6f2c8b0, 0x000001feb6f2cd80,
0x000001feb6f2ba40, 0x000001feba488180, 0x000001feba48f030, 0x000001feba48c4e0,
0x000001feba48c9b0, 0x000001feba48ce80, 0x000001feba48e1c0, 0x000001feba489e60,
0x000001feb6f2e590, 0x000001feb6f2d720, 0x000001feb6f2e0c0
}

Java Threads: ( => current thread )
  0x000001fe9b462c10 JavaThread "main" [_thread_blocked, id=7948, stack(0x0000007136a00000,0x0000007136b00000)]
  0x000001feb11cf740 JavaThread "Reference Handler" daemon [_thread_blocked, id=5616, stack(0x0000007136d00000,0x0000007136e00000)]
  0x000001feb11d0480 JavaThread "Finalizer" daemon [_thread_blocked, id=5396, stack(0x0000007136e00000,0x0000007136f00000)]
  0x000001feb11ec700 JavaThread "Signal Dispatcher" daemon [_thread_blocked, id=5480, stack(0x0000007136f00000,0x0000007137000000)]
  0x000001feb1206f40 JavaThread "Attach Listener" daemon [_thread_blocked, id=5824, stack(0x0000007137000000,0x0000007137100000)]
  0x000001feb1209bc0 JavaThread "Service Thread" daemon [_thread_blocked, id=8668, stack(0x0000007137100000,0x0000007137200000)]
  0x000001feb120bc30 JavaThread "Monitor Deflation Thread" daemon [_thread_blocked, id=12844, stack(0x0000007137200000,0x0000007137300000)]
  0x000001feb1210c60 JavaThread "C2 CompilerThread0" daemon [_thread_blocked, id=11500, stack(0x0000007137300000,0x0000007137400000)]
  0x000001feb1211db0 JavaThread "C1 CompilerThread0" daemon [_thread_blocked, id=9660, stack(0x0000007137400000,0x0000007137500000)]
  0x000001feb1221290 JavaThread "Sweeper thread" daemon [_thread_blocked, id=2800, stack(0x0000007137500000,0x0000007137600000)]
  0x000001feb2ce5280 JavaThread "Common-Cleaner" daemon [_thread_blocked, id=6148, stack(0x0000007137600000,0x0000007137700000)]
  0x000001feb2ef03c0 JavaThread "Notification Thread" daemon [_thread_blocked, id=7940, stack(0x0000007137700000,0x0000007137800000)]
  0x000001feb6171f60 JavaThread "Active Thread: Equinox Container: 2a6d0e4c-1610-46a4-ac08-ef8ba3dd359d" [_thread_blocked, id=13172, stack(0x0000007137d00000,0x0000007137e00000)]
  0x000001feb2ea0420 JavaThread "Framework Event Dispatcher: Equinox Container: 2a6d0e4c-1610-46a4-ac08-ef8ba3dd359d" daemon [_thread_blocked, id=7828, stack(0x0000007137c00000,0x0000007137d00000)]
  0x000001feb2ea08f0 JavaThread "Start Level: Equinox Container: 2a6d0e4c-1610-46a4-ac08-ef8ba3dd359d" daemon [_thread_blocked, id=9288, stack(0x0000007137e00000,0x0000007137f00000)]
  0x000001feb60fed70 JavaThread "SCR Component Actor" daemon [_thread_blocked, id=11888, stack(0x0000007137f00000,0x0000007138000000)]
  0x000001feb5cfd600 JavaThread "Worker-JM" [_thread_blocked, id=9272, stack(0x0000007138100000,0x0000007138200000)]
  0x000001feb6f2b0a0 JavaThread "Java indexing" daemon [_thread_blocked, id=8688, stack(0x0000007138700000,0x0000007138800000)]
  0x000001feb6f2c8b0 JavaThread "JNA Cleaner" daemon [_thread_blocked, id=2196, stack(0x0000007138800000,0x0000007138900000)]
  0x000001feb6f2cd80 JavaThread "pool-2-thread-1" [_thread_blocked, id=12628, stack(0x0000007138b00000,0x0000007138c00000)]
  0x000001feb6f2ba40 JavaThread "pool-1-thread-1" [_thread_blocked, id=4768, stack(0x0000007138000000,0x0000007138100000)]
  0x000001feba488180 JavaThread "Bundle File Closer" daemon [_thread_blocked, id=2068, stack(0x0000007138e00000,0x0000007138f00000)]
=>0x000001feba48f030 JavaThread "Worker-6: Building" [_thread_in_Java, id=8308, stack(0x0000007136800000,0x0000007136900000)]
  0x000001feba48c4e0 JavaThread "ForkJoinPool.commonPool-worker-11" daemon [_thread_blocked, id=332, stack(0x0000007136700000,0x0000007136800000)]
  0x000001feba48c9b0 JavaThread "ForkJoinPool.commonPool-worker-12" daemon [_thread_blocked, id=10820, stack(0x0000007136900000,0x0000007136a00000)]
  0x000001feba48ce80 JavaThread "ForkJoinPool.commonPool-worker-13" daemon [_thread_blocked, id=5320, stack(0x0000007138200000,0x0000007138300000)]
  0x000001feba48e1c0 JavaThread "Worker-7: Updating workspace" [_thread_blocked, id=10072, stack(0x0000007138400000,0x0000007138500000)]
  0x000001feba489e60 JavaThread "ForkJoinPool.commonPool-worker-14" daemon [_thread_blocked, id=7860, stack(0x0000007138300000,0x0000007138400000)]
  0x000001feb6f2e590 JavaThread "Worker-8" [_thread_blocked, id=12808, stack(0x0000007138600000,0x0000007138700000)]
  0x000001feb6f2d720 JavaThread "ForkJoinPool.commonPool-worker-15" daemon [_thread_blocked, id=6020, stack(0x0000007138500000,0x0000007138600000)]
  0x000001feb6f2e0c0 JavaThread "ForkJoinPool.commonPool-worker-16" daemon [_thread_blocked, id=7144, stack(0x0000007138900000,0x0000007138a00000)]

Other Threads:
  0x000001fe9b53ed20 VMThread "VM Thread" [stack: 0x0000007136c00000,0x0000007136d00000] [id=10368]
  0x000001feb2e5b180 WatcherThread [stack: 0x0000007137800000,0x0000007137900000] [id=3424]
  0x000001fe9b478050 GCTaskThread "GC Thread#0" [stack: 0x0000007136b00000,0x0000007136c00000] [id=932]
  0x000001feb62d0a30 GCTaskThread "GC Thread#1" [stack: 0x0000007137900000,0x0000007137a00000] [id=2280]
  0x000001feb62d0ce0 GCTaskThread "GC Thread#2" [stack: 0x0000007137a00000,0x0000007137b00000] [id=8700]
  0x000001feb5e1a110 GCTaskThread "GC Thread#3" [stack: 0x0000007137b00000,0x0000007137c00000] [id=12732]

Threads with active compile tasks:

VM state: not at safepoint (normal execution)

VM Mutex/Monitor currently owned by a thread: None

Heap address: 0x00000000c0000000, size: 1024 MB, Compressed Oops mode: 32-bit

CDS archive(s) not mapped
Compressed class space mapped at: 0x0000000100000000-0x0000000140000000, reserved size: 1073741824
Narrow klass base: 0x0000000000000000, Narrow klass shift: 3, Narrow klass range: 0x140000000

GC Precious Log:
 CPUs: 4 total, 4 available
 Memory: 4095M
 Large Page Support: Disabled
 NUMA Support: Disabled
 Compressed Oops: Enabled (32-bit)
 Alignments: Space 512K, Generation 512K, Heap 2M
 Heap Min Capacity: 100M
 Heap Initial Capacity: 100M
 Heap Max Capacity: 1G
 Pre-touch: Disabled
 Parallel Workers: 4

Heap:
 PSYoungGen      total 1536K, used 1142K [0x00000000eab00000, 0x00000000eaf80000, 0x0000000100000000)
  eden space 1024K, 99% used [0x00000000eab00000,0x00000000eabfd800,0x00000000eac00000)
  from space 512K, 25% used [0x00000000eae80000,0x00000000eaea0000,0x00000000eaf00000)
  to   space 512K, 0% used [0x00000000eaf00000,0x00000000eaf00000,0x00000000eaf80000)
 ParOldGen       total 68096K, used 64771K [0x00000000c0000000, 0x00000000c4280000, 0x00000000eab00000)
  object space 68096K, 95% used [0x00000000c0000000,0x00000000c3f40c60,0x00000000c4280000)
 Metaspace       used 69552K, committed 70400K, reserved 1114112K
  class space    used 7005K, committed 7360K, reserved 1048576K

Card table byte_map: [0x000001feaeac0000,0x000001feaecd0000] _byte_map_base: 0x000001feae4c0000

Marking Bits: (ParMarkBitMap*) 0x00007fffffa72cc0
 Begin Bits: [0x000001feaee30000, 0x000001feafe30000)
 End Bits:   [0x000001feafe30000, 0x000001feb0e30000)

Polling page: 0x000001fe9b540000

Metaspace:

Usage:
  Non-class:     61.08 MB used.
      Class:      6.84 MB used.
       Both:     67.92 MB used.

Virtual space:
  Non-class space:       64.00 MB reserved,      61.56 MB ( 96%) committed,  8 nodes.
      Class space:        1.00 GB reserved,       7.19 MB ( <1%) committed,  1 nodes.
             Both:        1.06 GB reserved,      68.75 MB (  6%) committed. 

Chunk freelists:
   Non-Class:  2.39 MB
       Class:  731.00 KB
        Both:  3.10 MB

MaxMetaspaceSize: unlimited
CompressedClassSpaceSize: 1.00 GB
Initial GC threshold: 21.00 MB
Current GC threshold: 113.88 MB
CDS: off
MetaspaceReclaimPolicy: balanced
 - commit_granule_bytes: 65536.
 - commit_granule_words: 8192.
 - virtual_space_node_default_size: 1048576.
 - enlarge_chunks_in_place: 1.
 - new_chunks_are_fully_committed: 0.
 - uncommit_free_chunks: 1.
 - use_allocation_guard: 0.
 - handle_deallocations: 1.


Internal statistics:

num_allocs_failed_limit: 9.
num_arena_births: 494.
num_arena_deaths: 82.
num_vsnodes_births: 9.
num_vsnodes_deaths: 0.
num_space_committed: 1100.
num_space_uncommitted: 0.
num_chunks_returned_to_freelist: 100.
num_chunks_taken_from_freelist: 3218.
num_chunk_merges: 35.
num_chunk_splits: 2062.
num_chunks_enlarged: 1306.
num_purges: 6.
num_inconsistent_stats: 0.

CodeHeap 'non-profiled nmethods': size=120000Kb used=8529Kb max_used=8529Kb free=111470Kb
 bounds [0x000001fea73b0000, 0x000001fea7c10000, 0x000001feae8e0000]
CodeHeap 'profiled nmethods': size=120000Kb used=22582Kb max_used=23073Kb free=97417Kb
 bounds [0x000001fe9fe80000, 0x000001fea1530000, 0x000001fea73b0000]
CodeHeap 'non-nmethods': size=5760Kb used=1364Kb max_used=1418Kb free=4395Kb
 bounds [0x000001fe9f8e0000, 0x000001fe9fb50000, 0x000001fe9fe80000]
 total_blobs=10710 nmethods=10002 adapters=619
 compilation: enabled
              stopped_count=0, restarted_count=0
 full_count=0

Compilation events (20 events):
Event: 3228.745 Thread 0x000001feb1211db0 nmethod 12927 0x000001fea7bf7090 code [0x000001fea7bf7220, 0x000001fea7bf72f8]
Event: 3228.857 Thread 0x000001feb1210c60 nmethod 12909 0x000001fea7bf7390 code [0x000001fea7bf7920, 0x000001fea7bfec10]
Event: 3228.858 Thread 0x000001feb1210c60 12913       4       org.eclipse.core.filesystem.provider.FileInfo::setAttribute (100 bytes)
Event: 3228.859 Thread 0x000001feb1210c60 nmethod 12913 0x000001fea7c03490 code [0x000001fea7c03620, 0x000001fea7c03738]
Event: 3228.999 Thread 0x000001feb1211db0 12928       1       org.eclipse.core.internal.localstore.UnifiedTreeNode::getFirstChild (5 bytes)
Event: 3228.999 Thread 0x000001feb1211db0 nmethod 12928 0x000001fea7c03910 code [0x000001fea7c03aa0, 0x000001fea7c03b78]
Event: 3229.069 Thread 0x000001feb1211db0 12929       3       org.eclipse.core.internal.localstore.UnifiedTreeNode::existsInFileSystem (23 bytes)
Event: 3229.069 Thread 0x000001feb1211db0 nmethod 12929 0x000001fea0c9da10 code [0x000001fea0c9dbc0, 0x000001fea0c9de68]
Event: 3229.094 Thread 0x000001feb1211db0 12930       3       java.io.FileInputStream::read (9 bytes)
Event: 3229.094 Thread 0x000001feb1211db0 nmethod 12930 0x000001fea0392a90 code [0x000001fea0392c40, 0x000001fea0392d88]
Event: 3229.100 Thread 0x000001feb1211db0 12931       3       org.eclipse.core.resources.ResourceAttributes::setReadOnly (7 bytes)
Event: 3229.100 Thread 0x000001feb1211db0 nmethod 12931 0x000001fea0392610 code [0x000001fea03927c0, 0x000001fea03929b8]
Event: 3229.104 Thread 0x000001feb1211db0 12932       1       org.eclipse.core.filesystem.provider.FileInfo::getError (5 bytes)
Event: 3229.104 Thread 0x000001feb1211db0 nmethod 12932 0x000001fea7c03c10 code [0x000001fea7c03da0, 0x000001fea7c03e78]
Event: 3229.104 Thread 0x000001feb1211db0 12933       3       org.eclipse.core.internal.properties.PropertyBucket::load (17 bytes)
Event: 3229.104 Thread 0x000001feb1211db0 nmethod 12933 0x000001fea0392110 code [0x000001fea03922c0, 0x000001fea03924d8]
Event: 3229.109 Thread 0x000001feb1211db0 12934       1       org.eclipse.core.internal.resources.ResourceInfo::setSyncInfo (6 bytes)
Event: 3229.109 Thread 0x000001feb1211db0 nmethod 12934 0x000001fea7c03f10 code [0x000001fea7c040a0, 0x000001fea7c04178]
Event: 3229.110 Thread 0x000001feb1211db0 12935       1       org.eclipse.core.internal.dtree.AbstractDataTreeNode::setName (6 bytes)
Event: 3229.110 Thread 0x000001feb1211db0 nmethod 12935 0x000001fea7c04210 code [0x000001fea7c043a0, 0x000001fea7c04478]

GC Heap History (20 events):
Event: 3225.770 GC heap before
{Heap before GC invocations=315 (full 13):
 PSYoungGen      total 1536K, used 1152K [0x00000000eab00000, 0x00000000eaf80000, 0x0000000100000000)
  eden space 1024K, 100% used [0x00000000eab00000,0x00000000eac00000,0x00000000eac00000)
  from space 512K, 25% used [0x00000000eae80000,0x00000000eaea0000,0x00000000eaf00000)
  to   space 512K, 0% used [0x00000000eaf00000,0x00000000eaf00000,0x00000000eaf80000)
 ParOldGen       total 68096K, used 64707K [0x00000000c0000000, 0x00000000c4280000, 0x00000000eab00000)
  object space 68096K, 95% used [0x00000000c0000000,0x00000000c3f30c60,0x00000000c4280000)
 Metaspace       used 69445K, committed 70272K, reserved 1114112K
  class space    used 7005K, committed 7360K, reserved 1048576K
}
Event: 3225.771 GC heap after
{Heap after GC invocations=315 (full 13):
 PSYoungGen      total 1536K, used 128K [0x00000000eab00000, 0x00000000eaf80000, 0x0000000100000000)
  eden space 1024K, 0% used [0x00000000eab00000,0x00000000eab00000,0x00000000eac00000)
  from space 512K, 25% used [0x00000000eaf00000,0x00000000eaf20000,0x00000000eaf80000)
  to   space 512K, 0% used [0x00000000eae80000,0x00000000eae80000,0x00000000eaf00000)
 ParOldGen       total 68096K, used 64739K [0x00000000c0000000, 0x00000000c4280000, 0x00000000eab00000)
  object space 68096K, 95% used [0x00000000c0000000,0x00000000c3f38c60,0x00000000c4280000)
 Metaspace       used 69445K, committed 70272K, reserved 1114112K
  class space    used 7005K, committed 7360K, reserved 1048576K
}
Event: 3226.171 GC heap before
{Heap before GC invocations=316 (full 13):
 PSYoungGen      total 1536K, used 1152K [0x00000000eab00000, 0x00000000eaf80000, 0x0000000100000000)
  eden space 1024K, 100% used [0x00000000eab00000,0x00000000eac00000,0x00000000eac00000)
  from space 512K, 25% used [0x00000000eaf00000,0x00000000eaf20000,0x00000000eaf80000)
  to   space 512K, 0% used [0x00000000eae80000,0x00000000eae80000,0x00000000eaf00000)
 ParOldGen       total 68096K, used 64739K [0x00000000c0000000, 0x00000000c4280000, 0x00000000eab00000)
  object space 68096K, 95% used [0x00000000c0000000,0x00000000c3f38c60,0x00000000c4280000)
 Metaspace       used 69445K, committed 70272K, reserved 1114112K
  class space    used 7005K, committed 7360K, reserved 1048576K
}
Event: 3226.172 GC heap after
{Heap after GC invocations=316 (full 13):
 PSYoungGen      total 1536K, used 128K [0x00000000eab00000, 0x00000000eaf80000, 0x0000000100000000)
  eden space 1024K, 0% used [0x00000000eab00000,0x00000000eab00000,0x00000000eac00000)
  from space 512K, 25% used [0x00000000eae80000,0x00000000eaea0000,0x00000000eaf00000)
  to   space 512K, 0% used [0x00000000eaf00000,0x00000000eaf00000,0x00000000eaf80000)
 ParOldGen       total 68096K, used 64739K [0x00000000c0000000, 0x00000000c4280000, 0x00000000eab00000)
  object space 68096K, 95% used [0x00000000c0000000,0x00000000c3f38c60,0x00000000c4280000)
 Metaspace       used 69445K, committed 70272K, reserved 1114112K
  class space    used 7005K, committed 7360K, reserved 1048576K
}
Event: 3226.509 GC heap before
{Heap before GC invocations=317 (full 13):
 PSYoungGen      total 1536K, used 1152K [0x00000000eab00000, 0x00000000eaf80000, 0x0000000100000000)
  eden space 1024K, 100% used [0x00000000eab00000,0x00000000eac00000,0x00000000eac00000)
  from space 512K, 25% used [0x00000000eae80000,0x00000000eaea0000,0x00000000eaf00000)
  to   space 512K, 0% used [0x00000000eaf00000,0x00000000eaf00000,0x00000000eaf80000)
 ParOldGen       total 68096K, used 64739K [0x00000000c0000000, 0x00000000c4280000, 0x00000000eab00000)
  object space 68096K, 95% used [0x00000000c0000000,0x00000000c3f38c60,0x00000000c4280000)
 Metaspace       used 69479K, committed 70336K, reserved 1114112K
  class space    used 7005K, committed 7360K, reserved 1048576K
}
Event: 3226.510 GC heap after
{Heap after GC invocations=317 (full 13):
 PSYoungGen      total 1536K, used 128K [0x00000000eab00000, 0x00000000eaf80000, 0x0000000100000000)
  eden space 1024K, 0% used [0x00000000eab00000,0x00000000eab00000,0x00000000eac00000)
  from space 512K, 25% used [0x00000000eaf00000,0x00000000eaf20000,0x00000000eaf80000)
  to   space 512K, 0% used [0x00000000eae80000,0x00000000eae80000,0x00000000eaf00000)
 ParOldGen       total 68096K, used 64747K [0x00000000c0000000, 0x00000000c4280000, 0x00000000eab00000)
  object space 68096K, 95% used [0x00000000c0000000,0x00000000c3f3ac60,0x00000000c4280000)
 Metaspace       used 69479K, committed 70336K, reserved 1114112K
  class space    used 7005K, committed 7360K, reserved 1048576K
}
Event: 3226.873 GC heap before
{Heap before GC invocations=318 (full 13):
 PSYoungGen      total 1536K, used 1152K [0x00000000eab00000, 0x00000000eaf80000, 0x0000000100000000)
  eden space 1024K, 100% used [0x00000000eab00000,0x00000000eac00000,0x00000000eac00000)
  from space 512K, 25% used [0x00000000eaf00000,0x00000000eaf20000,0x00000000eaf80000)
  to   space 512K, 0% used [0x00000000eae80000,0x00000000eae80000,0x00000000eaf00000)
 ParOldGen       total 68096K, used 64747K [0x00000000c0000000, 0x00000000c4280000, 0x00000000eab00000)
  object space 68096K, 95% used [0x00000000c0000000,0x00000000c3f3ac60,0x00000000c4280000)
 Metaspace       used 69492K, committed 70336K, reserved 1114112K
  class space    used 7005K, committed 7360K, reserved 1048576K
}
Event: 3226.874 GC heap after
{Heap after GC invocations=318 (full 13):
 PSYoungGen      total 1536K, used 128K [0x00000000eab00000, 0x00000000eaf80000, 0x0000000100000000)
  eden space 1024K, 0% used [0x00000000eab00000,0x00000000eab00000,0x00000000eac00000)
  from space 512K, 25% used [0x00000000eae80000,0x00000000eaea0000,0x00000000eaf00000)
  to   space 512K, 0% used [0x00000000eaf00000,0x00000000eaf00000,0x00000000eaf80000)
 ParOldGen       total 68096K, used 64755K [0x00000000c0000000, 0x00000000c4280000, 0x00000000eab00000)
  object space 68096K, 95% used [0x00000000c0000000,0x00000000c3f3cc60,0x00000000c4280000)
 Metaspace       used 69492K, committed 70336K, reserved 1114112K
  class space    used 7005K, committed 7360K, reserved 1048576K
}
Event: 3227.314 GC heap before
{Heap before GC invocations=319 (full 13):
 PSYoungGen      total 1536K, used 1152K [0x00000000eab00000, 0x00000000eaf80000, 0x0000000100000000)
  eden space 1024K, 100% used [0x00000000eab00000,0x00000000eac00000,0x00000000eac00000)
  from space 512K, 25% used [0x00000000eae80000,0x00000000eaea0000,0x00000000eaf00000)
  to   space 512K, 0% used [0x00000000eaf00000,0x00000000eaf00000,0x00000000eaf80000)
 ParOldGen       total 68096K, used 64755K [0x00000000c0000000, 0x00000000c4280000, 0x00000000eab00000)
  object space 68096K, 95% used [0x00000000c0000000,0x00000000c3f3cc60,0x00000000c4280000)
 Metaspace       used 69504K, committed 70400K, reserved 1114112K
  class space    used 7005K, committed 7360K, reserved 1048576K
}
Event: 3227.314 GC heap after
{Heap after GC invocations=319 (full 13):
 PSYoungGen      total 1536K, used 128K [0x00000000eab00000, 0x00000000eaf80000, 0x0000000100000000)
  eden space 1024K, 0% used [0x00000000eab00000,0x00000000eab00000,0x00000000eac00000)
  from space 512K, 25% used [0x00000000eaf00000,0x00000000eaf20000,0x00000000eaf80000)
  to   space 512K, 0% used [0x00000000eae80000,0x00000000eae80000,0x00000000eaf00000)
 ParOldGen       total 68096K, used 64763K [0x00000000c0000000, 0x00000000c4280000, 0x00000000eab00000)
  object space 68096K, 95% used [0x00000000c0000000,0x00000000c3f3ec60,0x00000000c4280000)
 Metaspace       used 69504K, committed 70400K, reserved 1114112K
  class space    used 7005K, committed 7360K, reserved 1048576K
}
Event: 3227.686 GC heap before
{Heap before GC invocations=320 (full 13):
 PSYoungGen      total 1536K, used 1152K [0x00000000eab00000, 0x00000000eaf80000, 0x0000000100000000)
  eden space 1024K, 100% used [0x00000000eab00000,0x00000000eac00000,0x00000000eac00000)
  from space 512K, 25% used [0x00000000eaf00000,0x00000000eaf20000,0x00000000eaf80000)
  to   space 512K, 0% used [0x00000000eae80000,0x00000000eae80000,0x00000000eaf00000)
 ParOldGen       total 68096K, used 64763K [0x00000000c0000000, 0x00000000c4280000, 0x00000000eab00000)
  object space 68096K, 95% used [0x00000000c0000000,0x00000000c3f3ec60,0x00000000c4280000)
 Metaspace       used 69527K, committed 70400K, reserved 1114112K
  class space    used 7005K, committed 7360K, reserved 1048576K
}
Event: 3227.694 GC heap after
{Heap after GC invocations=320 (full 13):
 PSYoungGen      total 1536K, used 128K [0x00000000eab00000, 0x00000000eaf80000, 0x0000000100000000)
  eden space 1024K, 0% used [0x00000000eab00000,0x00000000eab00000,0x00000000eac00000)
  from space 512K, 25% used [0x00000000eae80000,0x00000000eaea0000,0x00000000eaf00000)
  to   space 512K, 0% used [0x00000000eaf00000,0x00000000eaf00000,0x00000000eaf80000)
 ParOldGen       total 68096K, used 64771K [0x00000000c0000000, 0x00000000c4280000, 0x00000000eab00000)
  object space 68096K, 95% used [0x00000000c0000000,0x00000000c3f40c60,0x00000000c4280000)
 Metaspace       used 69527K, committed 70400K, reserved 1114112K
  class space    used 7005K, committed 7360K, reserved 1048576K
}
Event: 3227.950 GC heap before
{Heap before GC invocations=321 (full 13):
 PSYoungGen      total 1536K, used 1152K [0x00000000eab00000, 0x00000000eaf80000, 0x0000000100000000)
  eden space 1024K, 100% used [0x00000000eab00000,0x00000000eac00000,0x00000000eac00000)
  from space 512K, 25% used [0x00000000eae80000,0x00000000eaea0000,0x00000000eaf00000)
  to   space 512K, 0% used [0x00000000eaf00000,0x00000000eaf00000,0x00000000eaf80000)
 ParOldGen       total 68096K, used 64771K [0x00000000c0000000, 0x00000000c4280000, 0x00000000eab00000)
  object space 68096K, 95% used [0x00000000c0000000,0x00000000c3f40c60,0x00000000c4280000)
 Metaspace       used 69538K, committed 70400K, reserved 1114112K
  class space    used 7005K, committed 7360K, reserved 1048576K
}
Event: 3227.951 GC heap after
{Heap after GC invocations=321 (full 13):
 PSYoungGen      total 1536K, used 128K [0x00000000eab00000, 0x00000000eaf80000, 0x0000000100000000)
  eden space 1024K, 0% used [0x00000000eab00000,0x00000000eab00000,0x00000000eac00000)
  from space 512K, 25% used [0x00000000eaf00000,0x00000000eaf20000,0x00000000eaf80000)
  to   space 512K, 0% used [0x00000000eae80000,0x00000000eae80000,0x00000000eaf00000)
 ParOldGen       total 68096K, used 64771K [0x00000000c0000000, 0x00000000c4280000, 0x00000000eab00000)
  object space 68096K, 95% used [0x00000000c0000000,0x00000000c3f40c60,0x00000000c4280000)
 Metaspace       used 69538K, committed 70400K, reserved 1114112K
  class space    used 7005K, committed 7360K, reserved 1048576K
}
Event: 3228.166 GC heap before
{Heap before GC invocations=322 (full 13):
 PSYoungGen      total 1536K, used 1152K [0x00000000eab00000, 0x00000000eaf80000, 0x0000000100000000)
  eden space 1024K, 100% used [0x00000000eab00000,0x00000000eac00000,0x00000000eac00000)
  from space 512K, 25% used [0x00000000eaf00000,0x00000000eaf20000,0x00000000eaf80000)
  to   space 512K, 0% used [0x00000000eae80000,0x00000000eae80000,0x00000000eaf00000)
 ParOldGen       total 68096K, used 64771K [0x00000000c0000000, 0x00000000c4280000, 0x00000000eab00000)
  object space 68096K, 95% used [0x00000000c0000000,0x00000000c3f40c60,0x00000000c4280000)
 Metaspace       used 69549K, committed 70400K, reserved 1114112K
  class space    used 7005K, committed 7360K, reserved 1048576K
}
Event: 3228.167 GC heap after
{Heap after GC invocations=322 (full 13):
 PSYoungGen      total 1536K, used 128K [0x00000000eab00000, 0x00000000eaf80000, 0x0000000100000000)
  eden space 1024K, 0% used [0x00000000eab00000,0x00000000eab00000,0x00000000eac00000)
  from space 512K, 25% used [0x00000000eae80000,0x00000000eaea0000,0x00000000eaf00000)
  to   space 512K, 0% used [0x00000000eaf00000,0x00000000eaf00000,0x00000000eaf80000)
 ParOldGen       total 68096K, used 64771K [0x00000000c0000000, 0x00000000c4280000, 0x00000000eab00000)
  object space 68096K, 95% used [0x00000000c0000000,0x00000000c3f40c60,0x00000000c4280000)
 Metaspace       used 69549K, committed 70400K, reserved 1114112K
  class space    used 7005K, committed 7360K, reserved 1048576K
}
Event: 3228.485 GC heap before
{Heap before GC invocations=323 (full 13):
 PSYoungGen      total 1536K, used 1152K [0x00000000eab00000, 0x00000000eaf80000, 0x0000000100000000)
  eden space 1024K, 100% used [0x00000000eab00000,0x00000000eac00000,0x00000000eac00000)
  from space 512K, 25% used [0x00000000eae80000,0x00000000eaea0000,0x00000000eaf00000)
  to   space 512K, 0% used [0x00000000eaf00000,0x00000000eaf00000,0x00000000eaf80000)
 ParOldGen       total 68096K, used 64771K [0x00000000c0000000, 0x00000000c4280000, 0x00000000eab00000)
  object space 68096K, 95% used [0x00000000c0000000,0x00000000c3f40c60,0x00000000c4280000)
 Metaspace       used 69550K, committed 70400K, reserved 1114112K
  class space    used 7005K, committed 7360K, reserved 1048576K
}
Event: 3228.486 GC heap after
{Heap after GC invocations=323 (full 13):
 PSYoungGen      total 1536K, used 128K [0x00000000eab00000, 0x00000000eaf80000, 0x0000000100000000)
  eden space 1024K, 0% used [0x00000000eab00000,0x00000000eab00000,0x00000000eac00000)
  from space 512K, 25% used [0x00000000eaf00000,0x00000000eaf20000,0x00000000eaf80000)
  to   space 512K, 0% used [0x00000000eae80000,0x00000000eae80000,0x00000000eaf00000)
 ParOldGen       total 68096K, used 64771K [0x00000000c0000000, 0x00000000c4280000, 0x00000000eab00000)
  object space 68096K, 95% used [0x00000000c0000000,0x00000000c3f40c60,0x00000000c4280000)
 Metaspace       used 69550K, committed 70400K, reserved 1114112K
  class space    used 7005K, committed 7360K, reserved 1048576K
}
Event: 3228.743 GC heap before
{Heap before GC invocations=324 (full 13):
 PSYoungGen      total 1536K, used 1152K [0x00000000eab00000, 0x00000000eaf80000, 0x0000000100000000)
  eden space 1024K, 100% used [0x00000000eab00000,0x00000000eac00000,0x00000000eac00000)
  from space 512K, 25% used [0x00000000eaf00000,0x00000000eaf20000,0x00000000eaf80000)
  to   space 512K, 0% used [0x00000000eae80000,0x00000000eae80000,0x00000000eaf00000)
 ParOldGen       total 68096K, used 64771K [0x00000000c0000000, 0x00000000c4280000, 0x00000000eab00000)
  object space 68096K, 95% used [0x00000000c0000000,0x00000000c3f40c60,0x00000000c4280000)
 Metaspace       used 69551K, committed 70400K, reserved 1114112K
  class space    used 7005K, committed 7360K, reserved 1048576K
}
Event: 3228.744 GC heap after
{Heap after GC invocations=324 (full 13):
 PSYoungGen      total 1536K, used 128K [0x00000000eab00000, 0x00000000eaf80000, 0x0000000100000000)
  eden space 1024K, 0% used [0x00000000eab00000,0x00000000eab00000,0x00000000eac00000)
  from space 512K, 25% used [0x00000000eae80000,0x00000000eaea0000,0x00000000eaf00000)
  to   space 512K, 0% used [0x00000000eaf00000,0x00000000eaf00000,0x00000000eaf80000)
 ParOldGen       total 68096K, used 64771K [0x00000000c0000000, 0x00000000c4280000, 0x00000000eab00000)
  object space 68096K, 95% used [0x00000000c0000000,0x00000000c3f40c60,0x00000000c4280000)
 Metaspace       used 69551K, committed 70400K, reserved 1114112K
  class space    used 7005K, committed 7360K, reserved 1048576K
}

Deoptimization events (20 events):
Event: 3202.530 Thread 0x000001feba489e60 DEOPT PACKING pc=0x000001fea79b5094 sp=0x00000071383fe650
Event: 3202.530 Thread 0x000001feba489e60 DEOPT UNPACKING pc=0x000001fe9f93209d sp=0x00000071383fe618 mode 2
Event: 3202.530 Thread 0x000001feba489e60 Uncommon trap: trap_request=0xffffffde fr.pc=0x000001fea79b5094 relative=0x0000000000002474
Event: 3202.530 Thread 0x000001feba489e60 Uncommon trap: reason=class_check action=maybe_recompile pc=0x000001fea79b5094 method=org.eclipse.jdt.internal.compiler.parser.Parser.consumeToken(I)V @ 1603 c2
Event: 3202.530 Thread 0x000001feba489e60 DEOPT PACKING pc=0x000001fea79b5094 sp=0x00000071383fe650
Event: 3202.530 Thread 0x000001feba489e60 DEOPT UNPACKING pc=0x000001fe9f93209d sp=0x00000071383fe618 mode 2
Event: 3202.562 Thread 0x000001feba489e60 Uncommon trap: trap_request=0xffffffde fr.pc=0x000001fea79b5094 relative=0x0000000000002474
Event: 3202.562 Thread 0x000001feba489e60 Uncommon trap: reason=class_check action=maybe_recompile pc=0x000001fea79b5094 method=org.eclipse.jdt.internal.compiler.parser.Parser.consumeToken(I)V @ 1603 c2
Event: 3202.562 Thread 0x000001feba489e60 DEOPT PACKING pc=0x000001fea79b5094 sp=0x00000071383fe700
Event: 3202.562 Thread 0x000001feba489e60 DEOPT UNPACKING pc=0x000001fe9f93209d sp=0x00000071383fe6c8 mode 2
Event: 3202.564 Thread 0x000001feba489e60 Uncommon trap: trap_request=0xffffff45 fr.pc=0x000001fea784de74 relative=0x00000000000007d4
Event: 3202.564 Thread 0x000001feba489e60 Uncommon trap: reason=unstable_if action=reinterpret pc=0x000001fea784de74 method=org.eclipse.jdt.internal.compiler.parser.Parser.parse()V @ 131 c2
Event: 3202.564 Thread 0x000001feba489e60 DEOPT PACKING pc=0x000001fea784de74 sp=0x00000071383fe880
Event: 3202.564 Thread 0x000001feba489e60 DEOPT UNPACKING pc=0x000001fe9f93209d sp=0x00000071383fe828 mode 2
Event: 3224.349 Thread 0x000001feba48f030 Uncommon trap: trap_request=0xffffff45 fr.pc=0x000001fea7a63c48 relative=0x0000000000001208
Event: 3224.349 Thread 0x000001feba48f030 Uncommon trap: reason=unstable_if action=reinterpret pc=0x000001fea7a63c48 method=org.eclipse.core.internal.localstore.FileSystemResourceManager.getStoreRoot(Lorg/eclipse/core/resources/IResource;)Lorg/eclipse/core/internal/localstore/FileStoreRoot; @ 17 
Event: 3224.349 Thread 0x000001feba48f030 DEOPT PACKING pc=0x000001fea7a63c48 sp=0x00000071368fe3b0
Event: 3224.349 Thread 0x000001feba48f030 DEOPT UNPACKING pc=0x000001fe9f93209d sp=0x00000071368fe380 mode 2
Event: 3225.650 Thread 0x000001feba48f030 DEOPT PACKING pc=0x000001fea0e90738 sp=0x00000071368fdc20
Event: 3225.650 Thread 0x000001feba48f030 DEOPT UNPACKING pc=0x000001fe9f932824 sp=0x00000071368fd0b0 mode 0

Classes unloaded (20 events):
Event: 2292.967 Thread 0x000001fe9b53ed20 Unloading class 0x0000000100324400 'java/lang/invoke/LambdaForm$MH+0x0000000100324400'
Event: 2292.967 Thread 0x000001fe9b53ed20 Unloading class 0x0000000100324000 'java/lang/invoke/LambdaForm$MH+0x0000000100324000'
Event: 2292.967 Thread 0x000001fe9b53ed20 Unloading class 0x0000000100270c00 'jdk/internal/reflect/GeneratedSerializationConstructorAccessor3'
Event: 2292.967 Thread 0x000001fe9b53ed20 Unloading class 0x0000000100270800 'jdk/internal/reflect/GeneratedSerializationConstructorAccessor2'
Event: 2292.967 Thread 0x000001fe9b53ed20 Unloading class 0x0000000100270400 'jdk/internal/reflect/GeneratedSerializationConstructorAccessor1'
Event: 2292.967 Thread 0x000001fe9b53ed20 Unloading class 0x000000010020dc00 'java/lang/invoke/LambdaForm$MH+0x000000010020dc00'
Event: 2292.967 Thread 0x000001fe9b53ed20 Unloading class 0x00000001001cc000 'jdk/internal/reflect/GeneratedConstructorAccessor4'
Event: 2292.967 Thread 0x000001fe9b53ed20 Unloading class 0x000000010019c800 'java/lang/invoke/LambdaForm$MH+0x000000010019c800'
Event: 2292.967 Thread 0x000001fe9b53ed20 Unloading class 0x000000010019c000 'java/lang/invoke/LambdaForm$MH+0x000000010019c000'
Event: 2292.967 Thread 0x000001fe9b53ed20 Unloading class 0x000000010019bc00 'java/lang/invoke/LambdaForm$MH+0x000000010019bc00'
Event: 2292.967 Thread 0x000001fe9b53ed20 Unloading class 0x000000010019b800 'java/lang/invoke/LambdaForm$MH+0x000000010019b800'
Event: 2292.967 Thread 0x000001fe9b53ed20 Unloading class 0x000000010019b000 'java/lang/invoke/LambdaForm$MH+0x000000010019b000'
Event: 2292.967 Thread 0x000001fe9b53ed20 Unloading class 0x000000010019ac00 'java/lang/invoke/LambdaForm$MH+0x000000010019ac00'
Event: 2292.967 Thread 0x000001fe9b53ed20 Unloading class 0x000000010019a800 'java/lang/invoke/LambdaForm$MH+0x000000010019a800'
Event: 2292.967 Thread 0x000001fe9b53ed20 Unloading class 0x000000010019a000 'java/lang/invoke/LambdaForm$MH+0x000000010019a000'
Event: 2292.967 Thread 0x000001fe9b53ed20 Unloading class 0x0000000100129000 'jdk/internal/reflect/GeneratedMethodAccessor5'
Event: 2292.967 Thread 0x000001fe9b53ed20 Unloading class 0x0000000100128c00 'jdk/internal/reflect/GeneratedMethodAccessor4'
Event: 2292.967 Thread 0x000001fe9b53ed20 Unloading class 0x0000000100128800 'jdk/internal/reflect/GeneratedMethodAccessor3'
Event: 2292.967 Thread 0x000001fe9b53ed20 Unloading class 0x0000000100128400 'jdk/internal/reflect/GeneratedMethodAccessor2'
Event: 2292.967 Thread 0x000001fe9b53ed20 Unloading class 0x0000000100128000 'jdk/internal/reflect/GeneratedMethodAccessor1'

Classes redefined (0 events):
No events

Internal exceptions (20 events):
Event: 3228.924 Thread 0x000001feba48f030 Exception <a 'sun/nio/fs/WindowsException'{0x00000000eab5ae60}> (0x00000000eab5ae60) 
thrown [s\src\hotspot\share\prims\jni.cpp, line 516]
Event: 3228.987 Thread 0x000001feba48f030 Exception <a 'sun/nio/fs/WindowsException'{0x00000000eab670a8}> (0x00000000eab670a8) 
thrown [s\src\hotspot\share\prims\jni.cpp, line 516]
Event: 3228.990 Thread 0x000001feba48f030 Exception <a 'sun/nio/fs/WindowsException'{0x00000000eab6f618}> (0x00000000eab6f618) 
thrown [s\src\hotspot\share\prims\jni.cpp, line 516]
Event: 3228.993 Thread 0x000001feba48f030 Exception <a 'sun/nio/fs/WindowsException'{0x00000000eab74320}> (0x00000000eab74320) 
thrown [s\src\hotspot\share\prims\jni.cpp, line 516]
Event: 3229.002 Thread 0x000001feba48f030 Exception <a 'sun/nio/fs/WindowsException'{0x00000000eab801d0}> (0x00000000eab801d0) 
thrown [s\src\hotspot\share\prims\jni.cpp, line 516]
Event: 3229.005 Thread 0x000001feba48f030 Exception <a 'sun/nio/fs/WindowsException'{0x00000000eab88798}> (0x00000000eab88798) 
thrown [s\src\hotspot\share\prims\jni.cpp, line 516]
Event: 3229.008 Thread 0x000001feba48f030 Exception <a 'sun/nio/fs/WindowsException'{0x00000000eab8cdb0}> (0x00000000eab8cdb0) 
thrown [s\src\hotspot\share\prims\jni.cpp, line 516]
Event: 3229.051 Thread 0x000001feba48f030 Exception <a 'sun/nio/fs/WindowsException'{0x00000000eab985b0}> (0x00000000eab985b0) 
thrown [s\src\hotspot\share\prims\jni.cpp, line 516]
Event: 3229.054 Thread 0x000001feba48f030 Exception <a 'sun/nio/fs/WindowsException'{0x00000000eaba06b8}> (0x00000000eaba06b8) 
thrown [s\src\hotspot\share\prims\jni.cpp, line 516]
Event: 3229.057 Thread 0x000001feba48f030 Exception <a 'sun/nio/fs/WindowsException'{0x00000000eaba4a80}> (0x00000000eaba4a80) 
thrown [s\src\hotspot\share\prims\jni.cpp, line 516]
Event: 3229.067 Thread 0x000001feba48f030 Exception <a 'sun/nio/fs/WindowsException'{0x00000000eabb0598}> (0x00000000eabb0598) 
thrown [s\src\hotspot\share\prims\jni.cpp, line 516]
Event: 3229.069 Thread 0x000001feba48f030 Exception <a 'sun/nio/fs/WindowsException'{0x00000000eabb8330}> (0x00000000eabb8330) 
thrown [s\src\hotspot\share\prims\jni.cpp, line 516]
Event: 3229.072 Thread 0x000001feba48f030 Exception <a 'sun/nio/fs/WindowsException'{0x00000000eabbc948}> (0x00000000eabbc948) 
thrown [s\src\hotspot\share\prims\jni.cpp, line 516]
Event: 3229.087 Thread 0x000001feba48f030 Exception <a 'sun/nio/fs/WindowsException'{0x00000000eabc8180}> (0x00000000eabc8180) 
thrown [s\src\hotspot\share\prims\jni.cpp, line 516]
Event: 3229.090 Thread 0x000001feba48f030 Exception <a 'sun/nio/fs/WindowsException'{0x00000000eabd02d0}> (0x00000000eabd02d0) 
thrown [s\src\hotspot\share\prims\jni.cpp, line 516]
Event: 3229.093 Thread 0x000001feba48f030 Exception <a 'sun/nio/fs/WindowsException'{0x00000000eabd48d8}> (0x00000000eabd48d8) 
thrown [s\src\hotspot\share\prims\jni.cpp, line 516]
Event: 3229.102 Thread 0x000001feba48f030 Exception <a 'sun/nio/fs/WindowsException'{0x00000000eabe0170}> (0x00000000eabe0170) 
thrown [s\src\hotspot\share\prims\jni.cpp, line 516]
Event: 3229.104 Thread 0x000001feba48f030 Exception <a 'sun/nio/fs/WindowsException'{0x00000000eabe81c0}> (0x00000000eabe81c0) 
thrown [s\src\hotspot\share\prims\jni.cpp, line 516]
Event: 3229.107 Thread 0x000001feba48f030 Exception <a 'sun/nio/fs/WindowsException'{0x00000000eabec7c8}> (0x00000000eabec7c8) 
thrown [s\src\hotspot\share\prims\jni.cpp, line 516]
Event: 3229.116 Thread 0x000001feba48f030 Exception <a 'sun/nio/fs/WindowsException'{0x00000000eabf8008}> (0x00000000eabf8008) 
thrown [s\src\hotspot\share\prims\jni.cpp, line 516]

VM Operations (20 events):
Event: 3225.770 Executing VM operation: ParallelGCFailedAllocation
Event: 3225.771 Executing VM operation: ParallelGCFailedAllocation done
Event: 3226.171 Executing VM operation: ParallelGCFailedAllocation
Event: 3226.172 Executing VM operation: ParallelGCFailedAllocation done
Event: 3226.509 Executing VM operation: ParallelGCFailedAllocation
Event: 3226.510 Executing VM operation: ParallelGCFailedAllocation done
Event: 3226.873 Executing VM operation: ParallelGCFailedAllocation
Event: 3226.874 Executing VM operation: ParallelGCFailedAllocation done
Event: 3227.314 Executing VM operation: ParallelGCFailedAllocation
Event: 3227.314 Executing VM operation: ParallelGCFailedAllocation done
Event: 3227.686 Executing VM operation: ParallelGCFailedAllocation
Event: 3227.694 Executing VM operation: ParallelGCFailedAllocation done
Event: 3227.950 Executing VM operation: ParallelGCFailedAllocation
Event: 3227.951 Executing VM operation: ParallelGCFailedAllocation done
Event: 3228.166 Executing VM operation: ParallelGCFailedAllocation
Event: 3228.167 Executing VM operation: ParallelGCFailedAllocation done
Event: 3228.485 Executing VM operation: ParallelGCFailedAllocation
Event: 3228.486 Executing VM operation: ParallelGCFailedAllocation done
Event: 3228.743 Executing VM operation: ParallelGCFailedAllocation
Event: 3228.744 Executing VM operation: ParallelGCFailedAllocation done

Events (20 events):
Event: 3191.775 Thread 0x000001feb1221290 flushing nmethod 0x000001fea1307390
Event: 3191.775 Thread 0x000001feb1221290 flushing nmethod 0x000001fea13a8490
Event: 3191.898 Thread 0x000001feb1221290 flushing nmethod 0x000001fea13b1310
Event: 3191.899 Thread 0x000001feb1221290 flushing nmethod 0x000001fea1411290
Event: 3191.899 Thread 0x000001feb1221290 flushing nmethod 0x000001fea1472310
Event: 3193.132 loading class java/lang/Throwable$WrappedPrintWriter
Event: 3193.445 loading class java/lang/Throwable$PrintStreamOrWriter
Event: 3193.622 loading class java/lang/Throwable$PrintStreamOrWriter done
Event: 3193.622 loading class java/lang/Throwable$WrappedPrintWriter done
Event: 3193.622 Thread 0x000001feb74c65a0 Thread exited: 0x000001feb74c65a0
Event: 3194.337 Thread 0x000001feb6f2d720 Thread added: 0x000001feb6f2d720
Event: 3194.350 Thread 0x000001feb6f2e0c0 Thread added: 0x000001feb6f2e0c0
Event: 3194.599 Thread 0x000001feb74c5670 Thread added: 0x000001feb74c5670
Event: 3195.242 Thread 0x000001feb74c5670 Thread exited: 0x000001feb74c5670
Event: 3198.896 Thread 0x000001feba48eb60 Thread added: 0x000001feba48eb60
Event: 3199.636 Thread 0x000001feba48eb60 Thread exited: 0x000001feba48eb60
Event: 3199.953 Thread 0x000001feb74c5670 Thread added: 0x000001feb74c5670
Event: 3200.342 Thread 0x000001feb74c5670 Thread exited: 0x000001feb74c5670
Event: 3201.151 Thread 0x000001feb74c65a0 Thread added: 0x000001feb74c65a0
Event: 3201.566 Thread 0x000001feb74c65a0 Thread exited: 0x000001feb74c65a0


Dynamic libraries:
0x00007ff7b54a0000 - 0x00007ff7b54ae000 	c:\Users\Артур\.vscode\extensions\redhat.java-1.12.0-win32-x64\jre\17.0.4.1-win32-x86_64\bin\java.exe
0x00007ff859250000 - 0x00007ff859448000 	C:\Windows\SYSTEM32\ntdll.dll
0x00007ff857a80000 - 0x00007ff857b3f000 	C:\Windows\System32\KERNEL32.DLL
0x00007ff856dd0000 - 0x00007ff8570a2000 	C:\Windows\System32\KERNELBASE.dll
0x00007ff856980000 - 0x00007ff856a80000 	C:\Windows\System32\ucrtbase.dll
0x00007ff853ae0000 - 0x00007ff853af8000 	c:\Users\Артур\.vscode\extensions\redhat.java-1.12.0-win32-x64\jre\17.0.4.1-win32-x86_64\bin\jli.dll
0x00007ff853b60000 - 0x00007ff853b79000 	c:\Users\Артур\.vscode\extensions\redhat.java-1.12.0-win32-x64\jre\17.0.4.1-win32-x86_64\bin\VCRUNTIME140.dll
0x00007ff857c60000 - 0x00007ff857dfd000 	C:\Windows\System32\USER32.dll
0x00007ff856b20000 - 0x00007ff856b42000 	C:\Windows\System32\win32u.dll
0x00007ff857490000 - 0x00007ff8574bb000 	C:\Windows\System32\GDI32.dll
0x00007ff84da90000 - 0x00007ff84dd2a000 	C:\Windows\WinSxS\amd64_microsoft.windows.common-controls_6595b64144ccf1df_6.0.19041.1110_none_60b5254171f9507e\COMCTL32.dll
0x00007ff8570b0000 - 0x00007ff8571bf000 	C:\Windows\System32\gdi32full.dll
0x00007ff857e00000 - 0x00007ff857e9e000 	C:\Windows\System32\msvcrt.dll
0x00007ff856a80000 - 0x00007ff856b1d000 	C:\Windows\System32\msvcp_win.dll
0x00007ff8574c0000 - 0x00007ff8574f2000 	C:\Windows\System32\IMM32.DLL
0x00007ff8523e0000 - 0x00007ff8523ec000 	c:\Users\Артур\.vscode\extensions\redhat.java-1.12.0-win32-x64\jre\17.0.4.1-win32-x86_64\bin\vcruntime140_1.dll
0x00007ff852340000 - 0x00007ff8523d1000 	c:\Users\Артур\.vscode\extensions\redhat.java-1.12.0-win32-x64\jre\17.0.4.1-win32-x86_64\bin\msvcp140.dll
0x00007ffffeef0000 - 0x00007fffffb36000 	c:\Users\Артур\.vscode\extensions\redhat.java-1.12.0-win32-x64\jre\17.0.4.1-win32-x86_64\bin\server\jvm.dll
0x00007ff8573e0000 - 0x00007ff85748e000 	C:\Windows\System32\ADVAPI32.dll
0x00007ff857b40000 - 0x00007ff857bdc000 	C:\Windows\System32\sechost.dll
0x00007ff8584b0000 - 0x00007ff8585d5000 	C:\Windows\System32\RPCRT4.dll
0x00007ff857500000 - 0x00007ff857508000 	C:\Windows\System32\PSAPI.DLL
0x00007ff84ec60000 - 0x00007ff84ec87000 	C:\Windows\SYSTEM32\WINMM.dll
0x00007ff84f3d0000 - 0x00007ff84f3da000 	C:\Windows\SYSTEM32\VERSION.dll
0x00007ff83d400000 - 0x00007ff83d409000 	C:\Windows\SYSTEM32\WSOCK32.dll
0x00007ff8590f0000 - 0x00007ff85915b000 	C:\Windows\System32\WS2_32.dll
0x00007ff854830000 - 0x00007ff854842000 	C:\Windows\SYSTEM32\kernel.appcore.dll
0x00007ff852310000 - 0x00007ff85231a000 	c:\Users\Артур\.vscode\extensions\redhat.java-1.12.0-win32-x64\jre\17.0.4.1-win32-x86_64\bin\jimage.dll
0x00007ff842b20000 - 0x00007ff842d04000 	C:\Windows\SYSTEM32\DBGHELP.DLL
0x00007ff842af0000 - 0x00007ff842b1c000 	C:\Windows\SYSTEM32\dbgcore.DLL
0x00007ff8571c0000 - 0x00007ff857242000 	C:\Windows\System32\bcryptPrimitives.dll
0x00007ff851e30000 - 0x00007ff851e3e000 	c:\Users\Артур\.vscode\extensions\redhat.java-1.12.0-win32-x64\jre\17.0.4.1-win32-x86_64\bin\instrument.dll
0x00007ff83d730000 - 0x00007ff83d755000 	c:\Users\Артур\.vscode\extensions\redhat.java-1.12.0-win32-x64\jre\17.0.4.1-win32-x86_64\bin\java.dll
0x00007ff84a790000 - 0x00007ff84a7a8000 	c:\Users\Артур\.vscode\extensions\redhat.java-1.12.0-win32-x64\jre\17.0.4.1-win32-x86_64\bin\zip.dll
0x00007ff858790000 - 0x00007ff858ed3000 	C:\Windows\System32\SHELL32.dll
0x00007ff854a30000 - 0x00007ff8551c2000 	C:\Windows\SYSTEM32\windows.storage.dll
0x00007ff858020000 - 0x00007ff858374000 	C:\Windows\System32\combase.dll
0x00007ff856340000 - 0x00007ff856370000 	C:\Windows\SYSTEM32\Wldp.dll
0x00007ff858680000 - 0x00007ff85872d000 	C:\Windows\System32\SHCORE.dll
0x00007ff858730000 - 0x00007ff858785000 	C:\Windows\System32\shlwapi.dll
0x00007ff856890000 - 0x00007ff8568af000 	C:\Windows\SYSTEM32\profapi.dll
0x00007ff84a740000 - 0x00007ff84a759000 	C:\Users\Артур\.vscode\extensions\redhat.java-1.12.0-win32-x64\jre\17.0.4.1-win32-x86_64\bin\net.dll
0x00007ff84d550000 - 0x00007ff84d65c000 	C:\Windows\SYSTEM32\WINHTTP.dll
0x00007ff8560a0000 - 0x00007ff85610a000 	C:\Windows\system32\mswsock.dll
0x00007ff8499e0000 - 0x00007ff8499f5000 	C:\Users\Артур\.vscode\extensions\redhat.java-1.12.0-win32-x64\jre\17.0.4.1-win32-x86_64\bin\nio.dll
0x00007ff849d50000 - 0x00007ff849d60000 	c:\Users\Артур\.vscode\extensions\redhat.java-1.12.0-win32-x64\jre\17.0.4.1-win32-x86_64\bin\verify.dll
0x00007ff83d6b0000 - 0x00007ff83d6ee000 	C:\Users\Артур\AppData\Roaming\Code\User\globalStorage\redhat.java\1.12.0\config_win\org.eclipse.equinox.launcher\org.eclipse.equinox.launcher.win32.win32.x86_64_1.2.600.v20220720-1916\eclipse_11700.dll
0x00007ff858380000 - 0x00007ff8584aa000 	C:\Windows\System32\ole32.dll
0x00007ff8562a0000 - 0x00007ff8562b8000 	C:\Windows\SYSTEM32\CRYPTSP.dll
0x00007ff855950000 - 0x00007ff855984000 	C:\Windows\system32\rsaenh.dll
0x00007ff856950000 - 0x00007ff856977000 	C:\Windows\System32\bcrypt.dll
0x00007ff856850000 - 0x00007ff85687e000 	C:\Windows\SYSTEM32\USERENV.dll
0x00007ff856290000 - 0x00007ff85629c000 	C:\Windows\SYSTEM32\CRYPTBASE.dll
0x00007ff855d90000 - 0x00007ff855dcb000 	C:\Windows\SYSTEM32\IPHLPAPI.DLL
0x00007ff857370000 - 0x00007ff857378000 	C:\Windows\System32\NSI.dll
0x00007ff84f170000 - 0x00007ff84f187000 	C:\Windows\SYSTEM32\dhcpcsvc6.DLL
0x00007ff84f150000 - 0x00007ff84f16d000 	C:\Windows\SYSTEM32\dhcpcsvc.DLL
0x00007ff855dd0000 - 0x00007ff855e9a000 	C:\Windows\SYSTEM32\DNSAPI.dll
0x00007ff83d720000 - 0x00007ff83d729000 	C:\Users\Артур\.vscode\extensions\redhat.java-1.12.0-win32-x64\jre\17.0.4.1-win32-x86_64\bin\management.dll
0x00007ff83d660000 - 0x00007ff83d66b000 	C:\Users\Артур\.vscode\extensions\redhat.java-1.12.0-win32-x64\jre\17.0.4.1-win32-x86_64\bin\management_ext.dll
0x00007ff83d620000 - 0x00007ff83d660000 	C:\Users\Артур\AppData\Local\Temp\jna-993956847\jna18129076836793541207.dll

dbghelp: loaded successfully - version: 4.0.5 - missing functions: none
symbol engine: initialized successfully - sym options: 0x614 - pdb path: .;c:\Users\Артур\.vscode\extensions\redhat.java-1.12.0-win32-x64\jre\17.0.4.1-win32-x86_64\bin;C:\Windows\SYSTEM32;C:\Windows\WinSxS\amd64_microsoft.windows.common-controls_6595b64144ccf1df_6.0.19041.1110_none_60b5254171f9507e;c:\Users\Артур\.vscode\extensions\redhat.java-1.12.0-win32-x64\jre\17.0.4.1-win32-x86_64\bin\server;C:\Users\Артур\AppData\Roaming\Code\User\globalStorage\redhat.java\1.12.0\config_win\org.eclipse.equinox.launcher\org.eclipse.equinox.launcher.win32.win32.x86_64_1.2.600.v20220720-1916;C:\Users\Артур\AppData\Local\Temp\jna-993956847

VM Arguments:
jvm_args: --add-modules=ALL-SYSTEM --add-opens=java.base/java.util=ALL-UNNAMED --add-opens=java.base/java.lang=ALL-UNNAMED --add-opens=java.base/sun.nio.fs=ALL-UNNAMED -Declipse.application=org.eclipse.jdt.ls.core.id1 -Dosgi.bundles.defaultStartLevel=4 -Declipse.product=org.eclipse.jdt.ls.core.product -Djava.import.generatesMetadataFilesAtProjectRoot=false -Dfile.encoding=utf8 -XX:+UseParallelGC -XX:GCTimeRatio=4 -XX:AdaptiveSizePolicyWeight=90 -Dsun.zip.disableMemoryMapping=true -Xmx1G -Xms100m -Xlog:disable -javaagent:c:\Users\Артур\.vscode\extensions\redhat.java-1.12.0-win32-x64\lombok\lombok-1.18.24.jar -XX:+HeapDumpOnOutOfMemoryError -XX:HeapDumpPath=c:\Users\Артур\AppData\Roaming\Code\User\workspaceStorage\5c1c60083b7b46aba082b4ca789630d8\redhat.java 
java_command: c:\Users\Артур\.vscode\extensions\redhat.java-1.12.0-win32-x64\server\plugins\org.eclipse.equinox.launcher_1.6.400.v20210924-0641.jar -configuration c:\Users\Артур\AppData\Roaming\Code\User\globalStorage\redhat.java\1.12.0\config_win -data c:\Users\Артур\AppData\Roaming\Code\User\workspaceStorage\5c1c60083b7b46aba082b4ca789630d8\redhat.java\jdt_ws
java_class_path (initial): c:\Users\Артур\.vscode\extensions\redhat.java-1.12.0-win32-x64\server\plugins\org.eclipse.equinox.launcher_1.6.400.v20210924-0641.jar
Launcher Type: SUN_STANDARD

[Global flags]
    uintx AdaptiveSizePolicyWeight                 = 90                                        {product} {command line}
     intx CICompilerCount                          = 3                                         {product} {ergonomic}
    uintx GCTimeRatio                              = 4                                         {product} {command line}
     bool HeapDumpOnOutOfMemoryError               = true                                   {manageable} {command line}
    ccstr HeapDumpPath                             = c:\Users\Артур\AppData\Roaming\Code\User\workspaceStorage\5c1c60083b7b46aba082b4ca789630d8\redhat.java         {manageable} {command line}
   size_t InitialHeapSize                          = 104857600                                 {product} {command line}
   size_t MaxHeapSize                              = 1073741824                                {product} {command line}
   size_t MaxNewSize                               = 357564416                                 {product} {ergonomic}
   size_t MinHeapDeltaBytes                        = 524288                                    {product} {ergonomic}
   size_t MinHeapSize                              = 104857600                                 {product} {command line}
   size_t NewSize                                  = 34603008                                  {product} {ergonomic}
    uintx NonNMethodCodeHeapSize                   = 5832780                                {pd product} {ergonomic}
    uintx NonProfiledCodeHeapSize                  = 122912730                              {pd product} {ergonomic}
   size_t OldSize                                  = 70254592                                  {product} {ergonomic}
    uintx ProfiledCodeHeapSize                     = 122912730                              {pd product} {ergonomic}
    uintx ReservedCodeCacheSize                    = 251658240                              {pd product} {ergonomic}
     bool SegmentedCodeCache                       = true                                      {product} {ergonomic}
   size_t SoftMaxHeapSize                          = 1073741824                             {manageable} {ergonomic}
     bool UseCompressedClassPointers               = true                           {product lp64_product} {ergonomic}
     bool UseCompressedOops                        = true                           {product lp64_product} {ergonomic}
     bool UseLargePagesIndividualAllocation        = false                                  {pd product} {ergonomic}
     bool UseParallelGC                            = true                                      {product} {command line}

Logging:
Log output configuration:
 #0: stdout all=off uptime,level,tags
 #1: stderr all=off uptime,level,tags

Environment Variables:
JAVA_HOME=C:\Program Files\Java\jdk1.8.0_202
PATH=C:\Python27\;C:\Python27\Scripts;C:\Program Files (x86)\Common Files\Oracle\Java\javapath;C:\ProgramData\Oracle\Java\javapath;C:\Windows\system32;C:\Windows;C:\Windows\System32\Wbem;C:\Windows\System32\WindowsPowerShell\v1.0\;C:\Windows\System32\OpenSSH\;E:\Programs\Git\cmd;E:\Programs\nodejs\;C:\HaxeToolkit\haxe;C:\HaxeToolkit\neko;C:\Program Files\dotnet\;C:\Users\Артур\AppData\Local\Microsoft\WindowsApps;;E:\Programs\Microsoft VS Code\bin;C:\Users\Артур\AppData\Roaming\npm;E:\Programs\JetBrains\IntelliJ IDEA Community Edition 2022.1\bin;;C:\Users\Артур\.dotnet\tools
USERNAME=Артур
OS=Windows_NT
PROCESSOR_IDENTIFIER=Intel64 Family 6 Model 23 Stepping 10, GenuineIntel
TMP=C:\Users\E8E5~1\AppData\Local\Temp
TEMP=C:\Users\E8E5~1\AppData\Local\Temp



---------------  S Y S T E M  ---------------

OS:
 Windows 10 , 64 bit Build 19041 (10.0.19041.2251)
OS uptime: 0 days 3:18 hours

CPU: total 4 (initial active 4) (4 cores per cpu, 1 threads per core) family 6 model 23 stepping 10 microcode 0xa0c, cx8, cmov, fxsr, mmx, sse, sse2, sse3, ssse3, sse4.1, tsc, clflush

Memory: 4k page, system-wide physical 4095M (1373M free)
TotalPageFile size 11007M (AvailPageFile size 4284M)
current process WorkingSet (physical memory assigned to process): 219M, peak: 303M
current process commit charge ("private bytes"): 315M, peak: 357M

vm_info: OpenJDK 64-Bit Server VM (17.0.4.1+1) for windows-amd64 JRE (17.0.4.1+1), built on Aug 17 2022 07:42:43 by "temurin" with MS VC++ 16.7 (VS2019)

END.
