#
# A fatal error has been detected by the Java Runtime Environment:
#
#  EXCEPTION_PRIV_INSTRUCTION (0xc0000096) at pc=0x0000000002ba56ed, pid=13192, tid=0x00000000000033ac
#
# JRE version: Java(TM) SE Runtime Environment (8.0_202-b08) (build 1.8.0_202-b08)
# Java VM: Java HotSpot(TM) 64-Bit Server VM (25.202-b08 mixed mode windows-amd64 compressed oops)
# Problematic frame:
# j  java.net.URLStreamHandler.setURL(Ljava/net/URL;Ljava/lang/String;Ljava/lang/String;ILjava/lang/String;Ljava/lang/String;)V+11
#
# Failed to write core dump. Minidumps are not enabled by default on client versions of Windows
#
# If you would like to submit a bug report, please visit:
#   http://bugreport.java.com/bugreport/crash.jsp
#

---------------  T H R E A D  ---------------

Current thread (0x0000000002a9e800):  JavaThread "main" [_thread_in_Java, id=13228, stack(0x00000000028a0000,0x00000000029a0000)]

siginfo: ExceptionCode=0xc0000096

Registers:
RAX=0x0000000000000000, RBX=0x0000000000000046, RCX=0x0000000000000000, RDX=0x0000000000000000
RSP=0x00000000029988e0, RBP=0x00000000029989a0, RSI=0x00000000000000c7, RDI=0x00000000000000c7
R8 =0x0000000000000061, R9 =0x0000000002a91c90, R10=0x0000000000000061, R11=0x00000000029980b0
R12=0x0000000000000000, R13=0x000000001272978d, R14=0x0000000002998a08, R15=0x0000000002a9e800
RIP=0x0000000002ba56ed, EFLAGS=0x0000000000010206

Top of Stack: (sp=0x00000000029988e0)
0x00000000029988e0:   0000000002a9e800 0000000002998a08
0x00000000029988f0:   0000000000000046 00000000000000c7
0x0000000002998900:   0000000002cc8fc0 0000000073c406f0
0x0000000002998910:   00000000000000c7 00000000000000c7
0x0000000002998920:   00000000000000c7 00000000000000c7
0x0000000002998930:   00000000029989a0 0000000002998960
0x0000000002998940:   0000000000000046 0000000000000047
0x0000000002998950:   00000000127297f0 00000000feeb7bb8
0x0000000002998960:   0000000002998960 000000001272973b
0x0000000002998970:   0000000002998a08 0000000012729860
0x0000000002998980:   0000000000000000 00000000127297f0
0x0000000002998990:   0000000000000000 00000000029989d8
0x00000000029989a0:   0000000002998a50 0000000002ba809d
0x00000000029989b0:   0000000000000000 0000000000000000
0x00000000029989c0:   0000000000000000 0000000000000000
0x00000000029989d0:   0000000000000000 0000000000000000 

Instructions: (pc=0x0000000002ba56ed)
0x0000000002ba56cd:   48 b9 c0 df a2 73 00 00 00 00 48 ba 77 56 ba 02
0x0000000002ba56dd:   00 00 00 00 4c 8b c4 48 83 e4 f0 e8 d3 15 b8 70
0x0000000002ba56ed:   f4 66 90 00 00 00 00 00 00 00 00 00 00 00 00 00
0x0000000002ba56fd:   00 00 00 80 20 00 00 00 00 00 00 a8 df a2 73 00 


Register to memory mapping:

RAX=0x0000000000000000 is an unknown value
RBX=0x0000000000000046 is an unknown value
RCX=0x0000000000000000 is an unknown value
RDX=0x0000000000000000 is an unknown value
RSP=0x00000000029988e0 is pointing into the stack for thread: 0x0000000002a9e800
RBP=0x00000000029989a0 is pointing into the stack for thread: 0x0000000002a9e800
RSI=0x00000000000000c7 is an unknown value
RDI=0x00000000000000c7 is an unknown value
R8 =0x0000000000000061 is an unknown value
R9 =0x0000000002a91c90 is an unknown value
R10=0x0000000000000061 is an unknown value
R11=0x00000000029980b0 is pointing into the stack for thread: 0x0000000002a9e800
R12=0x0000000000000000 is an unknown value
R13=0x000000001272978d is pointing into metadata
R14=0x0000000002998a08 is pointing into the stack for thread: 0x0000000002a9e800
R15=0x0000000002a9e800 is a thread


Stack: [0x00000000028a0000,0x00000000029a0000],  sp=0x00000000029988e0,  free space=994k
Native frames: (J=compiled Java code, j=interpreted, Vv=VM code, C=native code)
C  0x0000000002ba56ed


---------------  P R O C E S S  ---------------

Java Threads: ( => current thread )
  0x000000001489a000 JavaThread "Service Thread" daemon [_thread_blocked, id=13284, stack(0x0000000014c70000,0x0000000014d70000)]
  0x0000000012f2f800 JavaThread "C1 CompilerThread2" daemon [_thread_blocked, id=13276, stack(0x0000000014770000,0x0000000014870000)]
  0x0000000012f11000 JavaThread "C2 CompilerThread1" daemon [_thread_blocked, id=13272, stack(0x0000000014670000,0x0000000014770000)]
  0x0000000012f0a000 JavaThread "C2 CompilerThread0" daemon [_thread_blocked, id=13268, stack(0x0000000014570000,0x0000000014670000)]
  0x0000000012f08000 JavaThread "Attach Listener" daemon [_thread_blocked, id=13264, stack(0x0000000014470000,0x0000000014570000)]
  0x0000000012f06800 JavaThread "Signal Dispatcher" daemon [_thread_blocked, id=13260, stack(0x0000000014370000,0x0000000014470000)]
  0x0000000002b9e000 JavaThread "Finalizer" daemon [_thread_blocked, id=13256, stack(0x0000000014160000,0x0000000014260000)]
  0x0000000012eea000 JavaThread "Reference Handler" daemon [_thread_blocked, id=13252, stack(0x0000000014060000,0x0000000014160000)]
=>0x0000000002a9e800 JavaThread "main" [_thread_in_Java, id=13228, stack(0x00000000028a0000,0x00000000029a0000)]

Other Threads:
  0x0000000012ec8000 VMThread [stack: 0x0000000013f60000,0x0000000014060000] [id=13248]
  0x000000001489b800 WatcherThread [stack: 0x0000000014d70000,0x0000000014e70000] [id=13288]

VM state:not at safepoint (normal execution)

VM Mutex/Monitor currently owned by a thread: None

heap address: 0x00000000fc000000, size: 64 MB, Compressed Oops mode: 32-bit
Narrow klass base: 0x0000000000000000, Narrow klass shift: 3
Compressed class space size: 1073741824 Address: 0x0000000100000000

Heap:
 PSYoungGen      total 18944K, used 6393K [0x00000000feb00000, 0x0000000100000000, 0x0000000100000000)
  eden space 16384K, 25% used [0x00000000feb00000,0x00000000fef08390,0x00000000ffb00000)
  from space 2560K, 88% used [0x00000000ffb00000,0x00000000ffd360a8,0x00000000ffd80000)
  to   space 2560K, 0% used [0x00000000ffd80000,0x00000000ffd80000,0x0000000100000000)
 ParOldGen       total 44032K, used 35K [0x00000000fc000000, 0x00000000feb00000, 0x00000000feb00000)
  object space 44032K, 0% used [0x00000000fc000000,0x00000000fc008c50,0x00000000feb00000)
 Metaspace       used 6413K, capacity 6622K, committed 6784K, reserved 1056768K
  class space    used 770K, capacity 845K, committed 896K, reserved 1048576K

Card table byte_map: [0x00000000010a0000,0x00000000010d0000] byte_map_base: 0x00000000008c0000

Marking Bits: (ParMarkBitMap*) 0x0000000073c55ce0
 Begin Bits: [0x0000000012360000, 0x0000000012460000)
 End Bits:   [0x0000000012460000, 0x0000000012560000)

Polling page: 0x0000000001040000

CodeCache: size=245760Kb used=2694Kb max_used=2710Kb free=243065Kb
 bounds [0x0000000002ba0000, 0x0000000002e50000, 0x0000000011ba0000]
 total_blobs=958 nmethods=668 adapters=205
 compilation: enabled

Compilation events (10 events):
Event: 1.052 Thread 0x0000000012f2f800  664  s    3       java.util.jar.JarFile::getInputStream (89 bytes)
Event: 1.053 Thread 0x0000000012f2f800 nmethod 664 0x0000000002e2fb90 code [0x0000000002e2fdc0, 0x0000000002e30ac8]
Event: 1.054 Thread 0x0000000012f11000  665   !   4       sun.misc.URLClassPath$JarLoader::getResource (85 bytes)
Event: 1.055 Thread 0x0000000012f0a000 nmethod 663 0x0000000002e36290 code [0x0000000002e363e0, 0x0000000002e36678]
Event: 1.056 Thread 0x0000000012f2f800  666  s    3       java.net.URL::hashCode (30 bytes)
Event: 1.056 Thread 0x0000000012f2f800 nmethod 666 0x0000000002e35c10 code [0x0000000002e35d80, 0x0000000002e361a8]
Event: 1.056 Thread 0x0000000012f2f800  667       3       java.lang.String::indexOf (166 bytes)
Event: 1.057 Thread 0x0000000012f2f800 nmethod 667 0x0000000002e38c50 code [0x0000000002e38e00, 0x0000000002e39450]
Event: 1.057 Thread 0x0000000012f2f800  668       3       java.security.CodeSource::hashCode (17 bytes)
Event: 1.058 Thread 0x0000000012f2f800 nmethod 668 0x0000000002e38390 code [0x0000000002e38520, 0x0000000002e38aa8]

GC Heap History (2 events):
Event: 0.897 GC heap before
{Heap before GC invocations=1 (full 0):
 PSYoungGen      total 18944K, used 16384K [0x00000000feb00000, 0x0000000100000000, 0x0000000100000000)
  eden space 16384K, 100% used [0x00000000feb00000,0x00000000ffb00000,0x00000000ffb00000)
  from space 2560K, 0% used [0x00000000ffd80000,0x00000000ffd80000,0x0000000100000000)
  to   space 2560K, 0% used [0x00000000ffb00000,0x00000000ffb00000,0x00000000ffd80000)
 ParOldGen       total 44032K, used 0K [0x00000000fc000000, 0x00000000feb00000, 0x00000000feb00000)
  object space 44032K, 0% used [0x00000000fc000000,0x00000000fc000000,0x00000000feb00000)
 Metaspace       used 5618K, capacity 5886K, committed 6144K, reserved 1056768K
  class space    used 652K, capacity 749K, committed 768K, reserved 1048576K
Event: 0.903 GC heap after
Heap after GC invocations=1 (full 0):
 PSYoungGen      total 18944K, used 2264K [0x00000000feb00000, 0x0000000100000000, 0x0000000100000000)
  eden space 16384K, 0% used [0x00000000feb00000,0x00000000feb00000,0x00000000ffb00000)
  from space 2560K, 88% used [0x00000000ffb00000,0x00000000ffd360a8,0x00000000ffd80000)
  to   space 2560K, 0% used [0x00000000ffd80000,0x00000000ffd80000,0x0000000100000000)
 ParOldGen       total 44032K, used 35K [0x00000000fc000000, 0x00000000feb00000, 0x00000000feb00000)
  object space 44032K, 0% used [0x00000000fc000000,0x00000000fc008c50,0x00000000feb00000)
 Metaspace       used 5618K, capacity 5886K, committed 6144K, reserved 1056768K
  class space    used 652K, capacity 749K, committed 768K, reserved 1048576K
}

Deoptimization events (10 events):
Event: 0.694 Thread 0x0000000002a9e800 Uncommon trap: reason=class_check action=maybe_recompile pc=0x0000000002db3f38 method=java.util.HashMap.putVal(ILjava/lang/Object;Ljava/lang/Object;ZZ)Ljava/lang/Object; @ 203
Event: 0.716 Thread 0x0000000002a9e800 Uncommon trap: reason=class_check action=maybe_recompile pc=0x0000000002db3f38 method=java.util.HashMap.putVal(ILjava/lang/Object;Ljava/lang/Object;ZZ)Ljava/lang/Object; @ 203
Event: 0.717 Thread 0x0000000002a9e800 Uncommon trap: reason=class_check action=maybe_recompile pc=0x0000000002db3ee4 method=java.util.HashMap.putVal(ILjava/lang/Object;Ljava/lang/Object;ZZ)Ljava/lang/Object; @ 91
Event: 0.778 Thread 0x0000000002a9e800 Uncommon trap: reason=class_check action=maybe_recompile pc=0x0000000002db3ee4 method=java.util.HashMap.putVal(ILjava/lang/Object;Ljava/lang/Object;ZZ)Ljava/lang/Object; @ 91
Event: 0.819 Thread 0x0000000002a9e800 Uncommon trap: reason=class_check action=maybe_recompile pc=0x0000000002db8274 method=java.util.HashMap.putVal(ILjava/lang/Object;Ljava/lang/Object;ZZ)Ljava/lang/Object; @ 203
Event: 0.985 Thread 0x0000000002a9e800 Uncommon trap: reason=bimorphic action=maybe_recompile pc=0x0000000002e01984 method=java.util.HashMap.putVal(ILjava/lang/Object;Ljava/lang/Object;ZZ)Ljava/lang/Object; @ 91
Event: 0.985 Thread 0x0000000002a9e800 Uncommon trap: reason=bimorphic action=maybe_recompile pc=0x0000000002e01984 method=java.util.HashMap.putVal(ILjava/lang/Object;Ljava/lang/Object;ZZ)Ljava/lang/Object; @ 91
Event: 0.986 Thread 0x0000000002a9e800 Uncommon trap: reason=bimorphic action=maybe_recompile pc=0x0000000002e01984 method=java.util.HashMap.putVal(ILjava/lang/Object;Ljava/lang/Object;ZZ)Ljava/lang/Object; @ 91
Event: 0.986 Thread 0x0000000002a9e800 Uncommon trap: reason=bimorphic action=maybe_recompile pc=0x0000000002e01984 method=java.util.HashMap.putVal(ILjava/lang/Object;Ljava/lang/Object;ZZ)Ljava/lang/Object; @ 91
Event: 1.049 Thread 0x0000000002a9e800 Uncommon trap: reason=unstable_if action=reinterpret pc=0x0000000002d9825c method=java.lang.String.indexOf([CII[CIII)I @ 3

Classes redefined (0 events):
No events

Internal exceptions (8 events):
Event: 0.076 Thread 0x0000000002a9e800 Exception <a 'java/lang/NoSuchMethodError': Method sun.misc.Unsafe.defineClass(Ljava/lang/String;[BII)Ljava/lang/Class; name or signature does not match> (0x00000000feb07cb0) thrown at [C:\re\workspace\8-2-build-windows-amd64-cygwin\jdk8u202\12323\hotspot
Event: 0.076 Thread 0x0000000002a9e800 Exception <a 'java/lang/NoSuchMethodError': Method sun.misc.Unsafe.prefetchRead(Ljava/lang/Object;J)V name or signature does not match> (0x00000000feb07f98) thrown at [C:\re\workspace\8-2-build-windows-amd64-cygwin\jdk8u202\12323\hotspot\src\share\vm\prim
Event: 0.349 Thread 0x0000000002a9e800 Exception <a 'java/lang/NoSuchFieldError': method resolution failed> (0x00000000fee620d0) thrown at [C:\re\workspace\8-2-build-windows-amd64-cygwin\jdk8u202\12323\hotspot\src\share\vm\prims\methodHandles.cpp, line 1167]
Event: 0.352 Thread 0x0000000002a9e800 Exception <a 'java/lang/NoSuchFieldError': method resolution failed> (0x00000000fee6f688) thrown at [C:\re\workspace\8-2-build-windows-amd64-cygwin\jdk8u202\12323\hotspot\src\share\vm\prims\methodHandles.cpp, line 1167]
Event: 0.640 Thread 0x0000000002a9e800 Exception <a 'java/security/PrivilegedActionException'> (0x00000000ff7a8740) thrown at [C:\re\workspace\8-2-build-windows-amd64-cygwin\jdk8u202\12323\hotspot\src\share\vm\prims\jvm.cpp, line 1502]
Event: 0.641 Thread 0x0000000002a9e800 Exception <a 'java/security/PrivilegedActionException'> (0x00000000ff7a8950) thrown at [C:\re\workspace\8-2-build-windows-amd64-cygwin\jdk8u202\12323\hotspot\src\share\vm\prims\jvm.cpp, line 1502]
Event: 0.642 Thread 0x0000000002a9e800 Exception <a 'java/security/PrivilegedActionException'> (0x00000000ff7ac860) thrown at [C:\re\workspace\8-2-build-windows-amd64-cygwin\jdk8u202\12323\hotspot\src\share\vm\prims\jvm.cpp, line 1502]
Event: 0.642 Thread 0x0000000002a9e800 Exception <a 'java/security/PrivilegedActionException'> (0x00000000ff7aca70) thrown at [C:\re\workspace\8-2-build-windows-amd64-cygwin\jdk8u202\12323\hotspot\src\share\vm\prims\jvm.cpp, line 1502]

Events (10 events):
Event: 1.061 loading class org/gradle/internal/exceptions/ExceptionContextVisitor
Event: 1.061 loading class org/gradle/internal/exceptions/ExceptionContextVisitor done
Event: 1.062 loading class org/gradle/util/internal/TreeVisitor
Event: 1.062 loading class org/gradle/util/internal/TreeVisitor done
Event: 1.062 loading class org/gradle/internal/buildevents/BuildExceptionReporter$ExceptionFormattingVisitor
Event: 1.062 loading class org/gradle/internal/buildevents/BuildExceptionReporter$ExceptionFormattingVisitor done
Event: 1.063 loading class org/gradle/internal/logging/services/DefaultStyledTextOutputFactory
Event: 1.063 loading class org/gradle/internal/logging/services/DefaultStyledTextOutputFactory done
Event: 1.063 loading class org/gradle/internal/logging/text/AbstractStyledTextOutputFactory
Event: 1.063 loading class org/gradle/internal/logging/text/AbstractStyledTextOutputFactory done


Dynamic libraries:
0x00007ff73b100000 - 0x00007ff73b137000 	C:\Program Files\Java\jdk1.8.0_202\bin\java.exe
0x00007ff8c3cb0000 - 0x00007ff8c3ea8000 	C:\Windows\SYSTEM32\ntdll.dll
0x00007ff8c2540000 - 0x00007ff8c25fd000 	C:\Windows\System32\KERNEL32.DLL
0x00007ff8c1720000 - 0x00007ff8c19ee000 	C:\Windows\System32\KERNELBASE.dll
0x00007ff8c2430000 - 0x00007ff8c24de000 	C:\Windows\System32\ADVAPI32.dll
0x00007ff8c31c0000 - 0x00007ff8c325e000 	C:\Windows\System32\msvcrt.dll
0x00007ff8c3640000 - 0x00007ff8c36dc000 	C:\Windows\System32\sechost.dll
0x00007ff8c33b0000 - 0x00007ff8c34d5000 	C:\Windows\System32\RPCRT4.dll
0x00007ff8c3760000 - 0x00007ff8c3900000 	C:\Windows\System32\USER32.dll
0x00007ff8c13d0000 - 0x00007ff8c13f2000 	C:\Windows\System32\win32u.dll
0x00007ff8c2040000 - 0x00007ff8c206a000 	C:\Windows\System32\GDI32.dll
0x00007ff8c19f0000 - 0x00007ff8c1afb000 	C:\Windows\System32\gdi32full.dll
0x00007ff8c1400000 - 0x00007ff8c149d000 	C:\Windows\System32\msvcp_win.dll
0x00007ff8c1530000 - 0x00007ff8c1630000 	C:\Windows\System32\ucrtbase.dll
0x00007ff8c0a90000 - 0x00007ff8c0d2a000 	C:\Windows\WinSxS\amd64_microsoft.windows.common-controls_6595b64144ccf1df_6.0.19041.1110_none_60b5254171f9507e\COMCTL32.dll
0x00007ff8c39d0000 - 0x00007ff8c3a00000 	C:\Windows\System32\IMM32.DLL
0x0000000073ce0000 - 0x0000000073db2000 	C:\Program Files\Java\jdk1.8.0_202\jre\bin\msvcr100.dll
0x0000000073430000 - 0x0000000073cd5000 	C:\Program Files\Java\jdk1.8.0_202\jre\bin\server\jvm.dll
0x00007ff8c3900000 - 0x00007ff8c3908000 	C:\Windows\System32\PSAPI.DLL
0x00007ff8be190000 - 0x00007ff8be199000 	C:\Windows\SYSTEM32\WSOCK32.dll
0x00007ff8b8290000 - 0x00007ff8b82b7000 	C:\Windows\SYSTEM32\WINMM.dll
0x00007ff8bb310000 - 0x00007ff8bb31a000 	C:\Windows\SYSTEM32\VERSION.dll
0x00007ff8c1d70000 - 0x00007ff8c1ddb000 	C:\Windows\System32\WS2_32.dll
0x00007ff8bc3d0000 - 0x00007ff8bc3df000 	C:\Program Files\Java\jdk1.8.0_202\jre\bin\verify.dll
0x00007ff89b560000 - 0x00007ff89b589000 	C:\Program Files\Java\jdk1.8.0_202\jre\bin\java.dll
0x00007ff8a4fd0000 - 0x00007ff8a4fe6000 	C:\Program Files\Java\jdk1.8.0_202\jre\bin\zip.dll
0x00007ff8c2a70000 - 0x00007ff8c31b3000 	C:\Windows\System32\SHELL32.dll
0x00007ff8bee90000 - 0x00007ff8bf625000 	C:\Windows\SYSTEM32\windows.storage.dll
0x00007ff8c20d0000 - 0x00007ff8c2424000 	C:\Windows\System32\combase.dll
0x00007ff8c05f0000 - 0x00007ff8c0620000 	C:\Windows\SYSTEM32\Wldp.dll
0x00007ff8c1de0000 - 0x00007ff8c1e8d000 	C:\Windows\System32\SHCORE.dll
0x00007ff8c2070000 - 0x00007ff8c20c5000 	C:\Windows\System32\shlwapi.dll
0x00007ff8c1310000 - 0x00007ff8c132f000 	C:\Windows\SYSTEM32\profapi.dll
0x00007ff8a4f50000 - 0x00007ff8a4f6a000 	C:\Program Files\Java\jdk1.8.0_202\jre\bin\net.dll
0x00007ff8b3ab0000 - 0x00007ff8b3c9c000 	C:\Windows\SYSTEM32\urlmon.dll
0x00007ff8b40f0000 - 0x00007ff8b43a1000 	C:\Windows\SYSTEM32\iertutil.dll
0x00007ff8b3a80000 - 0x00007ff8b3aa8000 	C:\Windows\SYSTEM32\srvcli.dll
0x00007ff8c0620000 - 0x00007ff8c062c000 	C:\Windows\SYSTEM32\netutils.dll
0x00007ff8c0460000 - 0x00007ff8c04ca000 	C:\Windows\system32\mswsock.dll
0x00007ff894c10000 - 0x00007ff894c22000 	C:\Program Files\Java\jdk1.8.0_202\jre\bin\nio.dll
0x00007ff8c0e00000 - 0x00007ff8c0fe4000 	C:\Windows\SYSTEM32\dbghelp.dll
0x00007ff8c14a0000 - 0x00007ff8c1522000 	C:\Windows\System32\bcryptPrimitives.dll

VM Arguments:
jvm_args: -Xmx64m -Xms64m -Dorg.gradle.appname=gradlew 
java_command: org.gradle.wrapper.GradleWrapperMain build
java_class_path (initial): E:\Applications\MC\RayaPrime\\gradle\wrapper\gradle-wrapper.jar
Launcher Type: SUN_STANDARD

Environment Variables:
JAVA_HOME=C:\Program Files\Java\jdk1.8.0_202
CLASSPATH=E:\Applications\MC\RayaPrime\\gradle\wrapper\gradle-wrapper.jar
PATH=C:\Program Files (x86)\Common Files\Oracle\Java\javapath;C:\ProgramData\Oracle\Java\javapath;C:\Windows\system32;C:\Windows;C:\Windows\System32\Wbem;C:\Windows\System32\WindowsPowerShell\v1.0\;C:\Windows\System32\OpenSSH\;E:\Programs\Git\cmd;E:\Programs\nodejs\;C:\HaxeToolkit\haxe;C:\HaxeToolkit\neko;C:\Program Files\dotnet\;C:\Users\Артур\AppData\Local\Microsoft\WindowsApps;;E:\Programs\Microsoft VS Code\bin;C:\Users\Артур\AppData\Roaming\npm;E:\Programs\JetBrains\IntelliJ IDEA Community Edition 2022.1\bin;;C:\Users\Артур\.dotnet\tools
USERNAME=Артур
OS=Windows_NT
PROCESSOR_IDENTIFIER=Intel64 Family 6 Model 23 Stepping 10, GenuineIntel



---------------  S Y S T E M  ---------------

OS: Windows 10.0 , 64 bit Build 19041 (10.0.19041.1889)

CPU:total 4 (initial active 4) (4 cores per cpu, 1 threads per core) family 6 model 23 stepping 10, cmov, cx8, fxsr, mmx, sse, sse2, sse3, ssse3, sse4.1, tsc

Memory: 4k page, physical 4193524k(1427296k free), swap 11533556k(5519288k free)

vm_info: Java HotSpot(TM) 64-Bit Server VM (25.202-b08) for windows-amd64 JRE (1.8.0_202-b08), built on Dec 15 2018 19:54:30 by "java_re" with MS VC++ 10.0 (VS2010)

time: Wed Sep 28 15:56:07 2022
timezone: Центральная Азия (зима)
elapsed time: 1 seconds (0d 0h 0m 1s)

