#
# A fatal error has been detected by the Java Runtime Environment:
#
#  EXCEPTION_ACCESS_VIOLATION (0xc0000005) at pc=0x00000000036c0790, pid=9996, tid=0x000000000000252c
#
# JRE version: Java(TM) SE Runtime Environment (8.0_202-b08) (build 1.8.0_202-b08)
# Java VM: Java HotSpot(TM) 64-Bit Server VM (25.202-b08 mixed mode windows-amd64 compressed oops)
# Problematic frame:
# J 1682 C1 java.util.LinkedList$ListItr.remove()V (84 bytes) @ 0x00000000036c0790 [0x00000000036c0740+0x50]
#
# Failed to write core dump. Minidumps are not enabled by default on client versions of Windows
#
# If you would like to submit a bug report, please visit:
#   http://bugreport.java.com/bugreport/crash.jsp
#

---------------  T H R E A D  ---------------

Current thread (0x000000001dcb8000):  JavaThread "Daemon worker" [_thread_in_Java, id=9516, stack(0x000000001f860000,0x000000001f960000)]

siginfo: ExceptionCode=0xc0000005, reading address 0xffffffffffffffff

Registers:
RAX=0x0000000019cd9070, RBX=0x0000000019cd9070, RCX=0x0000000785771840, RDX=0x0000000785771840
RSP=0x000000001f9588d0, RBP=0x000000001f958990, RSI=0x00000000000008a1, RDI=0x0000000000000058
R8 =0x0000000021247018, R9 =0x0000000000000000, R10=0x000000005e037650, R11=0x00000000036c0760
R12=0x0000000000000000, R13=0x000000001f958948, R14=0x00000007c00a9f30, R15=0x000000001dcb8000
RIP=0x00000000036c0790, EFLAGS=0x0000000000010217

Top of Stack: (sp=0x000000001f9588d0)
0x000000001f9588d0:   000000001f958930 00000000030e7870
0x000000001f9588e0:   0000000785757528 00000007856ab318
0x000000001f9588f0:   000000001f9588f0 0000000022193360
0x000000001f958900:   000000001f958948 0000000785771840
0x000000001f958910:   0000000000000000 0000000022193370
0x000000001f958920:   0000000000000000 000000001f958940
0x000000001f958930:   000000001f958990 00000000030e80e2
0x000000001f958940:   00000000030e80e2 0000000785771840
0x000000001f958950:   000000001f958950 00000000199b16a7
0x000000001f958960:   000000001f9589b8 00000000199b8538
0x000000001f958970:   0000000000000000 00000000199b16c8
0x000000001f958980:   000000001f958948 000000001f9589b0
0x000000001f958990:   000000001f958a00 00000000030e7870
0x000000001f9589a0:   0000000785771840 0000000000000000
0x000000001f9589b0:   0000000785771830 00000007856b67f0
0x000000001f9589c0:   000000001f9589c0 0000000022179416 

Instructions: (pc=0x00000000036c0790)
0x00000000036c0770:   38 49 b8 18 70 24 21 00 00 00 00 41 8b b0 dc 00
0x00000000036c0780:   00 00 83 c6 08 41 89 b0 dc 00 00 00 49 38 70 90
0x00000000036c0790:   cd 19 00 00 00 00 81 e6 f8 1f 00 00 83 fe 00 0f
0x00000000036c07a0:   84 11 03 00 00 4c 8b c2 48 be 18 70 24 21 00 00 


Register to memory mapping:

RAX={method} {0x0000000019cd9078} 'remove' '()V' in 'java/util/LinkedList$ListItr'
RBX={method} {0x0000000019cd9078} 'remove' '()V' in 'java/util/LinkedList$ListItr'
RCX=0x0000000785771840 is an oop
java.util.LinkedList$ListItr 
 - klass: 'java/util/LinkedList$ListItr'
RDX=0x0000000785771840 is an oop
java.util.LinkedList$ListItr 
 - klass: 'java/util/LinkedList$ListItr'
RSP=0x000000001f9588d0 is pointing into the stack for thread: 0x000000001dcb8000
RBP=0x000000001f958990 is pointing into the stack for thread: 0x000000001dcb8000
RSI=0x00000000000008a1 is an unknown value
RDI=0x0000000000000058 is an unknown value
R8 =0x0000000021247018 is pointing into metadata
R9 =0x0000000000000000 is an unknown value
R10=0x000000005e037650 is an unknown value
R11=0x00000000036c0760 is at entry_point+32 in (nmethod*)0x00000000036c0590
R12=0x0000000000000000 is an unknown value
R13=0x000000001f958948 is pointing into the stack for thread: 0x000000001dcb8000
R14=0x00000007c00a9f30 is pointing into metadata
R15=0x000000001dcb8000 is a thread


Stack: [0x000000001f860000,0x000000001f960000],  sp=0x000000001f9588d0,  free space=994k
Native frames: (J=compiled Java code, j=interpreted, Vv=VM code, C=native code)
C  0x00000000036c0790


---------------  P R O C E S S  ---------------

Java Threads: ( => current thread )
  0x000000001de25800 JavaThread "Cache worker for execution history cache (C:\Users\ÐÑ€Ñ‚ÑƒÑ€\.gradle\caches\7.3.3\executionHistory)" [_thread_blocked, id=10604, stack(0x0000000022030000,0x0000000022130000)]
  0x000000001de24800 JavaThread "Cache worker for cache directory md-rule (C:\Users\ÐÑ€Ñ‚ÑƒÑ€\.gradle\caches\7.3.3\md-rule)" [_thread_blocked, id=4804, stack(0x0000000021f30000,0x0000000022030000)]
  0x000000001de23000 JavaThread "Cache worker for cache directory md-supplier (C:\Users\ÐÑ€Ñ‚ÑƒÑ€\.gradle\caches\7.3.3\md-supplier)" [_thread_blocked, id=11496, stack(0x0000000021c30000,0x0000000021d30000)]
  0x000000001de22800 JavaThread "Cache worker for checksums cache (E:\Applications\MC\RayaPrime\.gradle\7.3.3\checksums)" [_thread_blocked, id=11808, stack(0x0000000021b30000,0x0000000021c30000)]
  0x000000001de24000 JavaThread "File watcher consumer" daemon [_thread_blocked, id=11432, stack(0x0000000021830000,0x0000000021930000)]
  0x000000001de21000 JavaThread "File watcher server" daemon [_thread_in_native, id=2568, stack(0x0000000021730000,0x0000000021830000)]
  0x000000001de21800 JavaThread "Cache worker for file hash cache (E:\Applications\MC\RayaPrime\.gradle\7.3.3\fileHashes)" [_thread_blocked, id=9756, stack(0x0000000021630000,0x0000000021730000)]
  0x000000001de20000 JavaThread "Cache worker for file hash cache (C:\Users\ÐÑ€Ñ‚ÑƒÑ€\.gradle\caches\7.3.3\fileHashes)" [_thread_blocked, id=10456, stack(0x0000000020060000,0x0000000020160000)]
  0x000000001de27000 JavaThread "File lock request listener" [_thread_in_native, id=2268, stack(0x000000001ff60000,0x0000000020060000)]
  0x000000001de26000 JavaThread "Cache worker for journal cache (C:\Users\ÐÑ€Ñ‚ÑƒÑ€\.gradle\caches\journal-1)" [_thread_blocked, id=952, stack(0x000000001fe60000,0x000000001ff60000)]
  0x000000001dcbb800 JavaThread "Daemon client event forwarder" [_thread_blocked, id=8372, stack(0x000000001fb60000,0x000000001fc60000)]
  0x000000001dcc9800 JavaThread "Stdin handler" [_thread_blocked, id=8600, stack(0x000000001fa60000,0x000000001fb60000)]
  0x000000001dcb9000 JavaThread "Asynchronous log dispatcher for DefaultDaemonConnection: socket connection from /127.0.0.1:59013 to /127.0.0.1:59014" [_thread_blocked, id=1736, stack(0x000000001f960000,0x000000001fa60000)]
=>0x000000001dcb8000 JavaThread "Daemon worker" [_thread_in_Java, id=9516, stack(0x000000001f860000,0x000000001f960000)]
  0x000000001dcaa800 JavaThread "Cancel handler" [_thread_blocked, id=7528, stack(0x000000001f760000,0x000000001f860000)]
  0x000000001d09d000 JavaThread "Handler for socket connection from /127.0.0.1:59013 to /127.0.0.1:59014" [_thread_in_native, id=1644, stack(0x000000001f660000,0x000000001f760000)]
  0x000000001dc8e800 JavaThread "Daemon" [_thread_blocked, id=11108, stack(0x000000001f560000,0x000000001f660000)]
  0x000000001dc88800 JavaThread "Daemon periodic checks" [_thread_blocked, id=10676, stack(0x000000001f460000,0x000000001f560000)]
  0x000000001dbb3000 JavaThread "Incoming local TCP Connector on port 59013" [_thread_in_native, id=9220, stack(0x000000001f010000,0x000000001f110000)]
  0x000000001db76800 JavaThread "Daemon health stats" [_thread_blocked, id=11552, stack(0x000000001ebb0000,0x000000001ecb0000)]
  0x000000001bc40800 JavaThread "Service Thread" daemon [_thread_blocked, id=9520, stack(0x000000001c010000,0x000000001c110000)]
  0x000000001a2a6800 JavaThread "C1 CompilerThread2" daemon [_thread_blocked, id=9288, stack(0x000000001bb10000,0x000000001bc10000)]
  0x000000001a2a0800 JavaThread "C2 CompilerThread1" daemon [_thread_blocked, id=10228, stack(0x000000001ba10000,0x000000001bb10000)]
  0x000000001a29b000 JavaThread "C2 CompilerThread0" daemon [_thread_blocked, id=11004, stack(0x000000001b910000,0x000000001ba10000)]
  0x000000001a299000 JavaThread "Attach Listener" daemon [_thread_blocked, id=12236, stack(0x000000001b810000,0x000000001b910000)]
  0x000000001a297800 JavaThread "Signal Dispatcher" daemon [_thread_blocked, id=10952, stack(0x000000001b710000,0x000000001b810000)]
  0x00000000030cd800 JavaThread "Finalizer" daemon [_thread_blocked, id=10068, stack(0x000000001b4f0000,0x000000001b5f0000)]
  0x00000000030c3800 JavaThread "Reference Handler" daemon [_thread_blocked, id=11696, stack(0x000000001b3f0000,0x000000001b4f0000)]
  0x0000000002fd2800 JavaThread "main" [_thread_blocked, id=5848, stack(0x0000000002ec0000,0x0000000002fc0000)]

Other Threads:
  0x000000001a257000 VMThread [stack: 0x000000001b2f0000,0x000000001b3f0000] [id=10992]
  0x000000001bc61000 WatcherThread [stack: 0x000000001c110000,0x000000001c210000] [id=12204]

VM state:not at safepoint (normal execution)

VM Mutex/Monitor currently owned by a thread: None

heap address: 0x0000000700000000, size: 3072 MB, Compressed Oops mode: Zero based, Oop shift amount: 3
Narrow klass base: 0x0000000000000000, Narrow klass shift: 3
Compressed class space size: 1073741824 Address: 0x00000007c0000000

Heap:
 PSYoungGen      total 137216K, used 91299K [0x0000000780000000, 0x0000000789000000, 0x00000007c0000000)
  eden space 128512K, 71% used [0x0000000780000000,0x0000000785928d50,0x0000000787d80000)
  from space 8704K, 0% used [0x0000000788680000,0x0000000788680000,0x0000000788f00000)
  to   space 9216K, 0% used [0x0000000787d80000,0x0000000787d80000,0x0000000788680000)
 ParOldGen       total 35840K, used 9647K [0x0000000700000000, 0x0000000702300000, 0x0000000780000000)
  object space 35840K, 26% used [0x0000000700000000,0x000000070096bca0,0x0000000702300000)
 Metaspace       used 28641K, capacity 29657K, committed 29824K, reserved 1075200K
  class space    used 4111K, capacity 4363K, committed 4480K, reserved 1048576K

Card table byte_map: [0x00000000124a0000,0x0000000012ab0000] byte_map_base: 0x000000000eca0000

Marking Bits: (ParMarkBitMap*) 0x000000005e055ce0
 Begin Bits: [0x00000000132b0000, 0x00000000162b0000)
 End Bits:   [0x00000000162b0000, 0x00000000192b0000)

Polling page: 0x0000000002ea0000

CodeCache: size=245760Kb used=8290Kb max_used=8299Kb free=237469Kb
 bounds [0x00000000030e0000, 0x0000000003900000, 0x00000000120e0000]
 total_blobs=2842 nmethods=2384 adapters=372
 compilation: enabled

Compilation events (10 events):
Event: 14.352 Thread 0x000000001a2a6800 2386       3       java.util.stream.Nodes$SpinedNodeBuilder::accept (29 bytes)
Event: 14.353 Thread 0x000000001a2a6800 nmethod 2386 0x00000000038fa910 code [0x00000000038faa80, 0x00000000038fac28]
Event: 14.356 Thread 0x000000001a2a0800 2387       4       java.lang.Class::reflectionData (49 bytes)
Event: 14.361 Thread 0x000000001a2a0800 nmethod 2387 0x00000000038fdbd0 code [0x00000000038fdd40, 0x00000000038fe038]
Event: 14.362 Thread 0x000000001a29b000 2388       4       java.lang.reflect.Method::equals (69 bytes)
Event: 14.364 Thread 0x000000001a29b000 nmethod 2388 0x00000000038fe210 code [0x00000000038fe360, 0x00000000038fe468]
Event: 14.366 Thread 0x000000001a2a6800 2390       1       java.net.JarURLConnection::getJarFileURL (5 bytes)
Event: 14.366 Thread 0x000000001a2a0800 2389       4       java.lang.reflect.Method::copy (84 bytes)
Event: 14.366 Thread 0x000000001a2a6800 nmethod 2390 0x00000000038fd910 code [0x00000000038fda60, 0x00000000038fdb70]
Event: 14.369 Thread 0x000000001a2a0800 nmethod 2389 0x00000000038fc050 code [0x00000000038fc1a0, 0x00000000038fc338]

GC Heap History (10 events):
Event: 3.596 GC heap before
{Heap before GC invocations=5 (full 0):
 PSYoungGen      total 35328K, used 35319K [0x0000000780000000, 0x0000000782500000, 0x00000007c0000000)
  eden space 32768K, 100% used [0x0000000780000000,0x0000000782000000,0x0000000782000000)
  from space 2560K, 99% used [0x0000000782280000,0x00000007824fdd20,0x0000000782500000)
  to   space 2560K, 0% used [0x0000000782000000,0x0000000782000000,0x0000000782280000)
 ParOldGen       total 44032K, used 2725K [0x0000000700000000, 0x0000000702b00000, 0x0000000780000000)
  object space 44032K, 6% used [0x0000000700000000,0x00000007002a96d0,0x0000000702b00000)
 Metaspace       used 10055K, capacity 10378K, committed 10496K, reserved 1058816K
  class space    used 1359K, capacity 1483K, committed 1536K, reserved 1048576K
Event: 3.612 GC heap after
Heap after GC invocations=5 (full 0):
 PSYoungGen      total 35328K, used 2532K [0x0000000780000000, 0x0000000784b00000, 0x00000007c0000000)
  eden space 32768K, 0% used [0x0000000780000000,0x0000000780000000,0x0000000782000000)
  from space 2560K, 98% used [0x0000000782000000,0x0000000782279378,0x0000000782280000)
  to   space 5632K, 0% used [0x0000000784580000,0x0000000784580000,0x0000000784b00000)
 ParOldGen       total 44032K, used 5559K [0x0000000700000000, 0x0000000702b00000, 0x0000000780000000)
  object space 44032K, 12% used [0x0000000700000000,0x000000070056df98,0x0000000702b00000)
 Metaspace       used 10055K, capacity 10378K, committed 10496K, reserved 1058816K
  class space    used 1359K, capacity 1483K, committed 1536K, reserved 1048576K
}
Event: 4.801 GC heap before
{Heap before GC invocations=6 (full 0):
 PSYoungGen      total 35328K, used 35300K [0x0000000780000000, 0x0000000784b00000, 0x00000007c0000000)
  eden space 32768K, 100% used [0x0000000780000000,0x0000000782000000,0x0000000782000000)
  from space 2560K, 98% used [0x0000000782000000,0x0000000782279378,0x0000000782280000)
  to   space 5632K, 0% used [0x0000000784580000,0x0000000784580000,0x0000000784b00000)
 ParOldGen       total 44032K, used 5559K [0x0000000700000000, 0x0000000702b00000, 0x0000000780000000)
  object space 44032K, 12% used [0x0000000700000000,0x000000070056df98,0x0000000702b00000)
 Metaspace       used 13967K, capacity 14382K, committed 14464K, reserved 1060864K
  class space    used 1945K, capacity 2099K, committed 2176K, reserved 1048576K
Event: 4.818 GC heap after
Heap after GC invocations=6 (full 0):
 PSYoungGen      total 70144K, used 5625K [0x0000000780000000, 0x0000000784d00000, 0x00000007c0000000)
  eden space 64512K, 0% used [0x0000000780000000,0x0000000780000000,0x0000000783f00000)
  from space 5632K, 99% used [0x0000000784580000,0x0000000784afe428,0x0000000784b00000)
  to   space 6656K, 0% used [0x0000000783f00000,0x0000000783f00000,0x0000000784580000)
 ParOldGen       total 44032K, used 6124K [0x0000000700000000, 0x0000000702b00000, 0x0000000780000000)
  object space 44032K, 13% used [0x0000000700000000,0x00000007005fb1f0,0x0000000702b00000)
 Metaspace       used 13967K, capacity 14382K, committed 14464K, reserved 1060864K
  class space    used 1945K, capacity 2099K, committed 2176K, reserved 1048576K
}
Event: 7.121 GC heap before
{Heap before GC invocations=7 (full 0):
 PSYoungGen      total 70144K, used 70130K [0x0000000780000000, 0x0000000784d00000, 0x00000007c0000000)
  eden space 64512K, 99% used [0x0000000780000000,0x0000000783efe740,0x0000000783f00000)
  from space 5632K, 99% used [0x0000000784580000,0x0000000784afe428,0x0000000784b00000)
  to   space 6656K, 0% used [0x0000000783f00000,0x0000000783f00000,0x0000000784580000)
 ParOldGen       total 44032K, used 6124K [0x0000000700000000, 0x0000000702b00000, 0x0000000780000000)
  object space 44032K, 13% used [0x0000000700000000,0x00000007005fb1f0,0x0000000702b00000)
 Metaspace       used 18362K, capacity 18950K, committed 19200K, reserved 1064960K
  class space    used 2622K, capacity 2799K, committed 2816K, reserved 1048576K
Event: 7.147 GC heap after
Heap after GC invocations=7 (full 0):
 PSYoungGen      total 71168K, used 6628K [0x0000000780000000, 0x0000000788f00000, 0x00000007c0000000)
  eden space 64512K, 0% used [0x0000000780000000,0x0000000780000000,0x0000000783f00000)
  from space 6656K, 99% used [0x0000000783f00000,0x0000000784579190,0x0000000784580000)
  to   space 8704K, 0% used [0x0000000788680000,0x0000000788680000,0x0000000788f00000)
 ParOldGen       total 44032K, used 8604K [0x0000000700000000, 0x0000000702b00000, 0x0000000780000000)
  object space 44032K, 19% used [0x0000000700000000,0x0000000700867318,0x0000000702b00000)
 Metaspace       used 18362K, capacity 18950K, committed 19200K, reserved 1064960K
  class space    used 2622K, capacity 2799K, committed 2816K, reserved 1048576K
}
Event: 8.366 GC heap before
{Heap before GC invocations=8 (full 0):
 PSYoungGen      total 71168K, used 36993K [0x0000000780000000, 0x0000000788f00000, 0x00000007c0000000)
  eden space 64512K, 47% used [0x0000000780000000,0x0000000781da72a8,0x0000000783f00000)
  from space 6656K, 99% used [0x0000000783f00000,0x0000000784579190,0x0000000784580000)
  to   space 8704K, 0% used [0x0000000788680000,0x0000000788680000,0x0000000788f00000)
 ParOldGen       total 44032K, used 8604K [0x0000000700000000, 0x0000000702b00000, 0x0000000780000000)
  object space 44032K, 19% used [0x0000000700000000,0x0000000700867318,0x0000000702b00000)
 Metaspace       used 20620K, capacity 21249K, committed 21296K, reserved 1067008K
  class space    used 2976K, capacity 3153K, committed 3200K, reserved 1048576K
Event: 8.385 GC heap after
Heap after GC invocations=8 (full 0):
 PSYoungGen      total 137216K, used 6746K [0x0000000780000000, 0x0000000789000000, 0x00000007c0000000)
  eden space 128512K, 0% used [0x0000000780000000,0x0000000780000000,0x0000000787d80000)
  from space 8704K, 77% used [0x0000000788680000,0x0000000788d16ae8,0x0000000788f00000)
  to   space 9216K, 0% used [0x0000000787d80000,0x0000000787d80000,0x0000000788680000)
 ParOldGen       total 44032K, used 9128K [0x0000000700000000, 0x0000000702b00000, 0x0000000780000000)
  object space 44032K, 20% used [0x0000000700000000,0x00000007008ea298,0x0000000702b00000)
 Metaspace       used 20620K, capacity 21249K, committed 21296K, reserved 1067008K
  class space    used 2976K, capacity 3153K, committed 3200K, reserved 1048576K
}
Event: 8.385 GC heap before
{Heap before GC invocations=9 (full 1):
 PSYoungGen      total 137216K, used 6746K [0x0000000780000000, 0x0000000789000000, 0x00000007c0000000)
  eden space 128512K, 0% used [0x0000000780000000,0x0000000780000000,0x0000000787d80000)
  from space 8704K, 77% used [0x0000000788680000,0x0000000788d16ae8,0x0000000788f00000)
  to   space 9216K, 0% used [0x0000000787d80000,0x0000000787d80000,0x0000000788680000)
 ParOldGen       total 44032K, used 9128K [0x0000000700000000, 0x0000000702b00000, 0x0000000780000000)
  object space 44032K, 20% used [0x0000000700000000,0x00000007008ea298,0x0000000702b00000)
 Metaspace       used 20620K, capacity 21249K, committed 21296K, reserved 1067008K
  class space    used 2976K, capacity 3153K, committed 3200K, reserved 1048576K
Event: 8.479 GC heap after
Heap after GC invocations=9 (full 1):
 PSYoungGen      total 137216K, used 0K [0x0000000780000000, 0x0000000789000000, 0x00000007c0000000)
  eden space 128512K, 0% used [0x0000000780000000,0x0000000780000000,0x0000000787d80000)
  from space 8704K, 0% used [0x0000000788680000,0x0000000788680000,0x0000000788f00000)
  to   space 9216K, 0% used [0x0000000787d80000,0x0000000787d80000,0x0000000788680000)
 ParOldGen       total 35840K, used 9647K [0x0000000700000000, 0x0000000702300000, 0x0000000780000000)
  object space 35840K, 26% used [0x0000000700000000,0x000000070096bca0,0x0000000702300000)
 Metaspace       used 20620K, capacity 21249K, committed 21296K, reserved 1067008K
  class space    used 2976K, capacity 3153K, committed 3200K, reserved 1048576K
}

Deoptimization events (10 events):
Event: 5.629 Thread 0x000000001dcb8000 Uncommon trap: reason=unstable_if action=reinterpret pc=0x00000000034914b0 method=java.io.File.getName()Ljava/lang/String; @ 16
Event: 5.629 Thread 0x000000001dcb8000 Uncommon trap: reason=unstable_if action=reinterpret pc=0x00000000034834bc method=java.lang.String.substring(I)Ljava/lang/String; @ 35
Event: 5.662 Thread 0x000000001dcb8000 Uncommon trap: reason=class_check action=maybe_recompile pc=0x0000000003516784 method=java.lang.Character.toUpperCaseEx(I)I @ 26
Event: 7.451 Thread 0x000000001dcb8000 Uncommon trap: reason=unstable_if action=reinterpret pc=0x00000000034fb8a0 method=java.net.URI.match(CJJ)Z @ 19
Event: 7.451 Thread 0x000000001dcb8000 Uncommon trap: reason=unstable_if action=reinterpret pc=0x00000000033ec26c method=java.net.URI.match(CJJ)Z @ 19
Event: 7.452 Thread 0x000000001dcb8000 Uncommon trap: reason=unstable_if action=reinterpret pc=0x00000000032c884c method=java.net.URI.match(CJJ)Z @ 19
Event: 8.499 Thread 0x000000001dcb8000 Uncommon trap: reason=predicate action=maybe_recompile pc=0x00000000037668f4 method=com.google.common.base.CharMatcher.indexIn(Ljava/lang/CharSequence;I)I @ 22
Event: 9.562 Thread 0x000000001dcb8000 Uncommon trap: reason=unstable_if action=reinterpret pc=0x00000000035ed86c method=java.util.HashMap.hash(Ljava/lang/Object;)I @ 1
Event: 9.562 Thread 0x000000001dcb8000 Uncommon trap: reason=unstable_if action=reinterpret pc=0x00000000035423a8 method=java.util.HashMap.hash(Ljava/lang/Object;)I @ 1
Event: 11.404 Thread 0x000000001dcb8000 Uncommon trap: reason=unstable_if action=reinterpret pc=0x00000000035f0998 method=java.util.HashMap.putVal(ILjava/lang/Object;Ljava/lang/Object;ZZ)Ljava/lang/Object; @ 162

Classes redefined (0 events):
No events

Internal exceptions (10 events):
Event: 5.963 Thread 0x000000001dcb8000 Exception <a 'java/lang/NoSuchMethodError': java.lang.Object.lambda$or$2(Ljava/util/function/Predicate;Ljava/lang/Object;)Z> (0x0000000781691f48) thrown at [C:\re\workspace\8-2-build-windows-amd64-cygwin\jdk8u202\12323\hotspot\src\share\vm\interpreter\lin
Event: 6.250 Thread 0x000000001dcb8000 Exception <a 'java/lang/NoSuchMethodError': java.lang.Object.lambda$comparing$77a9974f$1(Ljava/util/function/Function;Ljava/lang/Object;Ljava/lang/Object;)I> (0x0000000781d50ba8) thrown at [C:\re\workspace\8-2-build-windows-amd64-cygwin\jdk8u202\12323\hot
Event: 8.157 Thread 0x000000001dcb8000 Exception <a 'java/lang/NoSuchMethodError': java.lang.Object.lambda$static$0(Ljava/util/Collection;)V> (0x0000000781873e28) thrown at [C:\re\workspace\8-2-build-windows-amd64-cygwin\jdk8u202\12323\hotspot\src\share\vm\interpreter\linkResolver.cpp, line 62
Event: 8.539 Thread 0x000000001dcb8000 Exception <a 'java/lang/NoSuchMethodError': java.lang.Object.lambda$static$0(Ljava/io/File;)V> (0x00000007802c16a8) thrown at [C:\re\workspace\8-2-build-windows-amd64-cygwin\jdk8u202\12323\hotspot\src\share\vm\interpreter\linkResolver.cpp, line 620]
Event: 8.886 Thread 0x000000001dcb8000 Exception <a 'java/lang/NoSuchMethodError': java.lang.Object.lambda$createFactory$0(Lorg/gradle/api/internal/DocumentationRegistry;Lorg/gradle/internal/resource/transport/http/HttpSettings;)Lorg/gradle/internal/resource/transport/http/HttpClientHelper;> (
Event: 9.115 Thread 0x000000001dcb8000 Exception <a 'java/lang/NoSuchMethodError': java.lang.Object.lambda$withReadOnlyCache$0(Ljava/util/function/BiFunction;Lorg/gradle/api/internal/artifacts/ivyservice/ArtifactCacheMetadata;)Ljava/lang/Object;> (0x000000078153d3a0) thrown at [C:\re\workspace
Event: 9.235 Thread 0x000000001dcb8000 Exception <a 'java/lang/NoSuchMethodError': java.lang.Object.lambda$static$0(Lorg/gradle/api/internal/artifacts/ivyservice/ivyresolve/ModuleComponentRepository;Ljava/lang/String;Lorg/gradle/api/internal/artifacts/configurations/ResolutionStrategyInternal;
Event: 9.561 Thread 0x000000001dcb8000 Implicit null exception at 0x00000000035ed655 to 0x00000000035ed85d
Event: 9.562 Thread 0x000000001dcb8000 Implicit null exception at 0x000000000354232f to 0x0000000003542399
Event: 10.215 Thread 0x000000001dcb8000 Exception <a 'java/lang/IncompatibleClassChangeError': Found class java.lang.Object, but interface was expected> (0x00000007836a6c40) thrown at [C:\re\workspace\8-2-build-windows-amd64-cygwin\jdk8u202\12323\hotspot\src\share\vm\interpreter\linkResolver.cp

Events (10 events):
Event: 15.411 loading class java/awt/im/InputMethodRequests
Event: 15.411 loading class java/awt/im/InputMethodRequests done
Event: 15.412 loading class java/awt/Toolkit
Event: 15.413 loading class java/awt/Toolkit done
Event: 15.413 loading class java/awt/event/FocusEvent
Event: 15.414 loading class java/awt/event/FocusEvent done
Event: 15.414 loading class java/awt/event/HierarchyEvent
Event: 15.424 loading class java/awt/event/HierarchyEvent done
Event: 15.424 loading class java/awt/event/InputMethodEvent
Event: 15.424 loading class java/awt/event/InputMethodEvent done


Dynamic libraries:
0x00007ff6f2f80000 - 0x00007ff6f2fb7000 	C:\Program Files\Java\jdk1.8.0_202\bin\java.exe
0x00007ff9b9cf0000 - 0x00007ff9b9ee8000 	C:\Windows\SYSTEM32\ntdll.dll
0x00007ff9b97f0000 - 0x00007ff9b98ad000 	C:\Windows\System32\KERNEL32.DLL
0x00007ff9b7780000 - 0x00007ff9b7a4e000 	C:\Windows\System32\KERNELBASE.dll
0x00007ff9b8de0000 - 0x00007ff9b8e8e000 	C:\Windows\System32\ADVAPI32.dll
0x00007ff9b8a00000 - 0x00007ff9b8a9e000 	C:\Windows\System32\msvcrt.dll
0x00007ff9b9600000 - 0x00007ff9b969c000 	C:\Windows\System32\sechost.dll
0x00007ff9b8cb0000 - 0x00007ff9b8dd5000 	C:\Windows\System32\RPCRT4.dll
0x00007ff9b99f0000 - 0x00007ff9b9b90000 	C:\Windows\System32\USER32.dll
0x00007ff9b7440000 - 0x00007ff9b7462000 	C:\Windows\System32\win32u.dll
0x00007ff9b7df0000 - 0x00007ff9b7e1a000 	C:\Windows\System32\GDI32.dll
0x00007ff9b7470000 - 0x00007ff9b757b000 	C:\Windows\System32\gdi32full.dll
0x00007ff9b76e0000 - 0x00007ff9b777d000 	C:\Windows\System32\msvcp_win.dll
0x00007ff9b7b70000 - 0x00007ff9b7c70000 	C:\Windows\System32\ucrtbase.dll
0x00007ff9b6ad0000 - 0x00007ff9b6d6a000 	C:\Windows\WinSxS\amd64_microsoft.windows.common-controls_6595b64144ccf1df_6.0.19041.1110_none_60b5254171f9507e\COMCTL32.dll
0x00007ff9b7d50000 - 0x00007ff9b7d80000 	C:\Windows\System32\IMM32.DLL
0x000000005e0e0000 - 0x000000005e1b2000 	C:\Program Files\Java\jdk1.8.0_202\jre\bin\msvcr100.dll
0x000000005d830000 - 0x000000005e0d5000 	C:\Program Files\Java\jdk1.8.0_202\jre\bin\server\jvm.dll
0x00007ff9b97d0000 - 0x00007ff9b97d8000 	C:\Windows\System32\PSAPI.DLL
0x00007ff996ce0000 - 0x00007ff996ce9000 	C:\Windows\SYSTEM32\WSOCK32.dll
0x00007ff9b7d80000 - 0x00007ff9b7deb000 	C:\Windows\System32\WS2_32.dll
0x00007ff9b13c0000 - 0x00007ff9b13ca000 	C:\Windows\SYSTEM32\VERSION.dll
0x00007ff9af400000 - 0x00007ff9af427000 	C:\Windows\SYSTEM32\WINMM.dll
0x00007ff9b2920000 - 0x00007ff9b292f000 	C:\Program Files\Java\jdk1.8.0_202\jre\bin\verify.dll
0x00007ff9b24f0000 - 0x00007ff9b2519000 	C:\Program Files\Java\jdk1.8.0_202\jre\bin\java.dll
0x00007ff9a6ce0000 - 0x00007ff9a6cf6000 	C:\Program Files\Java\jdk1.8.0_202\jre\bin\zip.dll
0x00007ff9b8230000 - 0x00007ff9b8974000 	C:\Windows\System32\SHELL32.dll
0x00007ff9b4ed0000 - 0x00007ff9b5664000 	C:\Windows\SYSTEM32\windows.storage.dll
0x00007ff9b7ed0000 - 0x00007ff9b8224000 	C:\Windows\System32\combase.dll
0x00007ff9b6780000 - 0x00007ff9b67b0000 	C:\Windows\SYSTEM32\Wldp.dll
0x00007ff9b7e20000 - 0x00007ff9b7ecd000 	C:\Windows\System32\SHCORE.dll
0x00007ff9b8aa0000 - 0x00007ff9b8af5000 	C:\Windows\System32\shlwapi.dll
0x00007ff9b7350000 - 0x00007ff9b736f000 	C:\Windows\SYSTEM32\profapi.dll
0x00007ff9a61d0000 - 0x00007ff9a61ea000 	C:\Program Files\Java\jdk1.8.0_202\jre\bin\net.dll
0x00007ff9a9be0000 - 0x00007ff9a9dcc000 	C:\Windows\SYSTEM32\urlmon.dll
0x00007ff9a9f30000 - 0x00007ff9aa1e1000 	C:\Windows\SYSTEM32\iertutil.dll
0x00007ff9b66c0000 - 0x00007ff9b66cc000 	C:\Windows\SYSTEM32\netutils.dll
0x00007ff9a9bb0000 - 0x00007ff9a9bd8000 	C:\Windows\SYSTEM32\srvcli.dll
0x00007ff9b6620000 - 0x00007ff9b668a000 	C:\Windows\system32\mswsock.dll
0x00007ff9a61a0000 - 0x00007ff9a61b2000 	C:\Program Files\Java\jdk1.8.0_202\jre\bin\nio.dll
0x00007ff9a6110000 - 0x00007ff9a6137000 	C:\Users\Àðòóð\.gradle\native\e1d6ef7f7dcc3fd88c89a11ec53ec762bb8ba0a96d01ffa2cd45eb1d1d8dd5c5\windows-amd64\native-platform.dll
0x00007ff9a2490000 - 0x00007ff9a25d4000 	C:\Users\Àðòóð\.gradle\native\5664cfc778a61ccfe75a443a1ab52a65af34e5dc3c78e0209fed803814484fcb\windows-amd64\native-platform-file-events.dll
0x00007ff9a6100000 - 0x00007ff9a610d000 	C:\Program Files\Java\jdk1.8.0_202\jre\bin\management.dll
0x00007ff9b7080000 - 0x00007ff9b7098000 	C:\Windows\SYSTEM32\CRYPTSP.dll
0x00007ff9b5dc0000 - 0x00007ff9b5df4000 	C:\Windows\system32\rsaenh.dll
0x00007ff9b7410000 - 0x00007ff9b7437000 	C:\Windows\System32\bcrypt.dll
0x00007ff9b72d0000 - 0x00007ff9b72fe000 	C:\Windows\SYSTEM32\USERENV.dll
0x00007ff9b7c70000 - 0x00007ff9b7cf2000 	C:\Windows\System32\bcryptprimitives.dll
0x00007ff9b65c0000 - 0x00007ff9b65cc000 	C:\Windows\SYSTEM32\CRYPTBASE.dll
0x00007ff9b6290000 - 0x00007ff9b62cb000 	C:\Windows\SYSTEM32\IPHLPAPI.DLL
0x00007ff9b8e90000 - 0x00007ff9b8e98000 	C:\Windows\System32\NSI.dll
0x00007ff9ad5b0000 - 0x00007ff9ad5c7000 	C:\Windows\SYSTEM32\dhcpcsvc6.DLL
0x00007ff9ad590000 - 0x00007ff9ad5ad000 	C:\Windows\SYSTEM32\dhcpcsvc.DLL
0x00007ff9b6080000 - 0x00007ff9b614a000 	C:\Windows\SYSTEM32\DNSAPI.dll
0x00007ff9b6e90000 - 0x00007ff9b7074000 	C:\Windows\SYSTEM32\dbghelp.dll

VM Arguments:
jvm_args: -Xmx3G -Dfile.encoding=windows-1251 -Duser.country=RU -Duser.language=ru -Duser.variant 
java_command: org.gradle.launcher.daemon.bootstrap.GradleDaemon 7.3.3
java_class_path (initial): C:\Users\Àðòóð\.gradle\wrapper\dists\gradle-7.3.3-bin\6a41zxkdtcxs8rphpq6y0069z\gradle-7.3.3\lib\gradle-launcher-7.3.3.jar
Launcher Type: SUN_STANDARD

Environment Variables:
JAVA_HOME=C:\Program Files\Java\jdk1.8.0_202
CLASSPATH=E:\Applications\MC\RayaPrime\\gradle\wrapper\gradle-wrapper.jar
PATH=C:\Program Files (x86)\Common Files\Oracle\Java\javapath;C:\ProgramData\Oracle\Java\javapath;C:\Windows\system32;C:\Windows;C:\Windows\System32\Wbem;C:\Windows\System32\WindowsPowerShell\v1.0\;C:\Windows\System32\OpenSSH\;E:\Programs\Git\cmd;E:\Programs\nodejs\;C:\HaxeToolkit\haxe;C:\HaxeToolkit\neko;C:\Program Files\dotnet\;C:\Users\Àðòóð\AppData\Local\Microsoft\WindowsApps;;E:\Programs\Microsoft VS Code\bin;C:\Users\Àðòóð\AppData\Roaming\npm;E:\Programs\JetBrains\IntelliJ IDEA Community Edition 2022.1\bin;;C:\Users\Àðòóð\.dotnet\tools
USERNAME=Àðòóð
OS=Windows_NT
PROCESSOR_IDENTIFIER=Intel64 Family 6 Model 23 Stepping 10, GenuineIntel



---------------  S Y S T E M  ---------------

OS: Windows 10.0 , 64 bit Build 19041 (10.0.19041.1889)

CPU:total 4 (initial active 4) (4 cores per cpu, 1 threads per core) family 6 model 23 stepping 10, cmov, cx8, fxsr, mmx, sse, sse2, sse3, ssse3, sse4.1, tsc

Memory: 4k page, physical 4193524k(420220k free), swap 12319988k(6237548k free)

vm_info: Java HotSpot(TM) 64-Bit Server VM (25.202-b08) for windows-amd64 JRE (1.8.0_202-b08), built on Dec 15 2018 19:54:30 by "java_re" with MS VC++ 10.0 (VS2010)

time: Thu Aug 11 11:45:12 2022
timezone: Öåíòðàëüíàÿ Àçèÿ (çèìà)
elapsed time: 15 seconds (0d 0h 0m 15s)

