#
# A fatal error has been detected by the Java Runtime Environment:
#
#  EXCEPTION_ACCESS_VIOLATION (0xc0000005) at pc=0x00007ffb71862db0, pid=10172, tid=2452
#
# JRE version: OpenJDK Runtime Environment Temurin-17.0.3+7 (17.0.3+7) (build 17.0.3+7)
# Java VM: OpenJDK 64-Bit Server VM Temurin-17.0.3+7 (17.0.3+7, mixed mode, tiered, compressed oops, compressed class ptrs, parallel gc, windows-amd64)
# Problematic frame:
# V  [jvm.dll+0x1d2db0]
#
# No core dump will be written. Minidumps are not enabled by default on client versions of Windows
#
# If you would like to submit a bug report, please visit:
#   https://github.com/adoptium/adoptium-support/issues
#

---------------  S U M M A R Y ------------

Command Line: --add-modules=ALL-SYSTEM --add-opens=java.base/java.util=ALL-UNNAMED --add-opens=java.base/java.lang=ALL-UNNAMED --add-opens=java.base/sun.nio.fs=ALL-UNNAMED -Declipse.application=org.eclipse.jdt.ls.core.id1 -Dosgi.bundles.defaultStartLevel=4 -Declipse.product=org.eclipse.jdt.ls.core.product -Djava.import.generatesMetadataFilesAtProjectRoot=false -Dfile.encoding=utf8 -DwatchParentProcess=false -XX:+UseParallelGC -XX:GCTimeRatio=4 -XX:AdaptiveSizePolicyWeight=90 -Dsun.zip.disableMemoryMapping=true -Xmx1G -Xms100m -javaagent:c:\Users\Артур\.vscode\extensions\redhat.java-1.9.0-win32-x64\lombok\lombok-1.18.24.jar -XX:+HeapDumpOnOutOfMemoryError -XX:HeapDumpPath=c:\Users\Артур\AppData\Roaming\Code\User\workspaceStorage\5c1c60083b7b46aba082b4ca789630d8\redhat.java c:\Users\Артур\.vscode\extensions\redhat.java-1.9.0-win32-x64\server\plugins\org.eclipse.equinox.launcher_1.6.400.v20210924-0641.jar -configuration c:\Users\Артур\AppData\Roaming\Code\User\globalStorage\redhat.java\1.9.0\config_win -data c:\Users\Артур\AppData\Roaming\Code\User\workspaceStorage\5c1c60083b7b46aba082b4ca789630d8\redhat.java\jdt_ws

Host: Intel(R) Core(TM)2 Quad CPU    Q8400  @ 2.66GHz, 4 cores, 3G,  Windows 10 , 64 bit Build 19041 (10.0.19041.1806)
Time: Mon Aug  8 19:52:31 2022  Windows 10 , 64 bit Build 19041 (10.0.19041.1806) elapsed time: 1325.784754 seconds (0d 0h 22m 5s)

---------------  T H R E A D  ---------------

Current thread (0x00000167be474d10):  JavaThread "C1 CompilerThread0" daemon [_thread_in_vm, id=2452, stack(0x0000005df5100000,0x0000005df5200000)]


Current CompileTask:
C1:1325784 18257       3       org.eclipse.jdt.internal.core.index.DiskIndex::writeCategoryTable (252 bytes)

Stack: [0x0000005df5100000,0x0000005df5200000],  sp=0x0000005df51fec80,  free space=1019k
Native frames: (J=compiled Java code, j=interpreted, Vv=VM code, C=native code)
V  [jvm.dll+0x1d2db0]
V  [jvm.dll+0x1d1cb0]
V  [jvm.dll+0x1cc81f]
V  [jvm.dll+0x133f4e]
V  [jvm.dll+0x134276]
V  [jvm.dll+0x13370a]
V  [jvm.dll+0x1353d1]
V  [jvm.dll+0x227178]
V  [jvm.dll+0x2252bc]
V  [jvm.dll+0x7e673b]
V  [jvm.dll+0x7e0cfa]
V  [jvm.dll+0x674d85]
C  [ucrtbase.dll+0x21bb2]
C  [KERNEL32.DLL+0x17034]
C  [ntdll.dll+0x52651]


siginfo: EXCEPTION_ACCESS_VIOLATION (0xc0000005), reading address 0x0000000000000288


Register to memory mapping:

RIP=0x00007ffb71862db0 jvm.dll
RAX=0x00000167ca29e7d8 is pointing into metadata
RBX=0x00000167c2f6eee0 points into unknown readable memory: 0x00007ffb71fbf148 | 48 f1 fb 71 fb 7f 00 00
RCX=0x00000167c2f6eef0 points into unknown readable memory: 0x00007ffb71fbe9b8 | b8 e9 fb 71 fb 7f 00 00
RDX=0x0000000000000006 is an unknown value
RSP=0x0000005df51fec80 is pointing into the stack for thread: 0x00000167be474d10
RBP=0x0000000000000004 is an unknown value
RSI=0x0 is NULL
RDI=0x0000000000000001 is an unknown value
R8 =0x00007ffb71fbf148 jvm.dll
R9 =0x00000167c3165d30 points into unknown readable memory: 0x00000167be480120 | 20 01 48 be 67 01 00 00
R10=0x0000000000000001 is an unknown value
R11={method} {0x00000167c9a89ab8} 'writeCategoryTable' '([CLorg/eclipse/jdt/internal/compiler/util/HashtableOfObject;Ljava/io/FileOutputStream;)V' in 'org/eclipse/jdt/internal/core/index/DiskIndex'
R12=0x00000167c2f6eef0 points into unknown readable memory: 0x00007ffb71fbe9b8 | b8 e9 fb 71 fb 7f 00 00
R13=0x00000167c6316640 points into unknown readable memory: 0x00000167a87abcc0 | c0 bc 7a a8 67 01 00 00
R14=0x0000000000000020 is an unknown value
R15=0x00000000000001f0 is an unknown value


Registers:
RAX=0x00000167ca29e7d8, RBX=0x00000167c2f6eee0, RCX=0x00000167c2f6eef0, RDX=0x0000000000000006
RSP=0x0000005df51fec80, RBP=0x0000000000000004, RSI=0x0000000000000000, RDI=0x0000000000000001
R8 =0x00007ffb71fbf148, R9 =0x00000167c3165d30, R10=0x0000000000000001, R11=0x00000167c9a89ab0
R12=0x00000167c2f6eef0, R13=0x00000167c6316640, R14=0x0000000000000020, R15=0x00000000000001f0
RIP=0x00007ffb71862db0, EFLAGS=0x0000000000010206

Top of Stack: (sp=0x0000005df51fec80)
0x0000005df51fec80:   000000010079ba70 00000167c2f6eee0
0x0000005df51fec90:   0000000000000002 00000167a87abcc0
0x0000005df51feca0:   00000167c2f6eef0 00000167c2f6b370
0x0000005df51fecb0:   00000167ca29e388 00000167c31690a0
0x0000005df51fecc0:   0000000000000310 00007ffb71861cb0
0x0000005df51fecd0:   00000167be442340 00000167c2f6ec80
0x0000005df51fece0:   00000167c2f6eee0 0000005df51ff4a0
0x0000005df51fecf0:   00000167acb9b590 00007ffb7218ec40
0x0000005df51fed00:   0000005df51ff4a0 00000167a87ab3f0
0x0000005df51fed10:   0000000000000050 00000167c3165a30
0x0000005df51fed20:   00000167a87abcc0 00007ffb7185c81f
0x0000005df51fed30:   00000167c2f73358 00000000000083b0
0x0000005df51fed40:   00000167be474d10 00007ffbadc2f0b0
0x0000005df51fed50:   00000167a859f2a0 00000000ffffff00
0x0000005df51fed60:   00000167c9a89ab0 00000167be474d10
0x0000005df51fed70:   00007ffb7218ec40 00000167c3165a30 

Instructions: (pc=0x00007ffb71862db0)
0x00007ffb71862cb0:   8b f9 48 83 e7 fc 74 5a 65 48 8b 04 25 58 00 00
0x00007ffb71862cc0:   00 8b 0d b1 75 9d 00 48 89 74 24 30 48 8b 34 c8
0x00007ffb71862cd0:   b8 50 00 00 00 80 3c 30 00 75 05 e8 7c 93 6b 00
0x00007ffb71862ce0:   b8 20 00 00 00 48 8b d7 48 8b 04 30 48 8b 88 d0
0x00007ffb71862cf0:   04 00 00 48 8b 49 38 e8 a4 28 00 00 48 8b 74 24
0x00007ffb71862d00:   30 83 e3 03 48 0b c3 48 8b 5c 24 38 48 83 c4 20
0x00007ffb71862d10:   5f c3 83 e3 03 8b c3 48 8b 5c 24 38 48 83 c4 20
0x00007ffb71862d20:   5f c3 cc cc cc cc cc cc cc cc cc cc cc cc cc cc
0x00007ffb71862d30:   40 53 56 57 41 54 48 83 ec 28 33 f6 4c 8b e2 39
0x00007ffb71862d40:   35 03 e0 92 00 48 8b d9 8b fe 0f 86 13 01 00 00
0x00007ffb71862d50:   8b 0d 22 75 9d 00 65 48 8b 04 25 58 00 00 00 48
0x00007ffb71862d60:   89 6c 24 50 8d 6e 02 4c 89 6c 24 58 4c 89 74 24
0x00007ffb71862d70:   60 4c 8d 2c c8 4c 89 7c 24 20 66 0f 1f 44 00 00
0x00007ffb71862d80:   49 8b 04 24 49 8b cc ff 50 20 84 c0 48 8b ce 48
0x00007ffb71862d90:   63 c5 49 0f 45 cc 4c 8d 34 c5 00 00 00 00 48 8b
0x00007ffb71862da0:   41 08 4e 8b 7c 30 08 4d 85 ff 0f 84 85 00 00 00
0x00007ffb71862db0:   49 8b 8f 98 00 00 00 e8 24 17 02 00 84 c0 74 3d
0x00007ffb71862dc0:   49 8b 75 00 b8 50 00 00 00 80 3c 30 00 75 05 e8
0x00007ffb71862dd0:   88 92 6b 00 b8 20 00 00 00 49 8b d7 48 8b 0c 30
0x00007ffb71862de0:   48 8b 89 d0 04 00 00 48 8b 49 38 e8 b0 27 00 00
0x00007ffb71862df0:   48 8b 4b 08 33 f6 4a 89 44 31 08 eb 41 48 8b 43
0x00007ffb71862e00:   08 48 89 70 08 48 63 c7 48 8d 0c 00 48 8b 43 08
0x00007ffb71862e10:   48 89 74 c8 18 48 8b 43 08 48 89 74 c8 20 48 8b
0x00007ffb71862e20:   cb 48 8b 03 ff 50 28 84 c0 75 13 48 8b 43 08 48
0x00007ffb71862e30:   89 70 10 eb 09 48 8b 43 08 4a 89 74 30 08 ff c7
0x00007ffb71862e40:   83 c5 02 3b 3d ff de 92 00 0f 82 31 ff ff ff 4c
0x00007ffb71862e50:   8b 7c 24 20 4c 8b 74 24 60 4c 8b 6c 24 58 48 8b
0x00007ffb71862e60:   6c 24 50 48 83 c4 28 41 5c 5f 5e 5b c3 cc cc cc
0x00007ffb71862e70:   48 89 5c 24 08 57 48 83 ec 20 4c 63 42 08 48 8b
0x00007ffb71862e80:   f9 48 8b 02 48 8b 50 08 4a 8b 5c c2 08 48 8b cb
0x00007ffb71862e90:   48 83 e1 fc 74 2e 48 8b 89 98 00 00 00 e8 3e 16
0x00007ffb71862ea0:   02 00 84 c0 75 1e 48 8b 07 83 e3 03 48 63 57 08 


Stack slot to memory mapping:
stack at sp + 0 slots: 0x000000010079ba70 is a pointer to class: 
org.eclipse.jdt.internal.core.index.DiskIndex$IntList {0x000000010079ba78}
 - instance size:     3
 - klass size:        67
 - access:            synchronized 
 - state:             fully_initialized
 - name:              'org/eclipse/jdt/internal/core/index/DiskIndex$IntList'
 - super:             'java/lang/Object'
 - sub:               
 - arrays:            NULL
 - methods:           Array<T>(0x00000167ca26eca0)
 - method ordering:   Array<T>(0x00000167be800018)
 - default_methods:   Array<T>(0x0000000000000000)
 - local interfaces:  Array<T>(0x00000167be800058)
 - trans. interfaces: Array<T>(0x00000167be800058)
 - constants:         constant pool [44] {0x00000167ca26eab8} for 'org/eclipse/jdt/internal/core/index/DiskIndex$IntList' cache=0x00000167ca26ef68
 - class loader data:  loader data: 0x00000167c4b41d20 for instance a 'org/eclipse/osgi/internal/loader/EquinoxClassLoader'{0x00000000c029d070}
 - source file:       'DiskIndex.java'
 - class annotations:       Array<T>(0x0000000000000000)
 - class type annotations:  Array<T>(0x0000000000000000)
 - field annotations:       Array<T>(0x0000000000000000)
 - field type annotations:  Array<T>(0x0000000000000000)
 - inner classes:     Array<T>(0x00000167ca26ef50)
 - nest members:     Array<T>(0x00000167be800028)
 - permitted subclasses:     Array<T>(0x00000167be800028)
 - java mirror:       a 'java/lang/Class'{0x00000000c1c90400} = 'org/eclipse/jdt/internal/core/index/DiskIndex$IntList'
 - vtable length      7  (start addr: 0x000000010079bc38)
 - itable length      2 (start addr: 0x000000010079bc70)
 - ---- static fields (0 words):
 - ---- non-static fields (2 words):
 - 'size' 'I' @12 
 - 'elements' '[I' @16 
 - non-static oop maps: 16-16 
stack at sp + 1 slots: 0x00000167c2f6eee0 points into unknown readable memory: 0x00007ffb71fbf148 | 48 f1 fb 71 fb 7f 00 00
stack at sp + 2 slots: 0x0000000000000002 is an unknown value
stack at sp + 3 slots: 0x00000167a87abcc0 points into unknown readable memory: 0x0000000000000000 | 00 00 00 00 00 00 00 00
stack at sp + 4 slots: 0x00000167c2f6eef0 points into unknown readable memory: 0x00007ffb71fbe9b8 | b8 e9 fb 71 fb 7f 00 00
stack at sp + 5 slots: 0x00000167c2f6b370 points into unknown readable memory: 0x0000000000000000 | 00 00 00 00 00 00 00 00
stack at sp + 6 slots: 0x00000167ca29e388 is pointing into metadata
stack at sp + 7 slots: 0x00000167c31690a0 points into unknown readable memory: 0x00007ffb71fbf648 | 48 f6 fb 71 fb 7f 00 00


---------------  P R O C E S S  ---------------

Threads class SMR info:
_java_thread_list=0x00000167c5ceb2a0, length=35, elements={
0x00000167a86d2a50, 0x00000167be432750, 0x00000167be4334d0, 0x00000167be440ff0,
0x00000167be444c90, 0x00000167be445810, 0x00000167be446230, 0x00000167be474360,
0x00000167be474d10, 0x00000167bfdfc0d0, 0x00000167bfeed4a0, 0x00000167c0099550,
0x00000167c2f66a20, 0x00000167c4000080, 0x00000167c00829d0, 0x00000167c3453f70,
0x00000167c2faad30, 0x00000167c2dd45a0, 0x00000167c2dd6280, 0x00000167c2dd40d0,
0x00000167c4995b10, 0x00000167c4994ca0, 0x00000167c4996e50, 0x00000167c49947d0,
0x00000167c4998660, 0x00000167c4998190, 0x00000167c4997cc0, 0x00000167c499a810,
0x00000167c4995fe0, 0x00000167c5bf0d50, 0x00000167c5bf16f0, 0x00000167c5bf38a0,
0x00000167c5bf33d0, 0x00000167c5bf5a50, 0x00000167c5bf68c0
}

Java Threads: ( => current thread )
  0x00000167a86d2a50 JavaThread "main" [_thread_blocked, id=11024, stack(0x0000005df4700000,0x0000005df4800000)]
  0x00000167be432750 JavaThread "Reference Handler" daemon [_thread_blocked, id=2928, stack(0x0000005df4a00000,0x0000005df4b00000)]
  0x00000167be4334d0 JavaThread "Finalizer" daemon [_thread_blocked, id=3872, stack(0x0000005df4b00000,0x0000005df4c00000)]
  0x00000167be440ff0 JavaThread "Signal Dispatcher" daemon [_thread_blocked, id=5632, stack(0x0000005df4c00000,0x0000005df4d00000)]
  0x00000167be444c90 JavaThread "Attach Listener" daemon [_thread_blocked, id=8996, stack(0x0000005df4d00000,0x0000005df4e00000)]
  0x00000167be445810 JavaThread "Service Thread" daemon [_thread_blocked, id=1180, stack(0x0000005df4e00000,0x0000005df4f00000)]
  0x00000167be446230 JavaThread "Monitor Deflation Thread" daemon [_thread_blocked, id=7624, stack(0x0000005df4f00000,0x0000005df5000000)]
  0x00000167be474360 JavaThread "C2 CompilerThread0" daemon [_thread_blocked, id=7628, stack(0x0000005df5000000,0x0000005df5100000)]
=>0x00000167be474d10 JavaThread "C1 CompilerThread0" daemon [_thread_in_vm, id=2452, stack(0x0000005df5100000,0x0000005df5200000)]
  0x00000167bfdfc0d0 JavaThread "Sweeper thread" daemon [_thread_blocked, id=9356, stack(0x0000005df5200000,0x0000005df5300000)]
  0x00000167bfeed4a0 JavaThread "Common-Cleaner" daemon [_thread_blocked, id=1484, stack(0x0000005df5300000,0x0000005df5400000)]
  0x00000167c0099550 JavaThread "Notification Thread" daemon [_thread_blocked, id=12464, stack(0x0000005df5400000,0x0000005df5500000)]
  0x00000167c2f66a20 JavaThread "Active Thread: Equinox Container: 038bd878-e2f6-4b82-8918-27bf4c0d26df" [_thread_blocked, id=7436, stack(0x0000005df5900000,0x0000005df5a00000)]
  0x00000167c4000080 JavaThread "Framework Event Dispatcher: Equinox Container: 038bd878-e2f6-4b82-8918-27bf4c0d26df" daemon [_thread_blocked, id=11576, stack(0x0000005df5a00000,0x0000005df5b00000)]
  0x00000167c00829d0 JavaThread "Start Level: Equinox Container: 038bd878-e2f6-4b82-8918-27bf4c0d26df" daemon [_thread_blocked, id=1768, stack(0x0000005df5b00000,0x0000005df5c00000)]
  0x00000167c3453f70 JavaThread "SCR Component Actor" daemon [_thread_blocked, id=7728, stack(0x0000005df5c00000,0x0000005df5d00000)]
  0x00000167c2faad30 JavaThread "Bundle File Closer" daemon [_thread_blocked, id=7936, stack(0x0000005df4500000,0x0000005df4600000)]
  0x00000167c2dd45a0 JavaThread "Worker-JM" [_thread_blocked, id=10772, stack(0x0000005df5e00000,0x0000005df5f00000)]
  0x00000167c2dd6280 JavaThread "Worker-0" [_thread_blocked, id=7096, stack(0x0000005df5f00000,0x0000005df6000000)]
  0x00000167c2dd40d0 JavaThread "pool-1-thread-1" [_thread_blocked, id=9812, stack(0x0000005df6600000,0x0000005df6700000)]
  0x00000167c4995b10 JavaThread "ForkJoinPool.commonPool-worker-5" daemon [_thread_blocked, id=2496, stack(0x0000005df4400000,0x0000005df4500000)]
  0x00000167c4994ca0 JavaThread "ForkJoinPool.commonPool-worker-6" daemon [_thread_blocked, id=8264, stack(0x0000005df4600000,0x0000005df4700000)]
  0x00000167c4996e50 JavaThread "Worker-6: Building" [_thread_blocked, id=12352, stack(0x0000005df6400000,0x0000005df6500000)]
  0x00000167c49947d0 JavaThread "ForkJoinPool.commonPool-worker-8" daemon [_thread_blocked, id=13044, stack(0x0000005df6000000,0x0000005df6100000)]
  0x00000167c4998660 JavaThread "ForkJoinPool.commonPool-worker-9" daemon [_thread_blocked, id=12608, stack(0x0000005df6500000,0x0000005df6600000)]
  0x00000167c4998190 JavaThread "ForkJoinPool.commonPool-worker-10" daemon [_thread_blocked, id=7204, stack(0x0000005df6700000,0x0000005df6800000)]
  0x00000167c4997cc0 JavaThread "Worker-7" [_thread_blocked, id=9300, stack(0x0000005df6100000,0x0000005df6200000)]
  0x00000167c499a810 JavaThread "Worker-8" [_thread_blocked, id=11240, stack(0x0000005df6300000,0x0000005df6400000)]
  0x00000167c4995fe0 JavaThread "Worker-9" [_thread_blocked, id=11052, stack(0x0000005df6200000,0x0000005df6300000)]
  0x00000167c5bf0d50 JavaThread "Worker-10" [_thread_blocked, id=13180, stack(0x0000005df6800000,0x0000005df6900000)]
  0x00000167c5bf16f0 JavaThread "Worker-11" [_thread_blocked, id=9636, stack(0x0000005df6a00000,0x0000005df6b00000)]
  0x00000167c5bf38a0 JavaThread "Java indexing" daemon [_thread_blocked, id=10644, stack(0x0000005df6b00000,0x0000005df6c00000)]
  0x00000167c5bf33d0 JavaThread "ForkJoinPool.commonPool-worker-11" daemon [_thread_blocked, id=12884, stack(0x0000005df5d00000,0x0000005df5e00000)]
  0x00000167c5bf5a50 JavaThread "ForkJoinPool.commonPool-worker-12" daemon [_thread_blocked, id=10056, stack(0x0000005df6c00000,0x0000005df6d00000)]
  0x00000167c5bf68c0 JavaThread "ForkJoinPool.commonPool-worker-13" daemon [_thread_blocked, id=12460, stack(0x0000005df6f00000,0x0000005df7000000)]

Other Threads:
  0x00000167be41c650 VMThread "VM Thread" [stack: 0x0000005df4900000,0x0000005df4a00000] [id=7820] _threads_hazard_ptr=0x00000167c5ceb2a0
  0x00000167c0141f20 WatcherThread [stack: 0x0000005df5500000,0x0000005df5600000] [id=8004]
  0x00000167a86e8860 GCTaskThread "GC Thread#0" [stack: 0x0000005df4800000,0x0000005df4900000] [id=6396]
  0x00000167c2f67260 GCTaskThread "GC Thread#1" [stack: 0x0000005df5600000,0x0000005df5700000] [id=8676]
  0x00000167c2f67510 GCTaskThread "GC Thread#2" [stack: 0x0000005df5700000,0x0000005df5800000] [id=1176]
  0x00000167c2f677c0 GCTaskThread "GC Thread#3" [stack: 0x0000005df5800000,0x0000005df5900000] [id=10236]

Threads with active compile tasks:
C1 CompilerThread0  1325970 18257       3       org.eclipse.jdt.internal.core.index.DiskIndex::writeCategoryTable (252 bytes)

VM state: synchronizing (normal execution)

VM Mutex/Monitor currently owned by a thread:  ([mutex/lock_event])
[0x00000167a86cd1c0] Threads_lock - owner thread: 0x00000167be41c650
[0x00000167a86cd760] Heap_lock - owner thread: 0x00000167c4996e50

Heap address: 0x00000000c0000000, size: 1024 MB, Compressed Oops mode: 32-bit

CDS archive(s) not mapped
Compressed class space mapped at: 0x0000000100000000-0x0000000140000000, reserved size: 1073741824
Narrow klass base: 0x0000000000000000, Narrow klass shift: 3, Narrow klass range: 0x140000000

GC Precious Log:
 CPUs: 4 total, 4 available
 Memory: 4095M
 Large Page Support: Disabled
 NUMA Support: Disabled
 Compressed Oops: Enabled (32-bit)
 Alignments: Space 512K, Generation 512K, Heap 2M
 Heap Min Capacity: 100M
 Heap Initial Capacity: 100M
 Heap Max Capacity: 1G
 Pre-touch: Disabled
 Parallel Workers: 4

Heap:
 PSYoungGen      total 20992K, used 20670K [0x00000000eab00000, 0x00000000ecc00000, 0x0000000100000000)
  eden space 17408K, 100% used [0x00000000eab00000,0x00000000ebc00000,0x00000000ebc00000)
  from space 3584K, 91% used [0x00000000ec880000,0x00000000ecbafb10,0x00000000ecc00000)
  to   space 6144K, 0% used [0x00000000ec000000,0x00000000ec000000,0x00000000ec600000)
 ParOldGen       total 201728K, used 124457K [0x00000000c0000000, 0x00000000cc500000, 0x00000000eab00000)
  object space 201728K, 61% used [0x00000000c0000000,0x00000000c798a4d8,0x00000000cc500000)
 Metaspace       used 78766K, committed 79744K, reserved 1122304K
  class space    used 7797K, committed 8256K, reserved 1048576K

Card table byte_map: [0x00000167bbd20000,0x00000167bbf30000] _byte_map_base: 0x00000167bb720000

Marking Bits: (ParMarkBitMap*) 0x00007ffb72214b80
 Begin Bits: [0x00000167bc090000, 0x00000167bd090000)
 End Bits:   [0x00000167bd090000, 0x00000167be090000)

Polling page: 0x00000167a87b0000

Metaspace:

Usage:
  Non-class:     69.31 MB used.
      Class:      7.61 MB used.
       Both:     76.92 MB used.

Virtual space:
  Non-class space:       72.00 MB reserved,      69.81 MB ( 97%) committed,  9 nodes.
      Class space:        1.00 GB reserved,       8.06 MB ( <1%) committed,  1 nodes.
             Both:        1.07 GB reserved,      77.88 MB (  7%) committed. 

Chunk freelists:
   Non-Class:  1.69 MB
       Class:  3.93 MB
        Both:  5.62 MB

MaxMetaspaceSize: unlimited
CompressedClassSpaceSize: 1.00 GB
Initial GC threshold: 21.00 MB
Current GC threshold: 129.62 MB
CDS: off
MetaspaceReclaimPolicy: balanced
 - commit_granule_bytes: 65536.
 - commit_granule_words: 8192.
 - virtual_space_node_default_size: 1048576.
 - enlarge_chunks_in_place: 1.
 - new_chunks_are_fully_committed: 0.
 - uncommit_free_chunks: 1.
 - use_allocation_guard: 0.
 - handle_deallocations: 1.


Internal statistics:

num_allocs_failed_limit: 9.
num_arena_births: 586.
num_arena_deaths: 82.
num_vsnodes_births: 10.
num_vsnodes_deaths: 0.
num_space_committed: 1246.
num_space_uncommitted: 0.
num_chunks_returned_to_freelist: 102.
num_chunks_taken_from_freelist: 3595.
num_chunk_merges: 33.
num_chunk_splits: 2281.
num_chunks_enlarged: 1417.
num_purges: 10.
num_inconsistent_stats: 0.

CodeHeap 'non-profiled nmethods': size=120000Kb used=16240Kb max_used=16240Kb free=103759Kb
 bounds [0x00000167b4600000, 0x00000167b55e0000, 0x00000167bbb30000]
CodeHeap 'profiled nmethods': size=120000Kb used=29658Kb max_used=29801Kb free=90341Kb
 bounds [0x00000167ad0d0000, 0x00000167aee10000, 0x00000167b4600000]
CodeHeap 'non-nmethods': size=5760Kb used=1401Kb max_used=1480Kb free=4358Kb
 bounds [0x00000167acb30000, 0x00000167acda0000, 0x00000167ad0d0000]
 total_blobs=14408 nmethods=13660 adapters=661
 compilation: enabled
              stopped_count=0, restarted_count=0
 full_count=0

Compilation events (20 events):
Event: 1325.082 Thread 0x00000167be474360 nmethod 18240 0x00000167b55d0490 code [0x00000167b55d0760, 0x00000167b55d2158]
Event: 1325.082 Thread 0x00000167be474360 18248       4       org.eclipse.jdt.internal.compiler.ast.TypeDeclaration::checkConstructors (170 bytes)
Event: 1325.087 Thread 0x00000167be474360 nmethod 18248 0x00000167b55d3390 code [0x00000167b55d3520, 0x00000167b55d37d8]
Event: 1325.129 Thread 0x00000167be474360 18249       4       org.eclipse.jdt.internal.compiler.lookup.ReferenceBinding::computeId (3044 bytes)
Event: 1325.180 Thread 0x00000167be474d10 18250       3       org.eclipse.jdt.internal.core.CompilationUnit::getPackageDeclarations (23 bytes)
Event: 1325.180 Thread 0x00000167be474d10 nmethod 18250 0x00000167ade63e90 code [0x00000167ade64040, 0x00000167ade643f8]
Event: 1325.191 Thread 0x00000167be474d10 18251       3       org.eclipse.jdt.internal.core.SourceType::getClassFile (5 bytes)
Event: 1325.191 Thread 0x00000167be474d10 nmethod 18251 0x00000167adceb290 code [0x00000167adceb420, 0x00000167adceb618]
Event: 1325.276 Thread 0x00000167be474360 nmethod 18249 0x00000167b55d3990 code [0x00000167b55d3d60, 0x00000167b55d7888]
Event: 1325.280 Thread 0x00000167be474360 18252       4       org.eclipse.osgi.internal.log.LoggerImpl::getLocation (66 bytes)
Event: 1325.293 Thread 0x00000167be474360 nmethod 18252 0x00000167b55d8290 code [0x00000167b55d8440, 0x00000167b55d8798]
Event: 1325.303 Thread 0x00000167be474d10 18253       3       org.eclipse.jdt.internal.codeassist.complete.CompletionParser::consumeMethodHeaderExtendedDims (175 bytes)
Event: 1325.305 Thread 0x00000167be474d10 nmethod 18253 0x00000167ae03c310 code [0x00000167ae03c540, 0x00000167ae03cf58]
Event: 1325.305 Thread 0x00000167be474d10 18254       3       org.eclipse.jdt.internal.codeassist.complete.CompletionParser::consumeMethodHeader (12 bytes)
Event: 1325.305 Thread 0x00000167be474d10 nmethod 18254 0x00000167ae1f3990 code [0x00000167ae1f3b60, 0x00000167ae1f4068]
Event: 1325.321 Thread 0x00000167be474d10 18255       3       org.eclipse.jdt.core.dom.FieldAccess::setName (41 bytes)
Event: 1325.322 Thread 0x00000167be474d10 nmethod 18255 0x00000167ae7f2390 code [0x00000167ae7f2560, 0x00000167ae7f2828]
Event: 1325.331 Thread 0x00000167be474360 18256   !   4       org.eclipse.jdt.internal.core.CompilationUnit::getContents (229 bytes)
Event: 1325.434 Thread 0x00000167be474360 nmethod 18256 0x00000167b55d8b10 code [0x00000167b55d8de0, 0x00000167b55db110]
Event: 1325.544 Thread 0x00000167be474d10 18257       3       org.eclipse.jdt.internal.core.index.DiskIndex::writeCategoryTable (252 bytes)

GC Heap History (20 events):
Event: 1305.814 GC heap before
{Heap before GC invocations=5244 (full 113):
 PSYoungGen      total 21504K, used 21501K [0x00000000eab00000, 0x00000000ed780000, 0x0000000100000000)
  eden space 17408K, 100% used [0x00000000eab00000,0x00000000ebc00000,0x00000000ebc00000)
  from space 4096K, 99% used [0x00000000ec700000,0x00000000ecaff4a8,0x00000000ecb00000)
  to   space 11264K, 0% used [0x00000000ebc00000,0x00000000ebc00000,0x00000000ec700000)
 ParOldGen       total 201728K, used 103748K [0x00000000c0000000, 0x00000000cc500000, 0x00000000eab00000)
  object space 201728K, 51% used [0x00000000c0000000,0x00000000c6551260,0x00000000cc500000)
 Metaspace       used 78720K, committed 79744K, reserved 1122304K
  class space    used 7796K, committed 8256K, reserved 1048576K
}
Event: 1305.828 GC heap after
{Heap after GC invocations=5244 (full 113):
 PSYoungGen      total 23040K, used 5161K [0x00000000eab00000, 0x00000000eca00000, 0x0000000100000000)
  eden space 17408K, 0% used [0x00000000eab00000,0x00000000eab00000,0x00000000ebc00000)
  from space 5632K, 91% used [0x00000000ebc00000,0x00000000ec10a400,0x00000000ec180000)
  to   space 7168K, 0% used [0x00000000ec300000,0x00000000ec300000,0x00000000eca00000)
 ParOldGen       total 201728K, used 107376K [0x00000000c0000000, 0x00000000cc500000, 0x00000000eab00000)
  object space 201728K, 53% used [0x00000000c0000000,0x00000000c68dc3a0,0x00000000cc500000)
 Metaspace       used 78720K, committed 79744K, reserved 1122304K
  class space    used 7796K, committed 8256K, reserved 1048576K
}
Event: 1306.396 GC heap before
{Heap before GC invocations=5245 (full 113):
 PSYoungGen      total 23040K, used 20848K [0x00000000eab00000, 0x00000000eca00000, 0x0000000100000000)
  eden space 17408K, 90% used [0x00000000eab00000,0x00000000eba51ee8,0x00000000ebc00000)
  from space 5632K, 91% used [0x00000000ebc00000,0x00000000ec10a400,0x00000000ec180000)
  to   space 7168K, 0% used [0x00000000ec300000,0x00000000ec300000,0x00000000eca00000)
 ParOldGen       total 201728K, used 107376K [0x00000000c0000000, 0x00000000cc500000, 0x00000000eab00000)
  object space 201728K, 53% used [0x00000000c0000000,0x00000000c68dc3a0,0x00000000cc500000)
 Metaspace       used 78721K, committed 79744K, reserved 1122304K
  class space    used 7796K, committed 8256K, reserved 1048576K
}
Event: 1306.407 GC heap after
{Heap after GC invocations=5245 (full 113):
 PSYoungGen      total 18944K, used 1275K [0x00000000eab00000, 0x00000000ec480000, 0x0000000100000000)
  eden space 17408K, 0% used [0x00000000eab00000,0x00000000eab00000,0x00000000ebc00000)
  from space 1536K, 83% used [0x00000000ec300000,0x00000000ec43ef90,0x00000000ec480000)
  to   space 3072K, 0% used [0x00000000ebe80000,0x00000000ebe80000,0x00000000ec180000)
 ParOldGen       total 201728K, used 112394K [0x00000000c0000000, 0x00000000cc500000, 0x00000000eab00000)
  object space 201728K, 55% used [0x00000000c0000000,0x00000000c6dc2820,0x00000000cc500000)
 Metaspace       used 78721K, committed 79744K, reserved 1122304K
  class space    used 7796K, committed 8256K, reserved 1048576K
}
Event: 1308.075 GC heap before
{Heap before GC invocations=5246 (full 113):
 PSYoungGen      total 18944K, used 18683K [0x00000000eab00000, 0x00000000ec480000, 0x0000000100000000)
  eden space 17408K, 100% used [0x00000000eab00000,0x00000000ebc00000,0x00000000ebc00000)
  from space 1536K, 83% used [0x00000000ec300000,0x00000000ec43ef90,0x00000000ec480000)
  to   space 3072K, 0% used [0x00000000ebe80000,0x00000000ebe80000,0x00000000ec180000)
 ParOldGen       total 201728K, used 112394K [0x00000000c0000000, 0x00000000cc500000, 0x00000000eab00000)
  object space 201728K, 55% used [0x00000000c0000000,0x00000000c6dc2820,0x00000000cc500000)
 Metaspace       used 78721K, committed 79744K, reserved 1122304K
  class space    used 7796K, committed 8256K, reserved 1048576K
}
Event: 1308.081 GC heap after
{Heap after GC invocations=5246 (full 113):
 PSYoungGen      total 20480K, used 3058K [0x00000000eab00000, 0x00000000ec800000, 0x0000000100000000)
  eden space 17408K, 0% used [0x00000000eab00000,0x00000000eab00000,0x00000000ebc00000)
  from space 3072K, 99% used [0x00000000ebe80000,0x00000000ec17cae8,0x00000000ec180000)
  to   space 6144K, 0% used [0x00000000ec200000,0x00000000ec200000,0x00000000ec800000)
 ParOldGen       total 201728K, used 114355K [0x00000000c0000000, 0x00000000cc500000, 0x00000000eab00000)
  object space 201728K, 56% used [0x00000000c0000000,0x00000000c6facc40,0x00000000cc500000)
 Metaspace       used 78721K, committed 79744K, reserved 1122304K
  class space    used 7796K, committed 8256K, reserved 1048576K
}
Event: 1312.430 GC heap before
{Heap before GC invocations=5247 (full 113):
 PSYoungGen      total 20480K, used 20466K [0x00000000eab00000, 0x00000000ec800000, 0x0000000100000000)
  eden space 17408K, 100% used [0x00000000eab00000,0x00000000ebc00000,0x00000000ebc00000)
  from space 3072K, 99% used [0x00000000ebe80000,0x00000000ec17cae8,0x00000000ec180000)
  to   space 6144K, 0% used [0x00000000ec200000,0x00000000ec200000,0x00000000ec800000)
 ParOldGen       total 201728K, used 114355K [0x00000000c0000000, 0x00000000cc500000, 0x00000000eab00000)
  object space 201728K, 56% used [0x00000000c0000000,0x00000000c6facc40,0x00000000cc500000)
 Metaspace       used 78739K, committed 79744K, reserved 1122304K
  class space    used 7797K, committed 8256K, reserved 1048576K
}
Event: 1312.435 GC heap after
{Heap after GC invocations=5247 (full 113):
 PSYoungGen      total 20480K, used 3050K [0x00000000eab00000, 0x00000000ec500000, 0x0000000100000000)
  eden space 17408K, 0% used [0x00000000eab00000,0x00000000eab00000,0x00000000ebc00000)
  from space 3072K, 99% used [0x00000000ec200000,0x00000000ec4fabe8,0x00000000ec500000)
  to   space 4096K, 0% used [0x00000000ebd00000,0x00000000ebd00000,0x00000000ec100000)
 ParOldGen       total 201728K, used 114995K [0x00000000c0000000, 0x00000000cc500000, 0x00000000eab00000)
  object space 201728K, 57% used [0x00000000c0000000,0x00000000c704cc50,0x00000000cc500000)
 Metaspace       used 78739K, committed 79744K, reserved 1122304K
  class space    used 7797K, committed 8256K, reserved 1048576K
}
Event: 1321.186 GC heap before
{Heap before GC invocations=5248 (full 113):
 PSYoungGen      total 20480K, used 20458K [0x00000000eab00000, 0x00000000ec500000, 0x0000000100000000)
  eden space 17408K, 100% used [0x00000000eab00000,0x00000000ebc00000,0x00000000ebc00000)
  from space 3072K, 99% used [0x00000000ec200000,0x00000000ec4fabe8,0x00000000ec500000)
  to   space 4096K, 0% used [0x00000000ebd00000,0x00000000ebd00000,0x00000000ec100000)
 ParOldGen       total 201728K, used 114995K [0x00000000c0000000, 0x00000000cc500000, 0x00000000eab00000)
  object space 201728K, 57% used [0x00000000c0000000,0x00000000c704cc50,0x00000000cc500000)
 Metaspace       used 78747K, committed 79744K, reserved 1122304K
  class space    used 7797K, committed 8256K, reserved 1048576K
}
Event: 1321.189 GC heap after
{Heap after GC invocations=5248 (full 113):
 PSYoungGen      total 19456K, used 1593K [0x00000000eab00000, 0x00000000ec280000, 0x0000000100000000)
  eden space 17408K, 0% used [0x00000000eab00000,0x00000000eab00000,0x00000000ebc00000)
  from space 2048K, 77% used [0x00000000ebd00000,0x00000000ebe8e410,0x00000000ebf00000)
  to   space 2560K, 0% used [0x00000000ec000000,0x00000000ec000000,0x00000000ec280000)
 ParOldGen       total 201728K, used 114995K [0x00000000c0000000, 0x00000000cc500000, 0x00000000eab00000)
  object space 201728K, 57% used [0x00000000c0000000,0x00000000c704cc50,0x00000000cc500000)
 Metaspace       used 78747K, committed 79744K, reserved 1122304K
  class space    used 7797K, committed 8256K, reserved 1048576K
}
Event: 1322.234 GC heap before
{Heap before GC invocations=5249 (full 113):
 PSYoungGen      total 19456K, used 17892K [0x00000000eab00000, 0x00000000ec280000, 0x0000000100000000)
  eden space 17408K, 93% used [0x00000000eab00000,0x00000000ebaeafb0,0x00000000ebc00000)
  from space 2048K, 77% used [0x00000000ebd00000,0x00000000ebe8e410,0x00000000ebf00000)
  to   space 2560K, 0% used [0x00000000ec000000,0x00000000ec000000,0x00000000ec280000)
 ParOldGen       total 201728K, used 114995K [0x00000000c0000000, 0x00000000cc500000, 0x00000000eab00000)
  object space 201728K, 57% used [0x00000000c0000000,0x00000000c704cc50,0x00000000cc500000)
 Metaspace       used 78751K, committed 79744K, reserved 1122304K
  class space    used 7797K, committed 8256K, reserved 1048576K
}
Event: 1322.237 GC heap after
{Heap after GC invocations=5249 (full 113):
 PSYoungGen      total 18432K, used 922K [0x00000000eab00000, 0x00000000ec100000, 0x0000000100000000)
  eden space 17408K, 0% used [0x00000000eab00000,0x00000000eab00000,0x00000000ebc00000)
  from space 1024K, 90% used [0x00000000ec000000,0x00000000ec0e6aa0,0x00000000ec100000)
  to   space 1536K, 0% used [0x00000000ebe00000,0x00000000ebe00000,0x00000000ebf80000)
 ParOldGen       total 201728K, used 114995K [0x00000000c0000000, 0x00000000cc500000, 0x00000000eab00000)
  object space 201728K, 57% used [0x00000000c0000000,0x00000000c704cc50,0x00000000cc500000)
 Metaspace       used 78751K, committed 79744K, reserved 1122304K
  class space    used 7797K, committed 8256K, reserved 1048576K
}
Event: 1322.602 GC heap before
{Heap before GC invocations=5250 (full 113):
 PSYoungGen      total 18432K, used 18330K [0x00000000eab00000, 0x00000000ec100000, 0x0000000100000000)
  eden space 17408K, 100% used [0x00000000eab00000,0x00000000ebc00000,0x00000000ebc00000)
  from space 1024K, 90% used [0x00000000ec000000,0x00000000ec0e6aa0,0x00000000ec100000)
  to   space 1536K, 0% used [0x00000000ebe00000,0x00000000ebe00000,0x00000000ebf80000)
 ParOldGen       total 201728K, used 114995K [0x00000000c0000000, 0x00000000cc500000, 0x00000000eab00000)
  object space 201728K, 57% used [0x00000000c0000000,0x00000000c704cc50,0x00000000cc500000)
 Metaspace       used 78751K, committed 79744K, reserved 1122304K
  class space    used 7797K, committed 8256K, reserved 1048576K
}
Event: 1322.605 GC heap after
{Heap after GC invocations=5250 (full 113):
 PSYoungGen      total 18944K, used 1362K [0x00000000eab00000, 0x00000000ec080000, 0x0000000100000000)
  eden space 17408K, 0% used [0x00000000eab00000,0x00000000eab00000,0x00000000ebc00000)
  from space 1536K, 88% used [0x00000000ebe00000,0x00000000ebf54820,0x00000000ebf80000)
  to   space 1024K, 0% used [0x00000000ebf80000,0x00000000ebf80000,0x00000000ec080000)
 ParOldGen       total 201728K, used 114995K [0x00000000c0000000, 0x00000000cc500000, 0x00000000eab00000)
  object space 201728K, 57% used [0x00000000c0000000,0x00000000c704cc50,0x00000000cc500000)
 Metaspace       used 78751K, committed 79744K, reserved 1122304K
  class space    used 7797K, committed 8256K, reserved 1048576K
}
Event: 1324.940 GC heap before
{Heap before GC invocations=5251 (full 113):
 PSYoungGen      total 18944K, used 18221K [0x00000000eab00000, 0x00000000ec080000, 0x0000000100000000)
  eden space 17408K, 96% used [0x00000000eab00000,0x00000000ebb76d50,0x00000000ebc00000)
  from space 1536K, 88% used [0x00000000ebe00000,0x00000000ebf54820,0x00000000ebf80000)
  to   space 1024K, 0% used [0x00000000ebf80000,0x00000000ebf80000,0x00000000ec080000)
 ParOldGen       total 201728K, used 114995K [0x00000000c0000000, 0x00000000cc500000, 0x00000000eab00000)
  object space 201728K, 57% used [0x00000000c0000000,0x00000000c704cc50,0x00000000cc500000)
 Metaspace       used 78758K, committed 79744K, reserved 1122304K
  class space    used 7797K, committed 8256K, reserved 1048576K
}
Event: 1324.943 GC heap after
{Heap after GC invocations=5251 (full 113):
 PSYoungGen      total 18432K, used 1023K [0x00000000eab00000, 0x00000000ec080000, 0x0000000100000000)
  eden space 17408K, 0% used [0x00000000eab00000,0x00000000eab00000,0x00000000ebc00000)
  from space 1024K, 99% used [0x00000000ebf80000,0x00000000ec07fc90,0x00000000ec080000)
  to   space 1536K, 0% used [0x00000000ebd80000,0x00000000ebd80000,0x00000000ebf00000)
 ParOldGen       total 201728K, used 115107K [0x00000000c0000000, 0x00000000cc500000, 0x00000000eab00000)
  object space 201728K, 57% used [0x00000000c0000000,0x00000000c7068c90,0x00000000cc500000)
 Metaspace       used 78758K, committed 79744K, reserved 1122304K
  class space    used 7797K, committed 8256K, reserved 1048576K
}
Event: 1325.037 GC heap before
{Heap before GC invocations=5252 (full 113):
 PSYoungGen      total 18432K, used 18132K [0x00000000eab00000, 0x00000000ec080000, 0x0000000100000000)
  eden space 17408K, 98% used [0x00000000eab00000,0x00000000ebbb56c8,0x00000000ebc00000)
  from space 1024K, 99% used [0x00000000ebf80000,0x00000000ec07fc90,0x00000000ec080000)
  to   space 1536K, 0% used [0x00000000ebd80000,0x00000000ebd80000,0x00000000ebf00000)
 ParOldGen       total 201728K, used 115107K [0x00000000c0000000, 0x00000000cc500000, 0x00000000eab00000)
  object space 201728K, 57% used [0x00000000c0000000,0x00000000c7068c90,0x00000000cc500000)
 Metaspace       used 78758K, committed 79744K, reserved 1122304K
  class space    used 7797K, committed 8256K, reserved 1048576K
}
Event: 1325.049 GC heap after
{Heap after GC invocations=5252 (full 113):
 PSYoungGen      total 18944K, used 1529K [0x00000000eab00000, 0x00000000ed500000, 0x0000000100000000)
  eden space 17408K, 0% used [0x00000000eab00000,0x00000000eab00000,0x00000000ebc00000)
  from space 1536K, 99% used [0x00000000ebd80000,0x00000000ebefe6c8,0x00000000ebf00000)
  to   space 12800K, 0% used [0x00000000ec880000,0x00000000ec880000,0x00000000ed500000)
 ParOldGen       total 201728K, used 124425K [0x00000000c0000000, 0x00000000cc500000, 0x00000000eab00000)
  object space 201728K, 61% used [0x00000000c0000000,0x00000000c79824d8,0x00000000cc500000)
 Metaspace       used 78758K, committed 79744K, reserved 1122304K
  class space    used 7797K, committed 8256K, reserved 1048576K
}
Event: 1325.254 GC heap before
{Heap before GC invocations=5253 (full 113):
 PSYoungGen      total 18944K, used 18937K [0x00000000eab00000, 0x00000000ed500000, 0x0000000100000000)
  eden space 17408K, 100% used [0x00000000eab00000,0x00000000ebc00000,0x00000000ebc00000)
  from space 1536K, 99% used [0x00000000ebd80000,0x00000000ebefe6c8,0x00000000ebf00000)
  to   space 12800K, 0% used [0x00000000ec880000,0x00000000ec880000,0x00000000ed500000)
 ParOldGen       total 201728K, used 124425K [0x00000000c0000000, 0x00000000cc500000, 0x00000000eab00000)
  object space 201728K, 61% used [0x00000000c0000000,0x00000000c79824d8,0x00000000cc500000)
 Metaspace       used 78765K, committed 79744K, reserved 1122304K
  class space    used 7797K, committed 8256K, reserved 1048576K
}
Event: 1325.263 GC heap after
{Heap after GC invocations=5253 (full 113):
 PSYoungGen      total 20992K, used 3262K [0x00000000eab00000, 0x00000000ecc00000, 0x0000000100000000)
  eden space 17408K, 0% used [0x00000000eab00000,0x00000000eab00000,0x00000000ebc00000)
  from space 3584K, 91% used [0x00000000ec880000,0x00000000ecbafb10,0x00000000ecc00000)
  to   space 6144K, 0% used [0x00000000ec000000,0x00000000ec000000,0x00000000ec600000)
 ParOldGen       total 201728K, used 124457K [0x00000000c0000000, 0x00000000cc500000, 0x00000000eab00000)
  object space 201728K, 61% used [0x00000000c0000000,0x00000000c798a4d8,0x00000000cc500000)
 Metaspace       used 78765K, committed 79744K, reserved 1122304K
  class space    used 7797K, committed 8256K, reserved 1048576K
}

Deoptimization events (20 events):
Event: 1324.961 Thread 0x00000167c5bf0d50 DEOPT PACKING pc=0x00000167ae52370b sp=0x0000005df68fc640
Event: 1324.961 Thread 0x00000167c5bf0d50 DEOPT UNPACKING pc=0x00000167acb82824 sp=0x0000005df68fbb28 mode 0
Event: 1324.970 Thread 0x00000167c5bf0d50 DEOPT PACKING pc=0x00000167ae52370b sp=0x0000005df68fc640
Event: 1324.970 Thread 0x00000167c5bf0d50 DEOPT UNPACKING pc=0x00000167acb82824 sp=0x0000005df68fbb28 mode 0
Event: 1324.975 Thread 0x00000167c5bf0d50 DEOPT PACKING pc=0x00000167ae52370b sp=0x0000005df68fc640
Event: 1324.975 Thread 0x00000167c5bf0d50 DEOPT UNPACKING pc=0x00000167acb82824 sp=0x0000005df68fbb28 mode 0
Event: 1325.004 Thread 0x00000167c5bf0d50 DEOPT PACKING pc=0x00000167ae52370b sp=0x0000005df68fd0b0
Event: 1325.004 Thread 0x00000167c5bf0d50 DEOPT UNPACKING pc=0x00000167acb82824 sp=0x0000005df68fc598 mode 0
Event: 1325.159 Thread 0x00000167c5bf5a50 Uncommon trap: trap_request=0xffffffde fr.pc=0x00000167b5448734 relative=0x0000000000001614
Event: 1325.159 Thread 0x00000167c5bf5a50 Uncommon trap: reason=class_check action=maybe_recompile pc=0x00000167b5448734 method=org.eclipse.jdt.internal.compiler.ast.FieldDeclaration.resolve(Lorg/eclipse/jdt/internal/compiler/lookup/MethodScope;)V @ 365 c2
Event: 1325.159 Thread 0x00000167c5bf5a50 DEOPT PACKING pc=0x00000167b5448734 sp=0x0000005df6cfe1f0
Event: 1325.159 Thread 0x00000167c5bf5a50 DEOPT UNPACKING pc=0x00000167acb8209d sp=0x0000005df6cfe1b8 mode 2
Event: 1325.303 Thread 0x00000167c5bf5a50 Uncommon trap: trap_request=0xffffff45 fr.pc=0x00000167b54a7034 relative=0x0000000000001f74
Event: 1325.303 Thread 0x00000167c5bf5a50 Uncommon trap: reason=unstable_if action=reinterpret pc=0x00000167b54a7034 method=org.eclipse.jdt.internal.compiler.lookup.CompilationUnitScope.buildTypeBindings(Lorg/eclipse/jdt/internal/compiler/env/AccessRestriction;)V @ 534 c2
Event: 1325.303 Thread 0x00000167c5bf5a50 DEOPT PACKING pc=0x00000167b54a7034 sp=0x0000005df6cfe2b0
Event: 1325.303 Thread 0x00000167c5bf5a50 DEOPT UNPACKING pc=0x00000167acb8209d sp=0x0000005df6cfe2a0 mode 2
Event: 1325.538 Thread 0x00000167c5bf38a0 Uncommon trap: trap_request=0xffffff45 fr.pc=0x00000167b4d5b058 relative=0x0000000000000bb8
Event: 1325.538 Thread 0x00000167c5bf38a0 Uncommon trap: reason=unstable_if action=reinterpret pc=0x00000167b4d5b058 method=org.eclipse.jdt.internal.core.index.DiskIndex.writeStreamChars(Ljava/io/FileOutputStream;[C)V @ 9 c2
Event: 1325.538 Thread 0x00000167c5bf38a0 DEOPT PACKING pc=0x00000167b4d5b058 sp=0x0000005df6bff0e0
Event: 1325.538 Thread 0x00000167c5bf38a0 DEOPT UNPACKING pc=0x00000167acb8209d sp=0x0000005df6bfefe0 mode 2

Classes unloaded (20 events):
Event: 1008.093 Thread 0x00000167be41c650 Unloading class 0x0000000100421000 'java/lang/invoke/LambdaForm$MH+0x0000000100421000'
Event: 1008.093 Thread 0x00000167be41c650 Unloading class 0x0000000100420c00 'java/lang/invoke/LambdaForm$MH+0x0000000100420c00'
Event: 1008.093 Thread 0x00000167be41c650 Unloading class 0x0000000100420400 'jdk/internal/reflect/GeneratedConstructorAccessor13'
Event: 1008.093 Thread 0x00000167be41c650 Unloading class 0x00000001003ca000 'java/lang/invoke/LambdaForm$DMH+0x00000001003ca000'
Event: 1008.093 Thread 0x00000167be41c650 Unloading class 0x00000001003b9000 'java/lang/invoke/LambdaForm$DMH+0x00000001003b9000'
Event: 1008.094 Thread 0x00000167be41c650 Unloading class 0x000000010019c800 'java/lang/invoke/LambdaForm$MH+0x000000010019c800'
Event: 1008.094 Thread 0x00000167be41c650 Unloading class 0x000000010019c000 'java/lang/invoke/LambdaForm$MH+0x000000010019c000'
Event: 1008.094 Thread 0x00000167be41c650 Unloading class 0x000000010019bc00 'java/lang/invoke/LambdaForm$MH+0x000000010019bc00'
Event: 1008.094 Thread 0x00000167be41c650 Unloading class 0x000000010019b800 'java/lang/invoke/LambdaForm$MH+0x000000010019b800'
Event: 1008.094 Thread 0x00000167be41c650 Unloading class 0x000000010019b000 'java/lang/invoke/LambdaForm$MH+0x000000010019b000'
Event: 1008.094 Thread 0x00000167be41c650 Unloading class 0x000000010019ac00 'java/lang/invoke/LambdaForm$MH+0x000000010019ac00'
Event: 1008.094 Thread 0x00000167be41c650 Unloading class 0x000000010019a800 'java/lang/invoke/LambdaForm$MH+0x000000010019a800'
Event: 1008.094 Thread 0x00000167be41c650 Unloading class 0x000000010019a000 'java/lang/invoke/LambdaForm$MH+0x000000010019a000'
Event: 1052.141 Thread 0x00000167be41c650 Unloading class 0x0000000100420800 'java/lang/invoke/LambdaForm$MH+0x0000000100420800'
Event: 1052.141 Thread 0x00000167be41c650 Unloading class 0x000000010035d800 'java/lang/invoke/LambdaForm$MH+0x000000010035d800'
Event: 1052.141 Thread 0x00000167be41c650 Unloading class 0x000000010035d400 'java/lang/invoke/LambdaForm$MH+0x000000010035d400'
Event: 1052.141 Thread 0x00000167be41c650 Unloading class 0x000000010035d000 'java/lang/invoke/LambdaForm$MH+0x000000010035d000'
Event: 1052.141 Thread 0x00000167be41c650 Unloading class 0x000000010035cc00 'java/lang/invoke/LambdaForm$MH+0x000000010035cc00'
Event: 1052.141 Thread 0x00000167be41c650 Unloading class 0x000000010035c800 'java/lang/invoke/LambdaForm$MH+0x000000010035c800'
Event: 1052.141 Thread 0x00000167be41c650 Unloading class 0x000000010035c400 'java/lang/invoke/LambdaForm$MH+0x000000010035c400'

Classes redefined (0 events):
No events

Internal exceptions (20 events):
Event: 1229.767 Thread 0x00000167c4994ca0 Exception <a 'java/lang/ArrayIndexOutOfBoundsException'{0x00000000eaf50f38}> (0x00000000eaf50f38) 
thrown [e:\jenkins\tmp\workspace\build\src\src\hotspot\share\runtime\sharedRuntime.cpp, line 628]
Event: 1229.943 Thread 0x00000167c5bf38a0 Exception <a 'sun/nio/fs/WindowsException'{0x00000000eab04410}> (0x00000000eab04410) 
thrown [e:\jenkins\tmp\workspace\build\src\src\hotspot\share\prims\jni.cpp, line 516]
Event: 1241.110 Thread 0x00000167c5bf38a0 Exception <a 'sun/nio/fs/WindowsException'{0x00000000eab66a48}> (0x00000000eab66a48) 
thrown [e:\jenkins\tmp\workspace\build\src\src\hotspot\share\prims\jni.cpp, line 516]
Event: 1243.418 Thread 0x00000167c5bf38a0 Exception <a 'sun/nio/fs/WindowsException'{0x00000000eab45b40}> (0x00000000eab45b40) 
thrown [e:\jenkins\tmp\workspace\build\src\src\hotspot\share\prims\jni.cpp, line 516]
Event: 1252.885 Thread 0x00000167c5bf38a0 Exception <a 'sun/nio/fs/WindowsException'{0x00000000eb676568}> (0x00000000eb676568) 
thrown [e:\jenkins\tmp\workspace\build\src\src\hotspot\share\prims\jni.cpp, line 516]
Event: 1254.586 Thread 0x00000167c5bf38a0 Exception <a 'sun/nio/fs/WindowsException'{0x00000000eb2093a8}> (0x00000000eb2093a8) 
thrown [e:\jenkins\tmp\workspace\build\src\src\hotspot\share\prims\jni.cpp, line 516]
Event: 1261.259 Thread 0x00000167c5bf38a0 Exception <a 'sun/nio/fs/WindowsException'{0x00000000ead2c648}> (0x00000000ead2c648) 
thrown [e:\jenkins\tmp\workspace\build\src\src\hotspot\share\prims\jni.cpp, line 516]
Event: 1263.329 Thread 0x00000167c5bf38a0 Exception <a 'sun/nio/fs/WindowsException'{0x00000000ead18d00}> (0x00000000ead18d00) 
thrown [e:\jenkins\tmp\workspace\build\src\src\hotspot\share\prims\jni.cpp, line 516]
Event: 1281.501 Thread 0x00000167c4995b10 Implicit null exception at 0x00000167b4de2a80 to 0x00000167b4de7698
Event: 1281.501 Thread 0x00000167c4995b10 Implicit null exception at 0x00000167b51183ed to 0x00000167b511b459
Event: 1281.501 Thread 0x00000167c4995b10 Implicit null exception at 0x00000167b524132c to 0x00000167b524437f
Event: 1281.648 Thread 0x00000167c5bf38a0 Exception <a 'sun/nio/fs/WindowsException'{0x00000000eaf6a8d8}> (0x00000000eaf6a8d8) 
thrown [e:\jenkins\tmp\workspace\build\src\src\hotspot\share\prims\jni.cpp, line 516]
Event: 1283.042 Thread 0x00000167c5bf38a0 Exception <a 'sun/nio/fs/WindowsException'{0x00000000ead367b8}> (0x00000000ead367b8) 
thrown [e:\jenkins\tmp\workspace\build\src\src\hotspot\share\prims\jni.cpp, line 516]
Event: 1293.417 Thread 0x00000167c5bf38a0 Exception <a 'sun/nio/fs/WindowsException'{0x00000000eab00b00}> (0x00000000eab00b00) 
thrown [e:\jenkins\tmp\workspace\build\src\src\hotspot\share\prims\jni.cpp, line 516]
Event: 1295.081 Thread 0x00000167c5bf38a0 Exception <a 'sun/nio/fs/WindowsException'{0x00000000eacd1128}> (0x00000000eacd1128) 
thrown [e:\jenkins\tmp\workspace\build\src\src\hotspot\share\prims\jni.cpp, line 516]
Event: 1303.860 Thread 0x00000167c5bf38a0 Exception <a 'sun/nio/fs/WindowsException'{0x00000000eb2a7a70}> (0x00000000eb2a7a70) 
thrown [e:\jenkins\tmp\workspace\build\src\src\hotspot\share\prims\jni.cpp, line 516]
Event: 1304.427 Thread 0x00000167c5bf3d70 Implicit null exception at 0x00000167b4f880ac to 0x00000167b4f88978
Event: 1304.427 Thread 0x00000167c5bf3d70 Implicit null exception at 0x00000167b4a7cc65 to 0x00000167b4a800b8
Event: 1305.868 Thread 0x00000167c5bf38a0 Exception <a 'sun/nio/fs/WindowsException'{0x00000000eace5ed0}> (0x00000000eace5ed0) 
thrown [e:\jenkins\tmp\workspace\build\src\src\hotspot\share\prims\jni.cpp, line 516]
Event: 1325.578 Thread 0x00000167c5bf38a0 Exception <a 'sun/nio/fs/WindowsException'{0x00000000eb75f718}> (0x00000000eb75f718) 
thrown [e:\jenkins\tmp\workspace\build\src\src\hotspot\share\prims\jni.cpp, line 516]

VM Operations (20 events):
Event: 1321.185 Executing VM operation: ParallelGCFailedAllocation
Event: 1321.195 Executing VM operation: ParallelGCFailedAllocation done
Event: 1322.195 Executing VM operation: Cleanup
Event: 1322.195 Executing VM operation: Cleanup done
Event: 1322.234 Executing VM operation: ParallelGCFailedAllocation
Event: 1322.237 Executing VM operation: ParallelGCFailedAllocation done
Event: 1322.602 Executing VM operation: ParallelGCFailedAllocation
Event: 1322.605 Executing VM operation: ParallelGCFailedAllocation done
Event: 1323.612 Executing VM operation: Cleanup
Event: 1323.613 Executing VM operation: Cleanup done
Event: 1324.622 Executing VM operation: Cleanup
Event: 1324.622 Executing VM operation: Cleanup done
Event: 1324.940 Executing VM operation: ParallelGCFailedAllocation
Event: 1324.943 Executing VM operation: ParallelGCFailedAllocation done
Event: 1325.036 Executing VM operation: ParallelGCFailedAllocation
Event: 1325.049 Executing VM operation: ParallelGCFailedAllocation done
Event: 1325.159 Executing VM operation: HandshakeAllThreads
Event: 1325.163 Executing VM operation: HandshakeAllThreads done
Event: 1325.254 Executing VM operation: ParallelGCFailedAllocation
Event: 1325.263 Executing VM operation: ParallelGCFailedAllocation done

Events (20 events):
Event: 1280.855 Thread 0x00000167bfdfc0d0 flushing nmethod 0x00000167ae89be90
Event: 1280.856 Thread 0x00000167bfdfc0d0 flushing nmethod 0x00000167ae9b8590
Event: 1280.857 Thread 0x00000167bfdfc0d0 flushing nmethod 0x00000167aea0b610
Event: 1282.044 Thread 0x00000167c5bf2090 Thread added: 0x00000167c5bf2090
Event: 1282.180 Thread 0x00000167c5bf2090 Thread exited: 0x00000167c5bf2090
Event: 1294.525 Thread 0x00000167c5bf2090 Thread added: 0x00000167c5bf2090
Event: 1294.722 Thread 0x00000167c5bf2090 Thread exited: 0x00000167c5bf2090
Event: 1304.312 Thread 0x00000167c5bf3d70 Thread added: 0x00000167c5bf3d70
Event: 1304.444 Thread 0x00000167c5bf3d70 Thread exited: 0x00000167c5bf3d70
Event: 1305.321 Thread 0x00000167c8162b40 Thread added: 0x00000167c8162b40
Event: 1306.079 Thread 0x00000167c8162b40 Thread exited: 0x00000167c8162b40
Event: 1325.177 Thread 0x00000167bfdfc0d0 flushing nmethod 0x00000167ad22bb90
Event: 1325.191 Thread 0x00000167bfdfc0d0 flushing nmethod 0x00000167adceb290
Event: 1325.191 Thread 0x00000167bfdfc0d0 flushing nmethod 0x00000167adcf7d10
Event: 1325.191 Thread 0x00000167bfdfc0d0 flushing nmethod 0x00000167add1c090
Event: 1325.193 Thread 0x00000167bfdfc0d0 flushing nmethod 0x00000167ade95610
Event: 1325.194 Thread 0x00000167bfdfc0d0 flushing nmethod 0x00000167adf94d90
Event: 1325.195 Thread 0x00000167bfdfc0d0 flushing nmethod 0x00000167ae03c310
Event: 1325.197 Thread 0x00000167bfdfc0d0 flushing nmethod 0x00000167ae1f3990
Event: 1325.206 Thread 0x00000167bfdfc0d0 flushing nmethod 0x00000167ae7f2390


Dynamic libraries:
0x00007ff638fb0000 - 0x00007ff638fbe000 	c:\Users\Артур\.vscode\extensions\redhat.java-1.9.0-win32-x64\jre\17.0.3-win32-x86_64\bin\java.exe
0x00007ffbafd90000 - 0x00007ffbaff88000 	C:\Windows\SYSTEM32\ntdll.dll
0x00007ffbae380000 - 0x00007ffbae43d000 	C:\Windows\System32\KERNEL32.DLL
0x00007ffbad710000 - 0x00007ffbad9de000 	C:\Windows\System32\KERNELBASE.dll
0x00007ffbadb40000 - 0x00007ffbadc40000 	C:\Windows\System32\ucrtbase.dll
0x00007ffb9ca60000 - 0x00007ffb9ca79000 	c:\Users\Артур\.vscode\extensions\redhat.java-1.9.0-win32-x64\jre\17.0.3-win32-x86_64\bin\VCRUNTIME140.dll
0x00007ffb9ca00000 - 0x00007ffb9ca18000 	c:\Users\Артур\.vscode\extensions\redhat.java-1.9.0-win32-x64\jre\17.0.3-win32-x86_64\bin\jli.dll
0x00007ffbae710000 - 0x00007ffbae8b0000 	C:\Windows\System32\USER32.dll
0x00007ffbaddc0000 - 0x00007ffbadde2000 	C:\Windows\System32\win32u.dll
0x00007ffbadea0000 - 0x00007ffbadeca000 	C:\Windows\System32\GDI32.dll
0x00007ffbadcb0000 - 0x00007ffbaddbb000 	C:\Windows\System32\gdi32full.dll
0x00007ffbad4b0000 - 0x00007ffbad54d000 	C:\Windows\System32\msvcp_win.dll
0x00007ffba1b40000 - 0x00007ffba1dda000 	C:\Windows\WinSxS\amd64_microsoft.windows.common-controls_6595b64144ccf1df_6.0.19041.1110_none_60b5254171f9507e\COMCTL32.dll
0x00007ffbadfa0000 - 0x00007ffbae03e000 	C:\Windows\System32\msvcrt.dll
0x00007ffbaf780000 - 0x00007ffbaf7b0000 	C:\Windows\System32\IMM32.DLL
0x00007ffba91d0000 - 0x00007ffba91dc000 	c:\Users\Артур\.vscode\extensions\redhat.java-1.9.0-win32-x64\jre\17.0.3-win32-x86_64\bin\vcruntime140_1.dll
0x00007ffb73250000 - 0x00007ffb732e1000 	c:\Users\Артур\.vscode\extensions\redhat.java-1.9.0-win32-x64\jre\17.0.3-win32-x86_64\bin\msvcp140.dll
0x00007ffb71690000 - 0x00007ffb722d8000 	c:\Users\Артур\.vscode\extensions\redhat.java-1.9.0-win32-x64\jre\17.0.3-win32-x86_64\bin\server\jvm.dll
0x00007ffbaea60000 - 0x00007ffbaeb0e000 	C:\Windows\System32\ADVAPI32.dll
0x00007ffbafcb0000 - 0x00007ffbafd4c000 	C:\Windows\System32\sechost.dll
0x00007ffbaeea0000 - 0x00007ffbaefc5000 	C:\Windows\System32\RPCRT4.dll
0x00007ffbafc20000 - 0x00007ffbafc28000 	C:\Windows\System32\PSAPI.DLL
0x00007ffba8ed0000 - 0x00007ffba8ed9000 	C:\Windows\SYSTEM32\WSOCK32.dll
0x00007ffbae0f0000 - 0x00007ffbae15b000 	C:\Windows\System32\WS2_32.dll
0x00007ffba2790000 - 0x00007ffba27b7000 	C:\Windows\SYSTEM32\WINMM.dll
0x00007ffba6960000 - 0x00007ffba696a000 	C:\Windows\SYSTEM32\VERSION.dll
0x00007ffbab3d0000 - 0x00007ffbab3e2000 	C:\Windows\SYSTEM32\kernel.appcore.dll
0x00007ffb9cae0000 - 0x00007ffb9caea000 	c:\Users\Артур\.vscode\extensions\redhat.java-1.9.0-win32-x64\jre\17.0.3-win32-x86_64\bin\jimage.dll
0x00007ffb9c470000 - 0x00007ffb9c654000 	C:\Windows\SYSTEM32\DBGHELP.DLL
0x00007ffb9c440000 - 0x00007ffb9c46c000 	C:\Windows\SYSTEM32\dbgcore.DLL
0x00007ffbad630000 - 0x00007ffbad6b2000 	C:\Windows\System32\bcryptPrimitives.dll
0x00007ffb9c960000 - 0x00007ffb9c96e000 	c:\Users\Артур\.vscode\extensions\redhat.java-1.9.0-win32-x64\jre\17.0.3-win32-x86_64\bin\instrument.dll
0x00007ffb9c9d0000 - 0x00007ffb9c9f5000 	c:\Users\Артур\.vscode\extensions\redhat.java-1.9.0-win32-x64\jre\17.0.3-win32-x86_64\bin\java.dll
0x00007ffb959e0000 - 0x00007ffb959f8000 	c:\Users\Артур\.vscode\extensions\redhat.java-1.9.0-win32-x64\jre\17.0.3-win32-x86_64\bin\zip.dll
0x00007ffbaefd0000 - 0x00007ffbaf714000 	C:\Windows\System32\SHELL32.dll
0x00007ffbab5d0000 - 0x00007ffbabd64000 	C:\Windows\SYSTEM32\windows.storage.dll
0x00007ffbaeb40000 - 0x00007ffbaee94000 	C:\Windows\System32\combase.dll
0x00007ffbacec0000 - 0x00007ffbacef0000 	C:\Windows\SYSTEM32\Wldp.dll
0x00007ffbaddf0000 - 0x00007ffbade9d000 	C:\Windows\System32\SHCORE.dll
0x00007ffbae530000 - 0x00007ffbae585000 	C:\Windows\System32\shlwapi.dll
0x00007ffbad3f0000 - 0x00007ffbad40f000 	C:\Windows\SYSTEM32\profapi.dll
0x00007ffb971f0000 - 0x00007ffb97209000 	C:\Users\Артур\.vscode\extensions\redhat.java-1.9.0-win32-x64\jre\17.0.3-win32-x86_64\bin\net.dll
0x00007ffba1520000 - 0x00007ffba162a000 	C:\Windows\SYSTEM32\WINHTTP.dll
0x00007ffbacbf0000 - 0x00007ffbacc5a000 	C:\Windows\system32\mswsock.dll
0x00007ffb96680000 - 0x00007ffb96695000 	C:\Users\Артур\.vscode\extensions\redhat.java-1.9.0-win32-x64\jre\17.0.3-win32-x86_64\bin\nio.dll
0x00007ffb9bc00000 - 0x00007ffb9bc10000 	c:\Users\Артур\.vscode\extensions\redhat.java-1.9.0-win32-x64\jre\17.0.3-win32-x86_64\bin\verify.dll
0x00007ffb94890000 - 0x00007ffb948ce000 	C:\Users\Артур\AppData\Roaming\Code\User\globalStorage\redhat.java\1.9.0\config_win\org.eclipse.equinox.launcher\org.eclipse.equinox.launcher.win32.win32.x86_64_1.2.500.v20220509-0833\eclipse_11700.dll
0x00007ffbae1c0000 - 0x00007ffbae2ea000 	C:\Windows\System32\ole32.dll
0x00007ffbacdf0000 - 0x00007ffbace08000 	C:\Windows\SYSTEM32\CRYPTSP.dll
0x00007ffbac520000 - 0x00007ffbac554000 	C:\Windows\system32\rsaenh.dll
0x00007ffbad550000 - 0x00007ffbad577000 	C:\Windows\System32\bcrypt.dll
0x00007ffbad3b0000 - 0x00007ffbad3de000 	C:\Windows\SYSTEM32\USERENV.dll
0x00007ffbace10000 - 0x00007ffbace1c000 	C:\Windows\SYSTEM32\CRYPTBASE.dll
0x00007ffbac8f0000 - 0x00007ffbac92b000 	C:\Windows\SYSTEM32\IPHLPAPI.DLL
0x00007ffbaeb30000 - 0x00007ffbaeb38000 	C:\Windows\System32\NSI.dll
0x00007ffba65f0000 - 0x00007ffba6607000 	C:\Windows\SYSTEM32\dhcpcsvc6.DLL
0x00007ffba65d0000 - 0x00007ffba65ed000 	C:\Windows\SYSTEM32\dhcpcsvc.DLL
0x00007ffbac930000 - 0x00007ffbac9fb000 	C:\Windows\SYSTEM32\DNSAPI.dll
0x00007ffb9b650000 - 0x00007ffb9b659000 	C:\Users\Артур\.vscode\extensions\redhat.java-1.9.0-win32-x64\jre\17.0.3-win32-x86_64\bin\management.dll
0x00007ffb9b450000 - 0x00007ffb9b45b000 	C:\Users\Артур\.vscode\extensions\redhat.java-1.9.0-win32-x64\jre\17.0.3-win32-x86_64\bin\management_ext.dll
0x00007ffb93c20000 - 0x00007ffb93c64000 	C:\Users\Артур\AppData\Local\Temp\jna-993956847\jna1986304859565804370.dll
0x00007ffb96670000 - 0x00007ffb9667e000 	C:\Users\Артур\.vscode\extensions\redhat.java-1.9.0-win32-x64\jre\17.0.3-win32-x86_64\bin\sunmscapi.dll
0x00007ffbad9e0000 - 0x00007ffbadb36000 	C:\Windows\System32\CRYPT32.dll
0x00007ffbacf80000 - 0x00007ffbacfa7000 	C:\Windows\SYSTEM32\ncrypt.dll
0x00007ffbacf40000 - 0x00007ffbacf7b000 	C:\Windows\SYSTEM32\NTASN1.dll
0x00007ffb9f6f0000 - 0x00007ffb9f6fa000 	C:\Windows\System32\rasadhlp.dll
0x00007ffb9e830000 - 0x00007ffb9e8b0000 	C:\Windows\System32\fwpuclnt.dll

dbghelp: loaded successfully - version: 4.0.5 - missing functions: none
symbol engine: initialized successfully - sym options: 0x614 - pdb path: .;c:\Users\Артур\.vscode\extensions\redhat.java-1.9.0-win32-x64\jre\17.0.3-win32-x86_64\bin;C:\Windows\SYSTEM32;C:\Windows\WinSxS\amd64_microsoft.windows.common-controls_6595b64144ccf1df_6.0.19041.1110_none_60b5254171f9507e;c:\Users\Артур\.vscode\extensions\redhat.java-1.9.0-win32-x64\jre\17.0.3-win32-x86_64\bin\server;C:\Users\Артур\AppData\Roaming\Code\User\globalStorage\redhat.java\1.9.0\config_win\org.eclipse.equinox.launcher\org.eclipse.equinox.launcher.win32.win32.x86_64_1.2.500.v20220509-0833;C:\Users\Артур\AppData\Local\Temp\jna-993956847

VM Arguments:
jvm_args: --add-modules=ALL-SYSTEM --add-opens=java.base/java.util=ALL-UNNAMED --add-opens=java.base/java.lang=ALL-UNNAMED --add-opens=java.base/sun.nio.fs=ALL-UNNAMED -Declipse.application=org.eclipse.jdt.ls.core.id1 -Dosgi.bundles.defaultStartLevel=4 -Declipse.product=org.eclipse.jdt.ls.core.product -Djava.import.generatesMetadataFilesAtProjectRoot=false -Dfile.encoding=utf8 -DwatchParentProcess=false -XX:+UseParallelGC -XX:GCTimeRatio=4 -XX:AdaptiveSizePolicyWeight=90 -Dsun.zip.disableMemoryMapping=true -Xmx1G -Xms100m -javaagent:c:\Users\Артур\.vscode\extensions\redhat.java-1.9.0-win32-x64\lombok\lombok-1.18.24.jar -XX:+HeapDumpOnOutOfMemoryError -XX:HeapDumpPath=c:\Users\Артур\AppData\Roaming\Code\User\workspaceStorage\5c1c60083b7b46aba082b4ca789630d8\redhat.java 
java_command: c:\Users\Артур\.vscode\extensions\redhat.java-1.9.0-win32-x64\server\plugins\org.eclipse.equinox.launcher_1.6.400.v20210924-0641.jar -configuration c:\Users\Артур\AppData\Roaming\Code\User\globalStorage\redhat.java\1.9.0\config_win -data c:\Users\Артур\AppData\Roaming\Code\User\workspaceStorage\5c1c60083b7b46aba082b4ca789630d8\redhat.java\jdt_ws
java_class_path (initial): c:\Users\Артур\.vscode\extensions\redhat.java-1.9.0-win32-x64\server\plugins\org.eclipse.equinox.launcher_1.6.400.v20210924-0641.jar
Launcher Type: SUN_STANDARD

[Global flags]
    uintx AdaptiveSizePolicyWeight                 = 90                                        {product} {command line}
     intx CICompilerCount                          = 3                                         {product} {ergonomic}
    uintx GCTimeRatio                              = 4                                         {product} {command line}
     bool HeapDumpOnOutOfMemoryError               = true                                   {manageable} {command line}
    ccstr HeapDumpPath                             = c:\Users\Артур\AppData\Roaming\Code\User\workspaceStorage\5c1c60083b7b46aba082b4ca789630d8\redhat.java         {manageable} {command line}
   size_t InitialHeapSize                          = 104857600                                 {product} {command line}
   size_t MaxHeapSize                              = 1073741824                                {product} {command line}
   size_t MaxNewSize                               = 357564416                                 {product} {ergonomic}
   size_t MinHeapDeltaBytes                        = 524288                                    {product} {ergonomic}
   size_t MinHeapSize                              = 104857600                                 {product} {command line}
   size_t NewSize                                  = 34603008                                  {product} {ergonomic}
    uintx NonNMethodCodeHeapSize                   = 5832780                                {pd product} {ergonomic}
    uintx NonProfiledCodeHeapSize                  = 122912730                              {pd product} {ergonomic}
   size_t OldSize                                  = 70254592                                  {product} {ergonomic}
    uintx ProfiledCodeHeapSize                     = 122912730                              {pd product} {ergonomic}
    uintx ReservedCodeCacheSize                    = 251658240                              {pd product} {ergonomic}
     bool SegmentedCodeCache                       = true                                      {product} {ergonomic}
   size_t SoftMaxHeapSize                          = 1073741824                             {manageable} {ergonomic}
     bool UseCompressedClassPointers               = true                           {product lp64_product} {ergonomic}
     bool UseCompressedOops                        = true                           {product lp64_product} {ergonomic}
     bool UseLargePagesIndividualAllocation        = false                                  {pd product} {ergonomic}
     bool UseParallelGC                            = true                                      {product} {command line}

Logging:
Log output configuration:
 #0: stdout all=warning uptime,level,tags
 #1: stderr all=off uptime,level,tags

Environment Variables:
JAVA_HOME=C:\Program Files\Java\jdk1.8.0_202
PATH=C:\Program Files (x86)\Common Files\Oracle\Java\javapath;C:\ProgramData\Oracle\Java\javapath;C:\Windows\system32;C:\Windows;C:\Windows\System32\Wbem;C:\Windows\System32\WindowsPowerShell\v1.0\;C:\Windows\System32\OpenSSH\;E:\Programs\Git\cmd;E:\Programs\nodejs\;C:\HaxeToolkit\haxe;C:\HaxeToolkit\neko;C:\Program Files\dotnet\;C:\Users\Артур\AppData\Local\Microsoft\WindowsApps;;E:\Programs\Microsoft VS Code\bin;C:\Users\Артур\AppData\Roaming\npm;E:\Programs\JetBrains\IntelliJ IDEA Community Edition 2022.1\bin;;C:\Users\Артур\.dotnet\tools
USERNAME=Артур
OS=Windows_NT
PROCESSOR_IDENTIFIER=Intel64 Family 6 Model 23 Stepping 10, GenuineIntel



---------------  S Y S T E M  ---------------

OS:
 Windows 10 , 64 bit Build 19041 (10.0.19041.1806)
OS uptime: 0 days 1:41 hours

CPU: total 4 (initial active 4) (4 cores per cpu, 1 threads per core) family 6 model 23 stepping 10 microcode 0xa0c, cx8, cmov, fxsr, mmx, sse, sse2, sse3, ssse3, sse4.1, tsc, clflush

Memory: 4k page, system-wide physical 4095M (513M free)
TotalPageFile size 12287M (AvailPageFile size 5636M)
current process WorkingSet (physical memory assigned to process): 432M, peak: 494M
current process commit charge ("private bytes"): 492M, peak: 532M

vm_info: OpenJDK 64-Bit Server VM (17.0.3+7) for windows-amd64 JRE (17.0.3+7), built on Apr 19 2022 16:55:35 by "" with MS VC++ 16.7 (VS2019)

END.
