#
# A fatal error has been detected by the Java Runtime Environment:
#
#  EXCEPTION_ACCESS_VIOLATION (0xc0000005) at pc=0x000000006618f7ba, pid=6152, tid=0x0000000000002078
#
# JRE version: Java(TM) SE Runtime Environment (8.0_202-b08) (build 1.8.0_202-b08)
# Java VM: Java HotSpot(TM) 64-Bit Server VM (25.202-b08 mixed mode windows-amd64 compressed oops)
# Problematic frame:
# V  [jvm.dll+0x4ff7ba]
#
# Failed to write core dump. Minidumps are not enabled by default on client versions of Windows
#
# If you would like to submit a bug report, please visit:
#   http://bugreport.java.com/bugreport/crash.jsp
#

---------------  T H R E A D  ---------------

Current thread (0x000000001a27d000):  JavaThread "C2 CompilerThread1" daemon [_thread_in_native, id=8312, stack(0x000000001ba00000,0x000000001bb00000)]

siginfo: ExceptionCode=0xc0000005, reading address 0xffffffffffffffff

Registers:
RAX=0x00000000205e36b0, RBX=0x00000000205e3668, RCX=0x0000000000000002, RDX=0x0000000000000002
RSP=0x000000001bafc248, RBP=0x00000000ffffffff, RSI=0x00000000205e36e0, RDI=0x0000000000000000
R8 =0x0000000000000000, R9 =0x000000001bafc710, R10=0x000000001e8e26c0, R11=0x000000006627a118
R12=0x000000001dd95aa0, R13=0x00000000205e3600, R14=0x00000000205e3460, R15=0x00000000205e3590
RIP=0x000000006618f7ba, EFLAGS=0x0000000000010246

Top of Stack: (sp=0x000000001bafc248)
0x000000001bafc248:   ffffffffffba2ebe 00000000205e3668
0x000000001bafc258:   000000001a2b20e0 000000001dd95aa0
0x000000001bafc268:   0000000065d7ddcb 00000000205e3460
0x000000001bafc278:   00000007004c7100 000000001a27d000
0x000000001bafc288:   00000000205e36a0 0000000000000000
0x000000001bafc298:   0000000000000000 00000000205e3650
0x000000001bafc2a8:   00000000000000c8 0000000000000002
0x000000001bafc2b8:   00000000205e3460 0000000020a71948
0x000000001bafc2c8:   000000006618f2bc 000000001bafeac0
0x000000001bafc2d8:   00000000205e36a0 0000000020be3a88
0x000000001bafc2e8:   0000000020a6cbb0 00000000205e3668
0x000000001bafc2f8:   00000000205e3460 00000000205e3650
0x000000001bafc308:   00000000205e3668 0000000000000000
0x000000001bafc318:   0000000065d7ddcb 00000000030149e0
0x000000001bafc328:   0000000000000005 000000001bafeac0
0x000000001bafc338:   0000000020be3a88 0000000000000000 

Instructions: (pc=0x000000006618f7ba)
0x000000006618f79a:   48 8b 43 18 48 89 34 c8 eb 16 ba 31 03 00 00 48
0x000000006618f7aa:   8d 0d c0 d9 17 00 e8 5b 91 d7 ff e8 a6 9e d9 ff
0x000000006618f7ba:   0f 28 74 24 40 48 8b 74 24 58 48 83 c4 60 5f 5d
0x000000006618f7ca:   5b c3 5d f7 4f 00 d0 f5 4f 00 f2 f6 4f 00 bd f4 


Register to memory mapping:

RAX=0x00000000205e36b0 is an unknown value
RBX=0x00000000205e3668 is an unknown value
RCX=0x0000000000000002 is an unknown value
RDX=0x0000000000000002 is an unknown value
RSP=0x000000001bafc248 is pointing into the stack for thread: 0x000000001a27d000
RBP=0x00000000ffffffff is an unknown value
RSI=0x00000000205e36e0 is an unknown value
RDI=0x0000000000000000 is an unknown value
R8 =0x0000000000000000 is an unknown value
R9 =0x000000001bafc710 is pointing into the stack for thread: 0x000000001a27d000
R10=0x000000001e8e26c0 is an unknown value
R11=0x000000006627a118 is an unknown value
R12=0x000000001dd95aa0 is an unknown value
R13=0x00000000205e3600 is an unknown value
R14=0x00000000205e3460 is an unknown value
R15=0x00000000205e3590 is an unknown value


Stack: [0x000000001ba00000,0x000000001bb00000],  sp=0x000000001bafc248,  free space=1008k
Native frames: (J=compiled Java code, j=interpreted, Vv=VM code, C=native code)
V  [jvm.dll+0x4ff7ba]
C  0x0000000020a71948


Current CompileTask:
C2: 470423 12512       4       org.gradle.internal.snapshot.impl.DirectorySnapshotter$PathVisitor::visitResolvedFile (52 bytes)


---------------  P R O C E S S  ---------------

Java Threads: ( => current thread )
  0x000000001e044000 JavaThread "Cache worker for execution history cache (E:\Applications\MC\RayaPrime\.gradle\7.3.3\executionHistory)" [_thread_blocked, id=6232, stack(0x000000002b3b0000,0x000000002b4b0000)]
  0x000000001e04b000 JavaThread "Execution worker for ':' Thread 3" [_thread_blocked, id=9756, stack(0x000000002a7f0000,0x000000002a8f0000)]
  0x000000001e046800 JavaThread "Execution worker for ':' Thread 2" [_thread_in_Java, id=9656, stack(0x000000002a6f0000,0x000000002a7f0000)]
  0x000000001e04a000 JavaThread "Execution worker for ':'" [_thread_blocked, id=10596, stack(0x0000000027f60000,0x0000000028060000)]
  0x000000001e047000 JavaThread "Unconstrained build operations Thread 40" [_thread_blocked, id=2824, stack(0x000000002a5f0000,0x000000002a6f0000)]
  0x000000001e048000 JavaThread "Unconstrained build operations Thread 39" [_thread_blocked, id=7828, stack(0x000000002a4f0000,0x000000002a5f0000)]
  0x000000001e045800 JavaThread "Unconstrained build operations Thread 38" [_thread_blocked, id=11144, stack(0x000000002a3f0000,0x000000002a4f0000)]
  0x000000001e045000 JavaThread "Unconstrained build operations Thread 37" [_thread_blocked, id=6780, stack(0x000000002a2f0000,0x000000002a3f0000)]
  0x000000001d5c5000 JavaThread "Unconstrained build operations Thread 36" [_thread_blocked, id=11544, stack(0x0000000029120000,0x0000000029220000)]
  0x000000001d5c2000 JavaThread "Unconstrained build operations Thread 35" [_thread_blocked, id=3392, stack(0x0000000029020000,0x0000000029120000)]
  0x000000001d5c4800 JavaThread "Unconstrained build operations Thread 34" [_thread_blocked, id=10692, stack(0x0000000028c60000,0x0000000028d60000)]
  0x000000001d5c3000 JavaThread "Unconstrained build operations Thread 33" [_thread_blocked, id=864, stack(0x0000000028b60000,0x0000000028c60000)]
  0x000000001d5c6000 JavaThread "Unconstrained build operations Thread 32" [_thread_blocked, id=7788, stack(0x0000000028360000,0x0000000028460000)]
  0x000000001d5c7800 JavaThread "ForkJoinPool.commonPool-worker-2" daemon [_thread_blocked, id=11436, stack(0x0000000028060000,0x0000000028160000)]
  0x000000001d5b9800 JavaThread "Keep-Alive-Timer" daemon [_thread_blocked, id=12248, stack(0x0000000027660000,0x0000000027760000)]
  0x000000001d5b8000 JavaThread "Unconstrained build operations Thread 31" [_thread_blocked, id=12076, stack(0x0000000027560000,0x0000000027660000)]
  0x000000001d5bf000 JavaThread "Unconstrained build operations Thread 30" [_thread_blocked, id=564, stack(0x0000000027460000,0x0000000027560000)]
  0x000000001d5be800 JavaThread "Unconstrained build operations Thread 29" [_thread_blocked, id=1800, stack(0x0000000027360000,0x0000000027460000)]
  0x000000001d5bc000 JavaThread "Unconstrained build operations Thread 28" [_thread_blocked, id=7756, stack(0x0000000027260000,0x0000000027360000)]
  0x000000001d5b9000 JavaThread "Unconstrained build operations Thread 27" [_thread_blocked, id=4008, stack(0x0000000027160000,0x0000000027260000)]
  0x000000001d5bb000 JavaThread "Unconstrained build operations Thread 26" [_thread_blocked, id=11052, stack(0x0000000027060000,0x0000000027160000)]
  0x000000001d5bd800 JavaThread "Unconstrained build operations Thread 25" [_thread_blocked, id=10956, stack(0x0000000026f60000,0x0000000027060000)]
  0x000000001d5bd000 JavaThread "Unconstrained build operations Thread 24" [_thread_blocked, id=11504, stack(0x0000000026e60000,0x0000000026f60000)]
  0x00000000212bf800 JavaThread "Unconstrained build operations Thread 23" [_thread_blocked, id=7708, stack(0x0000000026d60000,0x0000000026e60000)]
  0x00000000212bf000 JavaThread "Unconstrained build operations Thread 22" [_thread_blocked, id=6224, stack(0x0000000026c60000,0x0000000026d60000)]
  0x00000000212bc000 JavaThread "Unconstrained build operations Thread 21" [_thread_blocked, id=11512, stack(0x0000000026b60000,0x0000000026c60000)]
  0x00000000212c0800 JavaThread "Unconstrained build operations Thread 20" [_thread_blocked, id=7804, stack(0x0000000026a60000,0x0000000026b60000)]
  0x00000000212c2800 JavaThread "Unconstrained build operations Thread 19" [_thread_blocked, id=4788, stack(0x0000000026960000,0x0000000026a60000)]
  0x00000000212be000 JavaThread "Unconstrained build operations Thread 18" [_thread_blocked, id=11732, stack(0x0000000026860000,0x0000000026960000)]
  0x00000000212c1000 JavaThread "Unconstrained build operations Thread 17" [_thread_blocked, id=11316, stack(0x0000000026760000,0x0000000026860000)]
  0x00000000212c2000 JavaThread "Unconstrained build operations Thread 16" [_thread_blocked, id=12256, stack(0x0000000026660000,0x0000000026760000)]
  0x00000000212b6800 JavaThread "Unconstrained build operations Thread 15" [_thread_blocked, id=3752, stack(0x0000000026560000,0x0000000026660000)]
  0x00000000212bb000 JavaThread "Unconstrained build operations Thread 14" [_thread_blocked, id=3200, stack(0x0000000026460000,0x0000000026560000)]
  0x00000000212ba800 JavaThread "Unconstrained build operations Thread 13" [_thread_blocked, id=11656, stack(0x0000000026360000,0x0000000026460000)]
  0x00000000212bd800 JavaThread "Unconstrained build operations Thread 12" [_thread_blocked, id=5480, stack(0x0000000026260000,0x0000000026360000)]
  0x00000000212b6000 JavaThread "Unconstrained build operations Thread 11" [_thread_blocked, id=10944, stack(0x0000000026160000,0x0000000026260000)]
  0x00000000212b8000 JavaThread "Unconstrained build operations Thread 10" [_thread_blocked, id=6636, stack(0x0000000026060000,0x0000000026160000)]
  0x00000000212b9800 JavaThread "Unconstrained build operations Thread 9" [_thread_blocked, id=9768, stack(0x0000000025f60000,0x0000000026060000)]
  0x00000000212b5000 JavaThread "Unconstrained build operations Thread 8" [_thread_blocked, id=9480, stack(0x0000000025e60000,0x0000000025f60000)]
  0x00000000212b9000 JavaThread "Unconstrained build operations Thread 7" [_thread_blocked, id=7144, stack(0x0000000025d60000,0x0000000025e60000)]
  0x00000000212b4800 JavaThread "Unconstrained build operations Thread 6" [_thread_blocked, id=7492, stack(0x0000000025c60000,0x0000000025d60000)]
  0x000000001e728800 JavaThread "Unconstrained build operations Thread 5" [_thread_blocked, id=8184, stack(0x0000000025b60000,0x0000000025c60000)]
  0x000000001e725000 JavaThread "Unconstrained build operations Thread 4" [_thread_blocked, id=11792, stack(0x0000000025a60000,0x0000000025b60000)]
  0x000000001e728000 JavaThread "Unconstrained build operations Thread 3" [_thread_blocked, id=7104, stack(0x0000000025960000,0x0000000025a60000)]
  0x000000001e724000 JavaThread "Unconstrained build operations Thread 2" [_thread_blocked, id=12128, stack(0x0000000025660000,0x0000000025760000)]
  0x000000001e726800 JavaThread "Unconstrained build operations" [_thread_blocked, id=11912, stack(0x0000000024d40000,0x0000000024e40000)]
  0x000000001e725800 JavaThread "Cache worker for Build Output Cleanup Cache (E:\Applications\MC\RayaPrime\.gradle\buildOutputCleanup)" [_thread_blocked, id=11684, stack(0x00000000231c0000,0x00000000232c0000)]
  0x000000001e723800 JavaThread "Cache worker for dependencies-accessors (E:\Applications\MC\RayaPrime\.gradle\7.3.3\dependencies-accessors)" [_thread_blocked, id=5024, stack(0x0000000022d80000,0x0000000022e80000)]
  0x000000001e727000 JavaThread "Cache worker for cache directory md-rule (C:\Users\ÐÑ€Ñ‚ÑƒÑ€\.gradle\caches\7.3.3\md-rule)" [_thread_blocked, id=9664, stack(0x0000000022c80000,0x0000000022d80000)]
  0x000000001e722800 JavaThread "Cache worker for cache directory md-supplier (C:\Users\ÐÑ€Ñ‚ÑƒÑ€\.gradle\caches\7.3.3\md-supplier)" [_thread_blocked, id=11644, stack(0x0000000022b80000,0x0000000022c80000)]
  0x000000001e722000 JavaThread "Cache worker for checksums cache (E:\Applications\MC\RayaPrime\.gradle\7.3.3\checksums)" [_thread_blocked, id=6344, stack(0x0000000022680000,0x0000000022780000)]
  0x000000001e71a800 JavaThread "Cache worker for file hash cache (E:\Applications\MC\RayaPrime\.gradle\7.3.3\fileHashes)" [_thread_blocked, id=11432, stack(0x000000001fb30000,0x000000001fc30000)]
  0x000000001e721000 JavaThread "Daemon client event forwarder" [_thread_blocked, id=11364, stack(0x000000001fa30000,0x000000001fb30000)]
  0x000000001e719800 JavaThread "Stdin handler" [_thread_blocked, id=5748, stack(0x000000001f930000,0x000000001fa30000)]
  0x000000001e720800 JavaThread "Asynchronous log dispatcher for DefaultDaemonConnection: socket connection from /127.0.0.1:56762 to /127.0.0.1:63246" [_thread_blocked, id=11420, stack(0x000000001f830000,0x000000001f930000)]
  0x000000001e71f800 JavaThread "Daemon worker Thread 2" [_thread_blocked, id=3552, stack(0x000000001f730000,0x000000001f830000)]
  0x000000001e71e000 JavaThread "Cancel handler" [_thread_blocked, id=292, stack(0x000000001f630000,0x000000001f730000)]
  0x000000001e71c000 JavaThread "Handler for socket connection from /127.0.0.1:56762 to /127.0.0.1:63246" [_thread_in_native, id=9160, stack(0x000000001f530000,0x000000001f630000)]
  0x000000001e71f000 JavaThread "Daemon Thread 2" [_thread_blocked, id=5020, stack(0x0000000001580000,0x0000000001680000)]
  0x00000000212bc800 JavaThread "Cache worker for Java compile cache (C:\Users\ÐÑ€Ñ‚ÑƒÑ€\.gradle\caches\7.3.3\javaCompile)" [_thread_blocked, id=10348, stack(0x000000002b2b0000,0x000000002b3b0000)]
  0x00000000212b7800 JavaThread "Memory manager" [_thread_blocked, id=6652, stack(0x0000000028660000,0x0000000028760000)]
  0x000000001d5c0000 JavaThread "jar transforms Thread 4" [_thread_blocked, id=1516, stack(0x0000000027a60000,0x0000000027b60000)]
  0x000000001d5c6800 JavaThread "jar transforms Thread 3" [_thread_blocked, id=12044, stack(0x0000000027960000,0x0000000027a60000)]
  0x000000001d5c3800 JavaThread "jar transforms Thread 2" [_thread_blocked, id=2780, stack(0x0000000027860000,0x0000000027960000)]
  0x000000001e042000 JavaThread "Cache worker for file content cache (C:\Users\ÐÑ€Ñ‚ÑƒÑ€\.gradle\caches\7.3.3\fileContent)" [_thread_blocked, id=7776, stack(0x0000000024c40000,0x0000000024d40000)]
  0x000000001e043800 JavaThread "jar transforms" [_thread_blocked, id=11536, stack(0x0000000024b40000,0x0000000024c40000)]
  0x0000000020e58800 JavaThread "Cache worker for execution history cache (C:\Users\ÐÑ€Ñ‚ÑƒÑ€\.gradle\caches\7.3.3\executionHistory)" [_thread_blocked, id=10800, stack(0x00000000230c0000,0x00000000231c0000)]
  0x0000000020e56800 JavaThread "File watcher consumer" daemon [_thread_blocked, id=4112, stack(0x0000000022880000,0x0000000022980000)]
  0x0000000020e5b000 JavaThread "File watcher server" daemon [_thread_in_native, id=12232, stack(0x0000000022780000,0x0000000022880000)]
  0x0000000020e59800 JavaThread "Cache worker for file hash cache (C:\Users\ÐÑ€Ñ‚ÑƒÑ€\.gradle\caches\7.3.3\fileHashes)" [_thread_blocked, id=9436, stack(0x0000000021dd0000,0x0000000021ed0000)]
  0x0000000020e55000 JavaThread "File lock request listener" [_thread_in_native, id=11676, stack(0x0000000021f30000,0x0000000022030000)]
  0x0000000020e55800 JavaThread "Cache worker for journal cache (C:\Users\ÐÑ€Ñ‚ÑƒÑ€\.gradle\caches\journal-1)" [_thread_blocked, id=6368, stack(0x0000000022080000,0x0000000022180000)]
  0x000000001ccda000 JavaThread "Daemon periodic checks" [_thread_blocked, id=12172, stack(0x000000001f230000,0x000000001f330000)]
  0x000000001bdb5000 JavaThread "Incoming local TCP Connector on port 56762" [_thread_in_native, id=6940, stack(0x000000001efe0000,0x000000001f0e0000)]
  0x000000001db54800 JavaThread "Daemon health stats" [_thread_blocked, id=11380, stack(0x000000001eba0000,0x000000001eca0000)]
  0x000000001bc2d000 JavaThread "Service Thread" daemon [_thread_blocked, id=11800, stack(0x000000001c000000,0x000000001c100000)]
  0x000000001a28d800 JavaThread "C1 CompilerThread2" daemon [_thread_blocked, id=7028, stack(0x000000001bb00000,0x000000001bc00000)]
=>0x000000001a27d000 JavaThread "C2 CompilerThread1" daemon [_thread_in_native, id=8312, stack(0x000000001ba00000,0x000000001bb00000)]
  0x000000001a27a800 JavaThread "C2 CompilerThread0" daemon [_thread_in_native, id=11916, stack(0x000000001b900000,0x000000001ba00000)]
  0x000000001a278800 JavaThread "Attach Listener" daemon [_thread_blocked, id=11584, stack(0x000000001b800000,0x000000001b900000)]
  0x000000001a275800 JavaThread "Signal Dispatcher" daemon [_thread_blocked, id=7660, stack(0x000000001b700000,0x000000001b800000)]
  0x00000000030fa800 JavaThread "Finalizer" daemon [_thread_blocked, id=6408, stack(0x000000001b4f0000,0x000000001b5f0000)]
  0x00000000030f1800 JavaThread "Reference Handler" daemon [_thread_blocked, id=6488, stack(0x000000001b3f0000,0x000000001b4f0000)]
  0x0000000003002800 JavaThread "main" [_thread_blocked, id=11384, stack(0x0000000002f00000,0x0000000003000000)]

Other Threads:
  0x000000001a237000 VMThread [stack: 0x000000001b2f0000,0x000000001b3f0000] [id=1096]
  0x000000001bc58000 WatcherThread [stack: 0x000000001c100000,0x000000001c200000] [id=10412]

VM state:not at safepoint (normal execution)

VM Mutex/Monitor currently owned by a thread: None

heap address: 0x0000000700000000, size: 3072 MB, Compressed Oops mode: Zero based, Oop shift amount: 3
Narrow klass base: 0x0000000000000000, Narrow klass shift: 3
Compressed class space size: 1073741824 Address: 0x00000007c0000000

Heap:
 PSYoungGen      total 270848K, used 82348K [0x0000000780000000, 0x0000000794a80000, 0x00000007c0000000)
  eden space 215040K, 24% used [0x0000000780000000,0x00000007833a96c8,0x000000078d200000)
  from space 55808K, 52% used [0x000000078d200000,0x000000078eec1c60,0x0000000790880000)
  to   space 54784K, 0% used [0x0000000791500000,0x0000000791500000,0x0000000794a80000)
 ParOldGen       total 214528K, used 107784K [0x0000000700000000, 0x000000070d180000, 0x0000000780000000)
  object space 214528K, 50% used [0x0000000700000000,0x00000007069421f0,0x000000070d180000)
 Metaspace       used 73623K, capacity 78529K, committed 78592K, reserved 1116160K
  class space    used 10144K, capacity 10981K, committed 11008K, reserved 1048576K

Card table byte_map: [0x00000000124c0000,0x0000000012ad0000] byte_map_base: 0x000000000ecc0000

Marking Bits: (ParMarkBitMap*) 0x00000000664b5ce0
 Begin Bits: [0x00000000132d0000, 0x00000000162d0000)
 End Bits:   [0x00000000162d0000, 0x00000000192d0000)

Polling page: 0x0000000001260000

CodeCache: size=245760Kb used=34390Kb max_used=34390Kb free=211369Kb
 bounds [0x0000000003100000, 0x00000000052d0000, 0x0000000012100000]
 total_blobs=11252 nmethods=10399 adapters=762
 compilation: enabled

Compilation events (10 events):
Event: 470.071 Thread 0x000000001a28d800 12541       3       org.gradle.api.internal.changedetection.state.CachingFileHasher$FileInfoSerializer::write (10 bytes)
Event: 470.072 Thread 0x000000001a28d800 nmethod 12541 0x00000000052a6f50 code [0x00000000052a7160, 0x00000000052a7c08]
Event: 470.077 Thread 0x000000001a28d800 12542   !   3       org.gradle.internal.hash.DefaultFileHasher::hash (71 bytes)
Event: 470.078 Thread 0x000000001a28d800 nmethod 12542 0x00000000052a8210 code [0x00000000052a84c0, 0x00000000052a9708]
Event: 470.078 Thread 0x000000001a28d800 12543   !   3       org.gradle.internal.hash.DefaultStreamHasher::hash (21 bytes)
Event: 470.079 Thread 0x000000001a28d800 nmethod 12543 0x00000000052aa490 code [0x00000000052aa620, 0x00000000052aa8f8]
Event: 470.079 Thread 0x000000001a28d800 12544       3       com.google.common.io.ByteStreams::nullOutputStream (4 bytes)
Event: 470.079 Thread 0x000000001a28d800 nmethod 12544 0x00000000052aaa90 code [0x00000000052aabe0, 0x00000000052aad10]
Event: 470.087 Thread 0x000000001a28d800 12545       3       org.gradle.api.internal.changedetection.state.FileHasherStatistics$Collector::reportFileHashed (18 bytes)
Event: 470.087 Thread 0x000000001a28d800 nmethod 12545 0x00000000052aff10 code [0x00000000052b0080, 0x00000000052b03d0]

GC Heap History (10 events):
Event: 83.117 GC heap before
{Heap before GC invocations=34 (full 5):
 PSYoungGen      total 220160K, used 196629K [0x0000000780000000, 0x0000000793080000, 0x00000007c0000000)
  eden space 173568K, 100% used [0x0000000780000000,0x000000078a980000,0x000000078a980000)
  from space 46592K, 49% used [0x0000000790300000,0x00000007919857a0,0x0000000793080000)
  to   space 69120K, 0% used [0x000000078a980000,0x000000078a980000,0x000000078ed00000)
 ParOldGen       total 214528K, used 107768K [0x0000000700000000, 0x000000070d180000, 0x0000000780000000)
  object space 214528K, 50% used [0x0000000700000000,0x000000070693e1f0,0x000000070d180000)
 Metaspace       used 71888K, capacity 76395K, committed 76544K, reserved 1116160K
  class space    used 9972K, capacity 10738K, committed 10752K, reserved 1048576K
Event: 83.136 GC heap after
Heap after GC invocations=34 (full 5):
 PSYoungGen      total 242688K, used 23093K [0x0000000780000000, 0x0000000793e80000, 0x00000007c0000000)
  eden space 173568K, 0% used [0x0000000780000000,0x0000000780000000,0x000000078a980000)
  from space 69120K, 33% used [0x000000078a980000,0x000000078c00d7b0,0x000000078ed00000)
  to   space 64512K, 0% used [0x000000078ff80000,0x000000078ff80000,0x0000000793e80000)
 ParOldGen       total 214528K, used 107768K [0x0000000700000000, 0x000000070d180000, 0x0000000780000000)
  object space 214528K, 50% used [0x0000000700000000,0x000000070693e1f0,0x000000070d180000)
 Metaspace       used 71888K, capacity 76395K, committed 76544K, reserved 1116160K
  class space    used 9972K, capacity 10738K, committed 10752K, reserved 1048576K
}
Event: 83.440 GC heap before
{Heap before GC invocations=35 (full 5):
 PSYoungGen      total 242688K, used 196661K [0x0000000780000000, 0x0000000793e80000, 0x00000007c0000000)
  eden space 173568K, 100% used [0x0000000780000000,0x000000078a980000,0x000000078a980000)
  from space 69120K, 33% used [0x000000078a980000,0x000000078c00d7b0,0x000000078ed00000)
  to   space 64512K, 0% used [0x000000078ff80000,0x000000078ff80000,0x0000000793e80000)
 ParOldGen       total 214528K, used 107768K [0x0000000700000000, 0x000000070d180000, 0x0000000780000000)
  object space 214528K, 50% used [0x0000000700000000,0x000000070693e1f0,0x000000070d180000)
 Metaspace       used 71888K, capacity 76395K, committed 76544K, reserved 1116160K
  class space    used 9972K, capacity 10738K, committed 10752K, reserved 1048576K
Event: 83.462 GC heap after
Heap after GC invocations=35 (full 5):
 PSYoungGen      total 253440K, used 23125K [0x0000000780000000, 0x0000000793700000, 0x00000007c0000000)
  eden space 196608K, 0% used [0x0000000780000000,0x0000000780000000,0x000000078c000000)
  from space 56832K, 40% used [0x000000078ff80000,0x00000007916157b0,0x0000000793700000)
  to   space 60928K, 0% used [0x000000078c000000,0x000000078c000000,0x000000078fb80000)
 ParOldGen       total 214528K, used 107768K [0x0000000700000000, 0x000000070d180000, 0x0000000780000000)
  object space 214528K, 50% used [0x0000000700000000,0x000000070693e1f0,0x000000070d180000)
 Metaspace       used 71888K, capacity 76395K, committed 76544K, reserved 1116160K
  class space    used 9972K, capacity 10738K, committed 10752K, reserved 1048576K
}
Event: 125.145 GC heap before
{Heap before GC invocations=36 (full 5):
 PSYoungGen      total 253440K, used 219726K [0x0000000780000000, 0x0000000793700000, 0x00000007c0000000)
  eden space 196608K, 99% used [0x0000000780000000,0x000000078bffe398,0x000000078c000000)
  from space 56832K, 40% used [0x000000078ff80000,0x00000007916157b0,0x0000000793700000)
  to   space 60928K, 0% used [0x000000078c000000,0x000000078c000000,0x000000078fb80000)
 ParOldGen       total 214528K, used 107768K [0x0000000700000000, 0x000000070d180000, 0x0000000780000000)
  object space 214528K, 50% used [0x0000000700000000,0x000000070693e1f0,0x000000070d180000)
 Metaspace       used 72058K, capacity 76643K, committed 76800K, reserved 1116160K
  class space    used 9984K, capacity 10746K, committed 10752K, reserved 1048576K
Event: 125.193 GC heap after
Heap after GC invocations=36 (full 5):
 PSYoungGen      total 257536K, used 27141K [0x0000000780000000, 0x0000000794780000, 0x00000007c0000000)
  eden space 196608K, 0% used [0x0000000780000000,0x0000000780000000,0x000000078c000000)
  from space 60928K, 44% used [0x000000078c000000,0x000000078da817b0,0x000000078fb80000)
  to   space 58368K, 0% used [0x0000000790e80000,0x0000000790e80000,0x0000000794780000)
 ParOldGen       total 214528K, used 107776K [0x0000000700000000, 0x000000070d180000, 0x0000000780000000)
  object space 214528K, 50% used [0x0000000700000000,0x00000007069401f0,0x000000070d180000)
 Metaspace       used 72058K, capacity 76643K, committed 76800K, reserved 1116160K
  class space    used 9984K, capacity 10746K, committed 10752K, reserved 1048576K
}
Event: 203.511 GC heap before
{Heap before GC invocations=37 (full 5):
 PSYoungGen      total 257536K, used 223749K [0x0000000780000000, 0x0000000794780000, 0x00000007c0000000)
  eden space 196608K, 100% used [0x0000000780000000,0x000000078c000000,0x000000078c000000)
  from space 60928K, 44% used [0x000000078c000000,0x000000078da817b0,0x000000078fb80000)
  to   space 58368K, 0% used [0x0000000790e80000,0x0000000790e80000,0x0000000794780000)
 ParOldGen       total 214528K, used 107776K [0x0000000700000000, 0x000000070d180000, 0x0000000780000000)
  object space 214528K, 50% used [0x0000000700000000,0x00000007069401f0,0x000000070d180000)
 Metaspace       used 72063K, capacity 76643K, committed 76800K, reserved 1116160K
  class space    used 9984K, capacity 10746K, committed 10752K, reserved 1048576K
Event: 203.541 GC heap after
Heap after GC invocations=37 (full 5):
 PSYoungGen      total 264704K, used 26933K [0x0000000780000000, 0x0000000793f00000, 0x00000007c0000000)
  eden space 215040K, 0% used [0x0000000780000000,0x0000000780000000,0x000000078d200000)
  from space 49664K, 54% used [0x0000000790e80000,0x00000007928cd7a0,0x0000000793f00000)
  to   space 55808K, 0% used [0x000000078d200000,0x000000078d200000,0x0000000790880000)
 ParOldGen       total 214528K, used 107776K [0x0000000700000000, 0x000000070d180000, 0x0000000780000000)
  object space 214528K, 50% used [0x0000000700000000,0x00000007069401f0,0x000000070d180000)
 Metaspace       used 72063K, capacity 76643K, committed 76800K, reserved 1116160K
  class space    used 9984K, capacity 10746K, committed 10752K, reserved 1048576K
}
Event: 464.044 GC heap before
{Heap before GC invocations=38 (full 5):
 PSYoungGen      total 264704K, used 239602K [0x0000000780000000, 0x0000000793f00000, 0x00000007c0000000)
  eden space 215040K, 98% used [0x0000000780000000,0x000000078cfaf2b0,0x000000078d200000)
  from space 49664K, 54% used [0x0000000790e80000,0x00000007928cd7a0,0x0000000793f00000)
  to   space 55808K, 0% used [0x000000078d200000,0x000000078d200000,0x0000000790880000)
 ParOldGen       total 214528K, used 107776K [0x0000000700000000, 0x000000070d180000, 0x0000000780000000)
  object space 214528K, 50% used [0x0000000700000000,0x00000007069401f0,0x000000070d180000)
 Metaspace       used 73305K, capacity 78149K, committed 78336K, reserved 1116160K
  class space    used 10122K, capacity 10935K, committed 11008K, reserved 1048576K
Event: 464.100 GC heap after
Heap after GC invocations=38 (full 5):
 PSYoungGen      total 270848K, used 29447K [0x0000000780000000, 0x0000000794a80000, 0x00000007c0000000)
  eden space 215040K, 0% used [0x0000000780000000,0x0000000780000000,0x000000078d200000)
  from space 55808K, 52% used [0x000000078d200000,0x000000078eec1c60,0x0000000790880000)
  to   space 54784K, 0% used [0x0000000791500000,0x0000000791500000,0x0000000794a80000)
 ParOldGen       total 214528K, used 107784K [0x0000000700000000, 0x000000070d180000, 0x0000000780000000)
  object space 214528K, 50% used [0x0000000700000000,0x00000007069421f0,0x000000070d180000)
 Metaspace       used 73305K, capacity 78149K, committed 78336K, reserved 1116160K
  class space    used 10122K, capacity 10935K, committed 11008K, reserved 1048576K
}

Deoptimization events (10 events):
Event: 461.481 Thread 0x000000001e71f800 Uncommon trap: reason=unstable_if action=reinterpret pc=0x0000000005144780 method=java.util.HashMap$HashMapSpliterator.getFence()I @ 6
Event: 461.481 Thread 0x000000001e71f800 Uncommon trap: reason=bimorphic action=maybe_recompile pc=0x00000000042245cc method=java.util.function.Predicate.lambda$and$0(Ljava/util/function/Predicate;Ljava/lang/Object;)Z @ 2
Event: 461.481 Thread 0x000000001e71f800 Uncommon trap: reason=bimorphic action=maybe_recompile pc=0x00000000042245cc method=java.util.function.Predicate.lambda$and$0(Ljava/util/function/Predicate;Ljava/lang/Object;)Z @ 2
Event: 461.777 Thread 0x000000001e71f800 Uncommon trap: reason=unstable_if action=reinterpret pc=0x000000000506dd24 method=java.util.regex.Matcher.group(Ljava/lang/String;)Ljava/lang/String; @ 15
Event: 462.887 Thread 0x000000001e71f800 Uncommon trap: reason=bimorphic action=maybe_recompile pc=0x0000000004bf3264 method=java.util.Comparator.lambda$comparing$ea9a8b3a$1(Ljava/util/Comparator;Ljava/util/function/Function;Ljava/lang/Object;Ljava/lang/Object;)I @ 3
Event: 462.887 Thread 0x000000001e71f800 Uncommon trap: reason=bimorphic action=maybe_recompile pc=0x0000000004bf3264 method=java.util.Comparator.lambda$comparing$ea9a8b3a$1(Ljava/util/Comparator;Ljava/util/function/Function;Ljava/lang/Object;Ljava/lang/Object;)I @ 3
Event: 463.169 Thread 0x000000001d5c3000 Uncommon trap: reason=unstable_if action=reinterpret pc=0x00000000048b52e4 method=java.util.concurrent.ConcurrentHashMap.addCount(JI)V @ 97
Event: 463.715 Thread 0x000000001e71f800 Uncommon trap: reason=bimorphic action=maybe_recompile pc=0x0000000004192208 method=java.util.regex.Matcher.search(I)Z @ 86
Event: 464.568 Thread 0x000000001e71f800 Uncommon trap: reason=bimorphic action=maybe_recompile pc=0x0000000003ca2bb0 method=java.util.regex.Pattern$SliceI.match(Ljava/util/regex/Matcher;ILjava/lang/CharSequence;)Z @ 92
Event: 464.879 Thread 0x000000001e71f800 Uncommon trap: reason=class_check action=maybe_recompile pc=0x0000000005151f58 method=java.util.stream.SortedOps$SizedRefSortingSink.end()V @ 25

Classes redefined (0 events):
No events

Internal exceptions (10 events):
Event: 77.313 Thread 0x000000001bf6c800 Exception <a 'java/lang/NoSuchMethodError': java.lang.Object.lambda$addPossibleSolution$3(Ljava/lang/String;)Ljava/lang/String;> (0x00000007876ae3a0) thrown at [C:\re\workspace\8-2-build-windows-amd64-cygwin\jdk8u202\12323\hotspot\src\share\vm\interpreter
Event: 83.504 Thread 0x000000001bf6c800 Exception <a 'sun/nio/fs/WindowsException'> (0x00000007828c7740) thrown at [C:\re\workspace\8-2-build-windows-amd64-cygwin\jdk8u202\12323\hotspot\src\share\vm\prims\jni.cpp, line 710]
Event: 84.261 Thread 0x00000000212bf000 Implicit null exception at 0x00000000048d057f to 0x00000000048d0a1d
Event: 360.249 Thread 0x00000000212bf000 Exception <a 'java/lang/reflect/InvocationTargetException'> (0x00000007837c0188) thrown at [C:\re\workspace\8-2-build-windows-amd64-cygwin\jdk8u202\12323\hotspot\src\share\vm\runtime\reflection.cpp, line 1092]
Event: 364.358 Thread 0x000000001bf6c800 Implicit null exception at 0x0000000003384b74 to 0x0000000003384df1
Event: 365.694 Thread 0x000000001bddc800 Exception <a 'java/lang/NoSuchMethodError': <clinit>> (0x0000000784a66ca0) thrown at [C:\re\workspace\8-2-build-windows-amd64-cygwin\jdk8u202\12323\hotspot\src\share\vm\prims\jni.cpp, line 1614]
Event: 365.695 Thread 0x000000001bddc800 Exception <a 'java/lang/NoSuchMethodError': <clinit>> (0x0000000784a76748) thrown at [C:\re\workspace\8-2-build-windows-amd64-cygwin\jdk8u202\12323\hotspot\src\share\vm\prims\jni.cpp, line 1614]
Event: 365.695 Thread 0x000000001bddc800 Exception <a 'java/lang/NoSuchMethodError': <clinit>> (0x0000000784a78bf8) thrown at [C:\re\workspace\8-2-build-windows-amd64-cygwin\jdk8u202\12323\hotspot\src\share\vm\prims\jni.cpp, line 1614]
Event: 365.698 Thread 0x000000001bddc800 Exception <a 'java/lang/NoSuchMethodError': <clinit>> (0x0000000784a88f80) thrown at [C:\re\workspace\8-2-build-windows-amd64-cygwin\jdk8u202\12323\hotspot\src\share\vm\prims\jni.cpp, line 1614]
Event: 365.699 Thread 0x000000001bddc800 Exception <a 'java/lang/NoSuchMethodError': <clinit>> (0x0000000784a94518) thrown at [C:\re\workspace\8-2-build-windows-amd64-cygwin\jdk8u202\12323\hotspot\src\share\vm\prims\jni.cpp, line 1614]

Events (10 events):
Event: 466.504 Executing VM operation: RevokeBias done
Event: 466.504 Executing VM operation: RevokeBias
Event: 466.504 Executing VM operation: RevokeBias done
Event: 466.515 loading class org/apache/commons/io/input/ReaderInputStream
Event: 466.515 loading class org/apache/commons/io/input/ReaderInputStream done
Event: 466.530 loading class org/gradle/api/internal/file/copy/ChainingTransformer
Event: 466.530 loading class org/gradle/api/internal/file/copy/ChainingTransformer done
Event: 467.499 Executing VM operation: RevokeBias
Event: 467.500 Executing VM operation: RevokeBias done
Event: 467.500 Thread 0x000000001d5c0800 Thread exited: 0x000000001d5c0800


Dynamic libraries:
0x00007ff765110000 - 0x00007ff765147000 	C:\Program Files\Java\jdk1.8.0_202\bin\java.exe
0x00007ffcb62d0000 - 0x00007ffcb64c8000 	C:\Windows\SYSTEM32\ntdll.dll
0x00007ffcb4470000 - 0x00007ffcb452f000 	C:\Windows\System32\KERNEL32.DLL
0x00007ffcb3cc0000 - 0x00007ffcb3f92000 	C:\Windows\System32\KERNELBASE.dll
0x00007ffcb61c0000 - 0x00007ffcb626e000 	C:\Windows\System32\ADVAPI32.dll
0x00007ffcb45b0000 - 0x00007ffcb464e000 	C:\Windows\System32\msvcrt.dll
0x00007ffcb4830000 - 0x00007ffcb48cc000 	C:\Windows\System32\sechost.dll
0x00007ffcb55e0000 - 0x00007ffcb5705000 	C:\Windows\System32\RPCRT4.dll
0x00007ffcb5f40000 - 0x00007ffcb60dd000 	C:\Windows\System32\USER32.dll
0x00007ffcb4190000 - 0x00007ffcb41b2000 	C:\Windows\System32\win32u.dll
0x00007ffcb5900000 - 0x00007ffcb592b000 	C:\Windows\System32\GDI32.dll
0x00007ffcb3fa0000 - 0x00007ffcb40af000 	C:\Windows\System32\gdi32full.dll
0x00007ffcb3c20000 - 0x00007ffcb3cbd000 	C:\Windows\System32\msvcp_win.dll
0x00007ffcb39d0000 - 0x00007ffcb3ad0000 	C:\Windows\System32\ucrtbase.dll
0x00007ffca8a60000 - 0x00007ffca8cfa000 	C:\Windows\WinSxS\amd64_microsoft.windows.common-controls_6595b64144ccf1df_6.0.19041.1110_none_60b5254171f9507e\COMCTL32.dll
0x00007ffcb5e00000 - 0x00007ffcb5e32000 	C:\Windows\System32\IMM32.DLL
0x0000000066540000 - 0x0000000066612000 	C:\Program Files\Java\jdk1.8.0_202\jre\bin\msvcr100.dll
0x0000000065c90000 - 0x0000000066535000 	C:\Program Files\Java\jdk1.8.0_202\jre\bin\server\jvm.dll
0x00007ffcb4460000 - 0x00007ffcb4468000 	C:\Windows\System32\PSAPI.DLL
0x00007ffca9780000 - 0x00007ffca97a7000 	C:\Windows\SYSTEM32\WINMM.dll
0x00007ffcadd90000 - 0x00007ffcadd9a000 	C:\Windows\SYSTEM32\VERSION.dll
0x00007ffcaf400000 - 0x00007ffcaf409000 	C:\Windows\SYSTEM32\WSOCK32.dll
0x00007ffcb4320000 - 0x00007ffcb438b000 	C:\Windows\System32\WS2_32.dll
0x00007ffc9f180000 - 0x00007ffc9f18f000 	C:\Program Files\Java\jdk1.8.0_202\jre\bin\verify.dll
0x00007ffc9f150000 - 0x00007ffc9f179000 	C:\Program Files\Java\jdk1.8.0_202\jre\bin\java.dll
0x00007ffc9f060000 - 0x00007ffc9f076000 	C:\Program Files\Java\jdk1.8.0_202\jre\bin\zip.dll
0x00007ffcb48d0000 - 0x00007ffcb5013000 	C:\Windows\System32\SHELL32.dll
0x00007ffcb1ab0000 - 0x00007ffcb2242000 	C:\Windows\SYSTEM32\windows.storage.dll
0x00007ffcb5020000 - 0x00007ffcb5374000 	C:\Windows\System32\combase.dll
0x00007ffcb33c0000 - 0x00007ffcb33f0000 	C:\Windows\SYSTEM32\Wldp.dll
0x00007ffcb4780000 - 0x00007ffcb482d000 	C:\Windows\System32\SHCORE.dll
0x00007ffcb4390000 - 0x00007ffcb43e5000 	C:\Windows\System32\shlwapi.dll
0x00007ffcb3910000 - 0x00007ffcb392f000 	C:\Windows\SYSTEM32\profapi.dll
0x00007ffc96e30000 - 0x00007ffc96e4a000 	C:\Program Files\Java\jdk1.8.0_202\jre\bin\net.dll
0x00007ffca6ae0000 - 0x00007ffca6ccd000 	C:\Windows\SYSTEM32\urlmon.dll
0x00007ffca67f0000 - 0x00007ffca6aa1000 	C:\Windows\SYSTEM32\iertutil.dll
0x00007ffca6ab0000 - 0x00007ffca6ad8000 	C:\Windows\SYSTEM32\srvcli.dll
0x00007ffcb2eb0000 - 0x00007ffcb2ebc000 	C:\Windows\SYSTEM32\netutils.dll
0x00007ffcb30b0000 - 0x00007ffcb311a000 	C:\Windows\system32\mswsock.dll
0x00007ffc96570000 - 0x00007ffc96582000 	C:\Program Files\Java\jdk1.8.0_202\jre\bin\nio.dll
0x00007ffc9ce70000 - 0x00007ffc9ce97000 	C:\Users\Àðòóð\.gradle\native\e1d6ef7f7dcc3fd88c89a11ec53ec762bb8ba0a96d01ffa2cd45eb1d1d8dd5c5\windows-amd64\native-platform.dll
0x00007ffc698a0000 - 0x00007ffc699e4000 	C:\Users\Àðòóð\.gradle\native\5664cfc778a61ccfe75a443a1ab52a65af34e5dc3c78e0209fed803814484fcb\windows-amd64\native-platform-file-events.dll
0x00007ffc9f040000 - 0x00007ffc9f04d000 	C:\Program Files\Java\jdk1.8.0_202\jre\bin\management.dll
0x00007ffcb32a0000 - 0x00007ffcb32b8000 	C:\Windows\SYSTEM32\CRYPTSP.dll
0x00007ffcb29d0000 - 0x00007ffcb2a04000 	C:\Windows\system32\rsaenh.dll
0x00007ffcb4160000 - 0x00007ffcb4187000 	C:\Windows\System32\bcrypt.dll
0x00007ffcb3890000 - 0x00007ffcb38be000 	C:\Windows\SYSTEM32\USERENV.dll
0x00007ffcb3ad0000 - 0x00007ffcb3b52000 	C:\Windows\System32\bcryptprimitives.dll
0x00007ffcb32c0000 - 0x00007ffcb32cc000 	C:\Windows\SYSTEM32\CRYPTBASE.dll
0x00007ffcb2da0000 - 0x00007ffcb2ddb000 	C:\Windows\SYSTEM32\IPHLPAPI.DLL
0x00007ffcb5ea0000 - 0x00007ffcb5ea8000 	C:\Windows\System32\NSI.dll
0x00007ffca9820000 - 0x00007ffca9837000 	C:\Windows\SYSTEM32\dhcpcsvc6.DLL
0x00007ffcac920000 - 0x00007ffcac93d000 	C:\Windows\SYSTEM32\dhcpcsvc.DLL
0x00007ffcb2de0000 - 0x00007ffcb2eaa000 	C:\Windows\SYSTEM32\DNSAPI.dll
0x00007ffc965f0000 - 0x00007ffc96614000 	C:\Program Files\Java\jdk1.8.0_202\jre\bin\sunec.dll
0x00007ffc9be60000 - 0x00007ffc9be6b000 	C:\Program Files\Java\jdk1.8.0_202\jre\bin\sunmscapi.dll
0x00007ffcb41c0000 - 0x00007ffcb4316000 	C:\Windows\System32\CRYPT32.dll
0x00007ffca86a0000 - 0x00007ffca86aa000 	C:\Windows\System32\rasadhlp.dll
0x00007ffca8220000 - 0x00007ffca82a0000 	C:\Windows\System32\fwpuclnt.dll
0x00007ffc9fd90000 - 0x00007ffc9ff74000 	C:\Windows\SYSTEM32\dbghelp.dll

VM Arguments:
jvm_args: -Xmx3G -Dfile.encoding=windows-1251 -Duser.country=RU -Duser.language=ru -Duser.variant 
java_command: org.gradle.launcher.daemon.bootstrap.GradleDaemon 7.3.3
java_class_path (initial): C:\Users\Àðòóð\.gradle\wrapper\dists\gradle-7.3.3-bin\6a41zxkdtcxs8rphpq6y0069z\gradle-7.3.3\lib\gradle-launcher-7.3.3.jar
Launcher Type: SUN_STANDARD

Environment Variables:
JAVA_HOME=C:\Program Files\Java\jdk1.8.0_202
CLASSPATH=E:\Applications\MC\RayaPrime\\gradle\wrapper\gradle-wrapper.jar
PATH=C:\Python27\;C:\Python27\Scripts;C:\Program Files (x86)\Common Files\Oracle\Java\javapath;C:\ProgramData\Oracle\Java\javapath;C:\Windows\system32;C:\Windows;C:\Windows\System32\Wbem;C:\Windows\System32\WindowsPowerShell\v1.0\;C:\Windows\System32\OpenSSH\;E:\Programs\Git\cmd;E:\Programs\nodejs\;C:\HaxeToolkit\haxe;C:\HaxeToolkit\neko;C:\Program Files\dotnet\;C:\Users\Àðòóð\AppData\Local\Microsoft\WindowsApps;;E:\Programs\Microsoft VS Code\bin;C:\Users\Àðòóð\AppData\Roaming\npm;E:\Programs\JetBrains\IntelliJ IDEA Community Edition 2022.1\bin;;C:\Users\Àðòóð\.dotnet\tools
USERNAME=Àðòóð
OS=Windows_NT
PROCESSOR_IDENTIFIER=Intel64 Family 6 Model 23 Stepping 10, GenuineIntel



---------------  S Y S T E M  ---------------

OS: Windows 10.0 , 64 bit Build 19041 (10.0.19041.2251)

CPU:total 4 (initial active 4) (4 cores per cpu, 1 threads per core) family 6 model 23 stepping 10, cmov, cx8, fxsr, mmx, sse, sse2, sse3, ssse3, sse4.1, tsc

Memory: 4k page, physical 4193524k(498196k free), swap 11009268k(3190904k free)

vm_info: Java HotSpot(TM) 64-Bit Server VM (25.202-b08) for windows-amd64 JRE (1.8.0_202-b08), built on Dec 15 2018 19:54:30 by "java_re" with MS VC++ 10.0 (VS2010)

time: Sat Nov 19 12:32:24 2022
timezone: Öåíòðàëüíàÿ Àçèÿ (çèìà)
elapsed time: 470 seconds (0d 0h 7m 50s)

