#
# A fatal error has been detected by the Java Runtime Environment:
#
#  EXCEPTION_ILLEGAL_INSTRUCTION (0xc000001d) at pc=0x000000005386b794, pid=9280, tid=0x0000000000001110
#
# JRE version: Java(TM) SE Runtime Environment (8.0_202-b08) (build 1.8.0_202-b08)
# Java VM: Java HotSpot(TM) 64-Bit Server VM (25.202-b08 mixed mode windows-amd64 compressed oops)
# Problematic frame:
# V  [jvm.dll+0xbb794]
#
# Failed to write core dump. Minidumps are not enabled by default on client versions of Windows
#
# If you would like to submit a bug report, please visit:
#   http://bugreport.java.com/bugreport/crash.jsp
#

---------------  T H R E A D  ---------------

Current thread (0x0000000000e5e800):  JavaThread "main" [_thread_in_vm, id=4368, stack(0x00000000026a0000,0x00000000027a0000)]

siginfo: ExceptionCode=0xc000001d

Registers:
RAX=0x00000000127809c8, RBX=0x0000000053dd91e8, RCX=0x00000000149a3bf0, RDX=0x0000000000000078
RSP=0x000000000279e1c0, RBP=0x000000000279e229, RSI=0x0000000000e5e800, RDI=0x000000001277c7a0
R8 =0x000000000000000f, R9 =0x0000000000e57e10, R10=0x000000001277c7a0, R11=0x000000000279e1b0
R12=0x0000000000e57e10, R13=0x000000001277fd00, R14=0x00000000ffffffa0, R15=0x0000000000e5e800
RIP=0x000000005386b794, EFLAGS=0x0000000000010297

Top of Stack: (sp=0x000000000279e1c0)
0x000000000279e1c0:   0000000000000000 0000000000000000
0x000000000279e1d0:   000000000279e229 0000000000e5e800
0x000000000279e1e0:   00000000000000ba 0000000000e5e800
0x000000000279e1f0:   000000001277c7a0 0000000000e5e800
0x000000000279e200:   000000001277c7a0 0000000000e5e800
0x000000000279e210:   000000010000b738 000000010000b738
0x000000000279e220:   00000000127ae5a8 0000000000e5e800
0x000000000279e230:   00000000127ae5a8 0000000000e5e800
0x000000000279e240:   fffffffe00000000 0000000014825120
0x000000000279e250:   00000000148250e0 00000000538684ea
0x000000000279e260:   000000000279e300 000000001277fdf8
0x000000000279e270:   0000000000000000 00000000ffffffff
0x000000000279e280:   000000000279e2f8 00000000029b3c4d
0x000000000279e290:   0000000000e5e800 00000000000000ba
0x000000000279e2a0:   0000000000e5e800 00000000539c8595
0x000000000279e2b0:   00000000029b3c04 000000000279e2b8 

Instructions: (pc=0x000000005386b794)
0x000000005386b774:   ed 74 08 48 8b ce e8 31 69 0f 00 48 8b 47 10 48
0x000000005386b784:   89 7d d7 48 89 75 df 48 8b 1e 40 01 00 00 41 f7
0x000000005386b794:   d6 8b 13 49 63 ce 48 c1 e1 05 4c 8d 64 01 10 3b
0x000000005386b7a4:   53 04 75 08 48 8b cb e8 a0 6e fe ff 48 63 13 4c 


Register to memory mapping:

RAX=0x00000000127809c8 is pointing into metadata
RBX=0x0000000053dd91e8 is an unknown value
RCX=0x00000000149a3bf0 is an unknown value
RDX=0x0000000000000078 is an unknown value
RSP=0x000000000279e1c0 is pointing into the stack for thread: 0x0000000000e5e800
RBP=0x000000000279e229 is pointing into the stack for thread: 0x0000000000e5e800
RSI=0x0000000000e5e800 is a thread
RDI=0x000000001277c7a0 is pointing into metadata
R8 =0x000000000000000f is an unknown value
R9 =0x0000000000e57e10 is an unknown value
R10=0x000000001277c7a0 is pointing into metadata
R11=0x000000000279e1b0 is pointing into the stack for thread: 0x0000000000e5e800
R12=0x0000000000e57e10 is an unknown value
R13=0x000000001277fd00 is pointing into metadata
R14=0x00000000ffffffa0 is an oop

[error occurred during error reporting (printing register info), id 0xc0000005]

Stack: [0x00000000026a0000,0x00000000027a0000],  sp=0x000000000279e1c0,  free space=1016k
Native frames: (J=compiled Java code, j=interpreted, Vv=VM code, C=native code)
V  [jvm.dll+0xbb794]
C  0x00000000029b3c4d

Java frames: (J=compiled Java code, j=interpreted, Vv=VM code)
j  org.gradle.api.internal.classpath.DefaultModuleRegistry.<clinit>()V+0
v  ~StubRoutines::call_stub
j  org.gradle.launcher.bootstrap.ProcessBootstrap.runNoExit(Ljava/lang/String;[Ljava/lang/String;)V+14
j  org.gradle.launcher.bootstrap.ProcessBootstrap.run(Ljava/lang/String;[Ljava/lang/String;)V+3
j  org.gradle.launcher.GradleMain.main([Ljava/lang/String;)V+36
v  ~StubRoutines::call_stub
j  sun.reflect.NativeMethodAccessorImpl.invoke0(Ljava/lang/reflect/Method;Ljava/lang/Object;[Ljava/lang/Object;)Ljava/lang/Object;+0
j  sun.reflect.NativeMethodAccessorImpl.invoke(Ljava/lang/Object;[Ljava/lang/Object;)Ljava/lang/Object;+100
j  sun.reflect.DelegatingMethodAccessorImpl.invoke(Ljava/lang/Object;[Ljava/lang/Object;)Ljava/lang/Object;+6
j  java.lang.reflect.Method.invoke(Ljava/lang/Object;[Ljava/lang/Object;)Ljava/lang/Object;+56
j  org.gradle.wrapper.BootstrapMainStarter.start([Ljava/lang/String;Ljava/io/File;)V+105
j  org.gradle.wrapper.WrapperExecutor.execute([Ljava/lang/String;Lorg/gradle/wrapper/Install;Lorg/gradle/wrapper/BootstrapMainStarter;)V+14
j  org.gradle.wrapper.GradleWrapperMain.main([Ljava/lang/String;)V+187
v  ~StubRoutines::call_stub

---------------  P R O C E S S  ---------------

Java Threads: ( => current thread )
  0x0000000014679800 JavaThread "Service Thread" daemon [_thread_blocked, id=7800, stack(0x0000000014a70000,0x0000000014b70000)]
  0x0000000012d0b000 JavaThread "C1 CompilerThread2" daemon [_thread_blocked, id=4852, stack(0x0000000014570000,0x0000000014670000)]
  0x0000000012d04000 JavaThread "C2 CompilerThread1" daemon [_thread_blocked, id=10992, stack(0x0000000014470000,0x0000000014570000)]
  0x0000000012cf9000 JavaThread "C2 CompilerThread0" daemon [_thread_blocked, id=10348, stack(0x0000000014370000,0x0000000014470000)]
  0x0000000012cf6800 JavaThread "Attach Listener" daemon [_thread_blocked, id=2988, stack(0x0000000014270000,0x0000000014370000)]
  0x0000000012cf5000 JavaThread "Signal Dispatcher" daemon [_thread_blocked, id=5300, stack(0x0000000014170000,0x0000000014270000)]
  0x000000000298e000 JavaThread "Finalizer" daemon [_thread_blocked, id=11688, stack(0x0000000013f60000,0x0000000014060000)]
  0x0000000002983800 JavaThread "Reference Handler" daemon [_thread_blocked, id=9236, stack(0x0000000013e60000,0x0000000013f60000)]
=>0x0000000000e5e800 JavaThread "main" [_thread_in_vm, id=4368, stack(0x00000000026a0000,0x00000000027a0000)]

Other Threads:
  0x0000000012cb7000 VMThread [stack: 0x0000000013d60000,0x0000000013e60000] [id=11644]
  0x000000001467c000 WatcherThread [stack: 0x0000000014b70000,0x0000000014c70000] [id=12240]

VM state:not at safepoint (normal execution)

VM Mutex/Monitor currently owned by a thread: None

heap address: 0x00000000fc000000, size: 64 MB, Compressed Oops mode: 32-bit
Narrow klass base: 0x0000000000000000, Narrow klass shift: 3
Compressed class space size: 1073741824 Address: 0x0000000100000000

Heap:
 PSYoungGen      total 18944K, used 4279K [0x00000000feb00000, 0x0000000100000000, 0x0000000100000000)
  eden space 16384K, 26% used [0x00000000feb00000,0x00000000fef2de88,0x00000000ffb00000)
  from space 2560K, 0% used [0x00000000ffd80000,0x00000000ffd80000,0x0000000100000000)
  to   space 2560K, 0% used [0x00000000ffb00000,0x00000000ffb00000,0x00000000ffd80000)
 ParOldGen       total 44032K, used 0K [0x00000000fc000000, 0x00000000feb00000, 0x00000000feb00000)
  object space 44032K, 0% used [0x00000000fc000000,0x00000000fc000000,0x00000000feb00000)
 Metaspace       used 4925K, capacity 5148K, committed 5376K, reserved 1056768K
  class space    used 566K, capacity 674K, committed 768K, reserved 1048576K

Card table byte_map: [0x0000000000e00000,0x0000000000e30000] byte_map_base: 0x0000000000620000

Marking Bits: (ParMarkBitMap*) 0x0000000053fd5ce0
 Begin Bits: [0x0000000012150000, 0x0000000012250000)
 End Bits:   [0x0000000012250000, 0x0000000012350000)

Polling page: 0x00000000009d0000

CodeCache: size=245760Kb used=1704Kb max_used=1704Kb free=244055Kb
 bounds [0x0000000002990000, 0x0000000002c00000, 0x0000000011990000]
 total_blobs=596 nmethods=308 adapters=203
 compilation: enabled

Compilation events (10 events):
Event: 0.325 Thread 0x0000000012d0b000  305       3       java.lang.invoke.InvokerBytecodeGenerator::emitPushArgument (120 bytes)
Event: 0.326 Thread 0x0000000012d0b000 nmethod 305 0x0000000002b35050 code [0x0000000002b352e0, 0x0000000002b362b8]
Event: 0.326 Thread 0x0000000012d0b000  308  s    3       java.lang.StringBuffer::toString (36 bytes)
Event: 0.326 Thread 0x0000000012d0b000 nmethod 308 0x0000000002b36990 code [0x0000000002b36b20, 0x0000000002b36fc8]
Event: 0.326 Thread 0x0000000012d0b000  306       3       java.lang.StringBuffer::<init> (7 bytes)
Event: 0.326 Thread 0x0000000012d0b000 nmethod 306 0x0000000002b37110 code [0x0000000002b37280, 0x0000000002b37530]
Event: 0.326 Thread 0x0000000012d0b000  307       3       jdk.internal.org.objectweb.asm.Type::getDescriptor (87 bytes)
Event: 0.328 Thread 0x0000000012d0b000 nmethod 307 0x0000000002b37650 code [0x0000000002b37920, 0x0000000002b39518]
Event: 0.328 Thread 0x0000000012d0b000  291       1       java.lang.invoke.LambdaForm::arity (5 bytes)
Event: 0.328 Thread 0x0000000012d0b000 nmethod 291 0x0000000002b3a5d0 code [0x0000000002b3a720, 0x0000000002b3a830]

GC Heap History (0 events):
No events

Deoptimization events (1 events):
Event: 0.231 Thread 0x0000000000e5e800 Uncommon trap: reason=unstable_if action=reinterpret pc=0x0000000002ac3380 method=java.lang.CharacterData.of(I)Ljava/lang/CharacterData; @ 4

Classes redefined (0 events):
No events

Internal exceptions (4 events):
Event: 0.045 Thread 0x0000000000e5e800 Exception <a 'java/lang/NoSuchMethodError': Method sun.misc.Unsafe.defineClass(Ljava/lang/String;[BII)Ljava/lang/Class; name or signature does not match> (0x00000000feb07cb0) thrown at [C:\re\workspace\8-2-build-windows-amd64-cygwin\jdk8u202\12323\hotspot
Event: 0.045 Thread 0x0000000000e5e800 Exception <a 'java/lang/NoSuchMethodError': Method sun.misc.Unsafe.prefetchRead(Ljava/lang/Object;J)V name or signature does not match> (0x00000000feb07f98) thrown at [C:\re\workspace\8-2-build-windows-amd64-cygwin\jdk8u202\12323\hotspot\src\share\vm\prim
Event: 0.306 Thread 0x0000000000e5e800 Exception <a 'java/lang/NoSuchFieldError': method resolution failed> (0x00000000fee62280) thrown at [C:\re\workspace\8-2-build-windows-amd64-cygwin\jdk8u202\12323\hotspot\src\share\vm\prims\methodHandles.cpp, line 1167]
Event: 0.308 Thread 0x0000000000e5e800 Exception <a 'java/lang/NoSuchFieldError': method resolution failed> (0x00000000fee6f838) thrown at [C:\re\workspace\8-2-build-windows-amd64-cygwin\jdk8u202\12323\hotspot\src\share\vm\prims\methodHandles.cpp, line 1167]

Events (10 events):
Event: 0.328 loading class java/lang/invoke/InfoFromMemberName
Event: 0.328 loading class java/lang/invoke/MethodHandleInfo
Event: 0.328 loading class java/lang/invoke/MethodHandleInfo done
Event: 0.328 loading class java/lang/invoke/InfoFromMemberName done
Event: 0.329 loading class java/lang/invoke/InnerClassLambdaMetafactory$ForwardingMethodGenerator
Event: 0.329 loading class java/lang/invoke/TypeConvertingMethodAdapter
Event: 0.329 loading class java/lang/invoke/TypeConvertingMethodAdapter done
Event: 0.329 loading class java/lang/invoke/InnerClassLambdaMetafactory$ForwardingMethodGenerator done
Event: 0.329 loading class java/lang/invoke/InnerClassLambdaMetafactory$1
Event: 0.329 loading class java/lang/invoke/InnerClassLambdaMetafactory$1 done


Dynamic libraries:
0x00007ff636ff0000 - 0x00007ff637027000 	C:\Program Files\Java\jdk1.8.0_202\bin\java.exe
0x00007ffd08a50000 - 0x00007ffd08c48000 	C:\Windows\SYSTEM32\ntdll.dll
0x00007ffd07900000 - 0x00007ffd079bd000 	C:\Windows\System32\KERNEL32.DLL
0x00007ffd06430000 - 0x00007ffd06702000 	C:\Windows\System32\KERNELBASE.dll
0x00007ffd080c0000 - 0x00007ffd0816e000 	C:\Windows\System32\ADVAPI32.dll
0x00007ffd07cf0000 - 0x00007ffd07d8e000 	C:\Windows\System32\msvcrt.dll
0x00007ffd08890000 - 0x00007ffd0892c000 	C:\Windows\System32\sechost.dll
0x00007ffd07f90000 - 0x00007ffd080b5000 	C:\Windows\System32\RPCRT4.dll
0x00007ffd079c0000 - 0x00007ffd07b5d000 	C:\Windows\System32\USER32.dll
0x00007ffd06840000 - 0x00007ffd06862000 	C:\Windows\System32\win32u.dll
0x00007ffd07ef0000 - 0x00007ffd07f1b000 	C:\Windows\System32\GDI32.dll
0x00007ffd069a0000 - 0x00007ffd06aaf000 	C:\Windows\System32\gdi32full.dll
0x00007ffd06870000 - 0x00007ffd0690d000 	C:\Windows\System32\msvcp_win.dll
0x00007ffd06710000 - 0x00007ffd06810000 	C:\Windows\System32\ucrtbase.dll
0x00007ffcfd6e0000 - 0x00007ffcfd97a000 	C:\Windows\WinSxS\amd64_microsoft.windows.common-controls_6595b64144ccf1df_6.0.19041.1110_none_60b5254171f9507e\COMCTL32.dll
0x00007ffd087b0000 - 0x00007ffd087e0000 	C:\Windows\System32\IMM32.DLL
0x0000000054060000 - 0x0000000054132000 	C:\Program Files\Java\jdk1.8.0_202\jre\bin\msvcr100.dll
0x00000000537b0000 - 0x0000000054055000 	C:\Program Files\Java\jdk1.8.0_202\jre\bin\server\jvm.dll
0x00007ffd07f20000 - 0x00007ffd07f28000 	C:\Windows\System32\PSAPI.DLL
0x00007ffcfe1c0000 - 0x00007ffcfe1e7000 	C:\Windows\SYSTEM32\WINMM.dll
0x00007ffce9310000 - 0x00007ffce9319000 	C:\Windows\SYSTEM32\WSOCK32.dll
0x00007ffcffd70000 - 0x00007ffcffd7a000 	C:\Windows\SYSTEM32\VERSION.dll
0x00007ffd07450000 - 0x00007ffd074bb000 	C:\Windows\System32\WS2_32.dll
0x00007ffcf0100000 - 0x00007ffcf010f000 	C:\Program Files\Java\jdk1.8.0_202\jre\bin\verify.dll
0x00007ffcf00d0000 - 0x00007ffcf00f9000 	C:\Program Files\Java\jdk1.8.0_202\jre\bin\java.dll
0x00007ffcf0010000 - 0x00007ffcf0026000 	C:\Program Files\Java\jdk1.8.0_202\jre\bin\zip.dll
0x00007ffd06ab0000 - 0x00007ffd071f3000 	C:\Windows\System32\SHELL32.dll
0x00007ffd04240000 - 0x00007ffd049d1000 	C:\Windows\SYSTEM32\windows.storage.dll
0x00007ffd075a0000 - 0x00007ffd078f4000 	C:\Windows\System32\combase.dll
0x00007ffd05bc0000 - 0x00007ffd05bf0000 	C:\Windows\SYSTEM32\Wldp.dll
0x00007ffd073a0000 - 0x00007ffd0744d000 	C:\Windows\System32\SHCORE.dll
0x00007ffd07540000 - 0x00007ffd07595000 	C:\Windows\System32\shlwapi.dll
0x00007ffd060a0000 - 0x00007ffd060bf000 	C:\Windows\SYSTEM32\profapi.dll
0x00007ffcee630000 - 0x00007ffcee64a000 	C:\Program Files\Java\jdk1.8.0_202\jre\bin\net.dll
0x00007ffcf82a0000 - 0x00007ffcf848d000 	C:\Windows\SYSTEM32\urlmon.dll
0x00007ffcf85d0000 - 0x00007ffcf8881000 	C:\Windows\SYSTEM32\iertutil.dll
0x00007ffcf8270000 - 0x00007ffcf8298000 	C:\Windows\SYSTEM32\srvcli.dll
0x00007ffd056b0000 - 0x00007ffd056bc000 	C:\Windows\SYSTEM32\netutils.dll
0x00007ffd058b0000 - 0x00007ffd0591a000 	C:\Windows\system32\mswsock.dll
0x00007ffceb380000 - 0x00007ffceb392000 	C:\Program Files\Java\jdk1.8.0_202\jre\bin\nio.dll
0x00007ffcf51c0000 - 0x00007ffcf53a4000 	C:\Windows\SYSTEM32\dbghelp.dll
0x00007ffd06910000 - 0x00007ffd06992000 	C:\Windows\System32\bcryptPrimitives.dll

VM Arguments:
jvm_args: -Xmx64m -Xms64m -Dorg.gradle.appname=gradlew 
java_command: org.gradle.wrapper.GradleWrapperMain runclient
java_class_path (initial): E:\Applications\MC\RayaPrime\\gradle\wrapper\gradle-wrapper.jar
Launcher Type: SUN_STANDARD

Environment Variables:
JAVA_HOME=C:\Program Files\Java\jdk1.8.0_202
CLASSPATH=E:\Applications\MC\RayaPrime\\gradle\wrapper\gradle-wrapper.jar
PATH=C:\Python27\;C:\Python27\Scripts;C:\Program Files (x86)\Common Files\Oracle\Java\javapath;C:\ProgramData\Oracle\Java\javapath;C:\Windows\system32;C:\Windows;C:\Windows\System32\Wbem;C:\Windows\System32\WindowsPowerShell\v1.0\;C:\Windows\System32\OpenSSH\;E:\Programs\Git\cmd;E:\Programs\nodejs\;C:\HaxeToolkit\haxe;C:\HaxeToolkit\neko;C:\Program Files\dotnet\;C:\Users\Артур\AppData\Local\Microsoft\WindowsApps;;E:\Programs\Microsoft VS Code\bin;C:\Users\Артур\AppData\Roaming\npm;E:\Programs\JetBrains\IntelliJ IDEA Community Edition 2022.1\bin;;C:\Users\Артур\.dotnet\tools
USERNAME=Артур
OS=Windows_NT
PROCESSOR_IDENTIFIER=Intel64 Family 6 Model 23 Stepping 10, GenuineIntel



---------------  S Y S T E M  ---------------

OS: Windows 10.0 , 64 bit Build 19041 (10.0.19041.1889)

CPU:total 4 (initial active 4) (4 cores per cpu, 1 threads per core) family 6 model 23 stepping 10, cmov, cx8, fxsr, mmx, sse, sse2, sse3, ssse3, sse4.1, tsc

Memory: 4k page, physical 4193524k(1179196k free), swap 10747124k(5509348k free)

vm_info: Java HotSpot(TM) 64-Bit Server VM (25.202-b08) for windows-amd64 JRE (1.8.0_202-b08), built on Dec 15 2018 19:54:30 by "java_re" with MS VC++ 10.0 (VS2010)

time: Wed Nov 02 12:14:53 2022
timezone: Центральная Азия (зима)
elapsed time: 0 seconds (0d 0h 0m 0s)

