#
# A fatal error has been detected by the Java Runtime Environment:
#
#  EXCEPTION_ACCESS_VIOLATION (0xc0000005) at pc=0x0000019d13be5339, pid=10528, tid=3680
#
# JRE version: OpenJDK Runtime Environment Temurin-17.0.4.1+1 (17.0.4.1+1) (build 17.0.4.1+1)
# Java VM: OpenJDK 64-Bit Server VM Temurin-17.0.4.1+1 (17.0.4.1+1, mixed mode, tiered, compressed oops, compressed class ptrs, parallel gc, windows-amd64)
# Problematic frame:
# J 23793 c2 org.eclipse.jdt.internal.core.PackageFragmentRoot.getRawClasspathEntry()Lorg/eclipse/jdt/core/IClasspathEntry; (63 bytes) @ 0x0000019d13be5339 [0x0000019d13be4c40+0x00000000000006f9]
#
# No core dump will be written. Minidumps are not enabled by default on client versions of Windows
#
# If you would like to submit a bug report, please visit:
#   https://github.com/adoptium/adoptium-support/issues
#

---------------  S U M M A R Y ------------

Command Line: --add-modules=ALL-SYSTEM --add-opens=java.base/java.util=ALL-UNNAMED --add-opens=java.base/java.lang=ALL-UNNAMED --add-opens=java.base/sun.nio.fs=ALL-UNNAMED -Declipse.application=org.eclipse.jdt.ls.core.id1 -Dosgi.bundles.defaultStartLevel=4 -Declipse.product=org.eclipse.jdt.ls.core.product -Djava.import.generatesMetadataFilesAtProjectRoot=false -Dfile.encoding=utf8 -DwatchParentProcess=false -XX:+UseParallelGC -XX:GCTimeRatio=4 -XX:AdaptiveSizePolicyWeight=90 -Dsun.zip.disableMemoryMapping=true -Xmx1G -Xms100m -Xlog:disable -javaagent:c:\Users\Артур\.vscode\extensions\redhat.java-1.11.0-win32-x64\lombok\lombok-1.18.24.jar -XX:+HeapDumpOnOutOfMemoryError -XX:HeapDumpPath=c:\Users\Артур\AppData\Roaming\Code\User\workspaceStorage\5c1c60083b7b46aba082b4ca789630d8\redhat.java c:\Users\Артур\.vscode\extensions\redhat.java-1.11.0-win32-x64\server\plugins\org.eclipse.equinox.launcher_1.6.400.v20210924-0641.jar -configuration c:\Users\Артур\AppData\Roaming\Code\User\globalStorage\redhat.java\1.11.0\config_win -data c:\Users\Артур\AppData\Roaming\Code\User\workspaceStorage\5c1c60083b7b46aba082b4ca789630d8\redhat.java\jdt_ws

Host: Intel(R) Core(TM)2 Quad CPU    Q8400  @ 2.66GHz, 4 cores, 3G,  Windows 10 , 64 bit Build 19041 (10.0.19041.1889)
Time: Fri Sep 30 11:53:45 2022  Windows 10 , 64 bit Build 19041 (10.0.19041.1889) elapsed time: 2451.710368 seconds (0d 0h 40m 51s)

---------------  T H R E A D  ---------------

Current thread (0x0000019d226ad9f0):  JavaThread "ForkJoinPool.commonPool-worker-9" daemon [_thread_in_Java, id=3680, stack(0x0000002ef0600000,0x0000002ef0700000)]

Stack: [0x0000002ef0600000,0x0000002ef0700000],  sp=0x0000002ef06fe0e0,  free space=1016k
Native frames: (J=compiled Java code, j=interpreted, Vv=VM code, C=native code)
C  0x0000019d13be5339


siginfo: EXCEPTION_ACCESS_VIOLATION (0xc0000005), reading address 0x0000000000000228


Register to memory mapping:

RIP=0x0000019d13be5339 is at entry_point+1785 in (nmethod*)0x0000019d13be4a10
RAX=0x00000000c0df7dc0 is pointing into object: [B 
{0x00000000c0df7d90} - klass: {type array byte}
 - length: 40
RBX={method} {0x0000019d2676a6b8} 'internalPath' '()Lorg/eclipse/core/runtime/IPath;' in 'org/eclipse/jdt/internal/core/JarPackageFragmentRoot'
RCX=0x00000000c0df7dc0 is pointing into object: [B 
{0x00000000c0df7d90} - klass: {type array byte}
 - length: 40
RDX=0x00000000c6d31770 is an oop: org.eclipse.jdt.internal.core.JarPackageFragmentRoot 
{0x00000000c6d31770} - klass: 'org/eclipse/jdt/internal/core/JarPackageFragmentRoot'
 - ---- fields (total size 5 words):
 - private 'parent' 'Lorg/eclipse/jdt/internal/core/JavaElement;' @12  a 'org/eclipse/jdt/internal/core/JavaProject'{0x00000000c150a628} (c150a628)
 - private 'project' 'Lorg/eclipse/jdt/internal/core/JavaProject;' @16  a 'org/eclipse/jdt/internal/core/JavaProject'{0x00000000c150a628} (c150a628)
 - protected 'resource' 'Lorg/eclipse/core/resources/IResource;' @20  NULL (0)
 - 'knownToBeModuleLess' 'Z' @24  false
 - private 'multiVersion' 'Z' @25  false
 - protected final 'jarPath' 'Lorg/eclipse/core/runtime/IPath;' @28  
[error occurred during error reporting (printing register info), id 0xc0000005, EXCEPTION_ACCESS_VIOLATION (0xc0000005) at pc=0x00007ff9c19739a3]

Registers:
RAX=0x00000000c0df7dc0, RBX=0x0000019d2676a6b0, RCX=0x00000000c0df7dc0, RDX=0x00000000c6d31770
RSP=0x0000002ef06fe0e0, RBP=0x00000000c0db0800, RSI=0x00000000c0949618, RDI=0x00000000c0949598
R8 =0x0000000000000048, R9 =0x0000000000000009, R10=0x00000000c0f3d648, R11=0x00000000000000ff
R12=0x0000000000000000, R13=0x00000000c088bdb8, R14=0x00000000c08e4e90, R15=0x0000019d226ad9f0
RIP=0x0000019d13be5339, EFLAGS=0x0000000000010246

Top of Stack: (sp=0x0000002ef06fe0e0)
0x0000002ef06fe0e0:   0000000000000000 00000000eac5d638
0x0000002ef06fe0f0:   00000000eac5d198 00000000eac5d5c8
0x0000002ef06fe100:   2000be63c0db0800 c08e4e90c088bdb8
0x0000002ef06fe110:   c09495c8c0949598 00000000c0949598
0x0000002ef06fe120:   00000000c088bdb8 00000000c08e4e90
0x0000002ef06fe130:   0000000000000007 00000007c09495c8
0x0000002ef06fe140:   00000000c6d31770 00000009c150a628
0x0000002ef06fe150:   00000000c6d31770 00000000eac5da50
0x0000002ef06fe160:   0000000000000003 0000000000000000
0x0000002ef06fe170:   00000000c09bdf78 0000019d143d1e94
0x0000002ef06fe180:   00000000c6d2e930 00000000c08e4e90
0x0000002ef06fe190:   0000000000000000 00000000c6d31770
0x0000002ef06fe1a0:   00000000c0df7dc0 00000000c09bdf58
0x0000002ef06fe1b0:   00000000c09bdf88 00000000c09bdf48
0x0000002ef06fe1c0:   00000000eac5c200 0000019d134f5314
0x0000002ef06fe1d0:   0000000000000000 00000000c6d2ff10 

Instructions: (pc=0x0000019d13be5339)
0x0000019d13be5239:   38 00 00 00 00 0f 84 83 00 00 00 4c 8b 17 49 f7
0x0000019d13be5249:   c2 02 00 00 00 74 6f 49 81 ba 86 00 00 00 00 00
0x0000019d13be5259:   00 00 74 09 49 ff 8a 86 00 00 00 eb 51 49 8b 82
0x0000019d13be5269:   96 00 00 00 49 0b 82 8e 00 00 00 75 0a 49 c7 42
0x0000019d13be5279:   3e 00 00 00 00 eb 47 49 81 ba 9e 00 00 00 00 00
0x0000019d13be5289:   00 00 74 25 48 33 c0 49 c7 42 3e 00 00 00 00 f0
0x0000019d13be5299:   83 04 24 00 49 81 ba 9e 00 00 00 00 00 00 00 75
0x0000019d13be52a9:   0d f0 4d 0f b1 7a 3e 75 05 83 c8 01 eb 10 f7 c0
0x0000019d13be52b9:   00 00 00 00 eb 08 4c 8b 10 f0 4c 0f b1 17 0f 85
0x0000019d13be52c9:   cb 07 00 00 4c 8b d6 45 8b 52 30 45 8b 42 08 44
0x0000019d13be52d9:   89 44 24 24 49 8b ea 44 89 54 24 20 48 8b 54 24
0x0000019d13be52e9:   60 66 66 90 48 b8 ff ff ff ff ff ff ff ff e8 3c
0x0000019d13be52f9:   d7 31 f7 44 8b 5c 24 24 41 81 fb 63 be 00 20 0f
0x0000019d13be5309:   85 aa 07 00 00 44 8b 55 24 45 8b 5a 0c 45 85 db
0x0000019d13be5319:   0f 86 11 08 00 00 48 8b c8 48 85 c0 0f 84 a5 05
0x0000019d13be5329:   00 00 44 8b 48 08 41 ff cb 4d 33 c0 4f 8d 04 c8
0x0000019d13be5339:   4d 8b 80 e0 01 00 00 49 b9 d8 05 80 1c 9d 01 00
0x0000019d13be5349:   00 4d 3b c1 0f 85 30 05 00 00 4c 8b 00 4d 8b c8
0x0000019d13be5359:   49 83 e1 07 49 83 f9 01 0f 85 1c 05 00 00 49 c1
0x0000019d13be5369:   e8 08 41 8b c0 81 e0 ff ff ff 7f 85 c0 0f 84 07
0x0000019d13be5379:   05 00 00 44 8b c8 41 c1 e9 10 44 33 c8 45 23 d9
0x0000019d13be5389:   44 89 4c 24 38 47 8b 4c 9a 10 45 8b 59 0c 4d 8b
0x0000019d13be5399:   d1 4c 89 54 24 30 44 3b 5c 24 38 75 3e 45 8b 51
0x0000019d13be53a9:   10 4d 8b c2 4c 3b c1 74 78 48 85 c9 0f 84 8d 08
0x0000019d13be53b9:   00 00 44 89 4c 24 20 48 8b e9 48 8b d1 66 66 90
0x0000019d13be53c9:   48 b8 e0 c9 20 00 01 00 00 00 e8 c8 16 83 ff 85
0x0000019d13be53d9:   c0 75 4e 48 8b cd 44 8b 4c 24 20 45 8b 59 18 45
0x0000019d13be53e9:   85 db 0f 84 db 07 00 00 48 89 4c 24 40 45 8b 41
0x0000019d13be53f9:   08 41 81 f8 c2 c1 00 20 0f 85 33 03 00 00 48 8b
0x0000019d13be5409:   54 24 30 44 8b 44 24 38 4c 8b c9 66 66 90 e8 64
0x0000019d13be5419:   76 24 f7 48 85 c0 0f 84 a7 07 00 00 48 89 44 24
0x0000019d13be5429:   30 4c 8b 54 24 30 45 8b 5a 14 45 8b 53 08 41 81 


Stack slot to memory mapping:
stack at sp + 0 slots: 0x0 is NULL
stack at sp + 1 slots: 0x00000000eac5d638 points into unknown readable memory: 0xeac5d530eac5d4c0 | c0 d4 c5 ea 30 d5 c5 ea
stack at sp + 2 slots: 0x00000000eac5d198 points into unknown readable memory: 0xeac5d530eac5d4c0 | c0 d4 c5 ea 30 d5 c5 ea
stack at sp + 3 slots: 0x00000000eac5d5c8 is an oop: [C 
{0x00000000eac5d5c8} - klass: {type array char}
 - length: 25
stack at sp + 4 slots: 0x2000be63c0db0800 is an unknown value
stack at sp + 5 slots: 0xc08e4e90c088bdb8 is an unknown value
stack at sp + 6 slots: 0xc09495c8c0949598 is an unknown value
stack at sp + 7 slots: 0x00000000c0949598 is an oop: java.util.HashMap 
{0x00000000c0949598} - klass: 'java/util/HashMap'
 - ---- fields (total size 6 words):
 - transient 'keySet' 'Ljava/util/Set;' @12  NULL (0)
 - transient 'values' 'Ljava/util/Collection;' @16  a 'java/util/HashMap$Values'{0x00000000c32d9de0} (c32d9de0)
 - transient 'size' 'I' @20  2
 - transient 'modCount' 'I' @24  2
 - 'threshold' 'I' @28  6
 - final 'loadFactor' 'F' @32  0.750000 (3f400000)
 - transient 'table' '[Ljava/util/HashMap$Node;' @36  a 'java/util/HashMap$Node'[8] {0x00000000c09495c8} (c09495c8)
 - transient 'entrySet' 'Ljava/util/Set;' @40  NULL (0)

--------------------------------------------------------------------------------
[Constant Pool (empty)]

--------------------------------------------------------------------------------

[MachCode]
  0x0000019d13be4c40: 448b 5208 | 49c1 e203 | 493b c20f | 852f 7b24 | f766 6690 | 0f1f 8400 | 0000 0000 | 6666 6690 
  0x0000019d13be4c60: 8984 2400 | 90ff ff55 | 4881 ec90 | 0000 0048 | 8954 2460 | 448b 5210 | 4489 5424 | 6845 8b4a 
  0x0000019d13be4c80: 1449 baf8 | 9b90 c000 | 0000 0045 | 8b9a 5401 | 0000 458b | 938c 0000 | 0045 85d2 | 0f84 3e0c 
  0x0000019d13be4ca0: 0000 4d8b | f34d 8be9 | 8b4c 2468 | 4c8b c14c | 8944 2438 | 498b d248 | 8d9c 2480 | 0000 0048 
  0x0000019d13be4cc0: 8b02 48f7 | c002 0000 | 0075 2448 | 83c8 0148 | 8903 f048 | 0fb1 1a0f | 843e 0000 | 0048 2bc4 
  0x0000019d13be4ce0: 4881 e007 | f0ff ff48 | 8903 e92c | 0000 004c | 8bc0 4833 | c0f0 4d0f | b178 3e48 | c703 0300 
  0x0000019d13be4d00: 0000 0f84 | 1300 0000 | 4c3b f80f | 850a 0000 | 0049 ff80 | 8600 0000 | 4833 c00f | 85ff 0b00 
  0x0000019d13be4d20: 0041 8b8b | 8c00 0000 | 448b 4108 | 4181 f863 | be00 200f | 8550 0c00 | 004c 8bc1 | 458b 4024 
  0x0000019d13be4d40: 418b 580c | 85db 0f86 | 7c0d 0000 | 4585 c90f | 8467 0b00 | 0041 8b79 | 08ff cb48 | 33c9 488d 
  0x0000019d13be4d60: 0cf9 488b | 89e0 0100 | 0048 bfd8 | 0580 1c9d | 0100 0048 | 3bcf 0f85 | 150a 0000 | 498b 0948 
  0x0000019d13be4d80: 8bf9 4883 | e707 4883 | ff01 0f85 | 010a 0000 | 48c1 e908 | 8bc1 81e0 | ffff ff7f | 85c0 0f84 
  0x0000019d13be4da0: ed09 0000 | 8bc8 c1e9 | 1033 c823 | d941 8b44 | 9810 8b58 | 0c48 8bf0 | 3bd9 753a | 8b58 1041 
  0x0000019d13be4dc0: 3bd9 0f85 | 9506 0000 | e993 0000 | 0044 8bcd | 448b 5c24 | 2044 8b54 | 2424 4c8b | 7424 284c 
  0x0000019d13be4de0: 8b6c 2430 | 488b 5424 | 508b 4c24 | 408b 4424 | 4448 8b74 | 2448 8b58 | 1885 db0f | 848a 0d00 
  0x0000019d13be4e00: 0049 8bfd | 8b40 0881 | f8c2 c100 | 200f 8578 | 0700 0044 | 8bc1 4889 | 5424 5044 | 8954 2448 
  0x0000019d13be4e20: 4489 5c24 | 4444 894c | 2440 488b | d64c 8974 | 2428 4c89 | 6c24 304c | 8bcf 90e8 | 407c 24f7 
  0x0000019d13be4e40: 4885 c00f | 8433 0d00 | 0044 8b4c | 2440 448b | 5c24 4444 | 8b54 2448 | 488b 5424 | 5048 8bf0 
  0x0000019d13be4e60: 8b7e 148b | 4f08 81f9 | 5529 0620 | 0f85 6a0e | 0000 488d | 8424 8000 | 0000 4881 | 3800 0000 
  0x0000019d13be4e80: 000f 8483 | 0000 004c | 8b12 49f7 | c202 0000 | 0074 6f49 | 81ba 8600 | 0000 0000 | 0000 7409 
  0x0000019d13be4ea0: 49ff 8a86 | 0000 00eb | 5149 8b82 | 9600 0000 | 490b 828e | 0000 0075 | 0a49 c742 | 3e00 0000 
  0x0000019d13be4ec0: 00eb 4749 | 81ba 9e00 | 0000 0000 | 0000 7425 | 4833 c049 | c742 3e00 | 0000 00f0 | 8304 2400 
  0x0000019d13be4ee0: 4981 ba9e | 0000 0000 | 0000 0075 | 0df0 4d0f | b17a 3e75 | 0583 c801 | eb10 f7c0 | 0000 0000 
  0x0000019d13be4f00: eb08 4c8b | 10f0 4c0f | b112 0f85 | d60a 0000 | 488b f748 | 8d9c 2480 | 0000 0048 | 8b06 48f7 
  0x0000019d13be4f20: c002 0000 | 0075 2448 | 83c8 0148 | 8903 f048 | 0fb1 1e0f | 843e 0000 | 0048 2bc4 | 4881 e007 
  0x0000019d13be4f40: f0ff ff48 | 8903 e92c | 0000 004c | 8bd8 4833 | c0f0 4d0f | b17b 3e48 | c703 0300 | 0000 0f84 
  0x0000019d13be4f60: 1300 0000 | 4c3b f80f | 850a 0000 | 0049 ff83 | 8600 0000 | 4833 c00f | 8547 0a00 | 0044 8b5e 
  0x0000019d13be4f80: 2c41 81fb | 309e 94c0 | 0f84 be0b | 0000 8b7e | 2848 8d84 | 2480 0000 | 0048 8138 | 0000 0000 
  0x0000019d13be4fa0: 0f84 8300 | 0000 4c8b | 1649 f7c2 | 0200 0000 | 746f 4981 | ba86 0000 | 0000 0000 | 0074 0949 
  0x0000019d13be4fc0: ff8a 8600 | 0000 eb51 | 498b 8296 | 0000 0049 | 0b82 8e00 | 0000 750a | 49c7 423e | 0000 0000 
  0x0000019d13be4fe0: eb47 4981 | ba9e 0000 | 0000 0000 | 0074 2548 | 33c0 49c7 | 423e 0000 | 0000 f083 | 0424 0049 
  0x0000019d13be5000: 81ba 9e00 | 0000 0000 | 0000 750d | f04d 0fb1 | 7a3e 7505 | 83c8 01eb | 10f7 c000 | 0000 00eb 
  0x0000019d13be5020: 084c 8b10 | f04c 0fb1 | 160f 85d7 | 0900 0085 | ff0f 8431 | 0b00 0044 | 8b54 2468 | 418b 4a14 
  0x0000019d13be5040: 49ba f89b | 90c0 0000 | 0000 458b | 8a54 0100 | 0045 8b91 | 8c00 0000 | 4585 d20f | 84ab 0800 
  0x0000019d13be5060: 0049 8bfa | 4c8b e94d | 8bf1 488d | 9c24 8000 | 0000 488b | 0748 f7c0 | 0200 0000 | 7524 4883 
  0x0000019d13be5080: c801 4889 | 03f0 480f | b11f 0f84 | 3e00 0000 | 482b c448 | 81e0 07f0 | ffff 4889 | 03e9 2c00 
  0x0000019d13be50a0: 0000 4c8b | c048 33c0 | f04d 0fb1 | 783e 48c7 | 0303 0000 | 000f 8413 | 0000 004c | 3bf8 0f85 
  0x0000019d13be50c0: 0a00 0000 | 49ff 8086 | 0000 0048 | 33c0 0f85 | 5209 0000 | 458b 818c | 0000 0045 | 8b58 0841 
  0x0000019d13be50e0: 81fb 63be | 0020 0f85 | 8a09 0000 | 4d8b d841 | 8b73 2444 | 8b46 0c45 | 85c0 0f86 | 080a 0000 
  0x0000019d13be5100: 85c9 0f84 | bd07 0000 | 448b 5908 | 41ff c848 | 33db 4a8d | 1cdb 4c8b | 9be0 0100 | 0048 bbd8 
  0x0000019d13be5120: 0580 1c9d | 0100 004c | 3bdb 0f85 | ea06 0000 | 4c8b 1949 | 8bdb 4883 | e307 4883 | fb01 0f85 
  0x0000019d13be5140: d606 0000 | 49c1 eb08 | 418b c381 | e0ff ffff | 7f85 c00f | 84c1 0600 | 0044 8bd8 | 41c1 eb10 
  0x0000019d13be5160: 4433 d845 | 23c3 428b | 4486 1044 | 8b40 0c48 | 8bf0 453b | c375 3b44 | 8b40 1044 | 3bc1 0f85 
  0x0000019d13be5180: 4403 0000 | e992 0000 | 008b cd44 | 8b4c 2420 | 448b 5424 | 2448 8b7c | 2438 4c8b | 6c24 284c 
  0x0000019d13be51a0: 8b74 2430 | 448b 5c24 | 408b 4424 | 4448 8b74 | 2448 448b | 4018 4585 | c00f 84f3 | 0900 0049 
  0x0000019d13be51c0: 8bdd 8b40 | 0881 f8c2 | c100 200f | 85aa 0400 | 0045 8bc3 | 4889 7c24 | 3844 8954 | 2448 4489 
  0x0000019d13be51e0: 4c24 4489 | 4c24 4048 | 8bd6 4c89 | 7424 284c | 896c 2430 | 4c8b cbe8 | 8478 24f7 | 4885 c00f 
  0x0000019d13be5200: 849f 0900 | 008b 4c24 | 4044 8b4c | 2444 448b | 5424 4848 | 8b7c 2438 | 488b f08b | 7614 448b 
  0x0000019d13be5220: 4608 4181 | f855 2906 | 200f 85cd | 0a00 0048 | 8d84 2480 | 0000 0048 | 8138 0000 | 0000 0f84 
  0x0000019d13be5240: 8300 0000 | 4c8b 1749 | f7c2 0200 | 0000 746f | 4981 ba86 | 0000 0000 | 0000 0074 | 0949 ff8a 
  0x0000019d13be5260: 8600 0000 | eb51 498b | 8296 0000 | 0049 0b82 | 8e00 0000 | 750a 49c7 | 423e 0000 | 0000 eb47 
  0x0000019d13be5280: 4981 ba9e | 0000 0000 | 0000 0074 | 2548 33c0 | 49c7 423e | 0000 0000 | f083 0424 | 0049 81ba 
  0x0000019d13be52a0: 9e00 0000 | 0000 0000 | 750d f04d | 0fb1 7a3e | 7505 83c8 | 01eb 10f7 | c000 0000 | 00eb 084c 
  0x0000019d13be52c0: 8b10 f04c | 0fb1 170f | 85cb 0700 | 004c 8bd6 | 458b 5230 | 458b 4208 | 4489 4424 | 2449 8bea 
  0x0000019d13be52e0: 4489 5424 | 2048 8b54 | 2460 6666 | 9048 b8ff | ffff ffff | ffff ffe8 | 3cd7 31f7 | 448b 5c24 
  0x0000019d13be5300: 2441 81fb | 63be 0020 | 0f85 aa07 | 0000 448b | 5524 458b | 5a0c 4585 | db0f 8611 | 0800 0048 
  0x0000019d13be5320: 8bc8 4885 | c00f 84a5 | 0500 0044 | 8b48 0841 | ffcb 4d33 | c04f 8d04 | c84d 8b80 | e001 0000 
  0x0000019d13be5340: 49b9 d805 | 801c 9d01 | 0000 4d3b | c10f 8530 | 0500 004c | 8b00 4d8b | c849 83e1 | 0749 83f9 
  0x0000019d13be5360: 010f 851c | 0500 0049 | c1e8 0841 | 8bc0 81e0 | ffff ff7f | 85c0 0f84 | 0705 0000 | 448b c841 
  0x0000019d13be5380: c1e9 1044 | 33c8 4523 | d944 894c | 2438 478b | 4c9a 1045 | 8b59 0c4d | 8bd1 4c89 | 5424 3044 
  0x0000019d13be53a0: 3b5c 2438 | 753e 458b | 5110 4d8b | c24c 3bc1 | 7478 4885 | c90f 848d | 0800 0044 | 894c 2420 
  0x0000019d13be53c0: 488b e948 | 8bd1 6666 | 9048 b8e0 | c920 0001 | 0000 00e8 | c816 83ff | 85c0 754e | 488b cd44 
  0x0000019d13be53e0: 8b4c 2420 | 458b 5918 | 4585 db0f | 84db 0700 | 0048 894c | 2440 458b | 4108 4181 | f8c2 c100 
  0x0000019d13be5400: 200f 8533 | 0300 0048 | 8b54 2430 | 448b 4424 | 384c 8bc9 | 6666 90e8 | 6476 24f7 | 4885 c00f 
  0x0000019d13be5420: 84a7 0700 | 0048 8944 | 2430 4c8b | 5424 3045 | 8b5a 1445 | 8b53 0841 | 81fa 9e2d | 0620 0f85 
  0x0000019d13be5440: d408 0000 | 498b c348 | 81c4 9000 | 0000 5d49 | 3ba7 4003 | 0000 0f87 | 300b 0000 | c345 85c9 
  0x0000019d13be5460: 0f84 7207 | 0000 4889 | 7424 4889 | 4424 4489 | 4c24 4048 | 8954 2450 | 4c89 6c24 | 304c 8974 
  0x0000019d13be5480: 2428 4489 | 5424 2444 | 895c 2420 | 4c8b c349 | 8bd1 418b | e948 b8ff | ffff ffff | ffff ffe8 
  0x0000019d13be54a0: dc78 24f7 | 85c0 0f84 | 21f9 ffff | 448b cd44 | 8b5c 2420 | 448b 5424 | 2448 8b54 | 2450 488b 
  0x0000019d13be54c0: 7424 48e9 | 98f9 ffff | 85c9 0f84 | 4c07 0000 | 4889 7424 | 4889 4424 | 4444 895c | 2440 4c89 
  0x0000019d13be54e0: 7424 304c | 896c 2428 | 4889 7c24 | 3844 8954 | 2424 4489 | 4c24 2048 | 8bd1 8be9 | 9048 b8ff 
  0x0000019d13be5500: ffff ffff | ffff ffe8 | 7478 24f7 | 85c0 0f84 | 75fc ffff | 8bcd 448b | 4c24 2044 | 8b54 2424 
  0x0000019d13be5520: 488b 7c24 | 3848 8b74 | 2448 e9ec | fcff ff44 | 8b4c 2424 | 448b 5c24 | 2844 8b54 | 242c 4c8b 
  0x0000019d13be5540: 7424 304c | 8b6c 2438 | 48ff 7424 | 4048 8f44 | 2438 488b | 5424 508b | 4c24 4848 | 8b74 2458 
  0x0000019d13be5560: 488b 7c24 | 7066 6666 | 0f1f 8400 | 0000 0000 | 498b 8748 | 0300 0044 | 8b46 1885 | 0045 85c0 
  0x0000019d13be5580: 0f84 0506 | 0000 498b | f0eb 0348 | 8bf3 8b46 | 0c3b c175 | db8b 6e10 | 4c8b c54c | 3bc7 0f84 
  0x0000019d13be55a0: bcf8 ffff | 4885 ff0f | 84c7 0600 | 0048 897c | 2470 4889 | 7424 5889 | 4c24 4848 | 8954 2450 
  0x0000019d13be55c0: 48ff 7424 | 3848 8f44 | 2440 4c89 | 6c24 384c | 8974 2430 | 4489 5424 | 2c44 895c | 2428 4489 
  0x0000019d13be55e0: 4c24 2448 | 8bd7 6666 | 9048 b8ff | ffff ffff | ffff ffe8 | 8877 24f7 | 85c0 0f84 | 2fff ffff 
  0x0000019d13be5600: 448b 4c24 | 2444 8b5c | 2428 448b | 5424 2c48 | ff74 2440 | 488f 4424 | 3848 8b54 | 2450 488b 
  0x0000019d13be5620: 7424 58e9 | 38f8 ffff | 8b4c 2420 | 448b 4c24 | 2444 8b54 | 2428 488b | 7c24 384c | 8b6c 2430 
  0x0000019d13be5640: 4c8b 7424 | 4044 8b5c | 242c 488b | 7424 4848 | 8b5c 2450 | 0f1f 8400 | 0000 0000 | 6666 6690 
  0x0000019d13be5660: 498b 8748 | 0300 0044 | 8b46 1885 | 0045 85c0 | 0f84 3c05 | 0000 498b | f0eb 0349 | 8bf0 8b46 
  0x0000019d13be5680: 0c41 3bc3 | 75da 8b6e | 104c 8bc5 | 4c3b c30f | 8486 fbff | ff48 85db | 0f84 0a06 | 0000 4889 
  0x0000019d13be56a0: 5c24 5048 | 8974 2448 | 4489 5c24 | 2c4c 8974 | 2440 4c89 | 6c24 3048 | 897c 2438 | 4489 5424 
  0x0000019d13be56c0: 2844 894c | 2424 894c | 2420 488b | d348 b8ff | ffff ffff | ffff ffe8 | a476 24f7 | 85c0 0f84 
  0x0000019d13be56e0: 44ff ffff | 8b4c 2420 | 448b 4c24 | 2444 8b54 | 2428 488b | 7c24 3848 | 8b74 2448 | e91a fbff 
  0x0000019d13be5700: ff66 6666 | 0f1f 8400 | 0000 0000 | 6666 6690 | 4d8b 9f48 | 0300 004c | 8b54 2430 | 418b 4a18 
  0x0000019d13be5720: 4c8b 5424 | 4041 8503 | 85c9 0f84 | 9c04 0000 | 4c8b d14c | 8954 2430 | eb08 4d8b | d34c 8954 
  0x0000019d13be5740: 2430 4c8b | 5424 3045 | 8b42 0c44 | 3b44 2438 | 75be 418b | 6a10 4c8b | c54c 8b54 | 2440 4d3b 
  0x0000019d13be5760: c20f 84c3 | fcff ff4d | 85d2 0f84 | 6005 0000 | 498b d249 | 8bea 6666 | 9048 b8e0 | c920 0001 
  0x0000019d13be5780: 0000 00e8 | 1813 83ff | 85c0 7484 | e999 fcff | ff89 5c24 | 5c48 8954 | 2450 48ff | 7424 3848 
  0x0000019d13be57a0: 8f44 2448 | 4c89 6c24 | 404c 8974 | 2438 4489 | 5424 3444 | 895c 2430 | 48ff 7424 | 6048 8f44 
  0x0000019d13be57c0: 2420 498b | e844 8944 | 2458 498b | d144 894c | 242c 6666 | 9048 b880 | 2725 0001 | 0000 00e8 
  0x0000019d13be57e0: 1c5d 19ff | 448b 4c24 | 2c44 8b5c | 2430 448b | 5424 344c | 8b74 2438 | 4c8b 6c24 | 4048 ff74 
  0x0000019d13be5800: 2448 488f | 4424 3848 | 8b54 2450 | 448b 4424 | 588b 5c24 | 5ce9 8af5 | ffff 4489 | 4424 504c 
  0x0000019d13be5820: 8974 2448 | 4c89 6c24 | 4048 897c | 2438 4489 | 5424 3044 | 894c 242c | 488b ee89 | 7424 3448 
  0x0000019d13be5840: 8bd1 894c | 2428 6666 | 9048 b880 | 2725 0001 | 0000 00e8 | a85c 19ff | 8b4c 2428 | 448b 4c24 
  0x0000019d13be5860: 2c44 8b54 | 2430 488b | 7c24 384c | 8b6c 2440 | 4c8b 7424 | 488b 7424 | 3444 8b44 | 2450 e9d6 
  0x0000019d13be5880: f8ff ff44 | 895c 242c | 4889 4c24 | 2049 8bea | 4489 5424 | 2848 8bd1 | 9048 b8e0 | c920 0001 
  0x0000019d13be58a0: 0000 00e8 | d882 f0fe | 488b 4c24 | 2044 8b54 | 2428 448b | 5c24 2ce9 | c0fa ffff | 33db 33c9 
  0x0000019d13be58c0: e9e8 f4ff | ff45 33c0 | 4533 dbe9 | 96f8 ffff | 4533 db45 | 33c0 4489 | 4424 38e9 | aefa ffff 
  0x0000019d13be58e0: baf6 ffff | ff48 8b6c | 2460 4889 | 4424 f88b | 4424 6889 | 4424 2048 | 8b44 24f8 | 4489 5c24 
  0x0000019d13be5900: 3044 894c | 2434 90e8 | f4c6 24f7 | baf6 ffff | ff44 894c | 2428 894c | 242c 90e8 | e0c6 24f7 
  0x0000019d13be5920: 4889 5424 | 4848 ff74 | 2438 488f | 4424 404c | 896c 2438 | 4c89 7424 | 3044 8954 | 242c 4489 
  0x0000019d13be5940: 5c24 2844 | 894c 2424 | 488b 6c24 | 604c 8d84 | 2480 0000 | 0066 90e8 | a40b 30f7 | 448b 4c24 
  0x0000019d13be5960: 2444 8b5c | 2428 448b | 5424 2c4c | 8b74 2430 | 4c8b 6c24 | 3848 ff74 | 2440 488f | 4424 3848 
  0x0000019d13be5980: 8b54 2448 | e998 f3ff | ffba deff | ffff 488b | 6c24 6048 | 8944 24f8 | 8b44 2468 | 8944 2420 
  0x0000019d13be59a0: 488b 4424 | f844 895c | 2430 4489 | 4c24 3489 | 4c24 3c44 | 894c 2440 | 4489 5424 | 4466 90e8 
  0x0000019d13be59c0: 3cc6 24f7 | 4889 7424 | 4048 8bd6 | 4c8d 8424 | 8000 0000 | 6666 90e8 | 240b 30f7 | 488b 7424 
  0x0000019d13be59e0: 40e9 97f5 | ffff 488b | ca48 8d94 | 2480 0000 | 004d 8bc7 | 49ba a0b6 | 9ec1 f97f | 0000 41ff 
  0x0000019d13be5a00: d2e9 0af5 | ffff 488b | ce48 8d94 | 2480 0000 | 004d 8bc7 | 49ba a0b6 | 9ec1 f97f | 0000 41ff 
  0x0000019d13be5a20: d2e9 09f6 | ffff 4c89 | 7424 404c | 896c 2438 | 4889 7c24 | 3044 8954 | 2428 4489 | 4c24 2489 
  0x0000019d13be5a40: 4c24 2048 | 8bd7 4c8d | 8424 8000 | 0000 90e8 | ac0a 30f7 | 8b4c 2420 | 448b 4c24 | 2444 8b54 
  0x0000019d13be5a60: 2428 488b | 7c24 304c | 8b6c 2438 | 4c8b 7424 | 40e9 5ef6 | ffff bade | ffff ff44 | 894c 2428 
  0x0000019d13be5a80: 894c 242c | 4489 4424 | 3489 4c24 | 3844 8954 | 243c 90e8 | 68c5 24f7 | 488b cf48 | 8d94 2480 
  0x0000019d13be5aa0: 0000 004d | 8bc7 49ba | a0b6 9ec1 | f97f 0000 | 41ff d2e9 | 15f8 ffff | bade ffff | ff48 8944 
  0x0000019d13be5ac0: 2428 90e8 | 38c5 24f7 | ba45 ffff | ff48 8b6c | 2460 4889 | 4424 f88b | 4424 6889 | 4424 2048 
  0x0000019d13be5ae0: 8b44 24f8 | 4489 5c24 | 3044 894c | 2434 4489 | 5424 3c44 | 894c 2440 | 4489 4424 | 4489 5c24 
  0x0000019d13be5b00: 4c66 90e8 | f8c4 24f7 | ba45 ffff | ff44 894c | 2428 894c | 242c 4489 | 5424 3489 | 4c24 3889 
  0x0000019d13be5b20: 7424 3c44 | 8944 2444 | 6666 90e8 | d0c4 24f7 | ba45 ffff | ff48 8944 | 2420 4489 | 5424 2844 
  0x0000019d13be5b40: 895c 2430 | 6666 90e8 | b4c4 24f7 | ba45 ffff | ff48 8974 | 2430 4489 | 5c24 3848 | 8974 2440 
  0x0000019d13be5b60: 6666 90e8 | 98c4 24f7 | ba45 ffff | ff48 8974 | 2428 897c | 2434 90e8 | 84c4 24f7 | 448b 4c24 
  0x0000019d13be5b80: 4044 8b5c | 2444 448b | 5424 48ba | f4ff ffff | 4489 5c24 | 3044 894c | 2434 4489 | 5424 3ce8 
  0x0000019d13be5ba0: 5cc4 24f7 | 8b4c 2440 | 448b 4c24 | 4444 8b54 | 2448 baf4 | ffff ff44 | 894c 2428 | 894c 242c 
  0x0000019d13be5bc0: 4489 5424 | 3466 90e8 | 34c4 24f7 | baf4 ffff | ff66 90e8 | 28c4 24f7 | ba45 ffff | ff48 8b6c 
  0x0000019d13be5be0: 2460 4889 | 4424 f88b | 4424 6889 | 4424 2048 | 8b44 24f8 | 4489 5c24 | 3044 894c | 2434 4489 
  0x0000019d13be5c00: 5424 3c44 | 894c 2440 | 8944 2444 | 894c 2448 | 895c 244c | 6666 90e8 | e4c3 24f7 | ba45 ffff 
  0x0000019d13be5c20: ff44 894c | 2428 894c | 242c 4489 | 5424 3489 | 4c24 3889 | 4424 3c44 | 895c 2440 | 4489 4424 
  0x0000019d13be5c40: 4466 90e8 | b8c3 24f7 | ba45 ffff | ff44 894c | 2428 4889 | 4424 f88b | 4424 3889 | 4424 2c48 
  0x0000019d13be5c60: 8b44 24f8 | 4489 5424 | 3048 894c | 2438 90e8 | 8cc3 24f7 | ba45 ffff | ff48 ff74 | 2460 488f 
  0x0000019d13be5c80: 4424 2044 | 895c 2438 | 4489 4c24 | 3c44 8954 | 2444 4889 | 7424 5089 | 4c24 5848 | 897c 2460 
  0x0000019d13be5ca0: 6666 90e8 | 58c3 24f7 | ba45 ffff | ff44 894c | 2430 894c | 2434 4489 | 5424 3c48 | 8974 2448 
  0x0000019d13be5cc0: 4489 5c24 | 5048 895c | 2458 90e8 | 30c3 24f7 | ba45 ffff | ff66 90e8 | 24c3 24f7 | bade ffff 
  0x0000019d13be5ce0: ff44 895c | 2430 4489 | 4c24 3489 | 7c24 3c44 | 8954 2440 | 6666 90e8 | 04c3 24f7 | bade ffff 
  0x0000019d13be5d00: ff44 894c | 2428 894c | 242c 8974 | 2434 4489 | 5424 38e8 | e8c2 24f7 | bade ffff | ff44 895c 
  0x0000019d13be5d20: 2420 90e8 | d8c2 24f7 | baf6 ffff | ff66 90e8 | ccc2 24f7 | baf6 ffff | ff41 8be9 | 6666 90e8 
  0x0000019d13be5d40: bcc2 24f7 | baf6 ffff | ff48 8b6c | 2460 4889 | 4424 f88b | 4424 6889 | 4424 2048 | 8b44 24f8 
  0x0000019d13be5d60: 4489 5c24 | 3044 894c | 2434 4489 | 4c24 3c44 | 8954 2440 | 6666 90e8 | 84c2 24f7 | baf6 ffff 
  0x0000019d13be5d80: ff8b e9e8 | 78c2 24f7 | baf6 ffff | ff44 894c | 2428 894c | 242c 894c | 2434 4489 | 5424 38e8 
  0x0000019d13be5da0: 5cc2 24f7 | ba45 ffff | ff44 8954 | 2424 90e8 | 4cc2 24f7 | eb1e 488b | d8eb 2948 | 8bd8 e9d4 
  0x0000019d13be5dc0: 0000 00eb | 0f48 8bd8 | eb1a 488b | d8e9 c500 | 0000 eb00 | 488b d0e9 | 6201 0000 | 488b d8eb 
  0x0000019d13be5de0: 0348 8bd8 | 4c8b 5c24 | 3848 8d84 | 2480 0000 | 0048 8138 | 0000 0000 | 0f84 8300 | 0000 4d8b 
  0x0000019d13be5e00: 1349 f7c2 | 0200 0000 | 746f 4981 | ba86 0000 | 0000 0000 | 0074 0949 | ff8a 8600 | 0000 eb51 
  0x0000019d13be5e20: 498b 8296 | 0000 0049 | 0b82 8e00 | 0000 750a | 49c7 423e | 0000 0000 | eb47 4981 | ba9e 0000 
  0x0000019d13be5e40: 0000 0000 | 0074 2548 | 33c0 49c7 | 423e 0000 | 0000 f083 | 0424 0049 | 81ba 9e00 | 0000 0000 
  0x0000019d13be5e60: 0000 750d | f04d 0fb1 | 7a3e 7505 | 83c8 01eb | 10f7 c000 | 0000 00eb | 084c 8b10 | f04d 0fb1 
  0x0000019d13be5e80: 130f 85e3 | 0000 0048 | 8bd3 e9af | 0000 0048 | 8bd8 eb03 | 488b d84c | 8b5c 2450 | 488d 8424 
  0x0000019d13be5ea0: 8000 0000 | 4881 3800 | 0000 000f | 8483 0000 | 004d 8b13 | 49f7 c202 | 0000 0074 | 6f49 81ba 
  0x0000019d13be5ec0: 8600 0000 | 0000 0000 | 7409 49ff | 8a86 0000 | 00eb 5149 | 8b82 9600 | 0000 490b | 828e 0000 
  0x0000019d13be5ee0: 0075 0a49 | c742 3e00 | 0000 00eb | 4749 81ba | 9e00 0000 | 0000 0000 | 7425 4833 | c049 c742 
  0x0000019d13be5f00: 3e00 0000 | 00f0 8304 | 2400 4981 | ba9e 0000 | 0000 0000 | 0075 0df0 | 4d0f b17a | 3e75 0583 
  0x0000019d13be5f20: c801 eb10 | f7c0 0000 | 0000 eb08 | 4c8b 10f0 | 4d0f b113 | 7515 488b | d3eb 0348 | 8bd0 4881 
  0x0000019d13be5f40: c490 0000 | 005d e9b5 | 0e30 f748 | 8b4c 2450 | 488d 9424 | 8000 0000 | 4d8b c749 | baa0 b69e 
  0x0000019d13be5f60: c1f9 7f00 | 0041 ffd2 | ebcc 488b | 4c24 3848 | 8d94 2480 | 0000 004d | 8bc7 49ba | a0b6 9ec1 
  0x0000019d13be5f80: f97f 0000 | 41ff d2e9 | fbfe ffff | 49ba 4f54 | be13 9d01 | 0000 4d89 | 9758 0300 | 00e9 decc 
  0x0000019d13be5fa0: 24f7 f4f4 | f4f4 f4f4 | f4f4 f4f4 | f4f4 f4f4 | f4f4 f4f4 | f4f4 f4f4 | f4f4 f4f4 | f4f4 f4f4 
  0x0000019d13be5fc0: 48bb 0000 | 0000 0000 | 0000 e9fb | ffff ff48 | bb00 0000 | 0000 0000 | 00e9 fbff | ffff 48bb 
  0x0000019d13be5fe0: 0000 0000 | 0000 0000 | e9fb ffff | ffe9 8e10 | 26f7 e800 | 0000 0048 | 832c 2405 | e99f c524 
  0x0000019d13be6000: f7f4 f4f4 | f4f4 f4f4 
[/MachCode]
--------------------------------------------------------------------------------


---------------  P R O C E S S  ---------------

Threads class SMR info:
_java_thread_list=0x0000019d27c08720, length=32, elements={
0x0000019d06931420, 0x0000019d1c6b0740, 0x0000019d1c6b10f0, 0x0000019d1c6c0250,
0x0000019d1c6c0c00, 0x0000019d1c6c25c0, 0x0000019d1c6c2f70, 0x0000019d1c6f7470,
0x0000019d1c6f8510, 0x0000019d1c6f8e10, 0x0000019d1c72e140, 0x0000019d1e3fb1d0,
0x0000019d214df940, 0x0000019d211ff990, 0x0000019d211ffe60, 0x0000019d216627a0,
0x0000019d21571d60, 0x0000019d21572230, 0x0000019d21570080, 0x0000019d21570a20,
0x0000019d25e2f970, 0x0000019d226b0070, 0x0000019d226b0a10, 0x0000019d226ad9f0,
0x0000019d226b26f0, 0x0000019d25e2b610, 0x0000019d25e2ac70, 0x0000019d25e28ac0,
0x0000019d25e2c950, 0x0000019d25e28f90, 0x0000019d25e2e630, 0x0000019d25e28120
}

Java Threads: ( => current thread )
  0x0000019d06931420 JavaThread "main" [_thread_blocked, id=4392, stack(0x0000002eef100000,0x0000002eef200000)]
  0x0000019d1c6b0740 JavaThread "Reference Handler" daemon [_thread_blocked, id=1408, stack(0x0000002eef400000,0x0000002eef500000)]
  0x0000019d1c6b10f0 JavaThread "Finalizer" daemon [_thread_blocked, id=1612, stack(0x0000002eef500000,0x0000002eef600000)]
  0x0000019d1c6c0250 JavaThread "Signal Dispatcher" daemon [_thread_blocked, id=836, stack(0x0000002eef600000,0x0000002eef700000)]
  0x0000019d1c6c0c00 JavaThread "Attach Listener" daemon [_thread_blocked, id=1176, stack(0x0000002eef700000,0x0000002eef800000)]
  0x0000019d1c6c25c0 JavaThread "Service Thread" daemon [_thread_blocked, id=6936, stack(0x0000002eef800000,0x0000002eef900000)]
  0x0000019d1c6c2f70 JavaThread "Monitor Deflation Thread" daemon [_thread_blocked, id=10576, stack(0x0000002eef900000,0x0000002eefa00000)]
  0x0000019d1c6f7470 JavaThread "C2 CompilerThread0" daemon [_thread_blocked, id=4108, stack(0x0000002eefa00000,0x0000002eefb00000)]
  0x0000019d1c6f8510 JavaThread "C1 CompilerThread0" daemon [_thread_blocked, id=9000, stack(0x0000002eefb00000,0x0000002eefc00000)]
  0x0000019d1c6f8e10 JavaThread "Sweeper thread" daemon [_thread_blocked, id=4836, stack(0x0000002eefc00000,0x0000002eefd00000)]
  0x0000019d1c72e140 JavaThread "Common-Cleaner" daemon [_thread_blocked, id=4528, stack(0x0000002eefd00000,0x0000002eefe00000)]
  0x0000019d1e3fb1d0 JavaThread "Notification Thread" daemon [_thread_blocked, id=8832, stack(0x0000002eefe00000,0x0000002eeff00000)]
  0x0000019d214df940 JavaThread "Active Thread: Equinox Container: 76ffa126-6ffd-4be4-846b-35f9ae7bb491" [_thread_blocked, id=7840, stack(0x0000002ef0700000,0x0000002ef0800000)]
  0x0000019d211ff990 JavaThread "Framework Event Dispatcher: Equinox Container: 76ffa126-6ffd-4be4-846b-35f9ae7bb491" daemon [_thread_blocked, id=852, stack(0x0000002ef0300000,0x0000002ef0400000)]
  0x0000019d211ffe60 JavaThread "Start Level: Equinox Container: 76ffa126-6ffd-4be4-846b-35f9ae7bb491" daemon [_thread_blocked, id=11828, stack(0x0000002ef0400000,0x0000002ef0500000)]
  0x0000019d216627a0 JavaThread "Refresh Thread: Equinox Container: 76ffa126-6ffd-4be4-846b-35f9ae7bb491" daemon [_thread_blocked, id=11136, stack(0x0000002ef0500000,0x0000002ef0600000)]
  0x0000019d21571d60 JavaThread "SCR Component Actor" daemon [_thread_blocked, id=4756, stack(0x0000002eeef00000,0x0000002eef000000)]
  0x0000019d21572230 JavaThread "Worker-JM" [_thread_blocked, id=11840, stack(0x0000002ef0b00000,0x0000002ef0c00000)]
  0x0000019d21570080 JavaThread "Bundle File Closer" daemon [_thread_blocked, id=2132, stack(0x0000002ef0800000,0x0000002ef0900000)]
  0x0000019d21570a20 JavaThread "Java indexing" daemon [_thread_blocked, id=11904, stack(0x0000002ef0d00000,0x0000002ef0e00000)]
  0x0000019d25e2f970 JavaThread "pool-1-thread-1" [_thread_blocked, id=10064, stack(0x0000002ef1100000,0x0000002ef1200000)]
  0x0000019d226b0070 JavaThread "ForkJoinPool.commonPool-worker-7" daemon [_thread_blocked, id=128, stack(0x0000002eeee00000,0x0000002eeef00000)]
  0x0000019d226b0a10 JavaThread "ForkJoinPool.commonPool-worker-8" daemon [_thread_blocked, id=5276, stack(0x0000002eef000000,0x0000002eef100000)]
=>0x0000019d226ad9f0 JavaThread "ForkJoinPool.commonPool-worker-9" daemon [_thread_in_Java, id=3680, stack(0x0000002ef0600000,0x0000002ef0700000)]
  0x0000019d226b26f0 JavaThread "ForkJoinPool.commonPool-worker-10" daemon [_thread_blocked, id=10812, stack(0x0000002ef0c00000,0x0000002ef0d00000)]
  0x0000019d25e2b610 JavaThread "ForkJoinPool.commonPool-worker-11" daemon [_thread_blocked, id=9316, stack(0x0000002ef0f00000,0x0000002ef1000000)]
  0x0000019d25e2ac70 JavaThread "ForkJoinPool.commonPool-worker-12" daemon [_thread_blocked, id=10760, stack(0x0000002ef1000000,0x0000002ef1100000)]
  0x0000019d25e28ac0 JavaThread "ForkJoinPool.commonPool-worker-13" daemon [_thread_blocked, id=12180, stack(0x0000002ef1200000,0x0000002ef1300000)]
  0x0000019d25e2c950 JavaThread "ForkJoinPool.commonPool-worker-14" daemon [_thread_blocked, id=7160, stack(0x0000002ef1300000,0x0000002ef1400000)]
  0x0000019d25e28f90 JavaThread "Worker-8" [_thread_blocked, id=12012, stack(0x0000002ef1400000,0x0000002ef1500000)]
  0x0000019d25e2e630 JavaThread "Worker-9" [_thread_blocked, id=11644, stack(0x0000002ef1500000,0x0000002ef1600000)]
  0x0000019d25e28120 JavaThread "ForkJoinPool.commonPool-worker-15" daemon [_thread_blocked, id=7884, stack(0x0000002ef1600000,0x0000002ef1700000)]

Other Threads:
  0x0000019d1c699870 VMThread "VM Thread" [stack: 0x0000002eef300000,0x0000002eef400000] [id=10968] _threads_hazard_ptr=0x0000019d27c08720
  0x0000019d1e3c3f30 WatcherThread [stack: 0x0000002eeff00000,0x0000002ef0000000] [id=10976]
  0x0000019d06946d30 GCTaskThread "GC Thread#0" [stack: 0x0000002eef200000,0x0000002eef300000] [id=11516]
  0x0000019d218a91d0 GCTaskThread "GC Thread#1" [stack: 0x0000002ef0000000,0x0000002ef0100000] [id=11532]
  0x0000019d218a9480 GCTaskThread "GC Thread#2" [stack: 0x0000002ef0100000,0x0000002ef0200000] [id=11436]
  0x0000019d218a9730 GCTaskThread "GC Thread#3" [stack: 0x0000002ef0200000,0x0000002ef0300000] [id=2548]

Threads with active compile tasks:

VM state: synchronizing (normal execution)

VM Mutex/Monitor currently owned by a thread:  ([mutex/lock_event])
[0x0000019d0692b600] Threads_lock - owner thread: 0x0000019d1c699870
[0x0000019d0692b7b0] Heap_lock - owner thread: 0x0000019d226b0070

Heap address: 0x00000000c0000000, size: 1024 MB, Compressed Oops mode: 32-bit

CDS archive(s) not mapped
Compressed class space mapped at: 0x0000000100000000-0x0000000140000000, reserved size: 1073741824
Narrow klass base: 0x0000000000000000, Narrow klass shift: 3, Narrow klass range: 0x140000000

GC Precious Log:
 CPUs: 4 total, 4 available
 Memory: 4095M
 Large Page Support: Disabled
 NUMA Support: Disabled
 Compressed Oops: Enabled (32-bit)
 Alignments: Space 512K, Generation 512K, Heap 2M
 Heap Min Capacity: 100M
 Heap Initial Capacity: 100M
 Heap Max Capacity: 1G
 Pre-touch: Disabled
 Parallel Workers: 4

Heap:
 PSYoungGen      total 6656K, used 3072K [0x00000000eab00000, 0x00000000eb600000, 0x0000000100000000)
  eden space 3072K, 100% used [0x00000000eab00000,0x00000000eae00000,0x00000000eae00000)
  from space 3584K, 0% used [0x00000000eb180000,0x00000000eb180000,0x00000000eb500000)
  to   space 3584K, 0% used [0x00000000eae00000,0x00000000eae00000,0x00000000eb180000)
 ParOldGen       total 263168K, used 116692K [0x00000000c0000000, 0x00000000d0100000, 0x00000000eab00000)
  object space 263168K, 44% used [0x00000000c0000000,0x00000000c71f50d0,0x00000000d0100000)
 Metaspace       used 83312K, committed 84352K, reserved 1130496K
  class space    used 7805K, committed 8256K, reserved 1048576K

Card table byte_map: [0x0000019d19fc0000,0x0000019d1a1d0000] _byte_map_base: 0x0000019d199c0000

Marking Bits: (ParMarkBitMap*) 0x00007ff9c1e92cc0
 Begin Bits: [0x0000019d1a330000, 0x0000019d1b330000)
 End Bits:   [0x0000019d1b330000, 0x0000019d1c330000)

Polling page: 0x0000019d067c0000

Metaspace:

Usage:
  Non-class:     73.74 MB used.
      Class:      7.62 MB used.
       Both:     81.36 MB used.

Virtual space:
  Non-class space:       80.00 MB reserved,      74.31 MB ( 93%) committed,  10 nodes.
      Class space:        1.00 GB reserved,       8.06 MB ( <1%) committed,  1 nodes.
             Both:        1.08 GB reserved,      82.38 MB (  7%) committed. 

Chunk freelists:
   Non-Class:  1.56 MB
       Class:  3.87 MB
        Both:  5.42 MB

MaxMetaspaceSize: unlimited
CompressedClassSpaceSize: 1.00 GB
Initial GC threshold: 21.00 MB
Current GC threshold: 137.19 MB
CDS: off
MetaspaceReclaimPolicy: balanced
 - commit_granule_bytes: 65536.
 - commit_granule_words: 8192.
 - virtual_space_node_default_size: 1048576.
 - enlarge_chunks_in_place: 1.
 - new_chunks_are_fully_committed: 0.
 - uncommit_free_chunks: 1.
 - use_allocation_guard: 0.
 - handle_deallocations: 1.


Internal statistics:

num_allocs_failed_limit: 9.
num_arena_births: 610.
num_arena_deaths: 76.
num_vsnodes_births: 11.
num_vsnodes_deaths: 0.
num_space_committed: 1318.
num_space_uncommitted: 0.
num_chunks_returned_to_freelist: 97.
num_chunks_taken_from_freelist: 4019.
num_chunk_merges: 27.
num_chunk_splits: 2543.
num_chunks_enlarged: 1600.
num_purges: 14.
num_inconsistent_stats: 0.

CodeHeap 'non-profiled nmethods': size=120000Kb used=31889Kb max_used=32356Kb free=88111Kb
 bounds [0x0000019d128b0000, 0x0000019d14850000, 0x0000019d19de0000]
CodeHeap 'profiled nmethods': size=120000Kb used=35500Kb max_used=36111Kb free=84499Kb
 bounds [0x0000019d0b380000, 0x0000019d0d700000, 0x0000019d128b0000]
CodeHeap 'non-nmethods': size=5760Kb used=1385Kb max_used=1458Kb free=4375Kb
 bounds [0x0000019d0ade0000, 0x0000019d0b050000, 0x0000019d0b380000]
 total_blobs=19713 nmethods=18990 adapters=634
 compilation: enabled
              stopped_count=0, restarted_count=0
 full_count=0

Compilation events (20 events):
Event: 2397.387 Thread 0x0000019d1c6f8510 30589       3       sun.nio.fs.NativeBuffers$1::threadTerminated (34 bytes)
Event: 2397.388 Thread 0x0000019d1c6f8510 nmethod 30589 0x0000019d0c8e4f10 code [0x0000019d0c8e5120, 0x0000019d0c8e5828]
Event: 2397.388 Thread 0x0000019d1c6f8510 30588       3       sun.nio.fs.NativeBuffers$1::threadTerminated (9 bytes)
Event: 2397.389 Thread 0x0000019d1c6f8510 nmethod 30588 0x0000019d0c9cd390 code [0x0000019d0c9cd540, 0x0000019d0c9cd768]
Event: 2407.805 Thread 0x0000019d1c6f8510 30590   !   3       org.eclipse.jdt.internal.core.search.JavaSearchDocument::getCharContents (39 bytes)
Event: 2407.806 Thread 0x0000019d1c6f8510 nmethod 30590 0x0000019d0cdbbd10 code [0x0000019d0cdbbf20, 0x0000019d0cdbc518]
Event: 2407.937 Thread 0x0000019d1c6f7470 30591  s    4       org.eclipse.jdt.core.dom.DefaultBindingResolver::resolveConstructor (67 bytes)
Event: 2407.964 Thread 0x0000019d1c6f7470 nmethod 30591 0x0000019d1348f910 code [0x0000019d1348fae0, 0x0000019d13490150]
Event: 2415.897 Thread 0x0000019d1c6f8510 30592       3       org.eclipse.jdt.ls.core.internal.handlers.InlayHintVisitor::isSameName (38 bytes)
Event: 2415.898 Thread 0x0000019d1c6f8510 nmethod 30592 0x0000019d0c18c990 code [0x0000019d0c18cb80, 0x0000019d0c18d178]
Event: 2417.026 Thread 0x0000019d1c6f7470 30593       4       org.eclipse.core.runtime.Path::makeRelative (32 bytes)
Event: 2417.039 Thread 0x0000019d1c6f7470 nmethod 30593 0x0000019d146a7210 code [0x0000019d146a73a0, 0x0000019d146a7868]
Event: 2436.791 Thread 0x0000019d1c6f7470 30594       4       org.eclipse.jdt.internal.core.search.matching.OrLocator::match (58 bytes)
Event: 2436.804 Thread 0x0000019d1c6f7470 nmethod 30594 0x0000019d13750390 code [0x0000019d13750580, 0x0000019d13750c30]
Event: 2436.892 Thread 0x0000019d1c6f7470 30595       4       org.eclipse.jdt.internal.compiler.lookup.ConstraintFormula::outputVariables (39 bytes)
Event: 2436.905 Thread 0x0000019d1c6f7470 nmethod 30595 0x0000019d13ffec10 code [0x0000019d13ffede0, 0x0000019d13fff1b8]
Event: 2450.452 Thread 0x0000019d1c6f8510 30596   !   3       jdk.internal.reflect.GeneratedMethodAccessor27::invoke (57 bytes)
Event: 2450.453 Thread 0x0000019d1c6f8510 nmethod 30596 0x0000019d0c9eae90 code [0x0000019d0c9eb0a0, 0x0000019d0c9eb568]
Event: 2450.696 Thread 0x0000019d1c6f7470 30597       4       java.util.TreeMap::getEntryUsingComparator (74 bytes)
Event: 2450.698 Thread 0x0000019d1c6f7470 nmethod 30597 0x0000019d1374ff90 code [0x0000019d13750120, 0x0000019d13750238]

GC Heap History (20 events):
Event: 2450.447 GC heap before
{Heap before GC invocations=18090 (full 312):
 PSYoungGen      total 2560K, used 2381K [0x00000000eab00000, 0x00000000eae80000, 0x0000000100000000)
  eden space 2048K, 100% used [0x00000000eab00000,0x00000000ead00000,0x00000000ead00000)
  from space 512K, 65% used [0x00000000eae00000,0x00000000eae53788,0x00000000eae80000)
  to   space 512K, 0% used [0x00000000ead80000,0x00000000ead80000,0x00000000eae00000)
 ParOldGen       total 252928K, used 243559K [0x00000000c0000000, 0x00000000cf700000, 0x00000000eab00000)
  object space 252928K, 96% used [0x00000000c0000000,0x00000000cedd9f18,0x00000000cf700000)
 Metaspace       used 83320K, committed 84352K, reserved 1130496K
  class space    used 7807K, committed 8256K, reserved 1048576K
}
Event: 2450.450 GC heap after
{Heap after GC invocations=18090 (full 312):
 PSYoungGen      total 2560K, used 512K [0x00000000eab00000, 0x00000000eb000000, 0x0000000100000000)
  eden space 2048K, 0% used [0x00000000eab00000,0x00000000eab00000,0x00000000ead00000)
  from space 512K, 100% used [0x00000000ead80000,0x00000000eae00000,0x00000000eae00000)
  to   space 1536K, 0% used [0x00000000eae80000,0x00000000eae80000,0x00000000eb000000)
 ParOldGen       total 252928K, used 244063K [0x00000000c0000000, 0x00000000cf700000, 0x00000000eab00000)
  object space 252928K, 96% used [0x00000000c0000000,0x00000000cee57e50,0x00000000cf700000)
 Metaspace       used 83320K, committed 84352K, reserved 1130496K
  class space    used 7807K, committed 8256K, reserved 1048576K
}
Event: 2450.464 GC heap before
{Heap before GC invocations=18091 (full 312):
 PSYoungGen      total 2560K, used 2560K [0x00000000eab00000, 0x00000000eb000000, 0x0000000100000000)
  eden space 2048K, 100% used [0x00000000eab00000,0x00000000ead00000,0x00000000ead00000)
  from space 512K, 100% used [0x00000000ead80000,0x00000000eae00000,0x00000000eae00000)
  to   space 1536K, 0% used [0x00000000eae80000,0x00000000eae80000,0x00000000eb000000)
 ParOldGen       total 252928K, used 244063K [0x00000000c0000000, 0x00000000cf700000, 0x00000000eab00000)
  object space 252928K, 96% used [0x00000000c0000000,0x00000000cee57e50,0x00000000cf700000)
 Metaspace       used 83322K, committed 84352K, reserved 1130496K
  class space    used 7807K, committed 8256K, reserved 1048576K
}
Event: 2450.467 GC heap after
{Heap after GC invocations=18091 (full 312):
 PSYoungGen      total 3072K, used 835K [0x00000000eab00000, 0x00000000eaf80000, 0x0000000100000000)
  eden space 2048K, 0% used [0x00000000eab00000,0x00000000eab00000,0x00000000ead00000)
  from space 1024K, 81% used [0x00000000eae80000,0x00000000eaf50c38,0x00000000eaf80000)
  to   space 1024K, 0% used [0x00000000ead80000,0x00000000ead80000,0x00000000eae80000)
 ParOldGen       total 252928K, used 244591K [0x00000000c0000000, 0x00000000cf700000, 0x00000000eab00000)
  object space 252928K, 96% used [0x00000000c0000000,0x00000000ceedbe50,0x00000000cf700000)
 Metaspace       used 83322K, committed 84352K, reserved 1130496K
  class space    used 7807K, committed 8256K, reserved 1048576K
}
Event: 2450.655 GC heap before
{Heap before GC invocations=18092 (full 312):
 PSYoungGen      total 3072K, used 2883K [0x00000000eab00000, 0x00000000eaf80000, 0x0000000100000000)
  eden space 2048K, 100% used [0x00000000eab00000,0x00000000ead00000,0x00000000ead00000)
  from space 1024K, 81% used [0x00000000eae80000,0x00000000eaf50c38,0x00000000eaf80000)
  to   space 1024K, 0% used [0x00000000ead80000,0x00000000ead80000,0x00000000eae80000)
 ParOldGen       total 252928K, used 244591K [0x00000000c0000000, 0x00000000cf700000, 0x00000000eab00000)
  object space 252928K, 96% used [0x00000000c0000000,0x00000000ceedbe50,0x00000000cf700000)
 Metaspace       used 83322K, committed 84352K, reserved 1130496K
  class space    used 7807K, committed 8256K, reserved 1048576K
}
Event: 2450.657 GC heap after
{Heap after GC invocations=18092 (full 312):
 PSYoungGen      total 2560K, used 384K [0x00000000eab00000, 0x00000000eaf00000, 0x0000000100000000)
  eden space 2048K, 0% used [0x00000000eab00000,0x00000000eab00000,0x00000000ead00000)
  from space 512K, 75% used [0x00000000ead80000,0x00000000eade0000,0x00000000eae00000)
  to   space 1024K, 0% used [0x00000000eae00000,0x00000000eae00000,0x00000000eaf00000)
 ParOldGen       total 252928K, used 245359K [0x00000000c0000000, 0x00000000cf700000, 0x00000000eab00000)
  object space 252928K, 97% used [0x00000000c0000000,0x00000000cef9bc00,0x00000000cf700000)
 Metaspace       used 83322K, committed 84352K, reserved 1130496K
  class space    used 7807K, committed 8256K, reserved 1048576K
}
Event: 2450.665 GC heap before
{Heap before GC invocations=18093 (full 312):
 PSYoungGen      total 2560K, used 2432K [0x00000000eab00000, 0x00000000eaf00000, 0x0000000100000000)
  eden space 2048K, 100% used [0x00000000eab00000,0x00000000ead00000,0x00000000ead00000)
  from space 512K, 75% used [0x00000000ead80000,0x00000000eade0000,0x00000000eae00000)
  to   space 1024K, 0% used [0x00000000eae00000,0x00000000eae00000,0x00000000eaf00000)
 ParOldGen       total 252928K, used 245359K [0x00000000c0000000, 0x00000000cf700000, 0x00000000eab00000)
  object space 252928K, 97% used [0x00000000c0000000,0x00000000cef9bc00,0x00000000cf700000)
 Metaspace       used 83322K, committed 84352K, reserved 1130496K
  class space    used 7807K, committed 8256K, reserved 1048576K
}
Event: 2450.667 GC heap after
{Heap after GC invocations=18093 (full 312):
 PSYoungGen      total 3072K, used 865K [0x00000000eab00000, 0x00000000eaf00000, 0x0000000100000000)
  eden space 2048K, 0% used [0x00000000eab00000,0x00000000eab00000,0x00000000ead00000)
  from space 1024K, 84% used [0x00000000eae00000,0x00000000eaed8628,0x00000000eaf00000)
  to   space 1024K, 0% used [0x00000000ead00000,0x00000000ead00000,0x00000000eae00000)
 ParOldGen       total 252928K, used 245746K [0x00000000c0000000, 0x00000000cf700000, 0x00000000eab00000)
  object space 252928K, 97% used [0x00000000c0000000,0x00000000ceffca88,0x00000000cf700000)
 Metaspace       used 83322K, committed 84352K, reserved 1130496K
  class space    used 7807K, committed 8256K, reserved 1048576K
}
Event: 2450.692 GC heap before
{Heap before GC invocations=18094 (full 312):
 PSYoungGen      total 3072K, used 2913K [0x00000000eab00000, 0x00000000eaf00000, 0x0000000100000000)
  eden space 2048K, 100% used [0x00000000eab00000,0x00000000ead00000,0x00000000ead00000)
  from space 1024K, 84% used [0x00000000eae00000,0x00000000eaed8628,0x00000000eaf00000)
  to   space 1024K, 0% used [0x00000000ead00000,0x00000000ead00000,0x00000000eae00000)
 ParOldGen       total 252928K, used 245746K [0x00000000c0000000, 0x00000000cf700000, 0x00000000eab00000)
  object space 252928K, 97% used [0x00000000c0000000,0x00000000ceffca88,0x00000000cf700000)
 Metaspace       used 83322K, committed 84352K, reserved 1130496K
  class space    used 7807K, committed 8256K, reserved 1048576K
}
Event: 2450.695 GC heap after
{Heap after GC invocations=18094 (full 312):
 PSYoungGen      total 3072K, used 704K [0x00000000eab00000, 0x00000000eaf00000, 0x0000000100000000)
  eden space 2048K, 0% used [0x00000000eab00000,0x00000000eab00000,0x00000000ead00000)
  from space 1024K, 68% used [0x00000000ead00000,0x00000000eadb0000,0x00000000eae00000)
  to   space 1024K, 0% used [0x00000000eae00000,0x00000000eae00000,0x00000000eaf00000)
 ParOldGen       total 252928K, used 246566K [0x00000000c0000000, 0x00000000cf700000, 0x00000000eab00000)
  object space 252928K, 97% used [0x00000000c0000000,0x00000000cf0c99b0,0x00000000cf700000)
 Metaspace       used 83322K, committed 84352K, reserved 1130496K
  class space    used 7807K, committed 8256K, reserved 1048576K
}
Event: 2450.711 GC heap before
{Heap before GC invocations=18095 (full 312):
 PSYoungGen      total 3072K, used 2752K [0x00000000eab00000, 0x00000000eaf00000, 0x0000000100000000)
  eden space 2048K, 100% used [0x00000000eab00000,0x00000000ead00000,0x00000000ead00000)
  from space 1024K, 68% used [0x00000000ead00000,0x00000000eadb0000,0x00000000eae00000)
  to   space 1024K, 0% used [0x00000000eae00000,0x00000000eae00000,0x00000000eaf00000)
 ParOldGen       total 252928K, used 248424K [0x00000000c0000000, 0x00000000cf700000, 0x00000000eab00000)
  object space 252928K, 98% used [0x00000000c0000000,0x00000000cf29a2c8,0x00000000cf700000)
 Metaspace       used 83322K, committed 84352K, reserved 1130496K
  class space    used 7807K, committed 8256K, reserved 1048576K
}
Event: 2450.715 GC heap after
{Heap after GC invocations=18095 (full 312):
 PSYoungGen      total 3072K, used 880K [0x00000000eab00000, 0x00000000eaf00000, 0x0000000100000000)
  eden space 2048K, 0% used [0x00000000eab00000,0x00000000eab00000,0x00000000ead00000)
  from space 1024K, 85% used [0x00000000eae00000,0x00000000eaedc1d0,0x00000000eaf00000)
  to   space 1024K, 0% used [0x00000000ead00000,0x00000000ead00000,0x00000000eae00000)
 ParOldGen       total 252928K, used 249071K [0x00000000c0000000, 0x00000000cf700000, 0x00000000eab00000)
  object space 252928K, 98% used [0x00000000c0000000,0x00000000cf33bfd8,0x00000000cf700000)
 Metaspace       used 83322K, committed 84352K, reserved 1130496K
  class space    used 7807K, committed 8256K, reserved 1048576K
}
Event: 2450.725 GC heap before
{Heap before GC invocations=18096 (full 312):
 PSYoungGen      total 3072K, used 2563K [0x00000000eab00000, 0x00000000eaf00000, 0x0000000100000000)
  eden space 2048K, 82% used [0x00000000eab00000,0x00000000eaca4b48,0x00000000ead00000)
  from space 1024K, 85% used [0x00000000eae00000,0x00000000eaedc1d0,0x00000000eaf00000)
  to   space 1024K, 0% used [0x00000000ead00000,0x00000000ead00000,0x00000000eae00000)
 ParOldGen       total 252928K, used 249071K [0x00000000c0000000, 0x00000000cf700000, 0x00000000eab00000)
  object space 252928K, 98% used [0x00000000c0000000,0x00000000cf33bfd8,0x00000000cf700000)
 Metaspace       used 83322K, committed 84352K, reserved 1130496K
  class space    used 7807K, committed 8256K, reserved 1048576K
}
Event: 2450.728 GC heap after
{Heap after GC invocations=18096 (full 312):
 PSYoungGen      total 3072K, used 1011K [0x00000000eab00000, 0x00000000eb280000, 0x0000000100000000)
  eden space 2048K, 0% used [0x00000000eab00000,0x00000000eab00000,0x00000000ead00000)
  from space 1024K, 98% used [0x00000000ead00000,0x00000000eadfcde0,0x00000000eae00000)
  to   space 2560K, 0% used [0x00000000eb000000,0x00000000eb000000,0x00000000eb280000)
 ParOldGen       total 252928K, used 250213K [0x00000000c0000000, 0x00000000cf700000, 0x00000000eab00000)
  object space 252928K, 98% used [0x00000000c0000000,0x00000000cf459508,0x00000000cf700000)
 Metaspace       used 83322K, committed 84352K, reserved 1130496K
  class space    used 7807K, committed 8256K, reserved 1048576K
}
Event: 2450.732 GC heap before
{Heap before GC invocations=18097 (full 312):
 PSYoungGen      total 3072K, used 2166K [0x00000000eab00000, 0x00000000eb280000, 0x0000000100000000)
  eden space 2048K, 56% used [0x00000000eab00000,0x00000000eac20dd8,0x00000000ead00000)
  from space 1024K, 98% used [0x00000000ead00000,0x00000000eadfcde0,0x00000000eae00000)
  to   space 2560K, 0% used [0x00000000eb000000,0x00000000eb000000,0x00000000eb280000)
 ParOldGen       total 252928K, used 250213K [0x00000000c0000000, 0x00000000cf700000, 0x00000000eab00000)
  object space 252928K, 98% used [0x00000000c0000000,0x00000000cf459508,0x00000000cf700000)
 Metaspace       used 83322K, committed 84352K, reserved 1130496K
  class space    used 7807K, committed 8256K, reserved 1048576K
}
Event: 2450.735 GC heap after
{Heap after GC invocations=18097 (full 312):
 PSYoungGen      total 4096K, used 1060K [0x00000000eab00000, 0x00000000eb180000, 0x0000000100000000)
  eden space 2560K, 0% used [0x00000000eab00000,0x00000000eab00000,0x00000000ead80000)
  from space 1536K, 69% used [0x00000000eb000000,0x00000000eb1090e0,0x00000000eb180000)
  to   space 1536K, 0% used [0x00000000eae80000,0x00000000eae80000,0x00000000eb000000)
 ParOldGen       total 252928K, used 251244K [0x00000000c0000000, 0x00000000cf700000, 0x00000000eab00000)
  object space 252928K, 99% used [0x00000000c0000000,0x00000000cf55b1b0,0x00000000cf700000)
 Metaspace       used 83322K, committed 84352K, reserved 1130496K
  class space    used 7807K, committed 8256K, reserved 1048576K
}
Event: 2450.755 GC heap before
{Heap before GC invocations=18098 (full 312):
 PSYoungGen      total 4096K, used 3397K [0x00000000eab00000, 0x00000000eb180000, 0x0000000100000000)
  eden space 2560K, 91% used [0x00000000eab00000,0x00000000ead486a0,0x00000000ead80000)
  from space 1536K, 69% used [0x00000000eb000000,0x00000000eb1090e0,0x00000000eb180000)
  to   space 1536K, 0% used [0x00000000eae80000,0x00000000eae80000,0x00000000eb000000)
 ParOldGen       total 252928K, used 251244K [0x00000000c0000000, 0x00000000cf700000, 0x00000000eab00000)
  object space 252928K, 99% used [0x00000000c0000000,0x00000000cf55b1b0,0x00000000cf700000)
 Metaspace       used 83322K, committed 84352K, reserved 1130496K
  class space    used 7807K, committed 8256K, reserved 1048576K
}
Event: 2450.758 GC heap after
{Heap after GC invocations=18098 (full 312):
 PSYoungGen      total 4608K, used 1510K [0x00000000eab00000, 0x00000000eb500000, 0x0000000100000000)
  eden space 3072K, 0% used [0x00000000eab00000,0x00000000eab00000,0x00000000eae00000)
  from space 1536K, 98% used [0x00000000eae80000,0x00000000eaff9ae8,0x00000000eb000000)
  to   space 3584K, 0% used [0x00000000eb180000,0x00000000eb180000,0x00000000eb500000)
 ParOldGen       total 252928K, used 252582K [0x00000000c0000000, 0x00000000cf700000, 0x00000000eab00000)
  object space 252928K, 99% used [0x00000000c0000000,0x00000000cf6a9bc8,0x00000000cf700000)
 Metaspace       used 83322K, committed 84352K, reserved 1130496K
  class space    used 7807K, committed 8256K, reserved 1048576K
}
Event: 2450.758 GC heap before
{Heap before GC invocations=18099 (full 313):
 PSYoungGen      total 4608K, used 1510K [0x00000000eab00000, 0x00000000eb500000, 0x0000000100000000)
  eden space 3072K, 0% used [0x00000000eab00000,0x00000000eab00000,0x00000000eae00000)
  from space 1536K, 98% used [0x00000000eae80000,0x00000000eaff9ae8,0x00000000eb000000)
  to   space 3584K, 0% used [0x00000000eb180000,0x00000000eb180000,0x00000000eb500000)
 ParOldGen       total 252928K, used 252582K [0x00000000c0000000, 0x00000000cf700000, 0x00000000eab00000)
  object space 252928K, 99% used [0x00000000c0000000,0x00000000cf6a9bc8,0x00000000cf700000)
 Metaspace       used 83322K, committed 84352K, reserved 1130496K
  class space    used 7807K, committed 8256K, reserved 1048576K
}
Event: 2451.643 GC heap after
{Heap after GC invocations=18099 (full 313):
 PSYoungGen      total 6656K, used 0K [0x00000000eab00000, 0x00000000eb600000, 0x0000000100000000)
  eden space 3072K, 0% used [0x00000000eab00000,0x00000000eab00000,0x00000000eae00000)
  from space 3584K, 0% used [0x00000000eb180000,0x00000000eb180000,0x00000000eb500000)
  to   space 3584K, 0% used [0x00000000eae00000,0x00000000eae00000,0x00000000eb180000)
 ParOldGen       total 263168K, used 116692K [0x00000000c0000000, 0x00000000d0100000, 0x00000000eab00000)
  object space 263168K, 44% used [0x00000000c0000000,0x00000000c71f50d0,0x00000000d0100000)
 Metaspace       used 83312K, committed 84352K, reserved 1130496K
  class space    used 7805K, committed 8256K, reserved 1048576K
}

Deoptimization events (20 events):
Event: 2331.722 Thread 0x0000019d226b13b0 Uncommon trap: trap_request=0xffffffbe fr.pc=0x0000019d13e1f800 relative=0x0000000000002d00
Event: 2331.722 Thread 0x0000019d226b13b0 Uncommon trap: reason=profile_predicate action=maybe_recompile pc=0x0000019d13e1f800 method=org.eclipse.jdt.internal.compiler.ast.ParameterizedSingleTypeReference.internalResolveLeafType(Lorg/eclipse/jdt/internal/compiler/lookup/Scope;Lorg/eclipse/jdt/int
Event: 2331.722 Thread 0x0000019d226b13b0 DEOPT PACKING pc=0x0000019d13e1f800 sp=0x0000002ef0afe000
Event: 2331.722 Thread 0x0000019d226b13b0 DEOPT UNPACKING pc=0x0000019d0ae3209d sp=0x0000002ef0afdfd0 mode 2
Event: 2331.728 Thread 0x0000019d226b13b0 Uncommon trap: trap_request=0xffffffbe fr.pc=0x0000019d13e1f800 relative=0x0000000000002d00
Event: 2331.728 Thread 0x0000019d226b13b0 Uncommon trap: reason=profile_predicate action=maybe_recompile pc=0x0000019d13e1f800 method=org.eclipse.jdt.internal.compiler.ast.ParameterizedSingleTypeReference.internalResolveLeafType(Lorg/eclipse/jdt/internal/compiler/lookup/Scope;Lorg/eclipse/jdt/int
Event: 2331.728 Thread 0x0000019d226b13b0 DEOPT PACKING pc=0x0000019d13e1f800 sp=0x0000002ef0afde60
Event: 2331.728 Thread 0x0000019d226b13b0 DEOPT UNPACKING pc=0x0000019d0ae3209d sp=0x0000002ef0afde30 mode 2
Event: 2331.728 Thread 0x0000019d226b13b0 Uncommon trap: trap_request=0xffffffbe fr.pc=0x0000019d13e1f800 relative=0x0000000000002d00
Event: 2331.728 Thread 0x0000019d226b13b0 Uncommon trap: reason=profile_predicate action=maybe_recompile pc=0x0000019d13e1f800 method=org.eclipse.jdt.internal.compiler.ast.ParameterizedSingleTypeReference.internalResolveLeafType(Lorg/eclipse/jdt/internal/compiler/lookup/Scope;Lorg/eclipse/jdt/int
Event: 2331.728 Thread 0x0000019d226b13b0 DEOPT PACKING pc=0x0000019d13e1f800 sp=0x0000002ef0afdb90
Event: 2331.729 Thread 0x0000019d226b13b0 DEOPT UNPACKING pc=0x0000019d0ae3209d sp=0x0000002ef0afdb60 mode 2
Event: 2331.734 Thread 0x0000019d226b13b0 Uncommon trap: trap_request=0xffffffbe fr.pc=0x0000019d13e1f800 relative=0x0000000000002d00
Event: 2331.734 Thread 0x0000019d226b13b0 Uncommon trap: reason=profile_predicate action=maybe_recompile pc=0x0000019d13e1f800 method=org.eclipse.jdt.internal.compiler.ast.ParameterizedSingleTypeReference.internalResolveLeafType(Lorg/eclipse/jdt/internal/compiler/lookup/Scope;Lorg/eclipse/jdt/int
Event: 2331.734 Thread 0x0000019d226b13b0 DEOPT PACKING pc=0x0000019d13e1f800 sp=0x0000002ef0afe000
Event: 2331.734 Thread 0x0000019d226b13b0 DEOPT UNPACKING pc=0x0000019d0ae3209d sp=0x0000002ef0afdfd0 mode 2
Event: 2334.630 Thread 0x0000019d25e2c950 Uncommon trap: trap_request=0xffffff45 fr.pc=0x0000019d13b9a22c relative=0x00000000000009ac
Event: 2334.631 Thread 0x0000019d25e2c950 Uncommon trap: reason=unstable_if action=reinterpret pc=0x0000019d13b9a22c method=org.eclipse.jdt.internal.compiler.codegen.ConstantPool.literalIndex(D)I @ 95 c2
Event: 2334.631 Thread 0x0000019d25e2c950 DEOPT PACKING pc=0x0000019d13b9a22c sp=0x0000002ef13fe910
Event: 2334.631 Thread 0x0000019d25e2c950 DEOPT UNPACKING pc=0x0000019d0ae3209d sp=0x0000002ef13fe8c0 mode 2

Classes unloaded (20 events):
Event: 1019.596 Thread 0x0000019d1c699870 Unloading class 0x0000000100384000 'java/lang/invoke/LambdaForm$DMH+0x0000000100384000'
Event: 1019.596 Thread 0x0000019d1c699870 Unloading class 0x0000000100332000 'java/lang/invoke/LambdaForm$DMH+0x0000000100332000'
Event: 1019.596 Thread 0x0000019d1c699870 Unloading class 0x00000001001b0800 'java/lang/invoke/LambdaForm$MH+0x00000001001b0800'
Event: 1019.596 Thread 0x0000019d1c699870 Unloading class 0x00000001001b0000 'java/lang/invoke/LambdaForm$MH+0x00000001001b0000'
Event: 1019.596 Thread 0x0000019d1c699870 Unloading class 0x00000001001abc00 'java/lang/invoke/LambdaForm$MH+0x00000001001abc00'
Event: 1019.596 Thread 0x0000019d1c699870 Unloading class 0x00000001001ab800 'java/lang/invoke/LambdaForm$MH+0x00000001001ab800'
Event: 1019.596 Thread 0x0000019d1c699870 Unloading class 0x00000001001ab000 'java/lang/invoke/LambdaForm$MH+0x00000001001ab000'
Event: 1019.596 Thread 0x0000019d1c699870 Unloading class 0x00000001001aac00 'java/lang/invoke/LambdaForm$MH+0x00000001001aac00'
Event: 1019.596 Thread 0x0000019d1c699870 Unloading class 0x00000001001aa800 'java/lang/invoke/LambdaForm$MH+0x00000001001aa800'
Event: 1019.596 Thread 0x0000019d1c699870 Unloading class 0x00000001001aa000 'java/lang/invoke/LambdaForm$MH+0x00000001001aa000'
Event: 1037.610 Thread 0x0000019d1c699870 Unloading class 0x0000000100474400 'java/lang/invoke/LambdaForm$MH+0x0000000100474400'
Event: 1037.610 Thread 0x0000019d1c699870 Unloading class 0x000000010032d800 'java/lang/invoke/LambdaForm$MH+0x000000010032d800'
Event: 1037.610 Thread 0x0000019d1c699870 Unloading class 0x000000010032d400 'java/lang/invoke/LambdaForm$MH+0x000000010032d400'
Event: 1037.610 Thread 0x0000019d1c699870 Unloading class 0x000000010032d000 'java/lang/invoke/LambdaForm$MH+0x000000010032d000'
Event: 1037.610 Thread 0x0000019d1c699870 Unloading class 0x000000010032cc00 'java/lang/invoke/LambdaForm$MH+0x000000010032cc00'
Event: 1037.610 Thread 0x0000019d1c699870 Unloading class 0x000000010032c800 'java/lang/invoke/LambdaForm$MH+0x000000010032c800'
Event: 1037.610 Thread 0x0000019d1c699870 Unloading class 0x000000010032c400 'java/lang/invoke/LambdaForm$MH+0x000000010032c400'
Event: 2450.874 Thread 0x0000019d1c699870 Unloading class 0x0000000100475000 'jdk/internal/reflect/GeneratedConstructorAccessor70'
Event: 2450.877 Thread 0x0000019d1c699870 Unloading class 0x000000010032c400 'jdk/internal/reflect/GeneratedConstructorAccessor69'
Event: 2450.878 Thread 0x0000019d1c699870 Unloading class 0x000000010032d800 'jdk/internal/reflect/GeneratedConstructorAccessor68'

Classes redefined (0 events):
No events

Internal exceptions (20 events):
Event: 1807.122 Thread 0x0000019d21570a20 Exception <a 'sun/nio/fs/WindowsException'{0x00000000eae4cb48}> (0x00000000eae4cb48) 
thrown [s\src\hotspot\share\prims\jni.cpp, line 516]
Event: 1814.843 Thread 0x0000019d21570a20 Exception <a 'sun/nio/fs/WindowsException'{0x00000000eacc8e20}> (0x00000000eacc8e20) 
thrown [s\src\hotspot\share\prims\jni.cpp, line 516]
Event: 1815.536 Thread 0x0000019d21570a20 Exception <a 'sun/nio/fs/WindowsException'{0x00000000eab02bb0}> (0x00000000eab02bb0) 
thrown [s\src\hotspot\share\prims\jni.cpp, line 516]
Event: 1825.533 Thread 0x0000019d26038b40 Implicit null exception at 0x0000019d13b4e60c to 0x0000019d13b4f694
Event: 1826.015 Thread 0x0000019d21570a20 Exception <a 'sun/nio/fs/WindowsException'{0x00000000eae5a258}> (0x00000000eae5a258) 
thrown [s\src\hotspot\share\prims\jni.cpp, line 516]
Event: 1826.512 Thread 0x0000019d215730a0 Implicit null exception at 0x0000019d12c3f396 to 0x0000019d12c3f5d8
Event: 1826.860 Thread 0x0000019d21570a20 Exception <a 'sun/nio/fs/WindowsException'{0x00000000eabed1b0}> (0x00000000eabed1b0) 
thrown [s\src\hotspot\share\prims\jni.cpp, line 516]
Event: 1829.714 Thread 0x0000019d21570a20 Exception <a 'sun/nio/fs/WindowsException'{0x00000000eab09078}> (0x00000000eab09078) 
thrown [s\src\hotspot\share\prims\jni.cpp, line 516]
Event: 1830.395 Thread 0x0000019d21570a20 Exception <a 'sun/nio/fs/WindowsException'{0x00000000eadbbce8}> (0x00000000eadbbce8) 
thrown [s\src\hotspot\share\prims\jni.cpp, line 516]
Event: 1830.962 Thread 0x0000019d25e2b610 Implicit null exception at 0x0000019d140c92b9 to 0x0000019d140ca2d8
Event: 1834.987 Thread 0x0000019d21570a20 Exception <a 'sun/nio/fs/WindowsException'{0x00000000eabd6220}> (0x00000000eabd6220) 
thrown [s\src\hotspot\share\prims\jni.cpp, line 516]
Event: 1836.275 Thread 0x0000019d21570a20 Exception <a 'sun/nio/fs/WindowsException'{0x00000000eab2fc90}> (0x00000000eab2fc90) 
thrown [s\src\hotspot\share\prims\jni.cpp, line 516]
Event: 1836.360 Thread 0x0000019d21573a40 Exception <a 'sun/nio/fs/WindowsException'{0x00000000eade7af8}> (0x00000000eade7af8) 
thrown [s\src\hotspot\share\prims\jni.cpp, line 516]
Event: 2272.052 Thread 0x0000019d21570a20 Exception <a 'sun/nio/fs/WindowsException'{0x00000000eab12358}> (0x00000000eab12358) 
thrown [s\src\hotspot\share\prims\jni.cpp, line 516]
Event: 2275.834 Thread 0x0000019d21570a20 Exception <a 'sun/nio/fs/WindowsException'{0x00000000eab8bdb8}> (0x00000000eab8bdb8) 
thrown [s\src\hotspot\share\prims\jni.cpp, line 516]
Event: 2330.503 Thread 0x0000019d25e28ac0 Implicit null exception at 0x0000019d1330a1df to 0x0000019d1330ab98
Event: 2331.035 Thread 0x0000019d21570a20 Exception <a 'sun/nio/fs/WindowsException'{0x00000000eb1f0a68}> (0x00000000eb1f0a68) 
thrown [s\src\hotspot\share\prims\jni.cpp, line 516]
Event: 2333.507 Thread 0x0000019d21570a20 Exception <a 'sun/nio/fs/WindowsException'{0x00000000eadaa1c8}> (0x00000000eadaa1c8) 
thrown [s\src\hotspot\share\prims\jni.cpp, line 516]
Event: 2334.947 Thread 0x0000019d21572700 Exception <a 'sun/nio/fs/WindowsException'{0x00000000eb2d7328}> (0x00000000eb2d7328) 
thrown [s\src\hotspot\share\prims\jni.cpp, line 516]
Event: 2451.653 Thread 0x0000019d226ad9f0 Implicit null exception at 0x0000019d13be5339 to 0x0000000000000000

VM Operations (20 events):
Event: 2450.434 Executing VM operation: ParallelGCFailedAllocation
Event: 2450.437 Executing VM operation: ParallelGCFailedAllocation done
Event: 2450.447 Executing VM operation: ParallelGCFailedAllocation
Event: 2450.450 Executing VM operation: ParallelGCFailedAllocation done
Event: 2450.464 Executing VM operation: ParallelGCFailedAllocation
Event: 2450.467 Executing VM operation: ParallelGCFailedAllocation done
Event: 2450.654 Executing VM operation: ParallelGCFailedAllocation
Event: 2450.657 Executing VM operation: ParallelGCFailedAllocation done
Event: 2450.664 Executing VM operation: ParallelGCFailedAllocation
Event: 2450.668 Executing VM operation: ParallelGCFailedAllocation done
Event: 2450.692 Executing VM operation: ParallelGCFailedAllocation
Event: 2450.695 Executing VM operation: ParallelGCFailedAllocation done
Event: 2450.711 Executing VM operation: ParallelGCFailedAllocation
Event: 2450.715 Executing VM operation: ParallelGCFailedAllocation done
Event: 2450.725 Executing VM operation: ParallelGCFailedAllocation
Event: 2450.728 Executing VM operation: ParallelGCFailedAllocation done
Event: 2450.732 Executing VM operation: ParallelGCFailedAllocation
Event: 2450.735 Executing VM operation: ParallelGCFailedAllocation done
Event: 2450.755 Executing VM operation: ParallelGCFailedAllocation
Event: 2451.643 Executing VM operation: ParallelGCFailedAllocation done

Events (20 events):
Event: 2272.377 Thread 0x0000019d25e2b610 Thread added: 0x0000019d25e2b610
Event: 2276.297 Thread 0x0000019d25e2ac70 Thread added: 0x0000019d25e2ac70
Event: 2276.455 Thread 0x0000019d25e28ac0 Thread added: 0x0000019d25e28ac0
Event: 2276.734 Thread 0x0000019d25e2c950 Thread added: 0x0000019d25e2c950
Event: 2276.903 Thread 0x0000019d25e28f90 Thread added: 0x0000019d25e28f90
Event: 2277.088 Thread 0x0000019d25e2e630 Thread added: 0x0000019d25e2e630
Event: 2277.122 Thread 0x0000019d25e28120 Thread added: 0x0000019d25e28120
Event: 2278.786 Thread 0x0000019d25e29e00 Thread added: 0x0000019d25e29e00
Event: 2279.095 Thread 0x0000019d25e29e00 Thread exited: 0x0000019d25e29e00
Event: 2330.710 Thread 0x0000019d25e29e00 Thread added: 0x0000019d25e29e00
Event: 2330.768 Thread 0x0000019d25e29e00 Thread exited: 0x0000019d25e29e00
Event: 2334.844 Thread 0x0000019d25e29e00 Thread added: 0x0000019d25e29e00
Event: 2334.909 Thread 0x0000019d25e29e00 Thread exited: 0x0000019d25e29e00
Event: 2379.791 Thread 0x0000019d25e2dc90 Thread added: 0x0000019d25e2dc90
Event: 2379.802 Thread 0x0000019d25e2dc90 Thread exited: 0x0000019d25e2dc90
Event: 2395.441 Thread 0x0000019d21572700 Thread exited: 0x0000019d21572700
Event: 2395.485 Thread 0x0000019d21573a40 Thread exited: 0x0000019d21573a40
Event: 2397.387 Thread 0x0000019d226b13b0 Thread exited: 0x0000019d226b13b0
Event: 2409.113 Thread 0x0000019d25e2d7c0 Thread added: 0x0000019d25e2d7c0
Event: 2409.113 Thread 0x0000019d25e2d7c0 Thread exited: 0x0000019d25e2d7c0


Dynamic libraries:
0x00007ff7c0ae0000 - 0x00007ff7c0aee000 	c:\Users\Артур\.vscode\extensions\redhat.java-1.11.0-win32-x64\jre\17.0.4.1-win32-x86_64\bin\java.exe
0x00007ffa312d0000 - 0x00007ffa314c8000 	C:\Windows\SYSTEM32\ntdll.dll
0x00007ffa30ee0000 - 0x00007ffa30f9d000 	C:\Windows\System32\KERNEL32.DLL
0x00007ffa2ed80000 - 0x00007ffa2f04e000 	C:\Windows\System32\KERNELBASE.dll
0x00007ffa2ec80000 - 0x00007ffa2ed80000 	C:\Windows\System32\ucrtbase.dll
0x00007ff9ca980000 - 0x00007ff9ca998000 	c:\Users\Артур\.vscode\extensions\redhat.java-1.11.0-win32-x64\jre\17.0.4.1-win32-x86_64\bin\jli.dll
0x00007ff9ca9d0000 - 0x00007ff9ca9e9000 	c:\Users\Артур\.vscode\extensions\redhat.java-1.11.0-win32-x64\jre\17.0.4.1-win32-x86_64\bin\VCRUNTIME140.dll
0x00007ffa310f0000 - 0x00007ffa31290000 	C:\Windows\System32\USER32.dll
0x00007ffa2f0e0000 - 0x00007ffa2f102000 	C:\Windows\System32\win32u.dll
0x00007ffa25880000 - 0x00007ffa25b1a000 	C:\Windows\WinSxS\amd64_microsoft.windows.common-controls_6595b64144ccf1df_6.0.19041.1110_none_60b5254171f9507e\COMCTL32.dll
0x00007ffa2fd30000 - 0x00007ffa2fd5a000 	C:\Windows\System32\GDI32.dll
0x00007ffa2ead0000 - 0x00007ffa2ebdb000 	C:\Windows\System32\gdi32full.dll
0x00007ffa30ae0000 - 0x00007ffa30b7e000 	C:\Windows\System32\msvcrt.dll
0x00007ffa2ebe0000 - 0x00007ffa2ec7d000 	C:\Windows\System32\msvcp_win.dll
0x00007ffa300f0000 - 0x00007ffa30120000 	C:\Windows\System32\IMM32.DLL
0x00007ffa0b780000 - 0x00007ffa0b78c000 	c:\Users\Артур\.vscode\extensions\redhat.java-1.11.0-win32-x64\jre\17.0.4.1-win32-x86_64\bin\vcruntime140_1.dll
0x00007ff9ca7f0000 - 0x00007ff9ca881000 	c:\Users\Артур\.vscode\extensions\redhat.java-1.11.0-win32-x64\jre\17.0.4.1-win32-x86_64\bin\msvcp140.dll
0x00007ff9c1310000 - 0x00007ff9c1f56000 	c:\Users\Артур\.vscode\extensions\redhat.java-1.11.0-win32-x64\jre\17.0.4.1-win32-x86_64\bin\server\jvm.dll
0x00007ffa301d0000 - 0x00007ffa3027e000 	C:\Windows\System32\ADVAPI32.dll
0x00007ffa30280000 - 0x00007ffa3031c000 	C:\Windows\System32\sechost.dll
0x00007ffa2ff00000 - 0x00007ffa30025000 	C:\Windows\System32\RPCRT4.dll
0x00007ffa2f3c0000 - 0x00007ffa2f3c8000 	C:\Windows\System32\PSAPI.DLL
0x00007ffa269b0000 - 0x00007ffa269d7000 	C:\Windows\SYSTEM32\WINMM.dll
0x00007ffa297e0000 - 0x00007ffa297ea000 	C:\Windows\SYSTEM32\VERSION.dll
0x00007ffa2bf30000 - 0x00007ffa2bf39000 	C:\Windows\SYSTEM32\WSOCK32.dll
0x00007ffa31080000 - 0x00007ffa310eb000 	C:\Windows\System32\WS2_32.dll
0x00007ffa2c900000 - 0x00007ffa2c912000 	C:\Windows\SYSTEM32\kernel.appcore.dll
0x00007ffa093c0000 - 0x00007ffa093ca000 	c:\Users\Артур\.vscode\extensions\redhat.java-1.11.0-win32-x64\jre\17.0.4.1-win32-x86_64\bin\jimage.dll
0x00007ffa1d9d0000 - 0x00007ffa1dbb4000 	C:\Windows\SYSTEM32\DBGHELP.DLL
0x00007ffa1d9a0000 - 0x00007ffa1d9cc000 	C:\Windows\SYSTEM32\dbgcore.DLL
0x00007ffa2f050000 - 0x00007ffa2f0d2000 	C:\Windows\System32\bcryptPrimitives.dll
0x00007ffa05c50000 - 0x00007ffa05c5e000 	c:\Users\Артур\.vscode\extensions\redhat.java-1.11.0-win32-x64\jre\17.0.4.1-win32-x86_64\bin\instrument.dll
0x00007ff9bfe30000 - 0x00007ff9bfe55000 	c:\Users\Артур\.vscode\extensions\redhat.java-1.11.0-win32-x64\jre\17.0.4.1-win32-x86_64\bin\java.dll
0x00007ff9c7040000 - 0x00007ff9c7058000 	c:\Users\Артур\.vscode\extensions\redhat.java-1.11.0-win32-x64\jre\17.0.4.1-win32-x86_64\bin\zip.dll
0x00007ffa2f430000 - 0x00007ffa2fb73000 	C:\Windows\System32\SHELL32.dll
0x00007ffa2cb00000 - 0x00007ffa2d295000 	C:\Windows\SYSTEM32\windows.storage.dll
0x00007ffa30b80000 - 0x00007ffa30ed4000 	C:\Windows\System32\combase.dll
0x00007ffa2e450000 - 0x00007ffa2e480000 	C:\Windows\SYSTEM32\Wldp.dll
0x00007ffa30120000 - 0x00007ffa301cd000 	C:\Windows\System32\SHCORE.dll
0x00007ffa30090000 - 0x00007ffa300e5000 	C:\Windows\System32\shlwapi.dll
0x00007ffa2e930000 - 0x00007ffa2e94f000 	C:\Windows\SYSTEM32\profapi.dll
0x00007ff9caae0000 - 0x00007ff9caaf9000 	C:\Users\Артур\.vscode\extensions\redhat.java-1.11.0-win32-x64\jre\17.0.4.1-win32-x86_64\bin\net.dll
0x00007ffa29850000 - 0x00007ffa2995a000 	C:\Windows\SYSTEM32\WINHTTP.dll
0x00007ffa2e160000 - 0x00007ffa2e1ca000 	C:\Windows\system32\mswsock.dll
0x00007ff9ca9b0000 - 0x00007ff9ca9c5000 	C:\Users\Артур\.vscode\extensions\redhat.java-1.11.0-win32-x64\jre\17.0.4.1-win32-x86_64\bin\nio.dll
0x00007ffa030e0000 - 0x00007ffa030f0000 	c:\Users\Артур\.vscode\extensions\redhat.java-1.11.0-win32-x64\jre\17.0.4.1-win32-x86_64\bin\verify.dll
0x00007ff9c70b0000 - 0x00007ff9c70ee000 	C:\Users\Артур\AppData\Roaming\Code\User\globalStorage\redhat.java\1.11.0\config_win\org.eclipse.equinox.launcher\org.eclipse.equinox.launcher.win32.win32.x86_64_1.2.600.v20220720-1916\eclipse_11700.dll
0x00007ffa309b0000 - 0x00007ffa30ada000 	C:\Windows\System32\ole32.dll
0x00007ffa2e350000 - 0x00007ffa2e368000 	C:\Windows\SYSTEM32\CRYPTSP.dll
0x00007ffa2dac0000 - 0x00007ffa2daf4000 	C:\Windows\system32\rsaenh.dll
0x00007ffa2e9f0000 - 0x00007ffa2ea17000 	C:\Windows\System32\bcrypt.dll
0x00007ffa2e8f0000 - 0x00007ffa2e91e000 	C:\Windows\SYSTEM32\USERENV.dll
0x00007ffa2e370000 - 0x00007ffa2e37c000 	C:\Windows\SYSTEM32\CRYPTBASE.dll
0x00007ffa2de50000 - 0x00007ffa2de8b000 	C:\Windows\SYSTEM32\IPHLPAPI.DLL
0x00007ffa2f3b0000 - 0x00007ffa2f3b8000 	C:\Windows\System32\NSI.dll
0x00007ffa267b0000 - 0x00007ffa267c7000 	C:\Windows\SYSTEM32\dhcpcsvc6.DLL
0x00007ffa26050000 - 0x00007ffa2606d000 	C:\Windows\SYSTEM32\dhcpcsvc.DLL
0x00007ffa2de90000 - 0x00007ffa2df5a000 	C:\Windows\SYSTEM32\DNSAPI.dll
0x00007ffa0feb0000 - 0x00007ffa0feb9000 	C:\Users\Артур\.vscode\extensions\redhat.java-1.11.0-win32-x64\jre\17.0.4.1-win32-x86_64\bin\management.dll
0x00007ffa02ba0000 - 0x00007ffa02bab000 	C:\Users\Артур\.vscode\extensions\redhat.java-1.11.0-win32-x64\jre\17.0.4.1-win32-x86_64\bin\management_ext.dll
0x00007ff9d4a80000 - 0x00007ff9d4ac4000 	C:\Users\Артур\AppData\Local\Temp\jna-993956847\jna8602895389754655945.dll

dbghelp: loaded successfully - version: 4.0.5 - missing functions: none
symbol engine: initialized successfully - sym options: 0x614 - pdb path: .;c:\Users\Артур\.vscode\extensions\redhat.java-1.11.0-win32-x64\jre\17.0.4.1-win32-x86_64\bin;C:\Windows\SYSTEM32;C:\Windows\WinSxS\amd64_microsoft.windows.common-controls_6595b64144ccf1df_6.0.19041.1110_none_60b5254171f9507e;c:\Users\Артур\.vscode\extensions\redhat.java-1.11.0-win32-x64\jre\17.0.4.1-win32-x86_64\bin\server;C:\Users\Артур\AppData\Roaming\Code\User\globalStorage\redhat.java\1.11.0\config_win\org.eclipse.equinox.launcher\org.eclipse.equinox.launcher.win32.win32.x86_64_1.2.600.v20220720-1916;C:\Users\Артур\AppData\Local\Temp\jna-993956847

VM Arguments:
jvm_args: --add-modules=ALL-SYSTEM --add-opens=java.base/java.util=ALL-UNNAMED --add-opens=java.base/java.lang=ALL-UNNAMED --add-opens=java.base/sun.nio.fs=ALL-UNNAMED -Declipse.application=org.eclipse.jdt.ls.core.id1 -Dosgi.bundles.defaultStartLevel=4 -Declipse.product=org.eclipse.jdt.ls.core.product -Djava.import.generatesMetadataFilesAtProjectRoot=false -Dfile.encoding=utf8 -DwatchParentProcess=false -XX:+UseParallelGC -XX:GCTimeRatio=4 -XX:AdaptiveSizePolicyWeight=90 -Dsun.zip.disableMemoryMapping=true -Xmx1G -Xms100m -Xlog:disable -javaagent:c:\Users\Артур\.vscode\extensions\redhat.java-1.11.0-win32-x64\lombok\lombok-1.18.24.jar -XX:+HeapDumpOnOutOfMemoryError -XX:HeapDumpPath=c:\Users\Артур\AppData\Roaming\Code\User\workspaceStorage\5c1c60083b7b46aba082b4ca789630d8\redhat.java 
java_command: c:\Users\Артур\.vscode\extensions\redhat.java-1.11.0-win32-x64\server\plugins\org.eclipse.equinox.launcher_1.6.400.v20210924-0641.jar -configuration c:\Users\Артур\AppData\Roaming\Code\User\globalStorage\redhat.java\1.11.0\config_win -data c:\Users\Артур\AppData\Roaming\Code\User\workspaceStorage\5c1c60083b7b46aba082b4ca789630d8\redhat.java\jdt_ws
java_class_path (initial): c:\Users\Артур\.vscode\extensions\redhat.java-1.11.0-win32-x64\server\plugins\org.eclipse.equinox.launcher_1.6.400.v20210924-0641.jar
Launcher Type: SUN_STANDARD

[Global flags]
    uintx AdaptiveSizePolicyWeight                 = 90                                        {product} {command line}
     intx CICompilerCount                          = 3                                         {product} {ergonomic}
    uintx GCTimeRatio                              = 4                                         {product} {command line}
     bool HeapDumpOnOutOfMemoryError               = true                                   {manageable} {command line}
    ccstr HeapDumpPath                             = c:\Users\Артур\AppData\Roaming\Code\User\workspaceStorage\5c1c60083b7b46aba082b4ca789630d8\redhat.java         {manageable} {command line}
   size_t InitialHeapSize                          = 104857600                                 {product} {command line}
   size_t MaxHeapSize                              = 1073741824                                {product} {command line}
   size_t MaxNewSize                               = 357564416                                 {product} {ergonomic}
   size_t MinHeapDeltaBytes                        = 524288                                    {product} {ergonomic}
   size_t MinHeapSize                              = 104857600                                 {product} {command line}
   size_t NewSize                                  = 34603008                                  {product} {ergonomic}
    uintx NonNMethodCodeHeapSize                   = 5832780                                {pd product} {ergonomic}
    uintx NonProfiledCodeHeapSize                  = 122912730                              {pd product} {ergonomic}
   size_t OldSize                                  = 70254592                                  {product} {ergonomic}
    uintx ProfiledCodeHeapSize                     = 122912730                              {pd product} {ergonomic}
    uintx ReservedCodeCacheSize                    = 251658240                              {pd product} {ergonomic}
     bool SegmentedCodeCache                       = true                                      {product} {ergonomic}
   size_t SoftMaxHeapSize                          = 1073741824                             {manageable} {ergonomic}
     bool UseCompressedClassPointers               = true                           {product lp64_product} {ergonomic}
     bool UseCompressedOops                        = true                           {product lp64_product} {ergonomic}
     bool UseLargePagesIndividualAllocation        = false                                  {pd product} {ergonomic}
     bool UseParallelGC                            = true                                      {product} {command line}

Logging:
Log output configuration:
 #0: stdout all=off uptime,level,tags
 #1: stderr all=off uptime,level,tags

Environment Variables:
JAVA_HOME=C:\Program Files\Java\jdk1.8.0_202
PATH=C:\Program Files (x86)\Common Files\Oracle\Java\javapath;C:\ProgramData\Oracle\Java\javapath;C:\Windows\system32;C:\Windows;C:\Windows\System32\Wbem;C:\Windows\System32\WindowsPowerShell\v1.0\;C:\Windows\System32\OpenSSH\;E:\Programs\Git\cmd;E:\Programs\nodejs\;C:\HaxeToolkit\haxe;C:\HaxeToolkit\neko;C:\Program Files\dotnet\;C:\Users\Артур\AppData\Local\Microsoft\WindowsApps;;E:\Programs\Microsoft VS Code\bin;C:\Users\Артур\AppData\Roaming\npm;E:\Programs\JetBrains\IntelliJ IDEA Community Edition 2022.1\bin;;C:\Users\Артур\.dotnet\tools
USERNAME=Артур
OS=Windows_NT
PROCESSOR_IDENTIFIER=Intel64 Family 6 Model 23 Stepping 10, GenuineIntel
TMP=C:\Users\E8E5~1\AppData\Local\Temp
TEMP=C:\Users\E8E5~1\AppData\Local\Temp



---------------  S Y S T E M  ---------------

OS:
 Windows 10 , 64 bit Build 19041 (10.0.19041.1889)
OS uptime: 0 days 1:18 hours

CPU: total 4 (initial active 4) (4 cores per cpu, 1 threads per core) family 6 model 23 stepping 10 microcode 0xa0c, cx8, cmov, fxsr, mmx, sse, sse2, sse3, ssse3, sse4.1, tsc, clflush

Memory: 4k page, system-wide physical 4095M (1081M free)
TotalPageFile size 11263M (AvailPageFile size 5195M)
current process WorkingSet (physical memory assigned to process): 468M, peak: 616M
current process commit charge ("private bytes"): 578M, peak: 663M

vm_info: OpenJDK 64-Bit Server VM (17.0.4.1+1) for windows-amd64 JRE (17.0.4.1+1), built on Aug 17 2022 07:42:43 by "temurin" with MS VC++ 16.7 (VS2019)

END.
