#
# A fatal error has been detected by the Java Runtime Environment:
#
#  EXCEPTION_ILLEGAL_INSTRUCTION (0xc000001d) at pc=0x00000000537eb794, pid=2256, tid=0x00000000000014b4
#
# JRE version: Java(TM) SE Runtime Environment (8.0_202-b08) (build 1.8.0_202-b08)
# Java VM: Java HotSpot(TM) 64-Bit Server VM (25.202-b08 mixed mode windows-amd64 compressed oops)
# Problematic frame:
# V  [jvm.dll+0xbb794]
#
# Failed to write core dump. Minidumps are not enabled by default on client versions of Windows
#
# If you would like to submit a bug report, please visit:
#   http://bugreport.java.com/bugreport/crash.jsp
#

---------------  T H R E A D  ---------------

Current thread (0x00000000024fe800):  JavaThread "main" [_thread_in_vm, id=5300, stack(0x0000000002500000,0x0000000002600000)]

siginfo: ExceptionCode=0xc000001d

Registers:
RAX=0x0000000012451018, RBX=0x0000000053d591e8, RCX=0x00000000147072b0, RDX=0x0000000000000088
RSP=0x00000000025fcba0, RBP=0x00000000025fcc09, RSI=0x00000000024fe800, RDI=0x0000000012449d70
R8 =0x0000000000000011, R9 =0x00000000024f8260, R10=0x0000000012449d70, R11=0x00000000025fcb90
R12=0x00000000024f8260, R13=0x0000000012450900, R14=0x00000000ffffff2e, R15=0x00000000024fe800
RIP=0x00000000537eb794, EFLAGS=0x0000000000010206

Top of Stack: (sp=0x00000000025fcba0)
0x00000000025fcba0:   0000000000000000 0000000000000000
0x00000000025fcbb0:   00000000025fcc09 00000000024fe800
0x00000000025fcbc0:   00000000000000ba 00000000024fe800
0x00000000025fcbd0:   0000000012449d70 00000000024fe800
0x00000000025fcbe0:   0000000012449d70 00000000024fe800
0x00000000025fcbf0:   000000010000b738 000000010000b738
0x00000000025fcc00:   00000000126aedb0 00000000024fe800
0x00000000025fcc10:   00000000126aedb0 00000000024fe800
0x00000000025fcc20:   fffffffe00000000 00000000145f79a0
0x00000000025fcc30:   00000000145f7960 00000000125e1b60
0x00000000025fcc40:   00000000025fcd10 000000001245096e
0x00000000025fcc50:   0000000000000000 0000000002707bb0
0x00000000025fcc60:   00000000025fccf8 0000000002723c3f
0x00000000025fcc70:   00000000024fe800 00000000000000ba
0x00000000025fcc80:   00000000a0000031 0000000002713aeb
0x00000000025fcc90:   00000000024fe800 0000000002723c04 

Instructions: (pc=0x00000000537eb794)
0x00000000537eb774:   ed 74 08 48 8b ce e8 31 69 0f 00 48 8b 47 10 48
0x00000000537eb784:   89 7d d7 48 89 75 df 48 8b 1e 40 01 00 00 41 f7
0x00000000537eb794:   d6 8b 13 49 63 ce 48 c1 e1 05 4c 8d 64 01 10 3b
0x00000000537eb7a4:   53 04 75 08 48 8b cb e8 a0 6e fe ff 48 63 13 4c 


Register to memory mapping:

RAX=0x0000000012451018 is pointing into metadata
RBX=0x0000000053d591e8 is an unknown value
RCX=0x00000000147072b0 is an unknown value
RDX=0x0000000000000088 is an unknown value
RSP=0x00000000025fcba0 is pointing into the stack for thread: 0x00000000024fe800
RBP=0x00000000025fcc09 is pointing into the stack for thread: 0x00000000024fe800
RSI=0x00000000024fe800 is a thread
RDI=0x0000000012449d70 is pointing into metadata
R8 =0x0000000000000011 is an unknown value
R9 =0x00000000024f8260 is an unknown value
R10=0x0000000012449d70 is pointing into metadata
R11=0x00000000025fcb90 is pointing into the stack for thread: 0x00000000024fe800
R12=0x00000000024f8260 is an unknown value
R13=0x0000000012450900 is pointing into metadata
R14=0x00000000ffffff2e is an unknown value
R15=0x00000000024fe800 is a thread


Stack: [0x0000000002500000,0x0000000002600000],  sp=0x00000000025fcba0,  free space=1010k
Native frames: (J=compiled Java code, j=interpreted, Vv=VM code, C=native code)
V  [jvm.dll+0xbb794]
C  0x0000000002723c3f

Java frames: (J=compiled Java code, j=interpreted, Vv=VM code)
j  sun.security.x509.X509CertImpl.getFingerprint(Ljava/lang/String;)Ljava/lang/String;+6
j  sun.security.util.UntrustedCertificates.isUntrusted(Ljava/security/cert/X509Certificate;)Z+22
j  sun.security.provider.certpath.UntrustedChecker.check(Ljava/security/cert/Certificate;Ljava/util/Collection;)V+6
j  java.security.cert.PKIXCertPathChecker.check(Ljava/security/cert/Certificate;)V+5
j  sun.security.validator.SimpleValidator.engineValidate([Ljava/security/cert/X509Certificate;Ljava/util/Collection;Ljava/security/AlgorithmConstraints;Ljava/lang/Object;)[Ljava/security/cert/X509Certificate;+66
j  sun.security.validator.Validator.validate([Ljava/security/cert/X509Certificate;Ljava/util/Collection;Ljava/security/AlgorithmConstraints;Ljava/lang/Object;)[Ljava/security/cert/X509Certificate;+6
j  sun.security.validator.Validator.validate([Ljava/security/cert/X509Certificate;Ljava/util/Collection;Ljava/lang/Object;)[Ljava/security/cert/X509Certificate;+5
j  sun.security.validator.Validator.validate([Ljava/security/cert/X509Certificate;)[Ljava/security/cert/X509Certificate;+4
j  javax.crypto.JarVerifier.isTrusted([Ljava/security/cert/X509Certificate;)Z+5
j  javax.crypto.JarVerifier.verifySingleJar(Ljava/net/URL;)Ljava/lang/String;+484
j  javax.crypto.JarVerifier.verifyJars(Ljava/net/URL;Ljava/util/List;)V+21
j  javax.crypto.JarVerifier.verify()V+23
j  javax.crypto.JceSecurity.verifyProviderJar(Ljava/net/URL;)V+11
j  javax.crypto.JceSecurity.getVerificationResult(Ljava/security/Provider;)Ljava/lang/Exception;+72
j  javax.crypto.JceSecurity.canUseProvider(Ljava/security/Provider;)Z+1
j  javax.crypto.KeyAgreement.getInstance(Ljava/lang/String;)Ljavax/crypto/KeyAgreement;+37
j  sun.security.ssl.JsseJce.getKeyAgreement(Ljava/lang/String;)Ljavax/crypto/KeyAgreement;+7
j  sun.security.ssl.JsseJce$EcAvailability.<clinit>()V+16
v  ~StubRoutines::call_stub
j  sun.security.ssl.JsseJce.isEcAvailable()Z+0
j  sun.security.ssl.CipherSuite$KeyExchange.isAvailable()Z+23
j  sun.security.ssl.CipherSuite.isAvailable()Z+11
j  sun.security.ssl.SSLContextImpl.getApplicableCipherSuiteList(Ljava/util/Collection;Lsun/security/ssl/ProtocolList;I)Lsun/security/ssl/CipherSuiteList;+88
j  sun.security.ssl.SSLContextImpl.getApplicableSupportedCipherSuiteList(Lsun/security/ssl/ProtocolList;)Lsun/security/ssl/CipherSuiteList;+5
j  sun.security.ssl.SSLContextImpl.access$100(Lsun/security/ssl/ProtocolList;)Lsun/security/ssl/CipherSuiteList;+1
j  sun.security.ssl.SSLContextImpl$AbstractTLSContext.<clinit>()V+194
v  ~StubRoutines::call_stub
j  java.lang.Class.forName0(Ljava/lang/String;ZLjava/lang/ClassLoader;Ljava/lang/Class;)Ljava/lang/Class;+0
j  java.lang.Class.forName(Ljava/lang/String;)Ljava/lang/Class;+11
j  java.security.Provider$Service.getImplClass()Ljava/lang/Class;+44
j  java.security.Provider$Service.newInstance(Ljava/lang/Object;)Ljava/lang/Object;+146
j  sun.security.jca.GetInstance.getInstance(Ljava/security/Provider$Service;Ljava/lang/Class;)Lsun/security/jca/GetInstance$Instance;+2
j  sun.security.jca.GetInstance.getInstance(Ljava/lang/String;Ljava/lang/Class;Ljava/lang/String;)Lsun/security/jca/GetInstance$Instance;+56
j  javax.net.ssl.SSLContext.getInstance(Ljava/lang/String;)Ljavax/net/ssl/SSLContext;+5
j  javax.net.ssl.SSLContext.getDefault()Ljavax/net/ssl/SSLContext;+8
j  javax.net.ssl.SSLSocketFactory.getDefault()Ljavax/net/SocketFactory;+164
j  javax.net.ssl.HttpsURLConnection.getDefaultSSLSocketFactory()Ljavax/net/ssl/SSLSocketFactory;+6
j  javax.net.ssl.HttpsURLConnection.<init>(Ljava/net/URL;)V+13
j  sun.net.www.protocol.https.HttpsURLConnectionImpl.<init>(Ljava/net/URL;Ljava/net/Proxy;Lsun/net/www/protocol/https/Handler;)V+5
j  sun.net.www.protocol.https.Handler.openConnection(Ljava/net/URL;Ljava/net/Proxy;)Ljava/net/URLConnection;+7
j  sun.net.www.protocol.https.Handler.openConnection(Ljava/net/URL;)Ljava/net/URLConnection;+6
j  java.net.URL.openConnection()Ljava/net/URLConnection;+5
j  org.gradle.wrapper.Download.downloadInternal(Ljava/net/URI;Ljava/io/File;)V+32
j  org.gradle.wrapper.Download.download(Ljava/net/URI;Ljava/io/File;)V+11
j  org.gradle.wrapper.Install$1.call()Ljava/io/File;+220
j  org.gradle.wrapper.Install$1.call()Ljava/lang/Object;+1
j  org.gradle.wrapper.ExclusiveFileAccessManager.access(Ljava/io/File;Ljava/util/concurrent/Callable;)Ljava/lang/Object;+230
j  org.gradle.wrapper.Install.createDist(Lorg/gradle/wrapper/WrapperConfiguration;)Ljava/io/File;+55
j  org.gradle.wrapper.WrapperExecutor.execute([Ljava/lang/String;Lorg/gradle/wrapper/Install;Lorg/gradle/wrapper/BootstrapMainStarter;)V+5
j  org.gradle.wrapper.GradleWrapperMain.main([Ljava/lang/String;)V+187
v  ~StubRoutines::call_stub

---------------  P R O C E S S  ---------------

Java Threads: ( => current thread )
  0x0000000012abe800 JavaThread "Service Thread" daemon [_thread_blocked, id=9280, stack(0x00000000147c0000,0x00000000148c0000)]
  0x0000000012a95000 JavaThread "C1 CompilerThread2" daemon [_thread_blocked, id=10848, stack(0x00000000142c0000,0x00000000143c0000)]
  0x0000000012a75800 JavaThread "C2 CompilerThread1" daemon [_thread_blocked, id=2460, stack(0x00000000141c0000,0x00000000142c0000)]
  0x0000000012a64800 JavaThread "C2 CompilerThread0" daemon [_thread_blocked, id=1828, stack(0x00000000140c0000,0x00000000141c0000)]
  0x0000000012a63000 JavaThread "Attach Listener" daemon [_thread_blocked, id=8732, stack(0x0000000013fc0000,0x00000000140c0000)]
  0x0000000012a69800 JavaThread "Signal Dispatcher" daemon [_thread_blocked, id=11576, stack(0x0000000013ec0000,0x0000000013fc0000)]
  0x00000000026fd000 JavaThread "Finalizer" daemon [_thread_blocked, id=9820, stack(0x0000000013cb0000,0x0000000013db0000)]
  0x0000000012a4a800 JavaThread "Reference Handler" daemon [_thread_blocked, id=4368, stack(0x0000000013bb0000,0x0000000013cb0000)]
=>0x00000000024fe800 JavaThread "main" [_thread_in_vm, id=5300, stack(0x0000000002500000,0x0000000002600000)]

Other Threads:
  0x0000000012a28000 VMThread [stack: 0x0000000013ab0000,0x0000000013bb0000] [id=12240]
  0x00000000143d2000 WatcherThread [stack: 0x00000000148c0000,0x00000000149c0000] [id=11936]

VM state:not at safepoint (normal execution)

VM Mutex/Monitor currently owned by a thread: None

heap address: 0x00000000fc000000, size: 64 MB, Compressed Oops mode: 32-bit
Narrow klass base: 0x0000000000000000, Narrow klass shift: 3
Compressed class space size: 1073741824 Address: 0x0000000100000000

Heap:
 PSYoungGen      total 18944K, used 6312K [0x00000000feb00000, 0x0000000100000000, 0x0000000100000000)
  eden space 16384K, 38% used [0x00000000feb00000,0x00000000ff12a100,0x00000000ffb00000)
  from space 2560K, 0% used [0x00000000ffd80000,0x00000000ffd80000,0x0000000100000000)
  to   space 2560K, 0% used [0x00000000ffb00000,0x00000000ffb00000,0x00000000ffd80000)
 ParOldGen       total 44032K, used 0K [0x00000000fc000000, 0x00000000feb00000, 0x00000000feb00000)
  object space 44032K, 0% used [0x00000000fc000000,0x00000000fc000000,0x00000000feb00000)
 Metaspace       used 6733K, capacity 6906K, committed 7040K, reserved 1056768K
  class space    used 764K, capacity 830K, committed 896K, reserved 1048576K

Card table byte_map: [0x0000000000b40000,0x0000000000b70000] byte_map_base: 0x0000000000360000

Marking Bits: (ParMarkBitMap*) 0x0000000053f55ce0
 Begin Bits: [0x0000000011ec0000, 0x0000000011fc0000)
 End Bits:   [0x0000000011fc0000, 0x00000000120c0000)

Polling page: 0x0000000000810000

CodeCache: size=245760Kb used=2117Kb max_used=2134Kb free=243642Kb
 bounds [0x0000000002700000, 0x0000000002970000, 0x0000000011700000]
 total_blobs=812 nmethods=488 adapters=239
 compilation: enabled

Compilation events (10 events):
Event: 1.042 Thread 0x0000000012a95000 nmethod 466 0x000000000290f010 code [0x000000000290f160, 0x000000000290f270]
Event: 1.043 Thread 0x0000000012a75800 nmethod 477 0x0000000002915510 code [0x0000000002915680, 0x0000000002915a78]
Event: 1.043 Thread 0x0000000012a64800 nmethod 481 0x0000000002912090 code [0x00000000029121e0, 0x0000000002912498]
Event: 1.044 Thread 0x0000000012a95000  486       3       jdk.internal.org.objectweb.asm.ByteVector::<init> (13 bytes)
Event: 1.044 Thread 0x0000000012a95000 nmethod 486 0x0000000002911c10 code [0x0000000002911d80, 0x0000000002911fd0]
Event: 1.045 Thread 0x0000000012a95000  487       3       jdk.internal.org.objectweb.asm.ByteVector::enlarge (51 bytes)
Event: 1.045 Thread 0x0000000012a95000 nmethod 487 0x0000000002911690 code [0x0000000002911800, 0x0000000002911b28]
Event: 1.045 Thread 0x0000000012a95000  488       3       jdk.internal.org.objectweb.asm.ByteVector::putByteArray (49 bytes)
Event: 1.046 Thread 0x0000000012a95000 nmethod 488 0x00000000029110d0 code [0x0000000002911240, 0x0000000002911578]
Event: 1.046 Thread 0x0000000012a95000  489       3       jdk.internal.org.objectweb.asm.ByteVector::putInt (74 bytes)

GC Heap History (0 events):
No events

Deoptimization events (3 events):
Event: 0.906 Thread 0x00000000024fe800 Uncommon trap: reason=class_check action=maybe_recompile pc=0x0000000002889264 method=java.util.regex.Pattern$BmpCharProperty.match(Ljava/util/regex/Matcher;ILjava/lang/CharSequence;)Z @ 31
Event: 0.906 Thread 0x00000000024fe800 Uncommon trap: reason=unstable_if action=reinterpret pc=0x0000000002889200 method=java.util.regex.Pattern$BmpCharProperty.match(Ljava/util/regex/Matcher;ILjava/lang/CharSequence;)Z @ 5
Event: 1.043 Thread 0x00000000024fe800 Uncommon trap: reason=unstable_if action=reinterpret pc=0x000000000286fd5c method=java.lang.CharacterDataLatin1.digit(II)I @ 82

Classes redefined (0 events):
No events

Internal exceptions (6 events):
Event: 0.046 Thread 0x00000000024fe800 Exception <a 'java/lang/NoSuchMethodError': Method sun.misc.Unsafe.defineClass(Ljava/lang/String;[BII)Ljava/lang/Class; name or signature does not match> (0x00000000feb07cb0) thrown at [C:\re\workspace\8-2-build-windows-amd64-cygwin\jdk8u202\12323\hotspot
Event: 0.046 Thread 0x00000000024fe800 Exception <a 'java/lang/NoSuchMethodError': Method sun.misc.Unsafe.prefetchRead(Ljava/lang/Object;J)V name or signature does not match> (0x00000000feb07f98) thrown at [C:\re\workspace\8-2-build-windows-amd64-cygwin\jdk8u202\12323\hotspot\src\share\vm\prim
Event: 0.715 Thread 0x00000000024fe800 Exception <a 'java/security/PrivilegedActionException'> (0x00000000fede4998) thrown at [C:\re\workspace\8-2-build-windows-amd64-cygwin\jdk8u202\12323\hotspot\src\share\vm\prims\jvm.cpp, line 1502]
Event: 0.715 Thread 0x00000000024fe800 Exception <a 'java/security/PrivilegedActionException'> (0x00000000fede4d90) thrown at [C:\re\workspace\8-2-build-windows-amd64-cygwin\jdk8u202\12323\hotspot\src\share\vm\prims\jvm.cpp, line 1502]
Event: 1.020 Thread 0x00000000024fe800 Exception <a 'java/lang/NoSuchFieldError': method resolution failed> (0x00000000ff0651f0) thrown at [C:\re\workspace\8-2-build-windows-amd64-cygwin\jdk8u202\12323\hotspot\src\share\vm\prims\methodHandles.cpp, line 1167]
Event: 1.023 Thread 0x00000000024fe800 Exception <a 'java/lang/NoSuchFieldError': method resolution failed> (0x00000000ff072d30) thrown at [C:\re\workspace\8-2-build-windows-amd64-cygwin\jdk8u202\12323\hotspot\src\share\vm\prims\methodHandles.cpp, line 1167]

Events (10 events):
Event: 1.043 loading class java/security/AllPermissionCollection
Event: 1.043 loading class java/security/AllPermissionCollection done
Event: 1.044 loading class java/lang/invoke/InfoFromMemberName
Event: 1.044 loading class java/lang/invoke/MethodHandleInfo
Event: 1.044 loading class java/lang/invoke/MethodHandleInfo done
Event: 1.044 loading class java/lang/invoke/InfoFromMemberName done
Event: 1.044 loading class java/lang/invoke/InnerClassLambdaMetafactory$ForwardingMethodGenerator
Event: 1.044 loading class java/lang/invoke/TypeConvertingMethodAdapter
Event: 1.045 loading class java/lang/invoke/TypeConvertingMethodAdapter done
Event: 1.045 loading class java/lang/invoke/InnerClassLambdaMetafactory$ForwardingMethodGenerator done


Dynamic libraries:
0x00007ff636ff0000 - 0x00007ff637027000 	C:\Program Files\Java\jdk1.8.0_202\bin\java.exe
0x00007ffd08a50000 - 0x00007ffd08c48000 	C:\Windows\SYSTEM32\ntdll.dll
0x00007ffd07900000 - 0x00007ffd079bd000 	C:\Windows\System32\KERNEL32.DLL
0x00007ffd06430000 - 0x00007ffd06702000 	C:\Windows\System32\KERNELBASE.dll
0x00007ffd080c0000 - 0x00007ffd0816e000 	C:\Windows\System32\ADVAPI32.dll
0x00007ffd07cf0000 - 0x00007ffd07d8e000 	C:\Windows\System32\msvcrt.dll
0x00007ffd08890000 - 0x00007ffd0892c000 	C:\Windows\System32\sechost.dll
0x00007ffd07f90000 - 0x00007ffd080b5000 	C:\Windows\System32\RPCRT4.dll
0x00007ffd079c0000 - 0x00007ffd07b5d000 	C:\Windows\System32\USER32.dll
0x00007ffd06840000 - 0x00007ffd06862000 	C:\Windows\System32\win32u.dll
0x00007ffd07ef0000 - 0x00007ffd07f1b000 	C:\Windows\System32\GDI32.dll
0x00007ffd069a0000 - 0x00007ffd06aaf000 	C:\Windows\System32\gdi32full.dll
0x00007ffd06870000 - 0x00007ffd0690d000 	C:\Windows\System32\msvcp_win.dll
0x00007ffd06710000 - 0x00007ffd06810000 	C:\Windows\System32\ucrtbase.dll
0x00007ffcfd6e0000 - 0x00007ffcfd97a000 	C:\Windows\WinSxS\amd64_microsoft.windows.common-controls_6595b64144ccf1df_6.0.19041.1110_none_60b5254171f9507e\COMCTL32.dll
0x00007ffd087b0000 - 0x00007ffd087e0000 	C:\Windows\System32\IMM32.DLL
0x0000000053fe0000 - 0x00000000540b2000 	C:\Program Files\Java\jdk1.8.0_202\jre\bin\msvcr100.dll
0x0000000053730000 - 0x0000000053fd5000 	C:\Program Files\Java\jdk1.8.0_202\jre\bin\server\jvm.dll
0x00007ffd07f20000 - 0x00007ffd07f28000 	C:\Windows\System32\PSAPI.DLL
0x00007ffcfe1c0000 - 0x00007ffcfe1e7000 	C:\Windows\SYSTEM32\WINMM.dll
0x00007ffcffd70000 - 0x00007ffcffd7a000 	C:\Windows\SYSTEM32\VERSION.dll
0x00007ffce9310000 - 0x00007ffce9319000 	C:\Windows\SYSTEM32\WSOCK32.dll
0x00007ffd07450000 - 0x00007ffd074bb000 	C:\Windows\System32\WS2_32.dll
0x00007ffceb330000 - 0x00007ffceb33f000 	C:\Program Files\Java\jdk1.8.0_202\jre\bin\verify.dll
0x00007ffcea490000 - 0x00007ffcea4b9000 	C:\Program Files\Java\jdk1.8.0_202\jre\bin\java.dll
0x00007ffceb310000 - 0x00007ffceb326000 	C:\Program Files\Java\jdk1.8.0_202\jre\bin\zip.dll
0x00007ffd06ab0000 - 0x00007ffd071f3000 	C:\Windows\System32\SHELL32.dll
0x00007ffd04240000 - 0x00007ffd049d1000 	C:\Windows\SYSTEM32\windows.storage.dll
0x00007ffd075a0000 - 0x00007ffd078f4000 	C:\Windows\System32\combase.dll
0x00007ffd05bc0000 - 0x00007ffd05bf0000 	C:\Windows\SYSTEM32\Wldp.dll
0x00007ffd073a0000 - 0x00007ffd0744d000 	C:\Windows\System32\SHCORE.dll
0x00007ffd07540000 - 0x00007ffd07595000 	C:\Windows\System32\shlwapi.dll
0x00007ffd060a0000 - 0x00007ffd060bf000 	C:\Windows\SYSTEM32\profapi.dll
0x00007ffce8d20000 - 0x00007ffce8d3a000 	C:\Program Files\Java\jdk1.8.0_202\jre\bin\net.dll
0x00007ffcf82a0000 - 0x00007ffcf848d000 	C:\Windows\SYSTEM32\urlmon.dll
0x00007ffcf85d0000 - 0x00007ffcf8881000 	C:\Windows\SYSTEM32\iertutil.dll
0x00007ffcf8270000 - 0x00007ffcf8298000 	C:\Windows\SYSTEM32\srvcli.dll
0x00007ffd056b0000 - 0x00007ffd056bc000 	C:\Windows\SYSTEM32\netutils.dll
0x00007ffd058b0000 - 0x00007ffd0591a000 	C:\Windows\system32\mswsock.dll
0x00007ffce8b50000 - 0x00007ffce8b62000 	C:\Program Files\Java\jdk1.8.0_202\jre\bin\nio.dll
0x00007ffce4190000 - 0x00007ffce41b4000 	C:\Program Files\Java\jdk1.8.0_202\jre\bin\sunec.dll
0x00007ffd055a0000 - 0x00007ffd055db000 	C:\Windows\SYSTEM32\IPHLPAPI.DLL
0x00007ffd07330000 - 0x00007ffd07338000 	C:\Windows\System32\NSI.dll
0x00007ffcffd20000 - 0x00007ffcffd37000 	C:\Windows\SYSTEM32\dhcpcsvc6.DLL
0x00007ffcfea50000 - 0x00007ffcfea6d000 	C:\Windows\SYSTEM32\dhcpcsvc.DLL
0x00007ffd055e0000 - 0x00007ffd056aa000 	C:\Windows\SYSTEM32\DNSAPI.dll
0x00007ffcf51c0000 - 0x00007ffcf53a4000 	C:\Windows\SYSTEM32\dbghelp.dll
0x00007ffd06910000 - 0x00007ffd06992000 	C:\Windows\System32\bcryptPrimitives.dll

VM Arguments:
jvm_args: -Xmx64m -Xms64m -Dorg.gradle.appname=gradlew 
java_command: org.gradle.wrapper.GradleWrapperMain
java_class_path (initial): E:\Applications\MC\RayaPrime\\gradle\wrapper\gradle-wrapper.jar
Launcher Type: SUN_STANDARD

Environment Variables:
JAVA_HOME=C:\Program Files\Java\jdk1.8.0_202
CLASSPATH=E:\Applications\MC\RayaPrime\\gradle\wrapper\gradle-wrapper.jar
PATH=C:\Python27\;C:\Python27\Scripts;C:\Program Files (x86)\Common Files\Oracle\Java\javapath;C:\ProgramData\Oracle\Java\javapath;C:\Windows\system32;C:\Windows;C:\Windows\System32\Wbem;C:\Windows\System32\WindowsPowerShell\v1.0\;C:\Windows\System32\OpenSSH\;E:\Programs\Git\cmd;E:\Programs\nodejs\;C:\HaxeToolkit\haxe;C:\HaxeToolkit\neko;C:\Program Files\dotnet\;C:\Users\Артур\AppData\Local\Microsoft\WindowsApps;;E:\Programs\Microsoft VS Code\bin;C:\Users\Артур\AppData\Roaming\npm;E:\Programs\JetBrains\IntelliJ IDEA Community Edition 2022.1\bin;;C:\Users\Артур\.dotnet\tools
USERNAME=Артур
OS=Windows_NT
PROCESSOR_IDENTIFIER=Intel64 Family 6 Model 23 Stepping 10, GenuineIntel



---------------  S Y S T E M  ---------------

OS: Windows 10.0 , 64 bit Build 19041 (10.0.19041.1889)

CPU:total 4 (initial active 4) (4 cores per cpu, 1 threads per core) family 6 model 23 stepping 10, cmov, cx8, fxsr, mmx, sse, sse2, sse3, ssse3, sse4.1, tsc

Memory: 4k page, physical 4193524k(821964k free), swap 10747124k(5111252k free)

vm_info: Java HotSpot(TM) 64-Bit Server VM (25.202-b08) for windows-amd64 JRE (1.8.0_202-b08), built on Dec 15 2018 19:54:30 by "java_re" with MS VC++ 10.0 (VS2010)

time: Wed Nov 02 12:16:29 2022
timezone: Центральная Азия (зима)
elapsed time: 1 seconds (0d 0h 0m 1s)

