#
# A fatal error has been detected by the Java Runtime Environment:
#
#  EXCEPTION_ACCESS_VIOLATION (0xc0000005) at pc=0x00007ffa05c9c8e8, pid=6276, tid=1176
#
# JRE version: OpenJDK Runtime Environment Temurin-17.0.3+7 (17.0.3+7) (build 17.0.3+7)
# Java VM: OpenJDK 64-Bit Server VM Temurin-17.0.3+7 (17.0.3+7, mixed mode, tiered, compressed oops, compressed class ptrs, parallel gc, windows-amd64)
# Problematic frame:
# V  [jvm.dll+0xc8e8]
#
# No core dump will be written. Minidumps are not enabled by default on client versions of Windows
#
# If you would like to submit a bug report, please visit:
#   https://github.com/adoptium/adoptium-support/issues
#

---------------  S U M M A R Y ------------

Command Line: --add-modules=ALL-SYSTEM --add-opens=java.base/java.util=ALL-UNNAMED --add-opens=java.base/java.lang=ALL-UNNAMED --add-opens=java.base/sun.nio.fs=ALL-UNNAMED -Declipse.application=org.eclipse.jdt.ls.core.id1 -Dosgi.bundles.defaultStartLevel=4 -Declipse.product=org.eclipse.jdt.ls.core.product -Djava.import.generatesMetadataFilesAtProjectRoot=false -Dfile.encoding=utf8 -DwatchParentProcess=false -XX:+UseParallelGC -XX:GCTimeRatio=4 -XX:AdaptiveSizePolicyWeight=90 -Dsun.zip.disableMemoryMapping=true -Xmx1G -Xms100m -javaagent:c:\Users\Артур\.vscode\extensions\redhat.java-1.9.0-win32-x64\lombok\lombok-1.18.24.jar -XX:+HeapDumpOnOutOfMemoryError -XX:HeapDumpPath=c:\Users\Артур\AppData\Roaming\Code\User\workspaceStorage\5c1c60083b7b46aba082b4ca789630d8\redhat.java c:\Users\Артур\.vscode\extensions\redhat.java-1.9.0-win32-x64\server\plugins\org.eclipse.equinox.launcher_1.6.400.v20210924-0641.jar -configuration c:\Users\Артур\AppData\Roaming\Code\User\globalStorage\redhat.java\1.9.0\config_win -data c:\Users\Артур\AppData\Roaming\Code\User\workspaceStorage\5c1c60083b7b46aba082b4ca789630d8\redhat.java\jdt_ws

Host: Intel(R) Core(TM)2 Quad CPU    Q8400  @ 2.66GHz, 4 cores, 3G,  Windows 10 , 64 bit Build 19041 (10.0.19041.1889)
Time: Sun Aug 14 21:31:32 2022  Windows 10 , 64 bit Build 19041 (10.0.19041.1889) elapsed time: 1378.429123 seconds (0d 0h 22m 58s)

---------------  T H R E A D  ---------------

Current thread (0x000001df190f0110):  GCTaskThread "GC Thread#2" [stack: 0x0000001742300000,0x0000001742400000] [id=1176]

Stack: [0x0000001742300000,0x0000001742400000],  sp=0x00000017423ff688,  free space=1021k
Native frames: (J=compiled Java code, j=interpreted, Vv=VM code, C=native code)
V  [jvm.dll+0xc8e8]


siginfo: EXCEPTION_ACCESS_VIOLATION (0xc0000005), reading address 0x0000000000000010


Register to memory mapping:

RIP=0x00007ffa05c9c8e8 jvm.dll
RAX=0x0000000000000001 is an unknown value
RBX=0x00000000ca2c0798 is pointing into object: [Lorg.eclipse.jdt.internal.compiler.lookup.ParameterizedTypeBinding; 
{0x00000000ca2c0788} - klass: 'org/eclipse/jdt/internal/compiler/lookup/ParameterizedTypeBinding'[]
 - length: 1
RCX=0x0000000000000003 is an unknown value
RDX=0x00000000ca2c0798 is pointing into object: [Lorg.eclipse.jdt.internal.compiler.lookup.ParameterizedTypeBinding; 
{0x00000000ca2c0788} - klass: 'org/eclipse/jdt/internal/compiler/lookup/ParameterizedTypeBinding'[]
 - length: 1
RSP=0x00000017423ff688 points into unknown readable memory: 0x00007ffa06339242 | 42 92 33 06 fa 7f 00 00
RBP=0x00000017423ff790 points into unknown readable memory: 0x00007ffa0663f608 | 08 f6 63 06 fa 7f 00 00
RSI=0x00000000ca2c8798 is an oop: [Lorg.eclipse.jdt.internal.compiler.lookup.TypeBinding; 
{0x00000000ca2c8798} - klass: 'org/eclipse/jdt/internal/compiler/lookup/TypeBinding'[]
 - length: 1
RDI=0x000001df14229490 points into unknown readable memory: 0x000001df7e390150 | 50 01 39 7e df 01 00 00
R8 =0x0000000000000008 is an unknown value
R9 =0x0000000000051603 is an unknown value
R10=0x00000000000000f1 is an unknown value
R11=0x0000000000000003 is an unknown value
R12=0x0 is NULL
R13=0x00000017423ff900 points into unknown readable memory: 0x00007ffa06640020 | 20 00 64 06 fa 7f 00 00
R14=0x00000001005e36a0 is a pointer to class: 
R15=0x00000000ca2c8740 is an oop: org.eclipse.jdt.internal.compiler.lookup.TypeSystem$HashedParameterizedTypes$PTBKey 
{0x00000000ca2c8740} - klass: 'org/eclipse/jdt/internal/compiler/lookup/TypeSystem$HashedParameterizedTypes$PTBKey'
 - ---- fields (total size 11 words):
 - public 'id' 'I' @12  2147483647 (7fffffff)
 - public 'tagBits' 'J' @16  0 (0 0)
 - public 'extendedTagBits' 'I' @24  0
 - protected 'typeAnnotations' '[Lorg/eclipse/jdt/internal/compiler/lookup/AnnotationBinding;' @28  a 'org/eclipse/jdt/internal/compiler/lookup/AnnotationBinding'[0] {0x00000000c0947fd0} (c0947fd0)
 - public 'modifiers' 'I' @32  0
 - 'typeBits' 'I' @36  0
 - public 'compoundName' '[[C' @40  NULL (0)
 - public 'sourceName' '[C' @44  NULL (0)
 - public 'fPackage' 'Lorg/eclipse/jdt/internal/compiler/lookup/PackageBinding;' @48  NULL (0)
 - 'fileName' '[C' @52  NULL (0)
 - 'constantPoolName' '[C' @56  NULL (0)
 - 'signature' '[C' @60  NULL (0)
 - private 'compatibleCache' 'Lorg/eclipse/jdt/internal/compiler/util/SimpleLookupTable;' @64  NULL (0)
 - protected 'singleAbstractMethod' '[Lorg/eclipse/jdt/internal/compiler/lookup/MethodBinding;' @68  NULL (0)
 - protected 'type' 'Lorg/eclipse/jdt/internal/compiler/lookup/ReferenceBinding;' @72  a 'org/eclipse/jdt/internal/compiler/lookup/UnresolvedReferenceBinding'{0x00000000c9bbc8d8} (c9bbc8d8)
 - public 'arguments' '[Lorg/eclipse/jdt/internal/compiler/lookup/TypeBinding;' @76  
[error occurred during error reporting (printing register info), id 0xc0000005, EXCEPTION_ACCESS_VIOLATION (0xc0000005) at pc=0x00007ffa062f2643]

Registers:
RAX=0x0000000000000001, RBX=0x00000000ca2c0798, RCX=0x0000000000000003, RDX=0x00000000ca2c0798
RSP=0x00000017423ff688, RBP=0x00000017423ff790, RSI=0x00000000ca2c8798, RDI=0x000001df14229490
R8 =0x0000000000000008, R9 =0x0000000000051603, R10=0x00000000000000f1, R11=0x0000000000000003
R12=0x0000000000000000, R13=0x00000017423ff900, R14=0x00000001005e36a0, R15=0x00000000ca2c8740
RIP=0x00007ffa05c9c8e8, EFLAGS=0x0000000000010202

Top of Stack: (sp=0x00000017423ff688)
0x00000017423ff688:   00007ffa06339242 00000000ca2a61e8
0x00000017423ff698:   0000000000000003 00000017423ff790
0x00000017423ff6a8:   00007ffa06338089 000001df14229490
0x00000017423ff6b8:   00007ffa06336b22 00000000ca2c0798
0x00000017423ff6c8:   00000000c0cfb894 000001df1d103a50
0x00000017423ff6d8:   00000017423ff790 00000001005e3698
0x00000017423ff6e8:   00007ffa0633739e 00000000ca2c878c
0x00000017423ff6f8:   00007ffa063388fe 00000000ca2ba188
0x00000017423ff708:   00000000ca437804 00007ffa067a46c0
0x00000017423ff718:   00007ffa065a7b10 0000000000018648
0x00000017423ff728:   00007ffa06338c39 00007ffa0663f608
0x00000017423ff738:   000001df14229490 00000017423ff799
0x00000017423ff748:   0000000000018649 0000000000000000
0x00000017423ff758:   0000000000000000 0000000000000000
0x00000017423ff768:   0000000000000000 0000000000000000
0x00000017423ff778:   0000000000000000 000001df7e4b53f0 

Instructions: (pc=0x00007ffa05c9c8e8)
0x00007ffa05c9c7e8:   48 83 c4 20 5e c3 cc cc 48 8b 01 c3 cc cc cc cc
0x00007ffa05c9c7f8:   cc cc cc cc cc cc cc cc 4c 8b 01 4c 8b c9 48 8b
0x00007ffa05c9c808:   0d c3 e1 b4 00 ba 44 60 08 00 e9 59 f2 ff ff cc
0x00007ffa05c9c818:   cc cc cc cc cc cc cc cc 48 89 5c 24 08 57 48 83
0x00007ffa05c9c828:   ec 20 48 8b 39 48 8b d9 48 85 3d 61 bf b9 00 75
0x00007ffa05c9c838:   0e 48 8b c7 48 8b 5c 24 30 48 83 c4 20 5f c3 48
0x00007ffa05c9c848:   8b cf e8 f1 55 85 00 48 8b d0 48 85 c0 74 20 48
0x00007ffa05c9c858:   8b c7 f0 48 0f b1 13 74 16 48 85 05 30 bf b9 00
0x00007ffa05c9c868:   74 0d 48 8b c8 f0 48 0f b1 13 48 3b c1 75 ea 48
0x00007ffa05c9c878:   8b 5c 24 30 48 8b c2 48 83 c4 20 5f c3 cc cc cc
0x00007ffa05c9c888:   cc cc cc cc cc cc cc cc 4c 8b 01 4c 8b c9 48 8b
0x00007ffa05c9c898:   0d 33 e1 b4 00 ba 64 60 08 00 e9 c9 f1 ff ff cc
0x00007ffa05c9c8a8:   cc cc cc cc cc cc cc cc 8b 05 32 2a af 00 c3 cc
0x00007ffa05c9c8b8:   cc cc cc cc cc cc cc cc 0f b6 05 68 e9 b5 00 48
0x00007ffa05c9c8c8:   8b d1 84 c0 74 16 44 8b 41 08 8b 0d 10 2a af 00
0x00007ffa05c9c8d8:   49 d3 e0 4c 03 05 fe 29 af 00 eb 04 4c 8b 41 08
0x00007ffa05c9c8e8:   45 8b 50 08 45 85 d2 7e 0e 41 f6 c2 01 75 53 41
0x00007ffa05c9c8f8:   c1 fa 03 41 8b c2 c3 79 49 84 c0 b9 10 00 00 00
0x00007ffa05c9c908:   8b 05 16 39 af 00 41 b8 0c 00 00 00 41 0f 45 c8
0x00007ffa05c9c918:   ff c8 4c 63 c8 48 63 14 11 41 8b ca 83 e1 3f 48
0x00007ffa05c9c928:   d3 e2 41 8b ca 48 c1 f9 10 0f b6 c1 49 8d 0c 11
0x00007ffa05c9c938:   49 f7 d1 48 03 c1 49 c1 e9 03 48 c1 e8 03 41 23
0x00007ffa05c9c948:   c1 c3 49 8b 00 49 8b c8 48 ff a0 00 01 00 00 cc
0x00007ffa05c9c958:   cc cc cc cc cc cc cc cc 8b 44 24 30 45 03 c9 44
0x00007ffa05c9c968:   2b 4c 24 28 83 c0 0b 44 03 ca 45 03 c8 41 03 c1
0x00007ffa05c9c978:   c3 cc cc cc cc cc cc cc 4c 8b ca 48 8b d1 45 8b
0x00007ffa05c9c988:   41 08 45 85 c0 7e 0e 41 f6 c0 01 75 56 41 c1 f8
0x00007ffa05c9c998:   03 41 8b c0 c3 79 4c 80 3d 89 e8 b5 00 00 b8 0c
0x00007ffa05c9c9a8:   00 00 00 b9 10 00 00 00 0f 45 c8 8b 05 6b 38 af
0x00007ffa05c9c9b8:   00 ff c8 4c 63 c8 48 63 14 11 41 8b c8 83 e1 3f
0x00007ffa05c9c9c8:   48 d3 e2 41 8b c8 48 c1 f9 10 0f b6 c1 49 8d 0c
0x00007ffa05c9c9d8:   11 49 f7 d1 48 03 c1 49 c1 e9 03 48 c1 e8 03 41 


Stack slot to memory mapping:
stack at sp + 0 slots: 0x00007ffa06339242 jvm.dll
stack at sp + 1 slots: 0x00000000ca2a61e8 is an oop: [Lorg.eclipse.jdt.internal.compiler.lookup.TypeBinding; 
{0x00000000ca2a61e8} - klass: 'org/eclipse/jdt/internal/compiler/lookup/TypeBinding'[]
 - length: 1
stack at sp + 2 slots: 0x0000000000000003 is an unknown value
stack at sp + 3 slots: 0x00000017423ff790 points into unknown readable memory: 0x00007ffa0663f608 | 08 f6 63 06 fa 7f 00 00
stack at sp + 4 slots: 0x00007ffa06338089 jvm.dll
stack at sp + 5 slots: 0x000001df14229490 points into unknown readable memory: 0x000001df7e390150 | 50 01 39 7e df 01 00 00
stack at sp + 6 slots: 0x00007ffa06336b22 jvm.dll
stack at sp + 7 slots: 0x00000000ca2c0798 is pointing into object: [Lorg.eclipse.jdt.internal.compiler.lookup.ParameterizedTypeBinding; 
{0x00000000ca2c0788} - klass: 'org/eclipse/jdt/internal/compiler/lookup/ParameterizedTypeBinding'[]
 - length: 1


---------------  P R O C E S S  ---------------

Threads class SMR info:
_java_thread_list=0x000001df1deba4c0, length=51, elements={
0x000001df7e4b53f0, 0x000001df142a3750, 0x000001df142a44d0, 0x000001df142e4130,
0x000001df142e5ec0, 0x000001df142e6a40, 0x000001df142e7460, 0x000001df142b9360,
0x000001df7e589f80, 0x000001df7e58c030, 0x000001df142f7530, 0x000001df15fb9ad0,
0x000001df1600af50, 0x000001df19332970, 0x000001df19332e40, 0x000001df19333310,
0x000001df19334180, 0x000001df19334650, 0x000001df19335e60, 0x000001df1a13ff70,
0x000001df1a13a400, 0x000001df1d021f00, 0x000001df1d023240, 0x000001df1a13ada0,
0x000001df1a13ca80, 0x000001df1a13ec30, 0x000001df1a141c50, 0x000001df1a13f100,
0x000001df1bb279b0, 0x000001df1bb274e0, 0x000001df1bb28820, 0x000001df1bb2aea0,
0x000001df1bb291c0, 0x000001df1bb27e80, 0x000001df1bb2bd10, 0x000001df1bb2d9f0,
0x000001df1bb2e390, 0x000001df1bb2e860, 0x000001df1bb2c1e0, 0x000001df1bb28350,
0x000001df1bb2b370, 0x000001df1bb29b60, 0x000001df1bb2a030, 0x000001df1bb2cb80,
0x000001df1bb2d050, 0x000001df1bb2dec0, 0x000001df1bb2d520, 0x000001df1ddb1ef0,
0x000001df1ddb6250, 0x000001df1ddb5d80, 0x000001df1ddb23c0
}

Java Threads: ( => current thread )
  0x000001df7e4b53f0 JavaThread "main" [_thread_blocked, id=12668, stack(0x0000001741300000,0x0000001741400000)]
  0x000001df142a3750 JavaThread "Reference Handler" daemon [_thread_blocked, id=10676, stack(0x0000001741600000,0x0000001741700000)]
  0x000001df142a44d0 JavaThread "Finalizer" daemon [_thread_blocked, id=12176, stack(0x0000001741700000,0x0000001741800000)]
  0x000001df142e4130 JavaThread "Signal Dispatcher" daemon [_thread_blocked, id=4936, stack(0x0000001741800000,0x0000001741900000)]
  0x000001df142e5ec0 JavaThread "Attach Listener" daemon [_thread_blocked, id=9840, stack(0x0000001741900000,0x0000001741a00000)]
  0x000001df142e6a40 JavaThread "Service Thread" daemon [_thread_blocked, id=12468, stack(0x0000001741a00000,0x0000001741b00000)]
  0x000001df142e7460 JavaThread "Monitor Deflation Thread" daemon [_thread_blocked, id=3688, stack(0x0000001741b00000,0x0000001741c00000)]
  0x000001df142b9360 JavaThread "C2 CompilerThread0" daemon [_thread_blocked, id=3008, stack(0x0000001741c00000,0x0000001741d00000)]
  0x000001df7e589f80 JavaThread "C1 CompilerThread0" daemon [_thread_blocked, id=10268, stack(0x0000001741d00000,0x0000001741e00000)]
  0x000001df7e58c030 JavaThread "Sweeper thread" daemon [_thread_blocked, id=11004, stack(0x0000001741e00000,0x0000001741f00000)]
  0x000001df142f7530 JavaThread "Common-Cleaner" daemon [_thread_blocked, id=9380, stack(0x0000001741f00000,0x0000001742000000)]
  0x000001df15fb9ad0 JavaThread "Notification Thread" daemon [_thread_blocked, id=564, stack(0x0000001742000000,0x0000001742100000)]
  0x000001df1600af50 JavaThread "Active Thread: Equinox Container: 482f0c43-2910-4a9b-a849-311ccccdb56d" [_thread_blocked, id=11632, stack(0x0000001742500000,0x0000001742600000)]
  0x000001df19332970 JavaThread "Framework Event Dispatcher: Equinox Container: 482f0c43-2910-4a9b-a849-311ccccdb56d" daemon [_thread_blocked, id=5068, stack(0x0000001742600000,0x0000001742700000)]
  0x000001df19332e40 JavaThread "Start Level: Equinox Container: 482f0c43-2910-4a9b-a849-311ccccdb56d" daemon [_thread_blocked, id=10848, stack(0x0000001742700000,0x0000001742800000)]
  0x000001df19333310 JavaThread "SCR Component Actor" daemon [_thread_blocked, id=6780, stack(0x0000001742800000,0x0000001742900000)]
  0x000001df19334180 JavaThread "Bundle File Closer" daemon [_thread_blocked, id=12000, stack(0x0000001742a00000,0x0000001742b00000)]
  0x000001df19334650 JavaThread "Worker-JM" [_thread_blocked, id=3836, stack(0x0000001742b00000,0x0000001742c00000)]
  0x000001df19335e60 JavaThread "Java indexing" daemon [_thread_blocked, id=10564, stack(0x0000001743000000,0x0000001743100000)]
  0x000001df1a13ff70 JavaThread "pool-1-thread-1" [_thread_in_native, id=2644, stack(0x0000001743500000,0x0000001743600000)]
  0x000001df1a13a400 JavaThread "ForkJoinPool.commonPool-worker-5" daemon [_thread_blocked, id=11548, stack(0x0000001742900000,0x0000001742a00000)]
  0x000001df1d021f00 JavaThread "ForkJoinPool.commonPool-worker-7" daemon [_thread_blocked, id=3596, stack(0x0000001743800000,0x0000001743900000)]
  0x000001df1d023240 JavaThread "Worker-13" [_thread_blocked, id=12848, stack(0x0000001741200000,0x0000001741300000)]
  0x000001df1a13ada0 JavaThread "ForkJoinPool.commonPool-worker-8" daemon [_thread_blocked, id=13284, stack(0x0000001742d00000,0x0000001742e00000)]
  0x000001df1a13ca80 JavaThread "ForkJoinPool.commonPool-worker-9" daemon [_thread_blocked, id=8184, stack(0x0000001742e00000,0x0000001742f00000)]
  0x000001df1a13ec30 JavaThread "ForkJoinPool.commonPool-worker-10" daemon [_thread_blocked, id=11976, stack(0x0000001743300000,0x0000001743400000)]
  0x000001df1a141c50 JavaThread "ForkJoinPool.commonPool-worker-11" daemon [_thread_blocked, id=1244, stack(0x0000001743400000,0x0000001743500000)]
  0x000001df1a13f100 JavaThread "ForkJoinPool.commonPool-worker-12" daemon [_thread_blocked, id=12556, stack(0x0000001743600000,0x0000001743700000)]
  0x000001df1bb279b0 JavaThread "Worker-15" [_thread_blocked, id=9576, stack(0x0000001744d00000,0x0000001744e00000)]
  0x000001df1bb274e0 JavaThread "Worker-16" [_thread_blocked, id=8144, stack(0x0000001741100000,0x0000001741200000)]
  0x000001df1bb28820 JavaThread "pool-85-thread-1" [_thread_blocked, id=9236, stack(0x0000001742c00000,0x0000001742d00000)]
  0x000001df1bb2aea0 JavaThread "pool-86-thread-1" [_thread_blocked, id=7912, stack(0x0000001742f00000,0x0000001743000000)]
  0x000001df1bb291c0 JavaThread "pool-87-thread-1" [_thread_blocked, id=7416, stack(0x0000001743100000,0x0000001743200000)]
  0x000001df1bb27e80 JavaThread "pool-88-thread-1" [_thread_blocked, id=12592, stack(0x0000001743200000,0x0000001743300000)]
  0x000001df1bb2bd10 JavaThread "pool-89-thread-1" [_thread_blocked, id=9084, stack(0x0000001743700000,0x0000001743800000)]
  0x000001df1bb2d9f0 JavaThread "pool-90-thread-1" [_thread_blocked, id=12920, stack(0x0000001743900000,0x0000001743a00000)]
  0x000001df1bb2e390 JavaThread "pool-91-thread-1" [_thread_blocked, id=11752, stack(0x0000001743a00000,0x0000001743b00000)]
  0x000001df1bb2e860 JavaThread "pool-92-thread-1" [_thread_blocked, id=11628, stack(0x0000001743b00000,0x0000001743c00000)]
  0x000001df1bb2c1e0 JavaThread "pool-93-thread-1" [_thread_blocked, id=380, stack(0x0000001743c00000,0x0000001743d00000)]
  0x000001df1bb28350 JavaThread "pool-94-thread-1" [_thread_blocked, id=13256, stack(0x0000001743d00000,0x0000001743e00000)]
  0x000001df1bb2b370 JavaThread "Worker-17" [_thread_blocked, id=9940, stack(0x0000001743e00000,0x0000001743f00000)]
  0x000001df1bb29b60 JavaThread "pool-95-thread-1" [_thread_blocked, id=12772, stack(0x0000001743f00000,0x0000001744000000)]
  0x000001df1bb2a030 JavaThread "pool-96-thread-1" [_thread_blocked, id=12140, stack(0x0000001744000000,0x0000001744100000)]
  0x000001df1bb2cb80 JavaThread "pool-97-thread-1" [_thread_blocked, id=10828, stack(0x0000001744100000,0x0000001744200000)]
  0x000001df1bb2d050 JavaThread "pool-98-thread-1" [_thread_blocked, id=184, stack(0x0000001744200000,0x0000001744300000)]
  0x000001df1bb2dec0 JavaThread "pool-99-thread-1" [_thread_blocked, id=8744, stack(0x0000001744300000,0x0000001744400000)]
  0x000001df1bb2d520 JavaThread "pool-100-thread-1" [_thread_blocked, id=9964, stack(0x0000001744400000,0x0000001744500000)]
  0x000001df1ddb1ef0 JavaThread "pool-101-thread-1" [_thread_blocked, id=508, stack(0x0000001744500000,0x0000001744600000)]
  0x000001df1ddb6250 JavaThread "pool-102-thread-1" [_thread_blocked, id=3020, stack(0x0000001744600000,0x0000001744700000)]
  0x000001df1ddb5d80 JavaThread "pool-103-thread-1" [_thread_blocked, id=7176, stack(0x0000001744700000,0x0000001744800000)]
  0x000001df1ddb23c0 JavaThread "pool-104-thread-1" [_thread_blocked, id=4712, stack(0x0000001744800000,0x0000001744900000)]

Other Threads:
  0x000001df1428d5c0 VMThread "VM Thread" [stack: 0x0000001741500000,0x0000001741600000] [id=12412]
  0x000001df15f9ef40 WatcherThread [stack: 0x0000001742100000,0x0000001742200000] [id=12036]
  0x000001df7e4cbf20 GCTaskThread "GC Thread#0" [stack: 0x0000001741400000,0x0000001741500000] [id=7640]
  0x000001df19451b60 GCTaskThread "GC Thread#1" [stack: 0x0000001742200000,0x0000001742300000] [id=12572]
=>0x000001df190f0110 GCTaskThread "GC Thread#2" [stack: 0x0000001742300000,0x0000001742400000] [id=1176]
  0x000001df18df7ba0 GCTaskThread "GC Thread#3" [stack: 0x0000001742400000,0x0000001742500000] [id=5860]

Threads with active compile tasks:

VM state: at safepoint (normal execution)

VM Mutex/Monitor currently owned by a thread:  ([mutex/lock_event])
[0x000001df7e4afaa0] Threads_lock - owner thread: 0x000001df1428d5c0
[0x000001df7e4b0820] Heap_lock - owner thread: 0x000001df1a141c50

Heap address: 0x00000000c0000000, size: 1024 MB, Compressed Oops mode: 32-bit

CDS archive(s) not mapped
Compressed class space mapped at: 0x0000000100000000-0x0000000140000000, reserved size: 1073741824
Narrow klass base: 0x0000000000000000, Narrow klass shift: 3, Narrow klass range: 0x140000000

GC Precious Log:
 CPUs: 4 total, 4 available
 Memory: 4095M
 Large Page Support: Disabled
 NUMA Support: Disabled
 Compressed Oops: Enabled (32-bit)
 Alignments: Space 512K, Generation 512K, Heap 2M
 Heap Min Capacity: 100M
 Heap Initial Capacity: 100M
 Heap Max Capacity: 1G
 Pre-touch: Disabled
 Parallel Workers: 4

Heap:
 PSYoungGen      total 20480K, used 2257K [0x00000000eab00000, 0x00000000ec380000, 0x0000000100000000)
  eden space 17920K, 0% used [0x00000000eab00000,0x00000000eab00000,0x00000000ebc80000)
  from space 2560K, 88% used [0x00000000ebc80000,0x00000000ebeb4558,0x00000000ebf00000)
  to   space 2560K, 0% used [0x00000000ec100000,0x00000000ec100000,0x00000000ec380000)
 ParOldGen       total 236544K, used 234545K [0x00000000c0000000, 0x00000000ce700000, 0x00000000eab00000)
  object space 236544K, 99% used [0x00000000c0000000,0x00000000ce50c490,0x00000000ce700000)
 Metaspace       used 77836K, committed 78848K, reserved 1122304K
  class space    used 7515K, committed 7936K, reserved 1048576K

Card table byte_map: [0x000001df11bb0000,0x000001df11dc0000] _byte_map_base: 0x000001df115b0000

Marking Bits: (ParMarkBitMap*) 0x00007ffa06814b80
 Begin Bits: [0x000001df11f20000, 0x000001df12f20000)
 End Bits:   [0x000001df12f20000, 0x000001df13f20000)

Polling page: 0x000001df7e330000

Metaspace:

Usage:
  Non-class:     68.67 MB used.
      Class:      7.34 MB used.
       Both:     76.01 MB used.

Virtual space:
  Non-class space:       72.00 MB reserved,      69.25 MB ( 96%) committed,  9 nodes.
      Class space:        1.00 GB reserved,       7.75 MB ( <1%) committed,  1 nodes.
             Both:        1.07 GB reserved,      77.00 MB (  7%) committed. 

Chunk freelists:
   Non-Class:  2.02 MB
       Class:  112.00 KB
        Both:  2.12 MB

MaxMetaspaceSize: unlimited
CompressedClassSpaceSize: 1.00 GB
Initial GC threshold: 21.00 MB
Current GC threshold: 128.25 MB
CDS: off
MetaspaceReclaimPolicy: balanced
 - commit_granule_bytes: 65536.
 - commit_granule_words: 8192.
 - virtual_space_node_default_size: 1048576.
 - enlarge_chunks_in_place: 1.
 - new_chunks_are_fully_committed: 0.
 - uncommit_free_chunks: 1.
 - use_allocation_guard: 0.
 - handle_deallocations: 1.


Internal statistics:

num_allocs_failed_limit: 9.
num_arena_births: 574.
num_arena_deaths: 70.
num_vsnodes_births: 10.
num_vsnodes_deaths: 0.
num_space_committed: 1232.
num_space_uncommitted: 0.
num_chunks_returned_to_freelist: 85.
num_chunks_taken_from_freelist: 3784.
num_chunk_merges: 27.
num_chunk_splits: 2359.
num_chunks_enlarged: 1416.
num_purges: 10.
num_inconsistent_stats: 0.

CodeHeap 'non-profiled nmethods': size=120000Kb used=18639Kb max_used=18866Kb free=101360Kb
 bounds [0x000001df0a680000, 0x000001df0b8f0000, 0x000001df11bb0000]
CodeHeap 'profiled nmethods': size=120000Kb used=31741Kb max_used=32994Kb free=88259Kb
 bounds [0x000001df03150000, 0x000001df051f0000, 0x000001df0a680000]
CodeHeap 'non-nmethods': size=5760Kb used=1375Kb max_used=1436Kb free=4385Kb
 bounds [0x000001df02bb0000, 0x000001df02e20000, 0x000001df03150000]
 total_blobs=15893 nmethods=15172 adapters=630
 compilation: enabled
              stopped_count=0, restarted_count=0
 full_count=0

Compilation events (20 events):
Event: 1374.850 Thread 0x000001df142b9360 21822       4       org.eclipse.jdt.internal.compiler.ast.FunctionalExpression::resolveType (219 bytes)
Event: 1374.886 Thread 0x000001df142b9360 nmethod 21822 0x000001df0b8e4890 code [0x000001df0b8e4b00, 0x000001df0b8e5550]
Event: 1374.914 Thread 0x000001df7e589f80 21823       3       org.eclipse.jdt.internal.codeassist.impl.AssistParser::consumeClassHeader (12 bytes)
Event: 1374.914 Thread 0x000001df7e589f80 nmethod 21823 0x000001df047b3f10 code [0x000001df047b40c0, 0x000001df047b43b8]
Event: 1374.915 Thread 0x000001df7e589f80 21824       3       org.eclipse.jdt.internal.core.PackageFragmentRoot::getResolvedClasspathEntry (63 bytes)
Event: 1374.916 Thread 0x000001df7e589f80 nmethod 21824 0x000001df04666590 code [0x000001df046667c0, 0x000001df04667118]
Event: 1375.095 Thread 0x000001df142b9360 21825       4       org.eclipse.jdt.internal.core.util.ReferenceInfoAdapter::acceptConstructorReference (1 bytes)
Event: 1375.096 Thread 0x000001df142b9360 nmethod 21825 0x000001df0b8e6010 code [0x000001df0b8e6180, 0x000001df0b8e61f8]
Event: 1375.145 Thread 0x000001df7e589f80 21826       3       org.eclipse.jdt.internal.compiler.classfmt.MethodInfo::createMethod (713 bytes)
Event: 1375.150 Thread 0x000001df7e589f80 nmethod 21826 0x000001df04694490 code [0x000001df04694960, 0x000001df04697878]
Event: 1375.794 Thread 0x000001df142b9360 21827       4       org.eclipse.jdt.internal.compiler.util.Util::scanTypeArgumentSignature (62 bytes)
Event: 1375.855 Thread 0x000001df142b9360 nmethod 21827 0x000001df0b8e6310 code [0x000001df0b8e65a0, 0x000001df0b8e7638]
Event: 1375.856 Thread 0x000001df142b9360 21828       4       org.eclipse.jdt.internal.compiler.classfmt.MethodInfo::createMethod (713 bytes)
Event: 1376.122 Thread 0x000001df142b9360 nmethod 21828 0x000001df0b8e8310 code [0x000001df0b8e85e0, 0x000001df0b8eb590]
Event: 1376.336 Thread 0x000001df7e589f80 21829       3       org.eclipse.jdt.internal.compiler.impl.CharConstant::fromValue (9 bytes)
Event: 1376.337 Thread 0x000001df7e589f80 nmethod 21829 0x000001df03e7d110 code [0x000001df03e7d2c0, 0x000001df03e7d518]
Event: 1376.337 Thread 0x000001df7e589f80 21830       3       org.eclipse.jdt.internal.compiler.impl.CharConstant::<init> (10 bytes)
Event: 1376.337 Thread 0x000001df7e589f80 nmethod 21830 0x000001df044f0210 code [0x000001df044f03c0, 0x000001df044f0598]
Event: 1376.604 Thread 0x000001df142b9360 21831       4       org.eclipse.jdt.internal.compiler.classfmt.AnnotationInfo::<init> (32 bytes)
Event: 1376.606 Thread 0x000001df142b9360 nmethod 21831 0x000001df0b2b3410 code [0x000001df0b2b35a0, 0x000001df0b2b3698]

GC Heap History (20 events):
Event: 1377.575 GC heap after
{Heap after GC invocations=5355 (full 114):
 PSYoungGen      total 21504K, used 3759K [0x00000000eab00000, 0x00000000ec480000, 0x0000000100000000)
  eden space 17408K, 0% used [0x00000000eab00000,0x00000000eab00000,0x00000000ebc00000)
  from space 4096K, 91% used [0x00000000ec080000,0x00000000ec42bcc8,0x00000000ec480000)
  to   space 4096K, 0% used [0x00000000ebc80000,0x00000000ebc80000,0x00000000ec080000)
 ParOldGen       total 236544K, used 221127K [0x00000000c0000000, 0x00000000ce700000, 0x00000000eab00000)
  object space 236544K, 93% used [0x00000000c0000000,0x00000000cd7f1fc0,0x00000000ce700000)
 Metaspace       used 77836K, committed 78848K, reserved 1122304K
  class space    used 7515K, committed 7936K, reserved 1048576K
}
Event: 1377.667 GC heap before
{Heap before GC invocations=5356 (full 114):
 PSYoungGen      total 21504K, used 20951K [0x00000000eab00000, 0x00000000ec480000, 0x0000000100000000)
  eden space 17408K, 98% used [0x00000000eab00000,0x00000000ebbca218,0x00000000ebc00000)
  from space 4096K, 91% used [0x00000000ec080000,0x00000000ec42bcc8,0x00000000ec480000)
  to   space 4096K, 0% used [0x00000000ebc80000,0x00000000ebc80000,0x00000000ec080000)
 ParOldGen       total 236544K, used 221127K [0x00000000c0000000, 0x00000000ce700000, 0x00000000eab00000)
  object space 236544K, 93% used [0x00000000c0000000,0x00000000cd7f1fc0,0x00000000ce700000)
 Metaspace       used 77836K, committed 78848K, reserved 1122304K
  class space    used 7515K, committed 7936K, reserved 1048576K
}
Event: 1377.675 GC heap after
{Heap after GC invocations=5356 (full 114):
 PSYoungGen      total 19968K, used 2336K [0x00000000eab00000, 0x00000000ec200000, 0x0000000100000000)
  eden space 17408K, 0% used [0x00000000eab00000,0x00000000eab00000,0x00000000ebc00000)
  from space 2560K, 91% used [0x00000000ebc80000,0x00000000ebec8000,0x00000000ebf00000)
  to   space 3072K, 0% used [0x00000000ebf00000,0x00000000ebf00000,0x00000000ec200000)
 ParOldGen       total 236544K, used 221488K [0x00000000c0000000, 0x00000000ce700000, 0x00000000eab00000)
  object space 236544K, 93% used [0x00000000c0000000,0x00000000cd84c270,0x00000000ce700000)
 Metaspace       used 77836K, committed 78848K, reserved 1122304K
  class space    used 7515K, committed 7936K, reserved 1048576K
}
Event: 1377.747 GC heap before
{Heap before GC invocations=5357 (full 114):
 PSYoungGen      total 19968K, used 19744K [0x00000000eab00000, 0x00000000ec200000, 0x0000000100000000)
  eden space 17408K, 100% used [0x00000000eab00000,0x00000000ebc00000,0x00000000ebc00000)
  from space 2560K, 91% used [0x00000000ebc80000,0x00000000ebec8000,0x00000000ebf00000)
  to   space 3072K, 0% used [0x00000000ebf00000,0x00000000ebf00000,0x00000000ec200000)
 ParOldGen       total 236544K, used 221488K [0x00000000c0000000, 0x00000000ce700000, 0x00000000eab00000)
  object space 236544K, 93% used [0x00000000c0000000,0x00000000cd84c270,0x00000000ce700000)
 Metaspace       used 77836K, committed 78848K, reserved 1122304K
  class space    used 7515K, committed 7936K, reserved 1048576K
}
Event: 1377.755 GC heap after
{Heap after GC invocations=5357 (full 114):
 PSYoungGen      total 18944K, used 3057K [0x00000000eab00000, 0x00000000ec500000, 0x0000000100000000)
  eden space 15872K, 0% used [0x00000000eab00000,0x00000000eab00000,0x00000000eba80000)
  from space 3072K, 99% used [0x00000000ebf00000,0x00000000ec1fc558,0x00000000ec200000)
  to   space 4608K, 0% used [0x00000000eba80000,0x00000000eba80000,0x00000000ebf00000)
 ParOldGen       total 236544K, used 222344K [0x00000000c0000000, 0x00000000ce700000, 0x00000000eab00000)
  object space 236544K, 93% used [0x00000000c0000000,0x00000000cd922020,0x00000000ce700000)
 Metaspace       used 77836K, committed 78848K, reserved 1122304K
  class space    used 7515K, committed 7936K, reserved 1048576K
}
Event: 1377.820 GC heap before
{Heap before GC invocations=5358 (full 114):
 PSYoungGen      total 18944K, used 18688K [0x00000000eab00000, 0x00000000ec500000, 0x0000000100000000)
  eden space 15872K, 98% used [0x00000000eab00000,0x00000000eba43ae0,0x00000000eba80000)
  from space 3072K, 99% used [0x00000000ebf00000,0x00000000ec1fc558,0x00000000ec200000)
  to   space 4608K, 0% used [0x00000000eba80000,0x00000000eba80000,0x00000000ebf00000)
 ParOldGen       total 236544K, used 222344K [0x00000000c0000000, 0x00000000ce700000, 0x00000000eab00000)
  object space 236544K, 93% used [0x00000000c0000000,0x00000000cd922020,0x00000000ce700000)
 Metaspace       used 77836K, committed 78848K, reserved 1122304K
  class space    used 7515K, committed 7936K, reserved 1048576K
}
Event: 1377.827 GC heap after
{Heap after GC invocations=5358 (full 114):
 PSYoungGen      total 18432K, used 2193K [0x00000000eab00000, 0x00000000ec080000, 0x0000000100000000)
  eden space 15872K, 0% used [0x00000000eab00000,0x00000000eab00000,0x00000000eba80000)
  from space 2560K, 85% used [0x00000000eba80000,0x00000000ebca4558,0x00000000ebd00000)
  to   space 3072K, 0% used [0x00000000ebd80000,0x00000000ebd80000,0x00000000ec080000)
 ParOldGen       total 236544K, used 223372K [0x00000000c0000000, 0x00000000ce700000, 0x00000000eab00000)
  object space 236544K, 94% used [0x00000000c0000000,0x00000000cda23308,0x00000000ce700000)
 Metaspace       used 77836K, committed 78848K, reserved 1122304K
  class space    used 7515K, committed 7936K, reserved 1048576K
}
Event: 1377.920 GC heap before
{Heap before GC invocations=5359 (full 114):
 PSYoungGen      total 18432K, used 18065K [0x00000000eab00000, 0x00000000ec080000, 0x0000000100000000)
  eden space 15872K, 100% used [0x00000000eab00000,0x00000000eba80000,0x00000000eba80000)
  from space 2560K, 85% used [0x00000000eba80000,0x00000000ebca4558,0x00000000ebd00000)
  to   space 3072K, 0% used [0x00000000ebd80000,0x00000000ebd80000,0x00000000ec080000)
 ParOldGen       total 236544K, used 223372K [0x00000000c0000000, 0x00000000ce700000, 0x00000000eab00000)
  object space 236544K, 94% used [0x00000000c0000000,0x00000000cda23308,0x00000000ce700000)
 Metaspace       used 77836K, committed 78848K, reserved 1122304K
  class space    used 7515K, committed 7936K, reserved 1048576K
}
Event: 1377.927 GC heap after
{Heap after GC invocations=5359 (full 114):
 PSYoungGen      total 18432K, used 2289K [0x00000000eab00000, 0x00000000ec000000, 0x0000000100000000)
  eden space 15872K, 0% used [0x00000000eab00000,0x00000000eab00000,0x00000000eba80000)
  from space 2560K, 89% used [0x00000000ebd80000,0x00000000ebfbc558,0x00000000ec000000)
  to   space 2560K, 0% used [0x00000000eba80000,0x00000000eba80000,0x00000000ebd00000)
 ParOldGen       total 236544K, used 224594K [0x00000000c0000000, 0x00000000ce700000, 0x00000000eab00000)
  object space 236544K, 94% used [0x00000000c0000000,0x00000000cdb54a50,0x00000000ce700000)
 Metaspace       used 77836K, committed 78848K, reserved 1122304K
  class space    used 7515K, committed 7936K, reserved 1048576K
}
Event: 1377.961 GC heap before
{Heap before GC invocations=5360 (full 114):
 PSYoungGen      total 18432K, used 17266K [0x00000000eab00000, 0x00000000ec000000, 0x0000000100000000)
  eden space 15872K, 94% used [0x00000000eab00000,0x00000000eb9a04a8,0x00000000eba80000)
  from space 2560K, 89% used [0x00000000ebd80000,0x00000000ebfbc558,0x00000000ec000000)
  to   space 2560K, 0% used [0x00000000eba80000,0x00000000eba80000,0x00000000ebd00000)
 ParOldGen       total 236544K, used 224594K [0x00000000c0000000, 0x00000000ce700000, 0x00000000eab00000)
  object space 236544K, 94% used [0x00000000c0000000,0x00000000cdb54a50,0x00000000ce700000)
 Metaspace       used 77836K, committed 78848K, reserved 1122304K
  class space    used 7515K, committed 7936K, reserved 1048576K
}
Event: 1377.966 GC heap after
{Heap after GC invocations=5360 (full 114):
 PSYoungGen      total 18432K, used 2205K [0x00000000eab00000, 0x00000000ebf80000, 0x0000000100000000)
  eden space 15872K, 0% used [0x00000000eab00000,0x00000000eab00000,0x00000000eba80000)
  from space 2560K, 86% used [0x00000000eba80000,0x00000000ebca7748,0x00000000ebd00000)
  to   space 2560K, 0% used [0x00000000ebd00000,0x00000000ebd00000,0x00000000ebf80000)
 ParOldGen       total 236544K, used 224594K [0x00000000c0000000, 0x00000000ce700000, 0x00000000eab00000)
  object space 236544K, 94% used [0x00000000c0000000,0x00000000cdb54a50,0x00000000ce700000)
 Metaspace       used 77836K, committed 78848K, reserved 1122304K
  class space    used 7515K, committed 7936K, reserved 1048576K
}
Event: 1378.047 GC heap before
{Heap before GC invocations=5361 (full 114):
 PSYoungGen      total 18432K, used 18077K [0x00000000eab00000, 0x00000000ebf80000, 0x0000000100000000)
  eden space 15872K, 100% used [0x00000000eab00000,0x00000000eba80000,0x00000000eba80000)
  from space 2560K, 86% used [0x00000000eba80000,0x00000000ebca7748,0x00000000ebd00000)
  to   space 2560K, 0% used [0x00000000ebd00000,0x00000000ebd00000,0x00000000ebf80000)
 ParOldGen       total 236544K, used 224594K [0x00000000c0000000, 0x00000000ce700000, 0x00000000eab00000)
  object space 236544K, 94% used [0x00000000c0000000,0x00000000cdb54a50,0x00000000ce700000)
 Metaspace       used 77836K, committed 78848K, reserved 1122304K
  class space    used 7515K, committed 7936K, reserved 1048576K
}
Event: 1378.055 GC heap after
{Heap after GC invocations=5361 (full 114):
 PSYoungGen      total 18432K, used 2321K [0x00000000eab00000, 0x00000000ebf80000, 0x0000000100000000)
  eden space 15872K, 0% used [0x00000000eab00000,0x00000000eab00000,0x00000000eba80000)
  from space 2560K, 90% used [0x00000000ebd00000,0x00000000ebf44558,0x00000000ebf80000)
  to   space 2560K, 0% used [0x00000000eba80000,0x00000000eba80000,0x00000000ebd00000)
 ParOldGen       total 236544K, used 228308K [0x00000000c0000000, 0x00000000ce700000, 0x00000000eab00000)
  object space 236544K, 96% used [0x00000000c0000000,0x00000000cdef5028,0x00000000ce700000)
 Metaspace       used 77836K, committed 78848K, reserved 1122304K
  class space    used 7515K, committed 7936K, reserved 1048576K
}
Event: 1378.097 GC heap before
{Heap before GC invocations=5362 (full 114):
 PSYoungGen      total 18432K, used 17855K [0x00000000eab00000, 0x00000000ebf80000, 0x0000000100000000)
  eden space 15872K, 97% used [0x00000000eab00000,0x00000000eba2ba30,0x00000000eba80000)
  from space 2560K, 90% used [0x00000000ebd00000,0x00000000ebf44558,0x00000000ebf80000)
  to   space 2560K, 0% used [0x00000000eba80000,0x00000000eba80000,0x00000000ebd00000)
 ParOldGen       total 236544K, used 228308K [0x00000000c0000000, 0x00000000ce700000, 0x00000000eab00000)
  object space 236544K, 96% used [0x00000000c0000000,0x00000000cdef5028,0x00000000ce700000)
 Metaspace       used 77836K, committed 78848K, reserved 1122304K
  class space    used 7515K, committed 7936K, reserved 1048576K
}
Event: 1378.103 GC heap after
{Heap after GC invocations=5362 (full 114):
 PSYoungGen      total 18432K, used 2205K [0x00000000eab00000, 0x00000000ec180000, 0x0000000100000000)
  eden space 15872K, 0% used [0x00000000eab00000,0x00000000eab00000,0x00000000eba80000)
  from space 2560K, 86% used [0x00000000eba80000,0x00000000ebca7748,0x00000000ebd00000)
  to   space 2560K, 0% used [0x00000000ebf00000,0x00000000ebf00000,0x00000000ec180000)
 ParOldGen       total 236544K, used 229489K [0x00000000c0000000, 0x00000000ce700000, 0x00000000eab00000)
  object space 236544K, 97% used [0x00000000c0000000,0x00000000ce01c770,0x00000000ce700000)
 Metaspace       used 77836K, committed 78848K, reserved 1122304K
  class space    used 7515K, committed 7936K, reserved 1048576K
}
Event: 1378.151 GC heap before
{Heap before GC invocations=5363 (full 114):
 PSYoungGen      total 18432K, used 17922K [0x00000000eab00000, 0x00000000ec180000, 0x0000000100000000)
  eden space 15872K, 99% used [0x00000000eab00000,0x00000000eba59218,0x00000000eba80000)
  from space 2560K, 86% used [0x00000000eba80000,0x00000000ebca7748,0x00000000ebd00000)
  to   space 2560K, 0% used [0x00000000ebf00000,0x00000000ebf00000,0x00000000ec180000)
 ParOldGen       total 236544K, used 229489K [0x00000000c0000000, 0x00000000ce700000, 0x00000000eab00000)
  object space 236544K, 97% used [0x00000000c0000000,0x00000000ce01c770,0x00000000ce700000)
 Metaspace       used 77836K, committed 78848K, reserved 1122304K
  class space    used 7515K, committed 7936K, reserved 1048576K
}
Event: 1378.158 GC heap after
{Heap after GC invocations=5363 (full 114):
 PSYoungGen      total 20480K, used 2141K [0x00000000eab00000, 0x00000000ec180000, 0x0000000100000000)
  eden space 17920K, 0% used [0x00000000eab00000,0x00000000eab00000,0x00000000ebc80000)
  from space 2560K, 83% used [0x00000000ebf00000,0x00000000ec117748,0x00000000ec180000)
  to   space 2560K, 0% used [0x00000000ebc80000,0x00000000ebc80000,0x00000000ebf00000)
 ParOldGen       total 236544K, used 230799K [0x00000000c0000000, 0x00000000ce700000, 0x00000000eab00000)
  object space 236544K, 97% used [0x00000000c0000000,0x00000000ce163eb8,0x00000000ce700000)
 Metaspace       used 77836K, committed 78848K, reserved 1122304K
  class space    used 7515K, committed 7936K, reserved 1048576K
}
Event: 1378.216 GC heap before
{Heap before GC invocations=5364 (full 114):
 PSYoungGen      total 20480K, used 20026K [0x00000000eab00000, 0x00000000ec180000, 0x0000000100000000)
  eden space 17920K, 99% used [0x00000000eab00000,0x00000000ebc77400,0x00000000ebc80000)
  from space 2560K, 83% used [0x00000000ebf00000,0x00000000ec117748,0x00000000ec180000)
  to   space 2560K, 0% used [0x00000000ebc80000,0x00000000ebc80000,0x00000000ebf00000)
 ParOldGen       total 236544K, used 230799K [0x00000000c0000000, 0x00000000ce700000, 0x00000000eab00000)
  object space 236544K, 97% used [0x00000000c0000000,0x00000000ce163eb8,0x00000000ce700000)
 Metaspace       used 77836K, committed 78848K, reserved 1122304K
  class space    used 7515K, committed 7936K, reserved 1048576K
}
Event: 1378.224 GC heap after
{Heap after GC invocations=5364 (full 114):
 PSYoungGen      total 20480K, used 2257K [0x00000000eab00000, 0x00000000ec380000, 0x0000000100000000)
  eden space 17920K, 0% used [0x00000000eab00000,0x00000000eab00000,0x00000000ebc80000)
  from space 2560K, 88% used [0x00000000ebc80000,0x00000000ebeb4558,0x00000000ebf00000)
  to   space 2560K, 0% used [0x00000000ec100000,0x00000000ec100000,0x00000000ec380000)
 ParOldGen       total 236544K, used 234545K [0x00000000c0000000, 0x00000000ce700000, 0x00000000eab00000)
  object space 236544K, 99% used [0x00000000c0000000,0x00000000ce50c490,0x00000000ce700000)
 Metaspace       used 77836K, committed 78848K, reserved 1122304K
  class space    used 7515K, committed 7936K, reserved 1048576K
}
Event: 1378.224 GC heap before
{Heap before GC invocations=5365 (full 115):
 PSYoungGen      total 20480K, used 2257K [0x00000000eab00000, 0x00000000ec380000, 0x0000000100000000)
  eden space 17920K, 0% used [0x00000000eab00000,0x00000000eab00000,0x00000000ebc80000)
  from space 2560K, 88% used [0x00000000ebc80000,0x00000000ebeb4558,0x00000000ebf00000)
  to   space 2560K, 0% used [0x00000000ec100000,0x00000000ec100000,0x00000000ec380000)
 ParOldGen       total 236544K, used 234545K [0x00000000c0000000, 0x00000000ce700000, 0x00000000eab00000)
  object space 236544K, 99% used [0x00000000c0000000,0x00000000ce50c490,0x00000000ce700000)
 Metaspace       used 77836K, committed 78848K, reserved 1122304K
  class space    used 7515K, committed 7936K, reserved 1048576K
}

Deoptimization events (20 events):
Event: 1371.089 Thread 0x000001df1a141c50 Uncommon trap: trap_request=0xffffff45 fr.pc=0x000001df0ad262f0 relative=0x0000000000000bd0
Event: 1371.089 Thread 0x000001df1a141c50 Uncommon trap: reason=unstable_if action=reinterpret pc=0x000001df0ad262f0 method=org.eclipse.jdt.internal.compiler.util.Util.scanTypeBoundSignature([CI)I @ 89 c2
Event: 1371.089 Thread 0x000001df1a141c50 DEOPT PACKING pc=0x000001df0ad262f0 sp=0x00000017434fd9a0
Event: 1371.089 Thread 0x000001df1a141c50 DEOPT UNPACKING pc=0x000001df02c0209d sp=0x00000017434fd8d8 mode 2
Event: 1372.147 Thread 0x000001df1a13f100 Uncommon trap: trap_request=0xffffff45 fr.pc=0x000001df0a9bd1e4 relative=0x0000000000000624
Event: 1372.147 Thread 0x000001df1a13f100 Uncommon trap: reason=unstable_if action=reinterpret pc=0x000001df0a9bd1e4 method=org.eclipse.jdt.internal.core.util.WeakHashSet.addValue(Lorg/eclipse/jdt/internal/core/util/WeakHashSet$HashableWeakReference;)V @ 39 c2
Event: 1372.147 Thread 0x000001df1a13f100 DEOPT PACKING pc=0x000001df0a9bd1e4 sp=0x00000017436fd6d0
Event: 1372.147 Thread 0x000001df1a13f100 DEOPT UNPACKING pc=0x000001df02c0209d sp=0x00000017436fd670 mode 2
Event: 1372.148 Thread 0x000001df1a13f100 Uncommon trap: trap_request=0xffffff45 fr.pc=0x000001df0a9d99e0 relative=0x0000000000000980
Event: 1372.148 Thread 0x000001df1a13f100 Uncommon trap: reason=unstable_if action=reinterpret pc=0x000001df0a9d99e0 method=org.eclipse.jdt.internal.core.util.WeakHashSet.addValue(Lorg/eclipse/jdt/internal/core/util/WeakHashSet$HashableWeakReference;)V @ 6 c2
Event: 1372.149 Thread 0x000001df1a13f100 DEOPT PACKING pc=0x000001df0a9d99e0 sp=0x00000017436fd740
Event: 1372.149 Thread 0x000001df1a13f100 DEOPT UNPACKING pc=0x000001df02c0209d sp=0x00000017436fd680 mode 2
Event: 1375.145 Thread 0x000001df1a13f100 Uncommon trap: trap_request=0xffffff45 fr.pc=0x000001df0ac3096c relative=0x000000000000296c
Event: 1375.145 Thread 0x000001df1a141c50 Uncommon trap: trap_request=0xffffff45 fr.pc=0x000001df0ac3096c relative=0x000000000000296c
Event: 1375.145 Thread 0x000001df1a13f100 Uncommon trap: reason=unstable_if action=reinterpret pc=0x000001df0ac3096c method=org.eclipse.jdt.internal.compiler.classfmt.MethodInfo.decodeMethodAnnotations(IZLorg/eclipse/jdt/internal/compiler/classfmt/MethodInfo;)[Lorg/eclipse/jdt/internal/compiler/c
Event: 1375.145 Thread 0x000001df1a141c50 Uncommon trap: reason=unstable_if action=reinterpret pc=0x000001df0ac3096c method=org.eclipse.jdt.internal.compiler.classfmt.MethodInfo.decodeMethodAnnotations(IZLorg/eclipse/jdt/internal/compiler/classfmt/MethodInfo;)[Lorg/eclipse/jdt/internal/compiler/c
Event: 1375.145 Thread 0x000001df1a141c50 DEOPT PACKING pc=0x000001df0ac3096c sp=0x00000017434fd900
Event: 1375.145 Thread 0x000001df1a13f100 DEOPT PACKING pc=0x000001df0ac3096c sp=0x00000017436fd5f0
Event: 1375.145 Thread 0x000001df1a141c50 DEOPT UNPACKING pc=0x000001df02c0209d sp=0x00000017434fd7e0 mode 2
Event: 1375.145 Thread 0x000001df1a13f100 DEOPT UNPACKING pc=0x000001df02c0209d sp=0x00000017436fd4d0 mode 2

Classes unloaded (20 events):
Event: 982.049 Thread 0x000001df1428d5c0 Unloading class 0x00000001003d9c00 'java/lang/invoke/LambdaForm$MH+0x00000001003d9c00'
Event: 982.049 Thread 0x000001df1428d5c0 Unloading class 0x00000001003d9800 'java/lang/invoke/LambdaForm$MH+0x00000001003d9800'
Event: 982.049 Thread 0x000001df1428d5c0 Unloading class 0x00000001003d9000 'jdk/internal/reflect/GeneratedConstructorAccessor10'
Event: 982.050 Thread 0x000001df1428d5c0 Unloading class 0x00000001003a4400 'java/lang/invoke/LambdaForm$DMH+0x00000001003a4400'
Event: 982.050 Thread 0x000001df1428d5c0 Unloading class 0x000000010039c000 'java/lang/invoke/LambdaForm$DMH+0x000000010039c000'
Event: 982.050 Thread 0x000001df1428d5c0 Unloading class 0x000000010019c800 'java/lang/invoke/LambdaForm$MH+0x000000010019c800'
Event: 982.050 Thread 0x000001df1428d5c0 Unloading class 0x000000010019c000 'java/lang/invoke/LambdaForm$MH+0x000000010019c000'
Event: 982.050 Thread 0x000001df1428d5c0 Unloading class 0x000000010019bc00 'java/lang/invoke/LambdaForm$MH+0x000000010019bc00'
Event: 982.050 Thread 0x000001df1428d5c0 Unloading class 0x000000010019b800 'java/lang/invoke/LambdaForm$MH+0x000000010019b800'
Event: 982.050 Thread 0x000001df1428d5c0 Unloading class 0x000000010019b000 'java/lang/invoke/LambdaForm$MH+0x000000010019b000'
Event: 982.050 Thread 0x000001df1428d5c0 Unloading class 0x000000010019ac00 'java/lang/invoke/LambdaForm$MH+0x000000010019ac00'
Event: 982.050 Thread 0x000001df1428d5c0 Unloading class 0x000000010019a800 'java/lang/invoke/LambdaForm$MH+0x000000010019a800'
Event: 982.050 Thread 0x000001df1428d5c0 Unloading class 0x000000010019a000 'java/lang/invoke/LambdaForm$MH+0x000000010019a000'
Event: 1066.853 Thread 0x000001df1428d5c0 Unloading class 0x00000001003d9400 'java/lang/invoke/LambdaForm$MH+0x00000001003d9400'
Event: 1066.853 Thread 0x000001df1428d5c0 Unloading class 0x0000000100380400 'java/lang/invoke/LambdaForm$MH+0x0000000100380400'
Event: 1066.853 Thread 0x000001df1428d5c0 Unloading class 0x0000000100380000 'java/lang/invoke/LambdaForm$MH+0x0000000100380000'
Event: 1066.853 Thread 0x000001df1428d5c0 Unloading class 0x0000000100339c00 'java/lang/invoke/LambdaForm$MH+0x0000000100339c00'
Event: 1066.853 Thread 0x000001df1428d5c0 Unloading class 0x0000000100339800 'java/lang/invoke/LambdaForm$MH+0x0000000100339800'
Event: 1066.853 Thread 0x000001df1428d5c0 Unloading class 0x0000000100339400 'java/lang/invoke/LambdaForm$MH+0x0000000100339400'
Event: 1066.853 Thread 0x000001df1428d5c0 Unloading class 0x0000000100339000 'java/lang/invoke/LambdaForm$MH+0x0000000100339000'

Classes redefined (0 events):
No events

Internal exceptions (20 events):
Event: 1373.604 Thread 0x000001df1bb279b0 Exception <a 'java/lang/NullPointerException'{0x00000000eac0e028}> (0x00000000eac0e028) 
thrown [e:\jenkins\tmp\workspace\build\src\src\hotspot\share\runtime\sharedRuntime.cpp, line 628]
Event: 1373.741 Thread 0x000001df1bb279b0 Implicit null exception at 0x000001df037d89c3 to 0x000001df037d9bfc
Event: 1373.741 Thread 0x000001df1bb279b0 Exception <a 'java/lang/NullPointerException'{0x00000000ebd49908}> (0x00000000ebd49908) 
thrown [e:\jenkins\tmp\workspace\build\src\src\hotspot\share\runtime\sharedRuntime.cpp, line 628]
Event: 1373.747 Thread 0x000001df1bb279b0 Implicit null exception at 0x000001df037d89c3 to 0x000001df037d9bfc
Event: 1373.749 Thread 0x000001df1bb279b0 Exception <a 'java/lang/NullPointerException'{0x00000000ebd52b70}> (0x00000000ebd52b70) 
thrown [e:\jenkins\tmp\workspace\build\src\src\hotspot\share\runtime\sharedRuntime.cpp, line 628]
Event: 1373.960 Thread 0x000001df1a13ada0 Exception <a 'java/lang/ArrayIndexOutOfBoundsException'{0x00000000ebcdf6f0}> (0x00000000ebcdf6f0) 
thrown [e:\jenkins\tmp\workspace\build\src\src\hotspot\share\runtime\sharedRuntime.cpp, line 628]
Event: 1374.011 Thread 0x000001df1a13ada0 Exception <a 'java/lang/ArrayIndexOutOfBoundsException'{0x00000000eabf3328}> (0x00000000eabf3328) 
thrown [e:\jenkins\tmp\workspace\build\src\src\hotspot\share\runtime\sharedRuntime.cpp, line 628]
Event: 1374.064 Thread 0x000001df1bb279b0 Implicit null exception at 0x000001df037d89c3 to 0x000001df037d9bfc
Event: 1374.064 Thread 0x000001df1bb279b0 Exception <a 'java/lang/NullPointerException'{0x00000000eb8b7678}> (0x00000000eb8b7678) 
thrown [e:\jenkins\tmp\workspace\build\src\src\hotspot\share\runtime\sharedRuntime.cpp, line 628]
Event: 1374.064 Thread 0x000001df1bb279b0 Implicit null exception at 0x000001df037d89c3 to 0x000001df037d9bfc
Event: 1374.064 Thread 0x000001df1bb279b0 Exception <a 'java/lang/NullPointerException'{0x00000000eb8da670}> (0x00000000eb8da670) 
thrown [e:\jenkins\tmp\workspace\build\src\src\hotspot\share\runtime\sharedRuntime.cpp, line 628]
Event: 1374.122 Thread 0x000001df1bb279b0 Implicit null exception at 0x000001df037d89c3 to 0x000001df037d9bfc
Event: 1374.122 Thread 0x000001df1bb279b0 Exception <a 'java/lang/NullPointerException'{0x00000000ebebde40}> (0x00000000ebebde40) 
thrown [e:\jenkins\tmp\workspace\build\src\src\hotspot\share\runtime\sharedRuntime.cpp, line 628]
Event: 1374.123 Thread 0x000001df1bb279b0 Implicit null exception at 0x000001df037d89c3 to 0x000001df037d9bfc
Event: 1374.123 Thread 0x000001df1bb279b0 Exception <a 'java/lang/NullPointerException'{0x00000000ebec7008}> (0x00000000ebec7008) 
thrown [e:\jenkins\tmp\workspace\build\src\src\hotspot\share\runtime\sharedRuntime.cpp, line 628]
Event: 1374.413 Thread 0x000001df1a13ada0 Exception <a 'java/lang/ArrayIndexOutOfBoundsException'{0x00000000eb329e30}> (0x00000000eb329e30) 
thrown [e:\jenkins\tmp\workspace\build\src\src\hotspot\share\runtime\sharedRuntime.cpp, line 628]
Event: 1374.418 Thread 0x000001df1a13ada0 Exception <a 'java/lang/ArrayIndexOutOfBoundsException'{0x00000000eb4446a0}> (0x00000000eb4446a0) 
thrown [e:\jenkins\tmp\workspace\build\src\src\hotspot\share\runtime\sharedRuntime.cpp, line 628]
Event: 1374.479 Thread 0x000001df1a13ada0 Exception <a 'java/lang/ArrayIndexOutOfBoundsException'{0x00000000eb97f620}> (0x00000000eb97f620) 
thrown [e:\jenkins\tmp\workspace\build\src\src\hotspot\share\runtime\sharedRuntime.cpp, line 628]
Event: 1374.914 Thread 0x000001df1a13ec30 Exception <a 'java/lang/ArrayIndexOutOfBoundsException'{0x00000000ebae3440}> (0x00000000ebae3440) 
thrown [e:\jenkins\tmp\workspace\build\src\src\hotspot\share\runtime\sharedRuntime.cpp, line 628]
Event: 1375.098 Thread 0x000001df1a13ada0 Exception <a 'java/lang/ArrayIndexOutOfBoundsException'{0x00000000eb409670}> (0x00000000eb409670) 
thrown [e:\jenkins\tmp\workspace\build\src\src\hotspot\share\runtime\sharedRuntime.cpp, line 628]

VM Operations (20 events):
Event: 1377.509 Executing VM operation: ParallelGCFailedAllocation done
Event: 1377.568 Executing VM operation: ParallelGCFailedAllocation
Event: 1377.576 Executing VM operation: ParallelGCFailedAllocation done
Event: 1377.667 Executing VM operation: ParallelGCFailedAllocation
Event: 1377.675 Executing VM operation: ParallelGCFailedAllocation done
Event: 1377.747 Executing VM operation: ParallelGCFailedAllocation
Event: 1377.755 Executing VM operation: ParallelGCFailedAllocation done
Event: 1377.820 Executing VM operation: ParallelGCFailedAllocation
Event: 1377.827 Executing VM operation: ParallelGCFailedAllocation done
Event: 1377.877 Executing VM operation: ParallelGCFailedAllocation
Event: 1377.927 Executing VM operation: ParallelGCFailedAllocation done
Event: 1377.961 Executing VM operation: ParallelGCFailedAllocation
Event: 1377.966 Executing VM operation: ParallelGCFailedAllocation done
Event: 1378.044 Executing VM operation: ParallelGCFailedAllocation
Event: 1378.055 Executing VM operation: ParallelGCFailedAllocation done
Event: 1378.096 Executing VM operation: ParallelGCFailedAllocation
Event: 1378.103 Executing VM operation: ParallelGCFailedAllocation done
Event: 1378.151 Executing VM operation: ParallelGCFailedAllocation
Event: 1378.158 Executing VM operation: ParallelGCFailedAllocation done
Event: 1378.215 Executing VM operation: ParallelGCFailedAllocation

Events (20 events):
Event: 1376.168 Thread 0x000001df7e58c030 flushing nmethod 0x000001df043f5110
Event: 1376.169 Thread 0x000001df7e58c030 flushing nmethod 0x000001df0446ae10
Event: 1376.169 Thread 0x000001df7e58c030 flushing nmethod 0x000001df044ea810
Event: 1376.169 Thread 0x000001df7e58c030 flushing nmethod 0x000001df044f0210
Event: 1376.171 Thread 0x000001df7e58c030 flushing nmethod 0x000001df04650b10
Event: 1376.171 Thread 0x000001df7e58c030 flushing nmethod 0x000001df04657790
Event: 1376.171 Thread 0x000001df7e58c030 flushing nmethod 0x000001df0466c410
Event: 1376.171 Thread 0x000001df7e58c030 flushing nmethod 0x000001df04675990
Event: 1376.171 Thread 0x000001df7e58c030 flushing nmethod 0x000001df046a5e90
Event: 1376.172 Thread 0x000001df7e58c030 flushing nmethod 0x000001df047ed410
Event: 1376.172 Thread 0x000001df7e58c030 flushing nmethod 0x000001df047f1890
Event: 1376.172 Thread 0x000001df7e58c030 flushing nmethod 0x000001df04827790
Event: 1376.172 Thread 0x000001df7e58c030 flushing nmethod 0x000001df0486b910
Event: 1376.174 Thread 0x000001df7e58c030 flushing nmethod 0x000001df04972a90
Event: 1376.174 Thread 0x000001df7e58c030 flushing nmethod 0x000001df04981110
Event: 1376.174 Thread 0x000001df7e58c030 flushing nmethod 0x000001df049cfa90
Event: 1376.177 Thread 0x000001df7e58c030 flushing nmethod 0x000001df04d1a710
Event: 1376.178 Thread 0x000001df7e58c030 flushing nmethod 0x000001df04dd6f90
Event: 1376.178 Thread 0x000001df7e58c030 flushing nmethod 0x000001df04e3a490
Event: 1376.181 Thread 0x000001df7e58c030 flushing nmethod 0x000001df050c1b10


Dynamic libraries:
0x00007ff7c9f50000 - 0x00007ff7c9f5e000 	c:\Users\Артур\.vscode\extensions\redhat.java-1.9.0-win32-x64\jre\17.0.3-win32-x86_64\bin\java.exe
0x00007ffa88470000 - 0x00007ffa88668000 	C:\Windows\SYSTEM32\ntdll.dll
0x00007ffa86e00000 - 0x00007ffa86ebd000 	C:\Windows\System32\KERNEL32.DLL
0x00007ffa85ee0000 - 0x00007ffa861ae000 	C:\Windows\System32\KERNELBASE.dll
0x00007ffa85de0000 - 0x00007ffa85ee0000 	C:\Windows\System32\ucrtbase.dll
0x00007ffa748c0000 - 0x00007ffa748d8000 	c:\Users\Артур\.vscode\extensions\redhat.java-1.9.0-win32-x64\jre\17.0.3-win32-x86_64\bin\jli.dll
0x00007ffa878e0000 - 0x00007ffa87a80000 	C:\Windows\System32\USER32.dll
0x00007ffa85b90000 - 0x00007ffa85bb2000 	C:\Windows\System32\win32u.dll
0x00007ffa88400000 - 0x00007ffa8842a000 	C:\Windows\System32\GDI32.dll
0x00007ffa86320000 - 0x00007ffa8642b000 	C:\Windows\System32\gdi32full.dll
0x00007ffa86430000 - 0x00007ffa864cd000 	C:\Windows\System32\msvcp_win.dll
0x00007ffa748a0000 - 0x00007ffa748b9000 	c:\Users\Артур\.vscode\extensions\redhat.java-1.9.0-win32-x64\jre\17.0.3-win32-x86_64\bin\VCRUNTIME140.dll
0x00007ffa7ad60000 - 0x00007ffa7affa000 	C:\Windows\WinSxS\amd64_microsoft.windows.common-controls_6595b64144ccf1df_6.0.19041.1110_none_60b5254171f9507e\COMCTL32.dll
0x00007ffa864d0000 - 0x00007ffa8656e000 	C:\Windows\System32\msvcrt.dll
0x00007ffa86750000 - 0x00007ffa86780000 	C:\Windows\System32\IMM32.DLL
0x00007ffa79f80000 - 0x00007ffa79f8c000 	c:\Users\Артур\.vscode\extensions\redhat.java-1.9.0-win32-x64\jre\17.0.3-win32-x86_64\bin\vcruntime140_1.dll
0x00007ffa5c2c0000 - 0x00007ffa5c351000 	c:\Users\Артур\.vscode\extensions\redhat.java-1.9.0-win32-x64\jre\17.0.3-win32-x86_64\bin\msvcp140.dll
0x00007ffa05c90000 - 0x00007ffa068d8000 	c:\Users\Артур\.vscode\extensions\redhat.java-1.9.0-win32-x64\jre\17.0.3-win32-x86_64\bin\server\jvm.dll
0x00007ffa87010000 - 0x00007ffa870be000 	C:\Windows\System32\ADVAPI32.dll
0x00007ffa86570000 - 0x00007ffa8660c000 	C:\Windows\System32\sechost.dll
0x00007ffa86780000 - 0x00007ffa868a5000 	C:\Windows\System32\RPCRT4.dll
0x00007ffa868b0000 - 0x00007ffa868b8000 	C:\Windows\System32\PSAPI.DLL
0x00007ffa74870000 - 0x00007ffa74879000 	C:\Windows\SYSTEM32\WSOCK32.dll
0x00007ffa87bb0000 - 0x00007ffa87c1b000 	C:\Windows\System32\WS2_32.dll
0x00007ffa7d4a0000 - 0x00007ffa7d4c7000 	C:\Windows\SYSTEM32\WINMM.dll
0x00007ffa80aa0000 - 0x00007ffa80aaa000 	C:\Windows\SYSTEM32\VERSION.dll
0x00007ffa839d0000 - 0x00007ffa839e2000 	C:\Windows\SYSTEM32\kernel.appcore.dll
0x00007ffa74860000 - 0x00007ffa7486a000 	c:\Users\Артур\.vscode\extensions\redhat.java-1.9.0-win32-x64\jre\17.0.3-win32-x86_64\bin\jimage.dll
0x00007ffa74430000 - 0x00007ffa74614000 	C:\Windows\SYSTEM32\DBGHELP.DLL
0x00007ffa74400000 - 0x00007ffa7442c000 	C:\Windows\SYSTEM32\dbgcore.DLL
0x00007ffa86260000 - 0x00007ffa862e2000 	C:\Windows\System32\bcryptPrimitives.dll
0x00007ffa74850000 - 0x00007ffa7485e000 	c:\Users\Артур\.vscode\extensions\redhat.java-1.9.0-win32-x64\jre\17.0.3-win32-x86_64\bin\instrument.dll
0x00007ffa6b6c0000 - 0x00007ffa6b6e5000 	c:\Users\Артур\.vscode\extensions\redhat.java-1.9.0-win32-x64\jre\17.0.3-win32-x86_64\bin\java.dll
0x00007ffa74830000 - 0x00007ffa74848000 	c:\Users\Артур\.vscode\extensions\redhat.java-1.9.0-win32-x64\jre\17.0.3-win32-x86_64\bin\zip.dll
0x00007ffa87cb0000 - 0x00007ffa883f4000 	C:\Windows\System32\SHELL32.dll
0x00007ffa83cb0000 - 0x00007ffa84444000 	C:\Windows\SYSTEM32\windows.storage.dll
0x00007ffa86970000 - 0x00007ffa86cc4000 	C:\Windows\System32\combase.dll
0x00007ffa855a0000 - 0x00007ffa855d0000 	C:\Windows\SYSTEM32\Wldp.dll
0x00007ffa868c0000 - 0x00007ffa8696d000 	C:\Windows\System32\SHCORE.dll
0x00007ffa87880000 - 0x00007ffa878d5000 	C:\Windows\System32\shlwapi.dll
0x00007ffa85ad0000 - 0x00007ffa85aef000 	C:\Windows\SYSTEM32\profapi.dll
0x00007ffa73420000 - 0x00007ffa73439000 	C:\Users\Артур\.vscode\extensions\redhat.java-1.9.0-win32-x64\jre\17.0.3-win32-x86_64\bin\net.dll
0x00007ffa76d50000 - 0x00007ffa76e5a000 	C:\Windows\SYSTEM32\WINHTTP.dll
0x00007ffa852e0000 - 0x00007ffa8534a000 	C:\Windows\system32\mswsock.dll
0x00007ffa73170000 - 0x00007ffa73185000 	C:\Users\Артур\.vscode\extensions\redhat.java-1.9.0-win32-x64\jre\17.0.3-win32-x86_64\bin\nio.dll
0x00007ffa74800000 - 0x00007ffa74810000 	c:\Users\Артур\.vscode\extensions\redhat.java-1.9.0-win32-x64\jre\17.0.3-win32-x86_64\bin\verify.dll
0x00007ffa68650000 - 0x00007ffa6868e000 	C:\Users\Артур\AppData\Roaming\Code\User\globalStorage\redhat.java\1.9.0\config_win\org.eclipse.equinox.launcher\org.eclipse.equinox.launcher.win32.win32.x86_64_1.2.500.v20220509-0833\eclipse_11700.dll
0x00007ffa87a80000 - 0x00007ffa87baa000 	C:\Windows\System32\ole32.dll
0x00007ffa854d0000 - 0x00007ffa854e8000 	C:\Windows\SYSTEM32\CRYPTSP.dll
0x00007ffa84c60000 - 0x00007ffa84c94000 	C:\Windows\system32\rsaenh.dll
0x00007ffa862f0000 - 0x00007ffa86317000 	C:\Windows\System32\bcrypt.dll
0x00007ffa85a90000 - 0x00007ffa85abe000 	C:\Windows\SYSTEM32\USERENV.dll
0x00007ffa854f0000 - 0x00007ffa854fc000 	C:\Windows\SYSTEM32\CRYPTBASE.dll
0x00007ffa84fd0000 - 0x00007ffa8500b000 	C:\Windows\SYSTEM32\IPHLPAPI.DLL
0x00007ffa86f50000 - 0x00007ffa86f58000 	C:\Windows\System32\NSI.dll
0x00007ffa7b5d0000 - 0x00007ffa7b5e7000 	C:\Windows\SYSTEM32\dhcpcsvc6.DLL
0x00007ffa7b520000 - 0x00007ffa7b53d000 	C:\Windows\SYSTEM32\dhcpcsvc.DLL
0x00007ffa85010000 - 0x00007ffa850da000 	C:\Windows\SYSTEM32\DNSAPI.dll
0x00007ffa74350000 - 0x00007ffa74359000 	C:\Users\Артур\.vscode\extensions\redhat.java-1.9.0-win32-x64\jre\17.0.3-win32-x86_64\bin\management.dll
0x00007ffa72260000 - 0x00007ffa7226b000 	C:\Users\Артур\.vscode\extensions\redhat.java-1.9.0-win32-x64\jre\17.0.3-win32-x86_64\bin\management_ext.dll
0x00007ffa68520000 - 0x00007ffa68564000 	C:\Users\Артур\AppData\Local\Temp\jna-993956847\jna16719548307369376043.dll

dbghelp: loaded successfully - version: 4.0.5 - missing functions: none
symbol engine: initialized successfully - sym options: 0x614 - pdb path: .;c:\Users\Артур\.vscode\extensions\redhat.java-1.9.0-win32-x64\jre\17.0.3-win32-x86_64\bin;C:\Windows\SYSTEM32;C:\Windows\WinSxS\amd64_microsoft.windows.common-controls_6595b64144ccf1df_6.0.19041.1110_none_60b5254171f9507e;c:\Users\Артур\.vscode\extensions\redhat.java-1.9.0-win32-x64\jre\17.0.3-win32-x86_64\bin\server;C:\Users\Артур\AppData\Roaming\Code\User\globalStorage\redhat.java\1.9.0\config_win\org.eclipse.equinox.launcher\org.eclipse.equinox.launcher.win32.win32.x86_64_1.2.500.v20220509-0833;C:\Users\Артур\AppData\Local\Temp\jna-993956847

VM Arguments:
jvm_args: --add-modules=ALL-SYSTEM --add-opens=java.base/java.util=ALL-UNNAMED --add-opens=java.base/java.lang=ALL-UNNAMED --add-opens=java.base/sun.nio.fs=ALL-UNNAMED -Declipse.application=org.eclipse.jdt.ls.core.id1 -Dosgi.bundles.defaultStartLevel=4 -Declipse.product=org.eclipse.jdt.ls.core.product -Djava.import.generatesMetadataFilesAtProjectRoot=false -Dfile.encoding=utf8 -DwatchParentProcess=false -XX:+UseParallelGC -XX:GCTimeRatio=4 -XX:AdaptiveSizePolicyWeight=90 -Dsun.zip.disableMemoryMapping=true -Xmx1G -Xms100m -javaagent:c:\Users\Артур\.vscode\extensions\redhat.java-1.9.0-win32-x64\lombok\lombok-1.18.24.jar -XX:+HeapDumpOnOutOfMemoryError -XX:HeapDumpPath=c:\Users\Артур\AppData\Roaming\Code\User\workspaceStorage\5c1c60083b7b46aba082b4ca789630d8\redhat.java 
java_command: c:\Users\Артур\.vscode\extensions\redhat.java-1.9.0-win32-x64\server\plugins\org.eclipse.equinox.launcher_1.6.400.v20210924-0641.jar -configuration c:\Users\Артур\AppData\Roaming\Code\User\globalStorage\redhat.java\1.9.0\config_win -data c:\Users\Артур\AppData\Roaming\Code\User\workspaceStorage\5c1c60083b7b46aba082b4ca789630d8\redhat.java\jdt_ws
java_class_path (initial): c:\Users\Артур\.vscode\extensions\redhat.java-1.9.0-win32-x64\server\plugins\org.eclipse.equinox.launcher_1.6.400.v20210924-0641.jar
Launcher Type: SUN_STANDARD

[Global flags]
    uintx AdaptiveSizePolicyWeight                 = 90                                        {product} {command line}
     intx CICompilerCount                          = 3                                         {product} {ergonomic}
    uintx GCTimeRatio                              = 4                                         {product} {command line}
     bool HeapDumpOnOutOfMemoryError               = true                                   {manageable} {command line}
    ccstr HeapDumpPath                             = c:\Users\Артур\AppData\Roaming\Code\User\workspaceStorage\5c1c60083b7b46aba082b4ca789630d8\redhat.java         {manageable} {command line}
   size_t InitialHeapSize                          = 104857600                                 {product} {command line}
   size_t MaxHeapSize                              = 1073741824                                {product} {command line}
   size_t MaxNewSize                               = 357564416                                 {product} {ergonomic}
   size_t MinHeapDeltaBytes                        = 524288                                    {product} {ergonomic}
   size_t MinHeapSize                              = 104857600                                 {product} {command line}
   size_t NewSize                                  = 34603008                                  {product} {ergonomic}
    uintx NonNMethodCodeHeapSize                   = 5832780                                {pd product} {ergonomic}
    uintx NonProfiledCodeHeapSize                  = 122912730                              {pd product} {ergonomic}
   size_t OldSize                                  = 70254592                                  {product} {ergonomic}
    uintx ProfiledCodeHeapSize                     = 122912730                              {pd product} {ergonomic}
    uintx ReservedCodeCacheSize                    = 251658240                              {pd product} {ergonomic}
     bool SegmentedCodeCache                       = true                                      {product} {ergonomic}
   size_t SoftMaxHeapSize                          = 1073741824                             {manageable} {ergonomic}
     bool UseCompressedClassPointers               = true                           {product lp64_product} {ergonomic}
     bool UseCompressedOops                        = true                           {product lp64_product} {ergonomic}
     bool UseLargePagesIndividualAllocation        = false                                  {pd product} {ergonomic}
     bool UseParallelGC                            = true                                      {product} {command line}

Logging:
Log output configuration:
 #0: stdout all=warning uptime,level,tags
 #1: stderr all=off uptime,level,tags

Environment Variables:
JAVA_HOME=C:\Program Files\Java\jdk1.8.0_202
PATH=C:\Program Files (x86)\Common Files\Oracle\Java\javapath;C:\ProgramData\Oracle\Java\javapath;C:\Windows\system32;C:\Windows;C:\Windows\System32\Wbem;C:\Windows\System32\WindowsPowerShell\v1.0\;C:\Windows\System32\OpenSSH\;E:\Programs\Git\cmd;E:\Programs\nodejs\;C:\HaxeToolkit\haxe;C:\HaxeToolkit\neko;C:\Program Files\dotnet\;C:\Users\Артур\AppData\Local\Microsoft\WindowsApps;;E:\Programs\Microsoft VS Code\bin;C:\Users\Артур\AppData\Roaming\npm;E:\Programs\JetBrains\IntelliJ IDEA Community Edition 2022.1\bin;;C:\Users\Артур\.dotnet\tools
USERNAME=Артур
OS=Windows_NT
PROCESSOR_IDENTIFIER=Intel64 Family 6 Model 23 Stepping 10, GenuineIntel



---------------  S Y S T E M  ---------------

OS:
 Windows 10 , 64 bit Build 19041 (10.0.19041.1889)
OS uptime: 0 days 3:21 hours

CPU: total 4 (initial active 4) (4 cores per cpu, 1 threads per core) family 6 model 23 stepping 10 microcode 0xa0c, cx8, cmov, fxsr, mmx, sse, sse2, sse3, ssse3, sse4.1, tsc, clflush

Memory: 4k page, system-wide physical 4095M (268M free)
TotalPageFile size 11775M (AvailPageFile size 5483M)
current process WorkingSet (physical memory assigned to process): 474M, peak: 474M
current process commit charge ("private bytes"): 516M, peak: 552M

vm_info: OpenJDK 64-Bit Server VM (17.0.3+7) for windows-amd64 JRE (17.0.3+7), built on Apr 19 2022 16:55:35 by "" with MS VC++ 16.7 (VS2019)

END.
