#
# A fatal error has been detected by the Java Runtime Environment:
#
#  EXCEPTION_ACCESS_VIOLATION (0xc0000005) at pc=0x00007ffa29566cd0, pid=12448, tid=9240
#
# JRE version: OpenJDK Runtime Environment Temurin-17.0.4.1+1 (17.0.4.1+1) (build 17.0.4.1+1)
# Java VM: OpenJDK 64-Bit Server VM Temurin-17.0.4.1+1 (17.0.4.1+1, mixed mode, tiered, compressed oops, compressed class ptrs, parallel gc, windows-amd64)
# Problematic frame:
# V  [jvm.dll+0x186cd0]
#
# No core dump will be written. Minidumps are not enabled by default on client versions of Windows
#
# If you would like to submit a bug report, please visit:
#   https://github.com/adoptium/adoptium-support/issues
#

---------------  S U M M A R Y ------------

Command Line: --add-modules=ALL-SYSTEM --add-opens=java.base/java.util=ALL-UNNAMED --add-opens=java.base/java.lang=ALL-UNNAMED --add-opens=java.base/sun.nio.fs=ALL-UNNAMED -Declipse.application=org.eclipse.jdt.ls.core.id1 -Dosgi.bundles.defaultStartLevel=4 -Declipse.product=org.eclipse.jdt.ls.core.product -Djava.import.generatesMetadataFilesAtProjectRoot=false -Dfile.encoding=utf8 -XX:+UseParallelGC -XX:GCTimeRatio=4 -XX:AdaptiveSizePolicyWeight=90 -Dsun.zip.disableMemoryMapping=true -Xmx1G -Xms100m -Xlog:disable -javaagent:c:\Users\Артур\.vscode\extensions\redhat.java-1.12.0-win32-x64\lombok\lombok-1.18.24.jar -XX:+HeapDumpOnOutOfMemoryError -XX:HeapDumpPath=c:\Users\Артур\AppData\Roaming\Code\User\workspaceStorage\5c1c60083b7b46aba082b4ca789630d8\redhat.java c:\Users\Артур\.vscode\extensions\redhat.java-1.12.0-win32-x64\server\plugins\org.eclipse.equinox.launcher_1.6.400.v20210924-0641.jar -configuration c:\Users\Артур\AppData\Roaming\Code\User\globalStorage\redhat.java\1.12.0\config_win -data c:\Users\Артур\AppData\Roaming\Code\User\workspaceStorage\5c1c60083b7b46aba082b4ca789630d8\redhat.java\jdt_ws

Host: Intel(R) Core(TM)2 Quad CPU    Q8400  @ 2.66GHz, 4 cores, 3G,  Windows 10 , 64 bit Build 19041 (10.0.19041.2251)
Time: Sat Nov 19 15:17:40 2022  Windows 10 , 64 bit Build 19041 (10.0.19041.2251) elapsed time: 3285.755830 seconds (0d 0h 54m 45s)

---------------  T H R E A D  ---------------

Current thread (0x000001b47bb28f10):  JavaThread "ForkJoinPool.commonPool-worker-13" daemon [_thread_in_vm, id=9240, stack(0x000000b405900000,0x000000b405a00000)]

Stack: [0x000000b405900000,0x000000b405a00000],  sp=0x000000b4059fab70,  free space=1002k
Native frames: (J=compiled Java code, j=interpreted, Vv=VM code, C=native code)
V  [jvm.dll+0x186cd0]
C  0x000001b463e692fe

Java frames: (J=compiled Java code, j=interpreted, Vv=VM code)
v  ~RuntimeStub::counter_overflow Runtime1 stub
J 8084 c1 org.eclipse.jdt.core.compiler.CharOperation.concatWith([[C[CC)[C (158 bytes) @ 0x000001b464d28793 [0x000001b464d281a0+0x00000000000005f3]
J 15567 c1 org.eclipse.jdt.internal.codeassist.CompletionEngine.isForbidden([C[C[[C)Z (99 bytes) @ 0x000001b465a5ca44 [0x000001b465a5c9c0+0x0000000000000084]
J 15419 c1 org.eclipse.jdt.internal.codeassist.CompletionEngine.acceptType([C[C[[CILorg/eclipse/jdt/internal/compiler/env/AccessRestriction;)V (258 bytes) @ 0x000001b465591954 [0x000001b4655910c0+0x0000000000000894]
J 15566 c1 org.eclipse.jdt.internal.core.SearchableEnvironment$4.acceptType(I[C[C[[CLjava/lang/String;Lorg/eclipse/jdt/internal/compiler/env/AccessRestriction;)V (56 bytes) @ 0x000001b464dcf71c [0x000001b464dcf460+0x00000000000002bc]
J 15564 c1 org.eclipse.jdt.internal.core.search.BasicSearchEngine$5.acceptIndexMatch(Ljava/lang/String;Lorg/eclipse/jdt/core/search/SearchPattern;Lorg/eclipse/jdt/core/search/SearchParticipant;Lorg/eclipse/jdt/internal/compiler/env/AccessRuleSet;)Z (286 bytes) @ 0x000001b464dd0f44 [0x000001b464dd0500+0x0000000000000a44]
J 15558 c1 org.eclipse.jdt.internal.core.search.PatternSearchJob.lambda$1(Lorg/eclipse/jdt/internal/core/search/PatternSearchJob$IndexMatch;)V (37 bytes) @ 0x000001b464dd49dc [0x000001b464dd48c0+0x000000000000011c]
J 15064 c1 org.eclipse.jdt.internal.core.search.PatternSearchJob$$Lambda$345+0x0000000100660000.accept(Ljava/lang/Object;)V (12 bytes) @ 0x000001b464925114 [0x000001b464924fc0+0x0000000000000154]
j  java.util.ArrayList.forEach(Ljava/util/function/Consumer;)V+46 java.base@17.0.4.1
j  org.eclipse.jdt.internal.core.search.PatternSearchJob.performParallelSearch([Lorg/eclipse/jdt/internal/core/index/Index;Lorg/eclipse/core/runtime/SubMonitor;)Z+166
j  org.eclipse.jdt.internal.core.search.PatternSearchJob.execute(Lorg/eclipse/core/runtime/IProgressMonitor;)Z+69
j  org.eclipse.jdt.internal.core.search.processing.JobManager.performConcurrentJob(Lorg/eclipse/jdt/internal/core/search/processing/IJob;ILorg/eclipse/core/runtime/IProgressMonitor;)Z+889
j  org.eclipse.jdt.internal.core.search.BasicSearchEngine.searchAllTypeNames([CI[CIILorg/eclipse/jdt/core/search/IJavaSearchScope;ZLorg/eclipse/jdt/internal/core/search/IRestrictedAccessTypeRequestor;ILorg/eclipse/core/runtime/IProgressMonitor;)V+561
j  org.eclipse.jdt.internal.core.SearchableEnvironment.findTypes([CZIIZLorg/eclipse/jdt/internal/codeassist/ISearchRequestor;Lorg/eclipse/core/runtime/IProgressMonitor;)V+397
j  org.eclipse.jdt.internal.codeassist.CompletionEngine.findTypesAndPackages([CLorg/eclipse/jdt/internal/compiler/lookup/Scope;ZZLorg/eclipse/jdt/internal/compiler/util/ObjectVector;)V+1315
j  org.eclipse.jdt.internal.codeassist.CompletionEngine.completionOnSingleNameReference(Lorg/eclipse/jdt/internal/compiler/ast/ASTNode;Lorg/eclipse/jdt/internal/compiler/ast/ASTNode;Lorg/eclipse/jdt/internal/compiler/lookup/Scope;Z)V+484
j  org.eclipse.jdt.internal.codeassist.CompletionEngine.complete(Lorg/eclipse/jdt/internal/compiler/ast/ASTNode;Lorg/eclipse/jdt/internal/compiler/ast/ASTNode;Lorg/eclipse/jdt/internal/compiler/ast/ASTNode;Lorg/eclipse/jdt/internal/compiler/ast/CompilationUnitDeclaration;Lorg/eclipse/jdt/internal/compiler/lookup/Binding;Lorg/eclipse/jdt/internal/compiler/lookup/Scope;Z)Z+132
j  org.eclipse.jdt.internal.codeassist.CompletionEngine.complete(Lorg/eclipse/jdt/internal/compiler/env/ICompilationUnit;IILorg/eclipse/jdt/core/ITypeRoot;)V+2578
j  org.eclipse.jdt.internal.core.Openable.codeComplete(Lorg/eclipse/jdt/internal/compiler/env/ICompilationUnit;Lorg/eclipse/jdt/internal/compiler/env/ICompilationUnit;ILorg/eclipse/jdt/core/CompletionRequestor;Lorg/eclipse/jdt/core/WorkingCopyOwner;Lorg/eclipse/jdt/core/ITypeRoot;Lorg/eclipse/core/runtime/IProgressMonitor;)V+182
j  org.eclipse.jdt.internal.core.CompilationUnit.codeComplete(ILorg/eclipse/jdt/core/CompletionRequestor;Lorg/eclipse/jdt/core/WorkingCopyOwner;Lorg/eclipse/core/runtime/IProgressMonitor;)V+26
j  org.eclipse.jdt.internal.core.CompilationUnit.codeComplete(ILorg/eclipse/jdt/core/CompletionRequestor;Lorg/eclipse/jdt/core/WorkingCopyOwner;)V+5
j  org.eclipse.jdt.internal.core.CompilationUnit.codeComplete(ILorg/eclipse/jdt/core/CompletionRequestor;)V+6
j  org.eclipse.jdt.ls.core.internal.corrections.SimilarElementsRequestor.process(Lorg/eclipse/jdt/core/ICompilationUnit;I)[Lorg/eclipse/jdt/ls/core/internal/corrections/SimilarElement;+3
j  org.eclipse.jdt.ls.core.internal.corrections.SimilarElementsRequestor.findSimilarElement(Lorg/eclipse/jdt/core/ICompilationUnit;Lorg/eclipse/jdt/core/dom/Name;I)[Lorg/eclipse/jdt/ls/core/internal/corrections/SimilarElement;+258
j  org.eclipse.jdt.ls.core.internal.corrections.proposals.UnresolvedElementsSubProcessor.addSimilarTypeProposals(ILorg/eclipse/jdt/core/ICompilationUnit;Lorg/eclipse/jdt/core/dom/Name;ILjava/util/Collection;)V+3
j  org.eclipse.jdt.ls.core.internal.corrections.proposals.UnresolvedElementsSubProcessor.getVariableProposals(Lorg/eclipse/jdt/ls/core/internal/corrections/IInvocationContext;Lorg/eclipse/jdt/internal/ui/text/correction/IProblemLocationCore;Lorg/eclipse/jdt/core/dom/IVariableBinding;Ljava/util/Collection;)V+678
j  org.eclipse.jdt.ls.core.internal.corrections.QuickFixProcessor.process(Lorg/eclipse/jdt/ls/core/internal/corrections/IInvocationContext;Lorg/eclipse/jdt/internal/ui/text/correction/IProblemLocationCore;Ljava/util/Collection;)V+1197
j  org.eclipse.jdt.ls.core.internal.corrections.QuickFixProcessor.getCorrections(Lorg/eclipse/jdt/ls/core/internal/corrections/IInvocationContext;[Lorg/eclipse/jdt/internal/ui/text/correction/IProblemLocationCore;)Ljava/util/List;+60
j  org.eclipse.jdt.ls.core.internal.handlers.CodeActionHandler.getCodeActionCommands(Lorg/eclipse/lsp4j/CodeActionParams;Lorg/eclipse/core/runtime/IProgressMonitor;)Ljava/util/List;+443
j  org.eclipse.jdt.ls.core.internal.handlers.JDTLanguageServer.lambda$15(Lorg/eclipse/jdt/ls/core/internal/handlers/CodeActionHandler;Lorg/eclipse/lsp4j/CodeActionParams;Lorg/eclipse/core/runtime/IProgressMonitor;)Ljava/util/List;+8
j  org.eclipse.jdt.ls.core.internal.handlers.JDTLanguageServer$$Lambda$398+0x0000000100695df8.apply(Ljava/lang/Object;)Ljava/lang/Object;+16
j  org.eclipse.jdt.ls.core.internal.BaseJDTLanguageServer.lambda$0(Ljava/util/function/Function;Lorg/eclipse/lsp4j/jsonrpc/CancelChecker;)Ljava/lang/Object;+6
j  org.eclipse.jdt.ls.core.internal.BaseJDTLanguageServer$$Lambda$277+0x0000000100565af0.apply(Ljava/lang/Object;)Ljava/lang/Object;+12
J 14042 c1 java.util.concurrent.CompletableFuture$UniApply.tryFire(I)Ljava/util/concurrent/CompletableFuture; java.base@17.0.4.1 (149 bytes) @ 0x000001b464c0bfcc [0x000001b464c0b8c0+0x000000000000070c]
j  java.util.concurrent.CompletableFuture$Completion.exec()Z+2 java.base@17.0.4.1
J 15067 c1 java.util.concurrent.ForkJoinTask.doExec()I java.base@17.0.4.1 (37 bytes) @ 0x000001b46525dfec [0x000001b46525dea0+0x000000000000014c]
j  java.util.concurrent.ForkJoinPool$WorkQueue.topLevelExec(Ljava/util/concurrent/ForkJoinTask;Ljava/util/concurrent/ForkJoinPool$WorkQueue;)V+13 java.base@17.0.4.1
J 15060 c1 java.util.concurrent.ForkJoinPool.scan(Ljava/util/concurrent/ForkJoinPool$WorkQueue;II)I java.base@17.0.4.1 (235 bytes) @ 0x000001b465222f04 [0x000001b465222280+0x0000000000000c84]
j  java.util.concurrent.ForkJoinPool.runWorker(Ljava/util/concurrent/ForkJoinPool$WorkQueue;)V+53 java.base@17.0.4.1
j  java.util.concurrent.ForkJoinWorkerThread.run()V+31 java.base@17.0.4.1
v  ~StubRoutines::call_stub

siginfo: EXCEPTION_ACCESS_VIOLATION (0xc0000005), reading address 0x000001b4fc3be747


Register to memory mapping:

RIP=0x00007ffa29566cd0 jvm.dll
RAX=0x0000000000000003 is an unknown value
RBX=0x000001b4fc3be717 is an unknown value
RCX=0x000001b464d27f90 is at entry_point+-528 in (nmethod*)0x000001b464d27f90
RDX=0x000000b4059fabc8 is pointing into the stack for thread: 0x000001b47bb28f10
RSP=0x000000b4059fab70 is pointing into the stack for thread: 0x000001b47bb28f10
RBP=0x000000b4059fac70 is pointing into the stack for thread: 0x000001b47bb28f10
RSI=0x000000007fffffff is an unknown value
RDI=0x000001b47bb28f10 is a thread
R8 ={method} {0x000001b47c3be890} 'concatWith' '([[C[CC)[C' in 'org/eclipse/jdt/core/compiler/CharOperation'
R9 =0x00000000ffffffff is an unallocated location in the heap
R10=0x000001b464310000 points into unknown readable memory: 0x000000000000002f | 2f 00 00 00 00 00 00 00
R11=0x00000000c3a229b8 is an oop: org.eclipse.jdt.internal.codeassist.CompletionEngine 
{0x00000000c3a229b8} - klass: 'org/eclipse/jdt/internal/codeassist/CompletionEngine'
 - ---- fields (total size 33 words):
 - public 'importCacheCount' 'I' @12  0
 - public 'onDemandImportCacheCount' 'I' @16  0
 - public 'forbiddenReferenceIsError' 'Z' @20  true
 - public 'discouragedReferenceIsError' 'Z' @21  false
 - public 'importCachesInitialized' 'Z' @22  false
 - public 'lookupEnvironment' 'Lorg/eclipse/jdt/internal/compiler/lookup/LookupEnvironment;' @24  a 'org/eclipse/jdt/internal/compiler/lookup/LookupEnvironment'{0x00000000c39fa610} (c39fa610)
 - protected 'unitScope' 'Lorg/eclipse/jdt/internal/compiler/lookup/CompilationUnitScope;' @28  a 'org/eclipse/jdt/internal/compiler/lookup/CompilationUnitScope'{0x00000000c3954b40} (c3954b40)
 - public 'nameEnvironment' 'Lorg/eclipse/jdt/internal/core/SearchableEnvironment;' @32  a 'org/eclipse/jdt/internal/core/SearchableEnvironment'{0x00000000c39faad8} (c39faad8)
 - public 'options' 'Lorg/eclipse/jdt/internal/codeassist/impl/AssistOptions;' @36  a 'org/eclipse/jdt/internal/codeassist/impl/AssistOptions'{0x00000000c39744b0} (c39744b0)
 - public 'compilerOptions' 'Lorg/eclipse/jdt/internal/compiler/impl/CompilerOptions;' @40  a 'org/eclipse/jdt/internal/compiler/impl/CompilerOptions'{0x00000000c3a22500} (c3a22500)
 - public 'importsCache' '[[[C' @44  NULL (0)
 - public 'onDemandImportsCache' '[Lorg/eclipse/jdt/internal/compiler/lookup/ImportBinding;' @48  NULL (0)
 - public 'currentPackageName' '[C' @52  NULL (0)
 - 'hasJavaLangObjectAsExpectedType' 'Z' @23  false
 - 'targetedElement' 'J' @56  0 (0 0)
 - public 'openedBinaryTypes' 'I' @64  0
 - 'expectedTypesPtr' 'I' @68  -1 (ffffffff)
 - 'expectedTypesFilter' 'I' @72  0
 - 'uninterestingBindingsPtr' 'I' @76  -1 (ffffffff)
 - 'forbbidenBindingsPtr' 'I' @80  -1 (ffffffff)
 - 'uninterestingBindingsFilter' 'I' @84  0
 - 'assistNodeInJavadoc' 'I' @88  0
 - 'startPosition' 'I' @92  5006 (138e)
 - 'actualCompletionPosition' 'I' @96  5006 (138e)
 - 'endPosition' 'I' @100  5011 (1393)
 - 'offset' 'I' @104  0
 - 'tokenStart' 'I' @108  5006 (138e)
 - 'tokenEnd' 'I' @112  5011 (1393)
 - 'javadocTagPosition' 'I' @116  0
 - private 'foundTypesCount' 'I' @120  1921 (781)
 - private 'foundConstructorsCount' 'I' @124  0
 - 'hasExpectedArrayTypes' 'Z' @128  false
 - 'hasComputedExpectedArrayTypes' 'Z' @129  false
 - 'assistNodeIsClass' 'Z' @130  false
 - 'assistNodeIsEnum' 'Z' @131  false
 - 'assistNodeIsException' 'Z' @132  false
 - 'assistNodeIsInterface' 'Z' @133  false
 - 'assistNodeIsAnnotation' 'Z' @134  false
 - 'assistNodeIsConstructor' 'Z' @135  false
 - 'assistNodeIsSuperType' 'Z' @136  false
 - 'assistNodeIsExtendedType' 'Z' @137  false
 - 'assistNodeIsInterfaceExcludingAnnotation' 'Z' @138  false
 - 'assistNodeCanBeSingleMemberAnnotation' 'Z' @139  false
 - 'assistNodeIsInsideCase' 'Z' @140  false
 - 'assistNodeIsString' 'Z' @141  false
 - 'skipDefaultPackage' 'Z' @142  false
 - 'resolvingImports' 'Z' @143  false
 - 'resolvingStaticImports' 'Z' @144  false
 - 'insideQualifiedReference' 'Z' @145  false
 - 'noProposal' 'Z' @146  true
 - private 'strictMatchForExtepectedType' 'Z' @147  false
 - public 'typeCache' 'Lorg/eclipse/jdt/internal/compiler/util/HashtableOfObject;' @148  a 'org/eclipse/jdt/internal/compiler/util/HashtableOfObject'{0x00000000c3974430} (c3974430)
 - 'expectedTypes' '[Lorg/eclipse/jdt/internal/compiler/lookup/TypeBinding;' @152  a 'org/eclipse/jdt/internal/compiler/lookup/TypeBinding'[1] {0x00000000c3974418} (c3974418)
 - 'uninterestingBindings' '[Lorg/eclipse/jdt/internal/compiler/lookup/Binding;' @156  a 'org/eclipse/jdt/internal/compiler/lookup/Binding'[1] {0x00000000c3974400} (c3974400)
 - 'forbbidenBindings' '[Lorg/eclipse/jdt/internal/compiler/lookup/Binding;' @160  a 'org/eclipse/jdt/internal/compiler/lookup/Binding'[1] {0x00000000c39743e8} (c39743e8)
 - 'favoriteReferenceBindings' '[Lorg/eclipse/jdt/internal/compiler/lookup/ImportBinding;' @164  NULL (0)
 - 'owner' 'Lorg/eclipse/jdt/core/WorkingCopyOwner;' @168  a 'org/eclipse/jdt/internal/core/DefaultWorkingCopyOwner'{0x00000000c0c74368} (c0c74368)
 - 'monitor' 'Lorg/eclipse/core/runtime/IProgressMonitor;' @172  NULL (0)
 - 'javaProject' 'Lorg/eclipse/jdt/core/IJavaProject;' @176  a 'org/eclipse/jdt/internal/core/JavaProject'{0x00000000c39fb1e0} (c39fb1e0)
 - 'typeRoot' 'Lorg/eclipse/jdt/core/ITypeRoot;' @180  a 'org/eclipse/jdt/internal/core/CompilationUnit'{0x00000000c39fb200} (c39fb200)
 - 'parser' 'Lorg/eclipse/jdt/internal/codeassist/complete/CompletionParser;' @184  a 'org/eclipse/jdt/internal/codeassist/complete/CompletionParser'{0x00000000c3961cb0} (c3961cb0)
 - 'requestor' 'Lorg/eclipse/jdt/core/CompletionRequestor;' @188  a 'org/eclipse/jdt/ls/core/internal/corrections/SimilarElementsRequestor'{0x00000000c3a22ac0} (c3a22ac0)
 - 'problemFactory' 'Lorg/eclipse/jdt/internal/codeassist/CompletionEngine$CompletionProblemFactory;' @192  a 'org/eclipse/jdt/internal/codeassist/CompletionEngine$CompletionProblemFactory'{0x00000000c3a22998} (c3a22998)
 - 'problemReporter' 'Lorg/eclipse/jdt/internal/compiler/problem/ProblemReporter;' @196  a 'org/eclipse/jdt/internal/compiler/problem/ProblemReporter'{0x00000000c3a22960} (c3a22960)
 - private 'noCacheNameEnvironment' 'Lorg/eclipse/jdt/internal/compiler/env/INameEnvironment;' @200  NULL (0)
 - 'source' '[C' @204  [C{0x00000000c3a25570} (c3a25570)
 - 'moduleDeclaration' 'Lorg/eclipse/jdt/internal/compiler/ast/ModuleDeclaration;' @208  NULL (0)
 - 'completionToken' '[C' @212  [C{0x00000000c3a22b00} (c3a22b00)
 - 'qualifiedCompletionToken' '[C' @216  NULL (0)
 - 'problem' 'Lorg/eclipse/jdt/core/compiler/CategorizedProblem;' @220  a 'org/eclipse/jdt/internal/compiler/problem/DefaultProblem'{0x00000000c3a22b18} (c3a22b18)
 - 'fileName' '[C' @224  [C{0x00000000c3a22e10} (c3a22e10)
 - 'sourceLevel' 'Ljava/lang/String;' @228  "1.8"{0x00000000c084e1c0} (c084e1c0)
 - 'complianceLevel' 'Ljava/lang/String;' @232  "1.8"{0x00000000c084e1c0} (c084e1c0)
 - 'validPackageNames' 'Lorg/eclipse/jdt/internal/compiler/util/SimpleSetOfCharArray;' @236  a 'org/eclipse/jdt/internal/compiler/util/SimpleSetOfCharArray'{0x00000000c3a22ec0} (c3a22ec0)
 - 'invalidPackageNames' 'Lorg/eclipse/jdt/internal/compiler/util/SimpleSetOfCharArray;' @240  a 'org/eclipse/jdt/internal/compiler/util/SimpleSetOfCharArray'{0x00000000c3a22f30} (c3a22f30)
 - 'knownModules' 'Lorg/eclipse/jdt/internal/compiler/util/HashtableOfObject;' @244  a 'org/eclipse/jdt/internal/compiler/util/HashtableOfObject'{0x00000000c3a22f78} (c3a22f78)
 - 'knownPkgs' 'Lorg/eclipse/jdt/internal/compiler/util/HashtableOfObject;' @248  a 'org/eclipse/jdt/internal/compiler/util/HashtableOfObject'{0x00000000c3a23048} (c3a23048)
 - 'knownTypes' 'Lorg/eclipse/jdt/internal/compiler/util/HashtableOfObject;' @252  a 'org/eclipse/jdt/internal/compiler/util/HashtableOfObject'{0x00000000c3a23118} (c3a23118)
 - private 'acceptedTypes' 'Lorg/eclipse/jdt/internal/compiler/util/ObjectVector;' @256  a 'org/eclipse/jdt/internal/compiler/util/ObjectVector'{0x00000000eb108350} (eb108350)
 - private 'acceptedConstructors' 'Lorg/eclipse/jdt/internal/compiler/util/ObjectVector;' @260  NULL (0)
R12=0x0 is NULL
R13=0x0000000000000645 is an unknown value
R14=0x000001b464d27f90 is at entry_point+-528 in (nmethod*)0x000001b464d27f90
R15=0x0000000000000003 is an unknown value


Registers:
RAX=0x0000000000000003, RBX=0x000001b4fc3be717, RCX=0x000001b464d27f90, RDX=0x000000b4059fabc8
RSP=0x000000b4059fab70, RBP=0x000000b4059fac70, RSI=0x000000007fffffff, RDI=0x000001b47bb28f10
R8 =0x000001b47c3be888, R9 =0x00000000ffffffff, R10=0x000001b464310000, R11=0x00000000c3a229b8
R12=0x0000000000000000, R13=0x0000000000000645, R14=0x000001b464d27f90, R15=0x0000000000000003
RIP=0x00007ffa29566cd0, EFLAGS=0x0000000000010216

Top of Stack: (sp=0x000000b4059fab70)
0x000000b4059fab70:   000001b47c3be888 000000007fffffff
0x000000b4059fab80:   000000b4059fac90 00007ffa296a980f
0x000000b4059fab90:   00000000ffffffff 000000b4059fac70
0x000000b4059faba0:   0000000000000000 00007ffa295f413d
0x000000b4059fabb0:   000001b47c3be888 000001b47bb28f10
0x000000b4059fabc0:   000001b47c3be888 000001b47c3be888
0x000000b4059fabd0:   000001b47c3be888 000001b47bb28f10
0x000000b4059fabe0:   000000b4059fd1c0 000001b463e692fe
0x000000b4059fabf0:   000001b463e69190 00007ffa00000000
0x000000b4059fac00:   000000b4059fd650 000000b4059fd1c0
0x000000b4059fac10:   000000b4059fd660 000001b464d28793
0x000000b4059fac20:   000001b464d27f90 00007ffa00000000
0x000000b4059fac30:   000000b4059fda68 000000b4059fd660
0x000000b4059fac40:   000001b4087b0510 ffffffffffffffff
0x000000b4059fac50:   000001b400000003 000001b464dcee10
0x000000b4059fac60:   000001b47bb28f10 000001b463e692fe 

Instructions: (pc=0x00007ffa29566cd0)
0x00007ffa29566bd0:   48 89 5c 24 18 48 89 74 24 20 55 57 41 54 41 56
0x00007ffa29566be0:   41 57 48 8d ac 24 e0 da ff ff b8 20 26 00 00 e8
0x00007ffa29566bf0:   dc 72 70 00 48 2b e0 48 8b 05 ea 7d 9a 00 48 33
0x00007ffa29566c00:   c4 48 89 85 10 25 00 00 48 63 f2 48 8b f9 c7 81
0x00007ffa29566c10:   38 03 00 00 06 00 00 00 4c 89 44 24 40 48 89 4c
0x00007ffa29566c20:   24 48 4d 85 c0 74 16 48 8b 89 40 02 00 00 48 8d
0x00007ffa29566c30:   54 24 50 4c 89 44 24 50 e8 d3 3d e8 ff 41 b1 01
0x00007ffa29566c40:   48 8d 4d 30 45 33 c0 48 8b d7 e8 e1 04 14 00 48
0x00007ffa29566c50:   8b d7 48 8d 8f 88 02 00 00 e8 d2 2e 14 00 48 8d
0x00007ffa29566c60:   54 24 70 48 8b cf e8 25 99 66 00 4c 8d 45 30 48
0x00007ffa29566c70:   8d 55 a0 48 8d 4c 24 70 e8 e3 34 14 00 4c 8b 75
0x00007ffa29566c80:   b0 49 8b 46 70 48 89 44 24 60 48 89 7c 24 68 48
0x00007ffa29566c90:   85 c0 74 16 48 8b 8f 40 02 00 00 48 8d 54 24 58
0x00007ffa29566ca0:   48 89 44 24 58 e8 66 3d e8 ff 49 8b 06 49 8b ce
0x00007ffa29566cb0:   ff 90 c8 00 00 00 41 b9 ff ff ff ff 44 8b f8 41
0x00007ffa29566cc0:   3b f1 74 5e 4c 8b 44 24 40 49 8b 58 08 48 03 de
0x00007ffa29566cd0:   0f b6 43 30 3d ca 00 00 00 75 0c 48 8d 53 30 49
0x00007ffa29566ce0:   8b c8 e8 89 79 fa ff 33 c9 3d 99 00 00 00 7c 2e
0x00007ffa29566cf0:   3d a7 00 00 00 7e 1c 3d c5 00 00 00 7e 20 3d c7
0x00007ffa29566d00:   00 00 00 7e 0e 3d c8 00 00 00 75 12 8b 4b 31 0f
0x00007ffa29566d10:   c9 eb 0b 0f b7 43 31 66 c1 c8 08 0f bf c8 44 8d
0x00007ffa29566d20:   0c 0e 48 89 7c 24 30 48 8d 54 24 40 4c 89 74 24
0x00007ffa29566d30:   28 48 8d 4c 24 60 44 8b c6 44 89 7c 24 20 e8 bd
0x00007ffa29566d40:   db 08 00 48 8d 4c 24 60 48 8b d8 e8 80 40 1c 00
0x00007ffa29566d50:   48 8d 4c 24 40 e8 76 40 1c 00 48 85 db 74 50 41
0x00007ffa29566d60:   b1 01 48 8d 8d a0 12 00 00 45 33 c0 48 8b d7 e8
0x00007ffa29566d70:   bc 03 14 00 48 8b d7 48 8d 8f 88 02 00 00 e8 ad
0x00007ffa29566d80:   2d 14 00 48 8d 55 d0 48 8b cf e8 01 98 66 00 4c
0x00007ffa29566d90:   8d 85 a0 12 00 00 48 8d 55 00 48 8d 4d d0 e8 bd
0x00007ffa29566da0:   33 14 00 48 8b 55 28 48 8b cf e8 a1 a8 0c 00 48
0x00007ffa29566db0:   8d 8f a8 03 00 00 83 39 02 75 05 e8 e0 1b 5d 00
0x00007ffa29566dc0:   c7 87 38 03 00 00 07 00 00 00 e8 41 17 4e 00 48 


Stack slot to memory mapping:
stack at sp + 0 slots: {method} {0x000001b47c3be890} 'concatWith' '([[C[CC)[C' in 'org/eclipse/jdt/core/compiler/CharOperation'
stack at sp + 1 slots: 0x000000007fffffff is an unknown value
stack at sp + 2 slots: 0x000000b4059fac90 is pointing into the stack for thread: 0x000001b47bb28f10
stack at sp + 3 slots: 0x00007ffa296a980f jvm.dll
stack at sp + 4 slots: 0x00000000ffffffff is an unallocated location in the heap
stack at sp + 5 slots: 0x000000b4059fac70 is pointing into the stack for thread: 0x000001b47bb28f10
stack at sp + 6 slots: 0x0 is NULL
stack at sp + 7 slots: 0x00007ffa295f413d jvm.dll


---------------  P R O C E S S  ---------------

Threads class SMR info:
_java_thread_list=0x000001b405bbd850, length=37, elements={
0x000001b4610d4ce0, 0x000001b474ef0740, 0x000001b474ef1fd0, 0x000001b474effd80,
0x000001b474f01c00, 0x000001b474f05020, 0x000001b474f32a20, 0x000001b474f3cc20,
0x000001b474f3d6c0, 0x000001b474f46880, 0x000001b461195010, 0x000001b476ba5120,
0x000001b4799332b0, 0x000001b47afe8010, 0x000001b47ae20dc0, 0x000001b47ae208f0,
0x000001b47ae21290, 0x000001b47ae1ec10, 0x000001b47ae1ff50, 0x000001b47bb22a00,
0x000001b47bb26890, 0x000001b4029476b0, 0x000001b40294a200, 0x000001b4029471e0,
0x000001b47ae1e740, 0x000001b47ae1f5b0, 0x000001b40294ba10, 0x000001b40294c3b0,
0x000001b40294c880, 0x000001b40294d220, 0x000001b47bb263c0, 0x000001b47bb28f10,
0x000001b47bb298b0, 0x000001b402948ec0, 0x000001b40294cd50, 0x000001b47ae1fa80,
0x000001b47b1089e0
}

Java Threads: ( => current thread )
  0x000001b4610d4ce0 JavaThread "main" [_thread_blocked, id=9976, stack(0x000000b403700000,0x000000b403800000)]
  0x000001b474ef0740 JavaThread "Reference Handler" daemon [_thread_blocked, id=11492, stack(0x000000b403a00000,0x000000b403b00000)]
  0x000001b474ef1fd0 JavaThread "Finalizer" daemon [_thread_blocked, id=8288, stack(0x000000b403b00000,0x000000b403c00000)]
  0x000001b474effd80 JavaThread "Signal Dispatcher" daemon [_thread_blocked, id=11852, stack(0x000000b403c00000,0x000000b403d00000)]
  0x000001b474f01c00 JavaThread "Attach Listener" daemon [_thread_blocked, id=7776, stack(0x000000b403d00000,0x000000b403e00000)]
  0x000001b474f05020 JavaThread "Service Thread" daemon [_thread_blocked, id=6492, stack(0x000000b403e00000,0x000000b403f00000)]
  0x000001b474f32a20 JavaThread "Monitor Deflation Thread" daemon [_thread_blocked, id=7384, stack(0x000000b403f00000,0x000000b404000000)]
  0x000001b474f3cc20 JavaThread "C2 CompilerThread0" daemon [_thread_blocked, id=3888, stack(0x000000b404000000,0x000000b404100000)]
  0x000001b474f3d6c0 JavaThread "C1 CompilerThread0" daemon [_thread_blocked, id=13760, stack(0x000000b404100000,0x000000b404200000)]
  0x000001b474f46880 JavaThread "Sweeper thread" daemon [_thread_blocked, id=13956, stack(0x000000b404200000,0x000000b404300000)]
  0x000001b461195010 JavaThread "Common-Cleaner" daemon [_thread_blocked, id=4148, stack(0x000000b404300000,0x000000b404400000)]
  0x000001b476ba5120 JavaThread "Notification Thread" daemon [_thread_blocked, id=13796, stack(0x000000b404400000,0x000000b404500000)]
  0x000001b4799332b0 JavaThread "Active Thread: Equinox Container: d1d88f2d-45f3-48a9-8df3-5b504be8937e" [_thread_blocked, id=7548, stack(0x000000b404900000,0x000000b404a00000)]
  0x000001b47afe8010 JavaThread "Framework Event Dispatcher: Equinox Container: d1d88f2d-45f3-48a9-8df3-5b504be8937e" daemon [_thread_blocked, id=5260, stack(0x000000b404b00000,0x000000b404c00000)]
  0x000001b47ae20dc0 JavaThread "Start Level: Equinox Container: d1d88f2d-45f3-48a9-8df3-5b504be8937e" daemon [_thread_blocked, id=10040, stack(0x000000b404c00000,0x000000b404d00000)]
  0x000001b47ae208f0 JavaThread "SCR Component Actor" daemon [_thread_blocked, id=3740, stack(0x000000b404d00000,0x000000b404e00000)]
  0x000001b47ae21290 JavaThread "Worker-JM" [_thread_blocked, id=14020, stack(0x000000b404e00000,0x000000b404f00000)]
  0x000001b47ae1ec10 JavaThread "Java indexing" daemon [_thread_blocked, id=14320, stack(0x000000b405500000,0x000000b405600000)]
  0x000001b47ae1ff50 JavaThread "JNA Cleaner" daemon [_thread_blocked, id=13400, stack(0x000000b405700000,0x000000b405800000)]
  0x000001b47bb22a00 JavaThread "pool-2-thread-1" [_thread_blocked, id=9484, stack(0x000000b405b00000,0x000000b405c00000)]
  0x000001b47bb26890 JavaThread "pool-1-thread-1" [_thread_blocked, id=10776, stack(0x000000b404a00000,0x000000b404b00000)]
  0x000001b4029476b0 JavaThread "Bundle File Closer" daemon [_thread_blocked, id=5916, stack(0x000000b403600000,0x000000b403700000)]
  0x000001b40294a200 JavaThread "Worker-8" [_thread_blocked, id=13672, stack(0x000000b404f00000,0x000000b405000000)]
  0x000001b4029471e0 JavaThread "Worker-10" [_thread_blocked, id=888, stack(0x000000b405400000,0x000000b405500000)]
  0x000001b47ae1e740 JavaThread "Worker-12" [_thread_blocked, id=3636, stack(0x000000b403400000,0x000000b403500000)]
  0x000001b47ae1f5b0 JavaThread "Worker-13" [_thread_blocked, id=10936, stack(0x000000b403500000,0x000000b403600000)]
  0x000001b40294ba10 JavaThread "ForkJoinPool.commonPool-worker-8" daemon [_thread_blocked, id=1704, stack(0x000000b405000000,0x000000b405100000)]
  0x000001b40294c3b0 JavaThread "ForkJoinPool.commonPool-worker-9" daemon [_thread_blocked, id=6756, stack(0x000000b405100000,0x000000b405200000)]
  0x000001b40294c880 JavaThread "ForkJoinPool.commonPool-worker-10" daemon [_thread_blocked, id=14124, stack(0x000000b405200000,0x000000b405300000)]
  0x000001b40294d220 JavaThread "ForkJoinPool.commonPool-worker-11" daemon [_thread_blocked, id=7244, stack(0x000000b405300000,0x000000b405400000)]
  0x000001b47bb263c0 JavaThread "ForkJoinPool.commonPool-worker-12" daemon [_thread_blocked, id=4612, stack(0x000000b405600000,0x000000b405700000)]
=>0x000001b47bb28f10 JavaThread "ForkJoinPool.commonPool-worker-13" daemon [_thread_in_vm, id=9240, stack(0x000000b405900000,0x000000b405a00000)]
  0x000001b47bb298b0 JavaThread "ForkJoinPool.commonPool-worker-14" daemon [_thread_blocked, id=13524, stack(0x000000b405a00000,0x000000b405b00000)]
  0x000001b402948ec0 JavaThread "ForkJoinPool.commonPool-worker-15" daemon [_thread_blocked, id=1208, stack(0x000000b405c00000,0x000000b405d00000)]
  0x000001b40294cd50 JavaThread "Worker-14" [_thread_blocked, id=1084, stack(0x000000b405d00000,0x000000b405e00000)]
  0x000001b47ae1fa80 JavaThread "ForkJoinPool.commonPool-worker-16" daemon [_thread_blocked, id=14264, stack(0x000000b405e00000,0x000000b405f00000)]
  0x000001b47b1089e0 JavaThread "C2 CompilerThread1" daemon [_thread_blocked, id=10412, stack(0x000000b405800000,0x000000b405900000)]

Other Threads:
  0x000001b474ed9310 VMThread "VM Thread" [stack: 0x000000b403900000,0x000000b403a00000] [id=5536] _threads_hazard_ptr=0x000001b405bbd850
  0x000001b476ba55f0 WatcherThread [stack: 0x000000b404500000,0x000000b404600000] [id=9180]
  0x000001b4610ead80 GCTaskThread "GC Thread#0" [stack: 0x000000b403800000,0x000000b403900000] [id=12580]
  0x000001b479dbc5f0 GCTaskThread "GC Thread#1" [stack: 0x000000b404600000,0x000000b404700000] [id=14324]
  0x000001b479dbcca0 GCTaskThread "GC Thread#2" [stack: 0x000000b404700000,0x000000b404800000] [id=8600]
  0x000001b4799a3d30 GCTaskThread "GC Thread#3" [stack: 0x000000b404800000,0x000000b404900000] [id=10956]

Threads with active compile tasks:
C2 CompilerThread0  3285939 15578       4       lombok.eclipse.agent.PatchVal::couldBe (291 bytes)
C2 CompilerThread1  3285939 15576   !   4       org.eclipse.core.internal.resources.Resource::filterChildren (234 bytes)

VM state: synchronizing (normal execution)

VM Mutex/Monitor currently owned by a thread:  ([mutex/lock_event])
[0x000001b4610cde90] Threads_lock - owner thread: 0x000001b474ed9310
[0x000001b4610ce160] Heap_lock - owner thread: 0x000001b47bb298b0

Heap address: 0x00000000c0000000, size: 1024 MB, Compressed Oops mode: 32-bit

CDS archive(s) not mapped
Compressed class space mapped at: 0x0000000100000000-0x0000000140000000, reserved size: 1073741824
Narrow klass base: 0x0000000000000000, Narrow klass shift: 3, Narrow klass range: 0x140000000

GC Precious Log:
 CPUs: 4 total, 4 available
 Memory: 4095M
 Large Page Support: Disabled
 NUMA Support: Disabled
 Compressed Oops: Enabled (32-bit)
 Alignments: Space 512K, Generation 512K, Heap 2M
 Heap Min Capacity: 100M
 Heap Initial Capacity: 100M
 Heap Max Capacity: 1G
 Pre-touch: Disabled
 Parallel Workers: 4

Heap:
 PSYoungGen      total 5120K, used 4739K [0x00000000eab00000, 0x00000000eb280000, 0x0000000100000000)
  eden space 3584K, 98% used [0x00000000eab00000,0x00000000eae73d90,0x00000000eae80000)
  from space 1536K, 78% used [0x00000000eb100000,0x00000000eb22d200,0x00000000eb280000)
  to   space 2048K, 0% used [0x00000000eae80000,0x00000000eae80000,0x00000000eb080000)
 ParOldGen       total 77824K, used 64306K [0x00000000c0000000, 0x00000000c4c00000, 0x00000000eab00000)
  object space 77824K, 82% used [0x00000000c0000000,0x00000000c3ecca80,0x00000000c4c00000)
 Metaspace       used 71699K, committed 72640K, reserved 1122304K
  class space    used 7068K, committed 7488K, reserved 1048576K

Card table byte_map: [0x000001b460a90000,0x000001b460ca0000] _byte_map_base: 0x000001b460490000

Marking Bits: (ParMarkBitMap*) 0x00007ffa29f62cc0
 Begin Bits: [0x000001b472d70000, 0x000001b473d70000)
 End Bits:   [0x000001b473d70000, 0x000001b474d70000)

Polling page: 0x000001b45f0c0000

Metaspace:

Usage:
  Non-class:     63.12 MB used.
      Class:      6.90 MB used.
       Both:     70.02 MB used.

Virtual space:
  Non-class space:       72.00 MB reserved,      63.62 MB ( 88%) committed,  9 nodes.
      Class space:        1.00 GB reserved,       7.31 MB ( <1%) committed,  1 nodes.
             Both:        1.07 GB reserved,      70.94 MB (  6%) committed. 

Chunk freelists:
   Non-Class:  3.81 MB
       Class:  645.00 KB
        Both:  4.44 MB

MaxMetaspaceSize: unlimited
CompressedClassSpaceSize: 1.00 GB
Initial GC threshold: 21.00 MB
Current GC threshold: 117.81 MB
CDS: off
MetaspaceReclaimPolicy: balanced
 - commit_granule_bytes: 65536.
 - commit_granule_words: 8192.
 - virtual_space_node_default_size: 1048576.
 - enlarge_chunks_in_place: 1.
 - new_chunks_are_fully_committed: 0.
 - uncommit_free_chunks: 1.
 - use_allocation_guard: 0.
 - handle_deallocations: 1.


Internal statistics:

num_allocs_failed_limit: 9.
num_arena_births: 512.
num_arena_deaths: 86.
num_vsnodes_births: 10.
num_vsnodes_deaths: 0.
num_space_committed: 1135.
num_space_uncommitted: 0.
num_chunks_returned_to_freelist: 111.
num_chunks_taken_from_freelist: 3400.
num_chunk_merges: 35.
num_chunk_splits: 2111.
num_chunks_enlarged: 1318.
num_purges: 4.
num_inconsistent_stats: 0.

CodeHeap 'non-profiled nmethods': size=120000Kb used=11215Kb max_used=11215Kb free=108784Kb
 bounds [0x000001b46b840000, 0x000001b46c340000, 0x000001b472d70000]
CodeHeap 'profiled nmethods': size=120000Kb used=26796Kb max_used=26916Kb free=93203Kb
 bounds [0x000001b464310000, 0x000001b465d60000, 0x000001b46b840000]
CodeHeap 'non-nmethods': size=5760Kb used=1367Kb max_used=1458Kb free=4392Kb
 bounds [0x000001b463d70000, 0x000001b463fe0000, 0x000001b464310000]
 total_blobs=12723 nmethods=12012 adapters=620
 compilation: enabled
              stopped_count=0, restarted_count=0
 full_count=0

Compilation events (20 events):
Event: 3284.540 Thread 0x000001b474f3d6c0 15574       3       java.util.ArrayList::forEach (74 bytes)
Event: 3284.541 Thread 0x000001b474f3d6c0 nmethod 15574 0x000001b465a5a510 code [0x000001b465a5a700, 0x000001b465a5ace8]
Event: 3284.584 Thread 0x000001b47b1089e0 nmethod 15563 0x000001b46c32b110 code [0x000001b46c32b300, 0x000001b46c32c638]
Event: 3284.584 Thread 0x000001b47b1089e0 15548       4       org.eclipse.jdt.internal.core.index.Index::isMatch (394 bytes)
Event: 3284.585 Thread 0x000001b474f3cc20 nmethod 15537 0x000001b46c32d410 code [0x000001b46c32dbc0, 0x000001b46c32fb90]
Event: 3284.586 Thread 0x000001b474f3cc20 15569 %     4       org.eclipse.jdt.internal.compiler.env.AccessRuleSet::getViolatedRestriction @ 11 (94 bytes)
Event: 3284.590 Thread 0x000001b474f3cc20 nmethod 15569% 0x000001b46c331090 code [0x000001b46c331220, 0x000001b46c3314a8]
Event: 3284.591 Thread 0x000001b474f3cc20 15562       4       org.eclipse.jdt.core.compiler.CharOperation::match (300 bytes)
Event: 3284.597 Thread 0x000001b474f3cc20 nmethod 15562 0x000001b46c331690 code [0x000001b46c331820, 0x000001b46c331ab8]
Event: 3284.597 Thread 0x000001b474f3cc20 15572       4       java.util.ArrayList::elementAt (4 bytes)
Event: 3284.598 Thread 0x000001b474f3cc20 nmethod 15572 0x000001b46c331d10 code [0x000001b46c331e80, 0x000001b46c331f18]
Event: 3284.598 Thread 0x000001b474f3cc20 15547       4       org.eclipse.jdt.core.compiler.CharOperation::prefixEquals (8 bytes)
Event: 3284.602 Thread 0x000001b47b1089e0 nmethod 15548 0x000001b46c332010 code [0x000001b46c332200, 0x000001b46c332b68]
Event: 3284.610 Thread 0x000001b474f3cc20 nmethod 15547 0x000001b46c333290 code [0x000001b46c333440, 0x000001b46c333958]
Event: 3284.624 Thread 0x000001b474f3d6c0 15575   !   3       org.eclipse.jdt.internal.core.ClassFileInfo::generateMethodInfos (777 bytes)
Event: 3284.626 Thread 0x000001b47b1089e0 15576   !   4       org.eclipse.core.internal.resources.Resource::filterChildren (234 bytes)
Event: 3284.635 Thread 0x000001b474f3d6c0 nmethod 15575 0x000001b465a51510 code [0x000001b465a51dc0, 0x000001b465a57988]
Event: 3284.635 Thread 0x000001b474f3d6c0 15577  s!   3       org.eclipse.jdt.internal.core.JavaModelManager::removeInfoAndChildren (144 bytes)
Event: 3284.637 Thread 0x000001b474f3d6c0 nmethod 15577 0x000001b465491e90 code [0x000001b4654921e0, 0x000001b465493478]
Event: 3284.640 Thread 0x000001b474f3cc20 15578       4       lombok.eclipse.agent.PatchVal::couldBe (291 bytes)

GC Heap History (20 events):
Event: 3283.869 GC heap before
{Heap before GC invocations=618 (full 19):
 PSYoungGen      total 3584K, used 3072K [0x00000000eab00000, 0x00000000eaf00000, 0x0000000100000000)
  eden space 3072K, 100% used [0x00000000eab00000,0x00000000eae00000,0x00000000eae00000)
  from space 512K, 0% used [0x00000000eae80000,0x00000000eae80000,0x00000000eaf00000)
  to   space 512K, 0% used [0x00000000eae00000,0x00000000eae00000,0x00000000eae80000)
 ParOldGen       total 75264K, used 52042K [0x00000000c0000000, 0x00000000c4980000, 0x00000000eab00000)
  object space 75264K, 69% used [0x00000000c0000000,0x00000000c32d2af8,0x00000000c4980000)
 Metaspace       used 71584K, committed 72512K, reserved 1122304K
  class space    used 7063K, committed 7488K, reserved 1048576K
}
Event: 3283.872 GC heap after
{Heap after GC invocations=618 (full 19):
 PSYoungGen      total 3584K, used 500K [0x00000000eab00000, 0x00000000eb080000, 0x0000000100000000)
  eden space 3072K, 0% used [0x00000000eab00000,0x00000000eab00000,0x00000000eae00000)
  from space 512K, 97% used [0x00000000eae00000,0x00000000eae7d290,0x00000000eae80000)
  to   space 1024K, 0% used [0x00000000eaf80000,0x00000000eaf80000,0x00000000eb080000)
 ParOldGen       total 75264K, used 53901K [0x00000000c0000000, 0x00000000c4980000, 0x00000000eab00000)
  object space 75264K, 71% used [0x00000000c0000000,0x00000000c34a3410,0x00000000c4980000)
 Metaspace       used 71584K, committed 72512K, reserved 1122304K
  class space    used 7063K, committed 7488K, reserved 1048576K
}
Event: 3283.916 GC heap before
{Heap before GC invocations=619 (full 19):
 PSYoungGen      total 3584K, used 3572K [0x00000000eab00000, 0x00000000eb080000, 0x0000000100000000)
  eden space 3072K, 100% used [0x00000000eab00000,0x00000000eae00000,0x00000000eae00000)
  from space 512K, 97% used [0x00000000eae00000,0x00000000eae7d290,0x00000000eae80000)
  to   space 1024K, 0% used [0x00000000eaf80000,0x00000000eaf80000,0x00000000eb080000)
 ParOldGen       total 75264K, used 57617K [0x00000000c0000000, 0x00000000c4980000, 0x00000000eab00000)
  object space 75264K, 76% used [0x00000000c0000000,0x00000000c3844640,0x00000000c4980000)
 Metaspace       used 71584K, committed 72512K, reserved 1122304K
  class space    used 7063K, committed 7488K, reserved 1048576K
}
Event: 3283.919 GC heap after
{Heap after GC invocations=619 (full 19):
 PSYoungGen      total 3584K, used 1016K [0x00000000eab00000, 0x00000000eb280000, 0x0000000100000000)
  eden space 2560K, 0% used [0x00000000eab00000,0x00000000eab00000,0x00000000ead80000)
  from space 1024K, 99% used [0x00000000eaf80000,0x00000000eb07e368,0x00000000eb080000)
  to   space 2048K, 0% used [0x00000000ead80000,0x00000000ead80000,0x00000000eaf80000)
 ParOldGen       total 75264K, used 58118K [0x00000000c0000000, 0x00000000c4980000, 0x00000000eab00000)
  object space 75264K, 77% used [0x00000000c0000000,0x00000000c38c18e0,0x00000000c4980000)
 Metaspace       used 71584K, committed 72512K, reserved 1122304K
  class space    used 7063K, committed 7488K, reserved 1048576K
}
Event: 3284.008 GC heap before
{Heap before GC invocations=620 (full 19):
 PSYoungGen      total 3584K, used 3548K [0x00000000eab00000, 0x00000000eb280000, 0x0000000100000000)
  eden space 2560K, 98% used [0x00000000eab00000,0x00000000ead78e40,0x00000000ead80000)
  from space 1024K, 99% used [0x00000000eaf80000,0x00000000eb07e368,0x00000000eb080000)
  to   space 2048K, 0% used [0x00000000ead80000,0x00000000ead80000,0x00000000eaf80000)
 ParOldGen       total 75264K, used 63693K [0x00000000c0000000, 0x00000000c4980000, 0x00000000eab00000)
  object space 75264K, 84% used [0x00000000c0000000,0x00000000c3e33428,0x00000000c4980000)
 Metaspace       used 71586K, committed 72512K, reserved 1122304K
  class space    used 7063K, committed 7488K, reserved 1048576K
}
Event: 3284.015 GC heap after
{Heap after GC invocations=620 (full 19):
 PSYoungGen      total 4608K, used 808K [0x00000000eab00000, 0x00000000eb100000, 0x0000000100000000)
  eden space 2560K, 0% used [0x00000000eab00000,0x00000000eab00000,0x00000000ead80000)
  from space 2048K, 39% used [0x00000000ead80000,0x00000000eae4a090,0x00000000eaf80000)
  to   space 1536K, 0% used [0x00000000eaf80000,0x00000000eaf80000,0x00000000eb100000)
 ParOldGen       total 75264K, used 64726K [0x00000000c0000000, 0x00000000c4980000, 0x00000000eab00000)
  object space 75264K, 85% used [0x00000000c0000000,0x00000000c3f35930,0x00000000c4980000)
 Metaspace       used 71586K, committed 72512K, reserved 1122304K
  class space    used 7063K, committed 7488K, reserved 1048576K
}
Event: 3284.093 GC heap before
{Heap before GC invocations=621 (full 19):
 PSYoungGen      total 4608K, used 3368K [0x00000000eab00000, 0x00000000eb100000, 0x0000000100000000)
  eden space 2560K, 100% used [0x00000000eab00000,0x00000000ead80000,0x00000000ead80000)
  from space 2048K, 39% used [0x00000000ead80000,0x00000000eae4a090,0x00000000eaf80000)
  to   space 1536K, 0% used [0x00000000eaf80000,0x00000000eaf80000,0x00000000eb100000)
 ParOldGen       total 75264K, used 64726K [0x00000000c0000000, 0x00000000c4980000, 0x00000000eab00000)
  object space 75264K, 85% used [0x00000000c0000000,0x00000000c3f35930,0x00000000c4980000)
 Metaspace       used 71587K, committed 72512K, reserved 1122304K
  class space    used 7063K, committed 7488K, reserved 1048576K
}
Event: 3284.097 GC heap after
{Heap after GC invocations=621 (full 19):
 PSYoungGen      total 4096K, used 1507K [0x00000000eab00000, 0x00000000eb200000, 0x0000000100000000)
  eden space 2560K, 0% used [0x00000000eab00000,0x00000000eab00000,0x00000000ead80000)
  from space 1536K, 98% used [0x00000000eaf80000,0x00000000eb0f8d60,0x00000000eb100000)
  to   space 2048K, 0% used [0x00000000ead80000,0x00000000ead80000,0x00000000eaf80000)
 ParOldGen       total 75264K, used 64862K [0x00000000c0000000, 0x00000000c4980000, 0x00000000eab00000)
  object space 75264K, 86% used [0x00000000c0000000,0x00000000c3f57950,0x00000000c4980000)
 Metaspace       used 71587K, committed 72512K, reserved 1122304K
  class space    used 7063K, committed 7488K, reserved 1048576K
}
Event: 3284.148 GC heap before
{Heap before GC invocations=622 (full 19):
 PSYoungGen      total 4096K, used 4067K [0x00000000eab00000, 0x00000000eb200000, 0x0000000100000000)
  eden space 2560K, 100% used [0x00000000eab00000,0x00000000ead80000,0x00000000ead80000)
  from space 1536K, 98% used [0x00000000eaf80000,0x00000000eb0f8d60,0x00000000eb100000)
  to   space 2048K, 0% used [0x00000000ead80000,0x00000000ead80000,0x00000000eaf80000)
 ParOldGen       total 75264K, used 68578K [0x00000000c0000000, 0x00000000c4980000, 0x00000000eab00000)
  object space 75264K, 91% used [0x00000000c0000000,0x00000000c42f8b80,0x00000000c4980000)
 Metaspace       used 71593K, committed 72512K, reserved 1122304K
  class space    used 7063K, committed 7488K, reserved 1048576K
}
Event: 3284.151 GC heap after
{Heap after GC invocations=622 (full 19):
 PSYoungGen      total 4608K, used 809K [0x00000000eab00000, 0x00000000eb100000, 0x0000000100000000)
  eden space 2560K, 0% used [0x00000000eab00000,0x00000000eab00000,0x00000000ead80000)
  from space 2048K, 39% used [0x00000000ead80000,0x00000000eae4a440,0x00000000eaf80000)
  to   space 1536K, 0% used [0x00000000eaf80000,0x00000000eaf80000,0x00000000eb100000)
 ParOldGen       total 75264K, used 69820K [0x00000000c0000000, 0x00000000c4980000, 0x00000000eab00000)
  object space 75264K, 92% used [0x00000000c0000000,0x00000000c442f2b0,0x00000000c4980000)
 Metaspace       used 71593K, committed 72512K, reserved 1122304K
  class space    used 7063K, committed 7488K, reserved 1048576K
}
Event: 3284.236 GC heap before
{Heap before GC invocations=623 (full 20):
 PSYoungGen      total 4608K, used 3353K [0x00000000eab00000, 0x00000000eb100000, 0x0000000100000000)
  eden space 2560K, 99% used [0x00000000eab00000,0x00000000ead7c080,0x00000000ead80000)
  from space 2048K, 39% used [0x00000000ead80000,0x00000000eae4a440,0x00000000eaf80000)
  to   space 1536K, 0% used [0x00000000eaf80000,0x00000000eaf80000,0x00000000eb100000)
 ParOldGen       total 79360K, used 79112K [0x00000000c0000000, 0x00000000c4d80000, 0x00000000eab00000)
  object space 79360K, 99% used [0x00000000c0000000,0x00000000c4d42028,0x00000000c4d80000)
 Metaspace       used 71607K, committed 72512K, reserved 1122304K
  class space    used 7063K, committed 7488K, reserved 1048576K
}
Event: 3284.349 GC heap after
{Heap after GC invocations=623 (full 20):
 PSYoungGen      total 4608K, used 0K [0x00000000eab00000, 0x00000000eb100000, 0x0000000100000000)
  eden space 3072K, 0% used [0x00000000eab00000,0x00000000eab00000,0x00000000eae00000)
  from space 1536K, 0% used [0x00000000eaf80000,0x00000000eaf80000,0x00000000eb100000)
  to   space 1536K, 0% used [0x00000000eae00000,0x00000000eae00000,0x00000000eaf80000)
 ParOldGen       total 77824K, used 52970K [0x00000000c0000000, 0x00000000c4c00000, 0x00000000eab00000)
  object space 77824K, 68% used [0x00000000c0000000,0x00000000c33baba8,0x00000000c4c00000)
 Metaspace       used 71607K, committed 72512K, reserved 1122304K
  class space    used 7063K, committed 7488K, reserved 1048576K
}
Event: 3284.359 GC heap before
{Heap before GC invocations=624 (full 20):
 PSYoungGen      total 4608K, used 3072K [0x00000000eab00000, 0x00000000eb100000, 0x0000000100000000)
  eden space 3072K, 100% used [0x00000000eab00000,0x00000000eae00000,0x00000000eae00000)
  from space 1536K, 0% used [0x00000000eaf80000,0x00000000eaf80000,0x00000000eb100000)
  to   space 1536K, 0% used [0x00000000eae00000,0x00000000eae00000,0x00000000eaf80000)
 ParOldGen       total 77824K, used 52970K [0x00000000c0000000, 0x00000000c4c00000, 0x00000000eab00000)
  object space 77824K, 68% used [0x00000000c0000000,0x00000000c33baba8,0x00000000c4c00000)
 Metaspace       used 71607K, committed 72512K, reserved 1122304K
  class space    used 7063K, committed 7488K, reserved 1048576K
}
Event: 3284.362 GC heap after
{Heap after GC invocations=624 (full 20):
 PSYoungGen      total 4608K, used 797K [0x00000000eab00000, 0x00000000eb080000, 0x0000000100000000)
  eden space 3072K, 0% used [0x00000000eab00000,0x00000000eab00000,0x00000000eae00000)
  from space 1536K, 51% used [0x00000000eae00000,0x00000000eaec7680,0x00000000eaf80000)
  to   space 1024K, 0% used [0x00000000eaf80000,0x00000000eaf80000,0x00000000eb080000)
 ParOldGen       total 77824K, used 54829K [0x00000000c0000000, 0x00000000c4c00000, 0x00000000eab00000)
  object space 77824K, 70% used [0x00000000c0000000,0x00000000c358b4c0,0x00000000c4c00000)
 Metaspace       used 71607K, committed 72512K, reserved 1122304K
  class space    used 7063K, committed 7488K, reserved 1048576K
}
Event: 3284.416 GC heap before
{Heap before GC invocations=625 (full 20):
 PSYoungGen      total 4608K, used 3663K [0x00000000eab00000, 0x00000000eb080000, 0x0000000100000000)
  eden space 3072K, 93% used [0x00000000eab00000,0x00000000eadcc918,0x00000000eae00000)
  from space 1536K, 51% used [0x00000000eae00000,0x00000000eaec7680,0x00000000eaf80000)
  to   space 1024K, 0% used [0x00000000eaf80000,0x00000000eaf80000,0x00000000eb080000)
 ParOldGen       total 77824K, used 58545K [0x00000000c0000000, 0x00000000c4c00000, 0x00000000eab00000)
  object space 77824K, 75% used [0x00000000c0000000,0x00000000c392c6f0,0x00000000c4c00000)
 Metaspace       used 71612K, committed 72512K, reserved 1122304K
  class space    used 7063K, committed 7488K, reserved 1048576K
}
Event: 3284.418 GC heap after
{Heap after GC invocations=625 (full 20):
 PSYoungGen      total 4096K, used 1011K [0x00000000eab00000, 0x00000000eb180000, 0x0000000100000000)
  eden space 3072K, 0% used [0x00000000eab00000,0x00000000eab00000,0x00000000eae00000)
  from space 1024K, 98% used [0x00000000eaf80000,0x00000000eb07cd50,0x00000000eb080000)
  to   space 1536K, 0% used [0x00000000eae00000,0x00000000eae00000,0x00000000eaf80000)
 ParOldGen       total 77824K, used 58553K [0x00000000c0000000, 0x00000000c4c00000, 0x00000000eab00000)
  object space 77824K, 75% used [0x00000000c0000000,0x00000000c392e6f0,0x00000000c4c00000)
 Metaspace       used 71612K, committed 72512K, reserved 1122304K
  class space    used 7063K, committed 7488K, reserved 1048576K
}
Event: 3284.444 GC heap before
{Heap before GC invocations=626 (full 20):
 PSYoungGen      total 4096K, used 4083K [0x00000000eab00000, 0x00000000eb180000, 0x0000000100000000)
  eden space 3072K, 100% used [0x00000000eab00000,0x00000000eae00000,0x00000000eae00000)
  from space 1024K, 98% used [0x00000000eaf80000,0x00000000eb07cd50,0x00000000eb080000)
  to   space 1536K, 0% used [0x00000000eae00000,0x00000000eae00000,0x00000000eaf80000)
 ParOldGen       total 77824K, used 58553K [0x00000000c0000000, 0x00000000c4c00000, 0x00000000eab00000)
  object space 77824K, 75% used [0x00000000c0000000,0x00000000c392e6f0,0x00000000c4c00000)
 Metaspace       used 71612K, committed 72512K, reserved 1122304K
  class space    used 7063K, committed 7488K, reserved 1048576K
}
Event: 3284.448 GC heap after
{Heap after GC invocations=626 (full 20):
 PSYoungGen      total 4608K, used 1525K [0x00000000eab00000, 0x00000000eb380000, 0x0000000100000000)
  eden space 3072K, 0% used [0x00000000eab00000,0x00000000eab00000,0x00000000eae00000)
  from space 1536K, 99% used [0x00000000eae00000,0x00000000eaf7d6a0,0x00000000eaf80000)
  to   space 2560K, 0% used [0x00000000eb100000,0x00000000eb100000,0x00000000eb380000)
 ParOldGen       total 77824K, used 59344K [0x00000000c0000000, 0x00000000c4c00000, 0x00000000eab00000)
  object space 77824K, 76% used [0x00000000c0000000,0x00000000c39f4370,0x00000000c4c00000)
 Metaspace       used 71612K, committed 72512K, reserved 1122304K
  class space    used 7063K, committed 7488K, reserved 1048576K
}
Event: 3284.483 GC heap before
{Heap before GC invocations=627 (full 20):
 PSYoungGen      total 4608K, used 4597K [0x00000000eab00000, 0x00000000eb380000, 0x0000000100000000)
  eden space 3072K, 99% used [0x00000000eab00000,0x00000000eadfffe8,0x00000000eae00000)
  from space 1536K, 99% used [0x00000000eae00000,0x00000000eaf7d6a0,0x00000000eaf80000)
  to   space 2560K, 0% used [0x00000000eb100000,0x00000000eb100000,0x00000000eb380000)
 ParOldGen       total 77824K, used 59344K [0x00000000c0000000, 0x00000000c4c00000, 0x00000000eab00000)
  object space 77824K, 76% used [0x00000000c0000000,0x00000000c39f4370,0x00000000c4c00000)
 Metaspace       used 71625K, committed 72512K, reserved 1122304K
  class space    used 7063K, committed 7488K, reserved 1048576K
}
Event: 3284.487 GC heap after
{Heap after GC invocations=627 (full 20):
 PSYoungGen      total 5120K, used 1204K [0x00000000eab00000, 0x00000000eb280000, 0x0000000100000000)
  eden space 3584K, 0% used [0x00000000eab00000,0x00000000eab00000,0x00000000eae80000)
  from space 1536K, 78% used [0x00000000eb100000,0x00000000eb22d200,0x00000000eb280000)
  to   space 2048K, 0% used [0x00000000eae80000,0x00000000eae80000,0x00000000eb080000)
 ParOldGen       total 77824K, used 60590K [0x00000000c0000000, 0x00000000c4c00000, 0x00000000eab00000)
  object space 77824K, 77% used [0x00000000c0000000,0x00000000c3b2b850,0x00000000c4c00000)
 Metaspace       used 71625K, committed 72512K, reserved 1122304K
  class space    used 7063K, committed 7488K, reserved 1048576K
}

Deoptimization events (20 events):
Event: 3284.467 Thread 0x000001b47bb28f10 DEOPT PACKING pc=0x000001b4654563a6 sp=0x000000b4059fd7f0
Event: 3284.467 Thread 0x000001b47bb28f10 DEOPT UNPACKING pc=0x000001b463dc2824 sp=0x000000b4059fccc0 mode 0
Event: 3284.476 Thread 0x000001b47bb28f10 DEOPT PACKING pc=0x000001b4654563a6 sp=0x000000b4059fd7f0
Event: 3284.476 Thread 0x000001b47bb28f10 DEOPT UNPACKING pc=0x000001b463dc2824 sp=0x000000b4059fccc0 mode 0
Event: 3284.493 Thread 0x000001b47bb28f10 Uncommon trap: trap_request=0xffffff45 fr.pc=0x000001b46c2a3860 relative=0x00000000000020c0
Event: 3284.493 Thread 0x000001b47bb28f10 Uncommon trap: reason=unstable_if action=reinterpret pc=0x000001b46c2a3860 method=org.eclipse.jdt.core.compiler.CharOperation.pathMatch([C[CZC)Z @ 227 c2
Event: 3284.493 Thread 0x000001b47bb28f10 DEOPT PACKING pc=0x000001b46c2a3860 sp=0x000000b4059fd770
Event: 3284.493 Thread 0x000001b47bb28f10 DEOPT UNPACKING pc=0x000001b463dc209d sp=0x000000b4059fd710 mode 2
Event: 3284.519 Thread 0x000001b47bb298b0 Uncommon trap: trap_request=0xffffffc6 fr.pc=0x000001b46c0bbe28 relative=0x0000000000001be8
Event: 3284.519 Thread 0x000001b47bb298b0 Uncommon trap: reason=bimorphic_or_optimized_type_check action=maybe_recompile pc=0x000001b46c0bbe28 method=org.eclipse.jdt.internal.compiler.lookup.Scope.findExactMethod(Lorg/eclipse/jdt/internal/compiler/lookup/ReferenceBinding;[C[Lorg/eclipse/jdt/inter
Event: 3284.519 Thread 0x000001b47bb298b0 DEOPT PACKING pc=0x000001b46c0bbe28 sp=0x000000b405afde30
Event: 3284.519 Thread 0x000001b47bb298b0 DEOPT UNPACKING pc=0x000001b463dc209d sp=0x000000b405afdd50 mode 2
Event: 3284.519 Thread 0x000001b47bb298b0 Uncommon trap: trap_request=0xffffffde fr.pc=0x000001b46c2034a0 relative=0x0000000000002260
Event: 3284.519 Thread 0x000001b47bb298b0 Uncommon trap: reason=class_check action=maybe_recompile pc=0x000001b46c2034a0 method=jdk.internal.reflect.GeneratedMethodAccessor13.invoke(Ljava/lang/Object;[Ljava/lang/Object;)Ljava/lang/Object; @ 29 c2
Event: 3284.519 Thread 0x000001b47bb298b0 DEOPT PACKING pc=0x000001b46c2034a0 sp=0x000000b405afdee0
Event: 3284.519 Thread 0x000001b47bb298b0 DEOPT UNPACKING pc=0x000001b463dc209d sp=0x000000b405afdc68 mode 2
Event: 3284.519 Thread 0x000001b47bb298b0 Uncommon trap: trap_request=0xffffffde fr.pc=0x000001b46bcc32dc relative=0x000000000000689c
Event: 3284.519 Thread 0x000001b47bb298b0 Uncommon trap: reason=class_check action=maybe_recompile pc=0x000001b46bcc32dc method=org.eclipse.jdt.internal.core.JavaElement.openWhenClosed(Ljava/lang/Object;ZLorg/eclipse/core/runtime/IProgressMonitor;)Ljava/lang/Object; @ 74 c2
Event: 3284.519 Thread 0x000001b47bb298b0 DEOPT PACKING pc=0x000001b46bcc32dc sp=0x000000b405afe0f0
Event: 3284.519 Thread 0x000001b47bb298b0 DEOPT UNPACKING pc=0x000001b463dc209d sp=0x000000b405afe0d8 mode 2

Classes unloaded (20 events):
Event: 3229.452 Thread 0x000001b474ed9310 Unloading class 0x0000000100310800 'java/lang/invoke/LambdaForm$MH+0x0000000100310800'
Event: 3229.452 Thread 0x000001b474ed9310 Unloading class 0x0000000100310400 'java/lang/invoke/LambdaForm$MH+0x0000000100310400'
Event: 3229.460 Thread 0x000001b474ed9310 Unloading class 0x000000010026cc00 'jdk/internal/reflect/GeneratedSerializationConstructorAccessor3'
Event: 3229.461 Thread 0x000001b474ed9310 Unloading class 0x000000010026c800 'jdk/internal/reflect/GeneratedSerializationConstructorAccessor2'
Event: 3229.461 Thread 0x000001b474ed9310 Unloading class 0x000000010026c400 'jdk/internal/reflect/GeneratedSerializationConstructorAccessor1'
Event: 3229.461 Thread 0x000001b474ed9310 Unloading class 0x0000000100210c00 'java/lang/invoke/LambdaForm$MH+0x0000000100210c00'
Event: 3229.470 Thread 0x000001b474ed9310 Unloading class 0x00000001001cc800 'jdk/internal/reflect/GeneratedConstructorAccessor4'
Event: 3229.470 Thread 0x000001b474ed9310 Unloading class 0x000000010019c800 'java/lang/invoke/LambdaForm$MH+0x000000010019c800'
Event: 3229.475 Thread 0x000001b474ed9310 Unloading class 0x000000010019c000 'java/lang/invoke/LambdaForm$MH+0x000000010019c000'
Event: 3229.475 Thread 0x000001b474ed9310 Unloading class 0x000000010019bc00 'java/lang/invoke/LambdaForm$MH+0x000000010019bc00'
Event: 3229.475 Thread 0x000001b474ed9310 Unloading class 0x000000010019b800 'java/lang/invoke/LambdaForm$MH+0x000000010019b800'
Event: 3229.476 Thread 0x000001b474ed9310 Unloading class 0x000000010019b000 'java/lang/invoke/LambdaForm$MH+0x000000010019b000'
Event: 3229.476 Thread 0x000001b474ed9310 Unloading class 0x000000010019ac00 'java/lang/invoke/LambdaForm$MH+0x000000010019ac00'
Event: 3229.476 Thread 0x000001b474ed9310 Unloading class 0x000000010019a800 'java/lang/invoke/LambdaForm$MH+0x000000010019a800'
Event: 3229.476 Thread 0x000001b474ed9310 Unloading class 0x000000010019a000 'java/lang/invoke/LambdaForm$MH+0x000000010019a000'
Event: 3229.476 Thread 0x000001b474ed9310 Unloading class 0x0000000100129000 'jdk/internal/reflect/GeneratedMethodAccessor5'
Event: 3229.476 Thread 0x000001b474ed9310 Unloading class 0x0000000100128c00 'jdk/internal/reflect/GeneratedMethodAccessor4'
Event: 3229.476 Thread 0x000001b474ed9310 Unloading class 0x0000000100128800 'jdk/internal/reflect/GeneratedMethodAccessor3'
Event: 3229.484 Thread 0x000001b474ed9310 Unloading class 0x0000000100128400 'jdk/internal/reflect/GeneratedMethodAccessor2'
Event: 3229.484 Thread 0x000001b474ed9310 Unloading class 0x0000000100128000 'jdk/internal/reflect/GeneratedMethodAccessor1'

Classes redefined (0 events):
No events

Internal exceptions (20 events):
Event: 3270.351 Thread 0x000001b47ae1fa80 Exception <a 'java/lang/ClassCastException'{0x00000000eab7f988}: class org.eclipse.jdt.internal.compiler.lookup.ParameterizedTypeBinding cannot be cast to class org.eclipse.jdt.internal.compiler.lookup.SourceTypeBinding (org.eclipse.jdt.internal.compiler.lookup.ParameterizedTypeBinding and org.eclipse.jdt.internal.compiler.lookup.SourceTypeBinding are in unnamed module of loader org.eclipse.osgi.internal.loader.EquinoxClassLoader @5da9ae89)> (0x00000000eab7f988) 
thrown [s\src\hotspot\share\interpreter\int
Event: 3270.351 Thread 0x000001b47ae1fa80 Exception <a 'java/lang/ClassCastException'{0x00000000eab7fe00}: class org.eclipse.jdt.internal.compiler.lookup.ParameterizedTypeBinding cannot be cast to class org.eclipse.jdt.internal.compiler.lookup.SourceTypeBinding (org.eclipse.jdt.internal.compiler.lookup.ParameterizedTypeBinding and org.eclipse.jdt.internal.compiler.lookup.SourceTypeBinding are in unnamed module of loader org.eclipse.osgi.internal.loader.EquinoxClassLoader @5da9ae89)> (0x00000000eab7fe00) 
thrown [s\src\hotspot\share\interpreter\int
Event: 3270.351 Thread 0x000001b47ae1fa80 Exception <a 'java/lang/ClassCastException'{0x00000000eaba0660}: class org.eclipse.jdt.internal.compiler.lookup.ParameterizedTypeBinding cannot be cast to class org.eclipse.jdt.internal.compiler.lookup.SourceTypeBinding (org.eclipse.jdt.internal.compiler.lookup.ParameterizedTypeBinding and org.eclipse.jdt.internal.compiler.lookup.SourceTypeBinding are in unnamed module of loader org.eclipse.osgi.internal.loader.EquinoxClassLoader @5da9ae89)> (0x00000000eaba0660) 
thrown [s\src\hotspot\share\interpreter\int
Event: 3270.351 Thread 0x000001b47ae1fa80 Exception <a 'java/lang/ClassCastException'{0x00000000eaba0b38}: class org.eclipse.jdt.internal.compiler.lookup.BinaryTypeBinding cannot be cast to class org.eclipse.jdt.internal.compiler.lookup.SourceTypeBinding (org.eclipse.jdt.internal.compiler.lookup.BinaryTypeBinding and org.eclipse.jdt.internal.compiler.lookup.SourceTypeBinding are in unnamed module of loader org.eclipse.osgi.internal.loader.EquinoxClassLoader @5da9ae89)> (0x00000000eaba0b38) 
thrown [s\src\hotspot\share\interpreter\interpreterRuntim
Event: 3270.351 Thread 0x000001b47ae1fa80 Exception <a 'java/lang/ClassCastException'{0x00000000eaba0fa0}: class org.eclipse.jdt.internal.compiler.lookup.BinaryTypeBinding cannot be cast to class org.eclipse.jdt.internal.compiler.lookup.SourceTypeBinding (org.eclipse.jdt.internal.compiler.lookup.BinaryTypeBinding and org.eclipse.jdt.internal.compiler.lookup.SourceTypeBinding are in unnamed module of loader org.eclipse.osgi.internal.loader.EquinoxClassLoader @5da9ae89)> (0x00000000eaba0fa0) 
thrown [s\src\hotspot\share\interpreter\interpreterRuntim
Event: 3270.351 Thread 0x000001b47ae1fa80 Exception <a 'java/lang/ClassCastException'{0x00000000eaba1408}: class org.eclipse.jdt.internal.compiler.lookup.BinaryTypeBinding cannot be cast to class org.eclipse.jdt.internal.compiler.lookup.SourceTypeBinding (org.eclipse.jdt.internal.compiler.lookup.BinaryTypeBinding and org.eclipse.jdt.internal.compiler.lookup.SourceTypeBinding are in unnamed module of loader org.eclipse.osgi.internal.loader.EquinoxClassLoader @5da9ae89)> (0x00000000eaba1408) 
thrown [s\src\hotspot\share\interpreter\interpreterRuntim
Event: 3270.452 Thread 0x000001b47ae1fa80 Implicit null exception at 0x000001b46bcd8050 to 0x000001b46bcd99ec
Event: 3274.444 Thread 0x000001b402948ec0 Exception <a 'java/lang/ArrayIndexOutOfBoundsException'{0x00000000eaccc5d8}> (0x00000000eaccc5d8) 
thrown [s\src\hotspot\share\runtime\sharedRuntime.cpp, line 628]
Event: 3274.469 Thread 0x000001b402948ec0 Exception <a 'java/lang/ArrayIndexOutOfBoundsException'{0x00000000eac21258}> (0x00000000eac21258) 
thrown [s\src\hotspot\share\runtime\sharedRuntime.cpp, line 628]
Event: 3274.475 Thread 0x000001b402948ec0 Exception <a 'java/lang/ClassCastException'{0x00000000eac23de8}> (0x00000000eac23de8) 
thrown [s\src\hotspot\share\runtime\sharedRuntime.cpp, line 628]
Event: 3274.476 Thread 0x000001b402948ec0 Exception <a 'java/lang/ClassCastException'{0x00000000eac24260}> (0x00000000eac24260) 
thrown [s\src\hotspot\share\runtime\sharedRuntime.cpp, line 628]
Event: 3274.476 Thread 0x000001b402948ec0 Exception <a 'java/lang/ClassCastException'{0x00000000eac246d8}> (0x00000000eac246d8) 
thrown [s\src\hotspot\share\runtime\sharedRuntime.cpp, line 628]
Event: 3274.476 Thread 0x000001b402948ec0 Exception <a 'java/lang/ClassCastException'{0x00000000eac24bb0}> (0x00000000eac24bb0) 
thrown [s\src\hotspot\share\runtime\sharedRuntime.cpp, line 628]
Event: 3274.476 Thread 0x000001b402948ec0 Exception <a 'java/lang/ClassCastException'{0x00000000eac25018}> (0x00000000eac25018) 
thrown [s\src\hotspot\share\runtime\sharedRuntime.cpp, line 628]
Event: 3274.476 Thread 0x000001b402948ec0 Exception <a 'java/lang/ClassCastException'{0x00000000eac2c040}> (0x00000000eac2c040) 
thrown [s\src\hotspot\share\runtime\sharedRuntime.cpp, line 628]
Event: 3280.806 Thread 0x000001b47ae1ec10 Exception <a 'sun/nio/fs/WindowsException'{0x00000000eab1c368}> (0x00000000eab1c368) 
thrown [s\src\hotspot\share\prims\jni.cpp, line 516]
Event: 3282.451 Thread 0x000001b40294ba10 Exception <a 'java/lang/ArrayIndexOutOfBoundsException'{0x00000000eabb0028}> (0x00000000eabb0028) 
thrown [s\src\hotspot\share\runtime\sharedRuntime.cpp, line 628]
Event: 3284.142 Thread 0x000001b47ae1fa80 Exception <a 'java/lang/ArrayIndexOutOfBoundsException'{0x00000000eacc2ba0}> (0x00000000eacc2ba0) 
thrown [s\src\hotspot\share\runtime\sharedRuntime.cpp, line 628]
Event: 3284.364 Thread 0x000001b47ae1ec10 Implicit null exception at 0x000001b46c29f9fb to 0x000001b46c29fe88
Event: 3284.434 Thread 0x000001b47bb28f10 Exception <a 'java/lang/ArrayIndexOutOfBoundsException'{0x00000000eac9e0f8}> (0x00000000eac9e0f8) 
thrown [s\src\hotspot\share\runtime\sharedRuntime.cpp, line 628]

VM Operations (20 events):
Event: 3283.872 Executing VM operation: ParallelGCFailedAllocation done
Event: 3283.916 Executing VM operation: ParallelGCFailedAllocation
Event: 3283.920 Executing VM operation: ParallelGCFailedAllocation done
Event: 3284.008 Executing VM operation: ParallelGCFailedAllocation
Event: 3284.020 Executing VM operation: ParallelGCFailedAllocation done
Event: 3284.059 Executing VM operation: ParallelGCFailedAllocation
Event: 3284.103 Executing VM operation: ParallelGCFailedAllocation done
Event: 3284.145 Executing VM operation: ParallelGCFailedAllocation
Event: 3284.158 Executing VM operation: ParallelGCFailedAllocation done
Event: 3284.235 Executing VM operation: ParallelGCFailedAllocation
Event: 3284.350 Executing VM operation: ParallelGCFailedAllocation done
Event: 3284.359 Executing VM operation: ParallelGCFailedAllocation
Event: 3284.362 Executing VM operation: ParallelGCFailedAllocation done
Event: 3284.415 Executing VM operation: ParallelGCFailedAllocation
Event: 3284.418 Executing VM operation: ParallelGCFailedAllocation done
Event: 3284.444 Executing VM operation: ParallelGCFailedAllocation
Event: 3284.448 Executing VM operation: ParallelGCFailedAllocation done
Event: 3284.483 Executing VM operation: ParallelGCFailedAllocation
Event: 3284.503 Executing VM operation: ParallelGCFailedAllocation done
Event: 3284.641 Executing VM operation: ParallelGCFailedAllocation

Events (20 events):
Event: 3279.441 Thread 0x000001b474f46880 flushing nmethod 0x000001b4656fc910
Event: 3279.442 Thread 0x000001b474f46880 flushing nmethod 0x000001b4657fe490
Event: 3279.443 Thread 0x000001b474f46880 flushing nmethod 0x000001b465918e10
Event: 3279.447 Thread 0x000001b474f46880 flushing nmethod 0x000001b465cabc90
Event: 3279.447 Thread 0x000001b474f46880 flushing nmethod 0x000001b465cb7b90
Event: 3279.447 Thread 0x000001b474f46880 flushing nmethod 0x000001b465cb8890
Event: 3279.447 Thread 0x000001b474f46880 flushing nmethod 0x000001b465cd2810
Event: 3279.447 Thread 0x000001b474f46880 flushing nmethod 0x000001b465ce9390
Event: 3279.447 Thread 0x000001b474f46880 flushing nmethod 0x000001b465d05810
Event: 3279.447 Thread 0x000001b474f46880 flushing nmethod 0x000001b465d14c90
Event: 3279.447 Thread 0x000001b474f46880 flushing nmethod 0x000001b465d15590
Event: 3279.487 Thread 0x000001b47b1089e0 Thread added: 0x000001b47b1089e0
Event: 3281.348 Thread 0x000001b47b8e55c0 Thread added: 0x000001b47b8e55c0
Event: 3281.450 Thread 0x000001b47b8e55c0 Thread exited: 0x000001b47b8e55c0
Event: 3282.248 Thread 0x000001b47b1089e0 Thread exited: 0x000001b47b1089e0
Event: 3283.509 Thread 0x000001b47b1089e0 Thread added: 0x000001b47b1089e0
Event: 3283.867 Thread 0x000001b47b1089e0 Thread exited: 0x000001b47b1089e0
Event: 3283.996 Thread 0x000001b47b1089e0 Thread added: 0x000001b47b1089e0
Event: 3284.352 Thread 0x000001b47b1089e0 Thread exited: 0x000001b47b1089e0
Event: 3284.501 Thread 0x000001b47b1089e0 Thread added: 0x000001b47b1089e0


Dynamic libraries:
0x00007ff6eb470000 - 0x00007ff6eb47e000 	c:\Users\Артур\.vscode\extensions\redhat.java-1.12.0-win32-x64\jre\17.0.4.1-win32-x86_64\bin\java.exe
0x00007ffa5f0b0000 - 0x00007ffa5f2a8000 	C:\Windows\SYSTEM32\ntdll.dll
0x00007ffa5de30000 - 0x00007ffa5deef000 	C:\Windows\System32\KERNEL32.DLL
0x00007ffa5cb70000 - 0x00007ffa5ce42000 	C:\Windows\System32\KERNELBASE.dll
0x00007ffa5d000000 - 0x00007ffa5d100000 	C:\Windows\System32\ucrtbase.dll
0x00007ffa58310000 - 0x00007ffa58328000 	c:\Users\Артур\.vscode\extensions\redhat.java-1.12.0-win32-x64\jre\17.0.4.1-win32-x86_64\bin\jli.dll
0x00007ffa5e670000 - 0x00007ffa5e80d000 	C:\Windows\System32\USER32.dll
0x00007ffa582f0000 - 0x00007ffa58309000 	c:\Users\Артур\.vscode\extensions\redhat.java-1.12.0-win32-x64\jre\17.0.4.1-win32-x86_64\bin\VCRUNTIME140.dll
0x00007ffa5caa0000 - 0x00007ffa5cac2000 	C:\Windows\System32\win32u.dll
0x00007ffa5def0000 - 0x00007ffa5df1b000 	C:\Windows\System32\GDI32.dll
0x00007ffa51840000 - 0x00007ffa51ada000 	C:\Windows\WinSxS\amd64_microsoft.windows.common-controls_6595b64144ccf1df_6.0.19041.1110_none_60b5254171f9507e\COMCTL32.dll
0x00007ffa5c990000 - 0x00007ffa5ca9f000 	C:\Windows\System32\gdi32full.dll
0x00007ffa5d100000 - 0x00007ffa5d19e000 	C:\Windows\System32\msvcrt.dll
0x00007ffa5cad0000 - 0x00007ffa5cb6d000 	C:\Windows\System32\msvcp_win.dll
0x00007ffa5df20000 - 0x00007ffa5df52000 	C:\Windows\System32\IMM32.DLL
0x00007ffa59ec0000 - 0x00007ffa59ecc000 	c:\Users\Артур\.vscode\extensions\redhat.java-1.12.0-win32-x64\jre\17.0.4.1-win32-x86_64\bin\vcruntime140_1.dll
0x00007ffa2a030000 - 0x00007ffa2a0c1000 	c:\Users\Артур\.vscode\extensions\redhat.java-1.12.0-win32-x64\jre\17.0.4.1-win32-x86_64\bin\msvcp140.dll
0x00007ffa293e0000 - 0x00007ffa2a026000 	c:\Users\Артур\.vscode\extensions\redhat.java-1.12.0-win32-x64\jre\17.0.4.1-win32-x86_64\bin\server\jvm.dll
0x00007ffa5dd20000 - 0x00007ffa5ddce000 	C:\Windows\System32\ADVAPI32.dll
0x00007ffa5e390000 - 0x00007ffa5e42c000 	C:\Windows\System32\sechost.dll
0x00007ffa5d300000 - 0x00007ffa5d425000 	C:\Windows\System32\RPCRT4.dll
0x00007ffa5e5e0000 - 0x00007ffa5e5e8000 	C:\Windows\System32\PSAPI.DLL
0x00007ffa55f50000 - 0x00007ffa55f5a000 	C:\Windows\SYSTEM32\VERSION.dll
0x00007ffa56b40000 - 0x00007ffa56b67000 	C:\Windows\SYSTEM32\WINMM.dll
0x00007ffa582e0000 - 0x00007ffa582e9000 	C:\Windows\SYSTEM32\WSOCK32.dll
0x00007ffa5d1a0000 - 0x00007ffa5d20b000 	C:\Windows\System32\WS2_32.dll
0x00007ffa5a690000 - 0x00007ffa5a6a2000 	C:\Windows\SYSTEM32\kernel.appcore.dll
0x00007ffa58280000 - 0x00007ffa5828a000 	c:\Users\Артур\.vscode\extensions\redhat.java-1.12.0-win32-x64\jre\17.0.4.1-win32-x86_64\bin\jimage.dll
0x00007ffa48790000 - 0x00007ffa48974000 	C:\Windows\SYSTEM32\DBGHELP.DLL
0x00007ffa48730000 - 0x00007ffa4875c000 	C:\Windows\SYSTEM32\dbgcore.DLL
0x00007ffa5c820000 - 0x00007ffa5c8a2000 	C:\Windows\System32\bcryptPrimitives.dll
0x00007ffa58270000 - 0x00007ffa5827e000 	c:\Users\Артур\.vscode\extensions\redhat.java-1.12.0-win32-x64\jre\17.0.4.1-win32-x86_64\bin\instrument.dll
0x00007ffa57db0000 - 0x00007ffa57dd5000 	c:\Users\Артур\.vscode\extensions\redhat.java-1.12.0-win32-x64\jre\17.0.4.1-win32-x86_64\bin\java.dll
0x00007ffa56050000 - 0x00007ffa56068000 	c:\Users\Артур\.vscode\extensions\redhat.java-1.12.0-win32-x64\jre\17.0.4.1-win32-x86_64\bin\zip.dll
0x00007ffa5d490000 - 0x00007ffa5dbd3000 	C:\Windows\System32\SHELL32.dll
0x00007ffa5a890000 - 0x00007ffa5b022000 	C:\Windows\SYSTEM32\windows.storage.dll
0x00007ffa5e030000 - 0x00007ffa5e384000 	C:\Windows\System32\combase.dll
0x00007ffa5c1a0000 - 0x00007ffa5c1d0000 	C:\Windows\SYSTEM32\Wldp.dll
0x00007ffa5dbf0000 - 0x00007ffa5dc9d000 	C:\Windows\System32\SHCORE.dll
0x00007ffa5d430000 - 0x00007ffa5d485000 	C:\Windows\System32\shlwapi.dll
0x00007ffa5c6f0000 - 0x00007ffa5c70f000 	C:\Windows\SYSTEM32\profapi.dll
0x00007ffa486b0000 - 0x00007ffa486c9000 	C:\Users\Артур\.vscode\extensions\redhat.java-1.12.0-win32-x64\jre\17.0.4.1-win32-x86_64\bin\net.dll
0x00007ffa50b00000 - 0x00007ffa50c0c000 	C:\Windows\SYSTEM32\WINHTTP.dll
0x00007ffa5be90000 - 0x00007ffa5befa000 	C:\Windows\system32\mswsock.dll
0x00007ffa48670000 - 0x00007ffa48685000 	C:\Users\Артур\.vscode\extensions\redhat.java-1.12.0-win32-x64\jre\17.0.4.1-win32-x86_64\bin\nio.dll
0x00007ffa58260000 - 0x00007ffa58270000 	c:\Users\Артур\.vscode\extensions\redhat.java-1.12.0-win32-x64\jre\17.0.4.1-win32-x86_64\bin\verify.dll
0x00007ffa3eca0000 - 0x00007ffa3ecde000 	C:\Users\Артур\AppData\Roaming\Code\User\globalStorage\redhat.java\1.12.0\config_win\org.eclipse.equinox.launcher\org.eclipse.equinox.launcher.win32.win32.x86_64_1.2.600.v20220720-1916\eclipse_11700.dll
0x00007ffa5ec80000 - 0x00007ffa5edaa000 	C:\Windows\System32\ole32.dll
0x00007ffa5c080000 - 0x00007ffa5c098000 	C:\Windows\SYSTEM32\CRYPTSP.dll
0x00007ffa5b7b0000 - 0x00007ffa5b7e4000 	C:\Windows\system32\rsaenh.dll
0x00007ffa5c8b0000 - 0x00007ffa5c8d7000 	C:\Windows\System32\bcrypt.dll
0x00007ffa5c670000 - 0x00007ffa5c69e000 	C:\Windows\SYSTEM32\USERENV.dll
0x00007ffa5c0a0000 - 0x00007ffa5c0ac000 	C:\Windows\SYSTEM32\CRYPTBASE.dll
0x00007ffa5bb80000 - 0x00007ffa5bbbb000 	C:\Windows\SYSTEM32\IPHLPAPI.DLL
0x00007ffa5dbe0000 - 0x00007ffa5dbe8000 	C:\Windows\System32\NSI.dll
0x00007ffa56dd0000 - 0x00007ffa56de7000 	C:\Windows\SYSTEM32\dhcpcsvc6.DLL
0x00007ffa56db0000 - 0x00007ffa56dcd000 	C:\Windows\SYSTEM32\dhcpcsvc.DLL
0x00007ffa5bbc0000 - 0x00007ffa5bc8a000 	C:\Windows\SYSTEM32\DNSAPI.dll
0x00007ffa58210000 - 0x00007ffa58219000 	C:\Users\Артур\.vscode\extensions\redhat.java-1.12.0-win32-x64\jre\17.0.4.1-win32-x86_64\bin\management.dll
0x00007ffa58200000 - 0x00007ffa5820b000 	C:\Users\Артур\.vscode\extensions\redhat.java-1.12.0-win32-x64\jre\17.0.4.1-win32-x86_64\bin\management_ext.dll
0x00007ffa3b9c0000 - 0x00007ffa3ba00000 	C:\Users\Артур\AppData\Local\Temp\jna-993956847\jna1660159477424608293.dll

dbghelp: loaded successfully - version: 4.0.5 - missing functions: none
symbol engine: initialized successfully - sym options: 0x614 - pdb path: .;c:\Users\Артур\.vscode\extensions\redhat.java-1.12.0-win32-x64\jre\17.0.4.1-win32-x86_64\bin;C:\Windows\SYSTEM32;C:\Windows\WinSxS\amd64_microsoft.windows.common-controls_6595b64144ccf1df_6.0.19041.1110_none_60b5254171f9507e;c:\Users\Артур\.vscode\extensions\redhat.java-1.12.0-win32-x64\jre\17.0.4.1-win32-x86_64\bin\server;C:\Users\Артур\AppData\Roaming\Code\User\globalStorage\redhat.java\1.12.0\config_win\org.eclipse.equinox.launcher\org.eclipse.equinox.launcher.win32.win32.x86_64_1.2.600.v20220720-1916;C:\Users\Артур\AppData\Local\Temp\jna-993956847

VM Arguments:
jvm_args: --add-modules=ALL-SYSTEM --add-opens=java.base/java.util=ALL-UNNAMED --add-opens=java.base/java.lang=ALL-UNNAMED --add-opens=java.base/sun.nio.fs=ALL-UNNAMED -Declipse.application=org.eclipse.jdt.ls.core.id1 -Dosgi.bundles.defaultStartLevel=4 -Declipse.product=org.eclipse.jdt.ls.core.product -Djava.import.generatesMetadataFilesAtProjectRoot=false -Dfile.encoding=utf8 -XX:+UseParallelGC -XX:GCTimeRatio=4 -XX:AdaptiveSizePolicyWeight=90 -Dsun.zip.disableMemoryMapping=true -Xmx1G -Xms100m -Xlog:disable -javaagent:c:\Users\Артур\.vscode\extensions\redhat.java-1.12.0-win32-x64\lombok\lombok-1.18.24.jar -XX:+HeapDumpOnOutOfMemoryError -XX:HeapDumpPath=c:\Users\Артур\AppData\Roaming\Code\User\workspaceStorage\5c1c60083b7b46aba082b4ca789630d8\redhat.java 
java_command: c:\Users\Артур\.vscode\extensions\redhat.java-1.12.0-win32-x64\server\plugins\org.eclipse.equinox.launcher_1.6.400.v20210924-0641.jar -configuration c:\Users\Артур\AppData\Roaming\Code\User\globalStorage\redhat.java\1.12.0\config_win -data c:\Users\Артур\AppData\Roaming\Code\User\workspaceStorage\5c1c60083b7b46aba082b4ca789630d8\redhat.java\jdt_ws
java_class_path (initial): c:\Users\Артур\.vscode\extensions\redhat.java-1.12.0-win32-x64\server\plugins\org.eclipse.equinox.launcher_1.6.400.v20210924-0641.jar
Launcher Type: SUN_STANDARD

[Global flags]
    uintx AdaptiveSizePolicyWeight                 = 90                                        {product} {command line}
     intx CICompilerCount                          = 3                                         {product} {ergonomic}
    uintx GCTimeRatio                              = 4                                         {product} {command line}
     bool HeapDumpOnOutOfMemoryError               = true                                   {manageable} {command line}
    ccstr HeapDumpPath                             = c:\Users\Артур\AppData\Roaming\Code\User\workspaceStorage\5c1c60083b7b46aba082b4ca789630d8\redhat.java         {manageable} {command line}
   size_t InitialHeapSize                          = 104857600                                 {product} {command line}
   size_t MaxHeapSize                              = 1073741824                                {product} {command line}
   size_t MaxNewSize                               = 357564416                                 {product} {ergonomic}
   size_t MinHeapDeltaBytes                        = 524288                                    {product} {ergonomic}
   size_t MinHeapSize                              = 104857600                                 {product} {command line}
   size_t NewSize                                  = 34603008                                  {product} {ergonomic}
    uintx NonNMethodCodeHeapSize                   = 5832780                                {pd product} {ergonomic}
    uintx NonProfiledCodeHeapSize                  = 122912730                              {pd product} {ergonomic}
   size_t OldSize                                  = 70254592                                  {product} {ergonomic}
    uintx ProfiledCodeHeapSize                     = 122912730                              {pd product} {ergonomic}
    uintx ReservedCodeCacheSize                    = 251658240                              {pd product} {ergonomic}
     bool SegmentedCodeCache                       = true                                      {product} {ergonomic}
   size_t SoftMaxHeapSize                          = 1073741824                             {manageable} {ergonomic}
     bool UseCompressedClassPointers               = true                           {product lp64_product} {ergonomic}
     bool UseCompressedOops                        = true                           {product lp64_product} {ergonomic}
     bool UseLargePagesIndividualAllocation        = false                                  {pd product} {ergonomic}
     bool UseParallelGC                            = true                                      {product} {command line}

Logging:
Log output configuration:
 #0: stdout all=off uptime,level,tags
 #1: stderr all=off uptime,level,tags

Environment Variables:
JAVA_HOME=C:\Program Files\Java\jdk1.8.0_202
PATH=C:\Python27\;C:\Python27\Scripts;C:\Program Files (x86)\Common Files\Oracle\Java\javapath;C:\ProgramData\Oracle\Java\javapath;C:\Windows\system32;C:\Windows;C:\Windows\System32\Wbem;C:\Windows\System32\WindowsPowerShell\v1.0\;C:\Windows\System32\OpenSSH\;E:\Programs\Git\cmd;E:\Programs\nodejs\;C:\HaxeToolkit\haxe;C:\HaxeToolkit\neko;C:\Program Files\dotnet\;C:\Users\Артур\AppData\Local\Microsoft\WindowsApps;;E:\Programs\Microsoft VS Code\bin;C:\Users\Артур\AppData\Roaming\npm;E:\Programs\JetBrains\IntelliJ IDEA Community Edition 2022.1\bin;;C:\Users\Артур\.dotnet\tools
USERNAME=Артур
OS=Windows_NT
PROCESSOR_IDENTIFIER=Intel64 Family 6 Model 23 Stepping 10, GenuineIntel
TMP=C:\Users\E8E5~1\AppData\Local\Temp
TEMP=C:\Users\E8E5~1\AppData\Local\Temp



---------------  S Y S T E M  ---------------

OS:
 Windows 10 , 64 bit Build 19041 (10.0.19041.2251)
OS uptime: 0 days 2:35 hours

CPU: total 4 (initial active 4) (4 cores per cpu, 1 threads per core) family 6 model 23 stepping 10 microcode 0xa0c, cx8, cmov, fxsr, mmx, sse, sse2, sse3, ssse3, sse4.1, tsc, clflush

Memory: 4k page, system-wide physical 4095M (592M free)
TotalPageFile size 10751M (AvailPageFile size 4955M)
current process WorkingSet (physical memory assigned to process): 283M, peak: 355M
current process commit charge ("private bytes"): 337M, peak: 407M

vm_info: OpenJDK 64-Bit Server VM (17.0.4.1+1) for windows-amd64 JRE (17.0.4.1+1), built on Aug 17 2022 07:42:43 by "temurin" with MS VC++ 16.7 (VS2019)

END.
