#
# A fatal error has been detected by the Java Runtime Environment:
#
#  EXCEPTION_ACCESS_VIOLATION (0xc0000005) at pc=0x00007ff8e604c8e8, pid=4804, tid=8616
#
# JRE version: OpenJDK Runtime Environment Temurin-17.0.3+7 (17.0.3+7) (build 17.0.3+7)
# Java VM: OpenJDK 64-Bit Server VM Temurin-17.0.3+7 (17.0.3+7, mixed mode, tiered, compressed oops, compressed class ptrs, parallel gc, windows-amd64)
# Problematic frame:
# V  [jvm.dll+0xc8e8]
#
# No core dump will be written. Minidumps are not enabled by default on client versions of Windows
#
# If you would like to submit a bug report, please visit:
#   https://github.com/adoptium/adoptium-support/issues
#

---------------  S U M M A R Y ------------

Command Line: --add-modules=ALL-SYSTEM --add-opens=java.base/java.util=ALL-UNNAMED --add-opens=java.base/java.lang=ALL-UNNAMED --add-opens=java.base/sun.nio.fs=ALL-UNNAMED -Declipse.application=org.eclipse.jdt.ls.core.id1 -Dosgi.bundles.defaultStartLevel=4 -Declipse.product=org.eclipse.jdt.ls.core.product -Djava.import.generatesMetadataFilesAtProjectRoot=false -Dfile.encoding=utf8 -DwatchParentProcess=false -XX:+UseParallelGC -XX:GCTimeRatio=4 -XX:AdaptiveSizePolicyWeight=90 -Dsun.zip.disableMemoryMapping=true -Xmx1G -Xms100m -javaagent:c:\Users\Артур\.vscode\extensions\redhat.java-1.9.0-win32-x64\lombok\lombok-1.18.24.jar -XX:+HeapDumpOnOutOfMemoryError -XX:HeapDumpPath=c:\Users\Артур\AppData\Roaming\Code\User\workspaceStorage\5c1c60083b7b46aba082b4ca789630d8\redhat.java c:\Users\Артур\.vscode\extensions\redhat.java-1.9.0-win32-x64\server\plugins\org.eclipse.equinox.launcher_1.6.400.v20210924-0641.jar -configuration c:\Users\Артур\AppData\Roaming\Code\User\globalStorage\redhat.java\1.9.0\config_win -data c:\Users\Артур\AppData\Roaming\Code\User\workspaceStorage\5c1c60083b7b46aba082b4ca789630d8\redhat.java\jdt_ws

Host: Intel(R) Core(TM)2 Quad CPU    Q8400  @ 2.66GHz, 4 cores, 3G,  Windows 10 , 64 bit Build 19041 (10.0.19041.1806)
Time: Tue Aug  9 16:05:30 2022  Windows 10 , 64 bit Build 19041 (10.0.19041.1806) elapsed time: 165.199178 seconds (0d 0h 2m 45s)

---------------  T H R E A D  ---------------

Current thread (0x000001f72ed9d040):  GCTaskThread "GC Thread#2" [stack: 0x0000008e01c00000,0x0000008e01d00000] [id=8616]

Stack: [0x0000008e01c00000,0x0000008e01d00000],  sp=0x0000008e01cff938,  free space=1022k
Native frames: (J=compiled Java code, j=interpreted, Vv=VM code, C=native code)
V  [jvm.dll+0xc8e8]


siginfo: EXCEPTION_ACCESS_VIOLATION (0xc0000005), reading address 0x0000000000000008


Register to memory mapping:

RIP=0x00007ff8e604c8e8 jvm.dll
RAX=0x0000000000000001 is an unknown value
RBX=0x00000000c09f2b28 is pointing into object: org.eclipse.osgi.storage.BundleInfo$Generation 
{0x00000000c09f2af8} - klass: 'org/eclipse/osgi/storage/BundleInfo$Generation'
 - ---- fields (total size 10 words):
 - private 'isDirectory' 'Z' @12  false
 - private 'hasPackageInfo' 'Z' @13  false
 - private 'isMRJar' 'Z' @14  false
 - private final 'generationId' 'J' @16  0 (0 0)
 - private 'lastModified' 'J' @24  1658639961937 (2ea54f51 182)
 - private final 'genMonitor' 'Ljava/lang/Object;' @32  a 'java/lang/Object'{0x00000000c09f2b48} (c09f2b48)
 - private final 'cachedHeaders' 'Ljava/util/Dictionary;' @36  a 'org/eclipse/osgi/storage/BundleInfo$CachedManifest'{0x00000000c09f2b58} (c09f2b58)
 - private 'content' 'Ljava/io/File;' @40  a 'java/io/File'{0x00000000c09f2c78} (c09f2c78)
 - private 'bundleFile' 'Lorg/eclipse/osgi/storage/bundlefile/BundleFile;' @44  a 'org/eclipse/osgi/storage/bundlefile/ZipBundleFile'{0x00000000c09f2c98} (c09f2c98)
 - private 'rawHeaders' 'Ljava/util/Map;' @48  NULL (0)
 - private 'revision' 'Lorg/eclipse/osgi/container/ModuleRevision;' @52  a 'org/eclipse/osgi/container/ModuleRevision'{0x00000000c09f1f48} (c09f1f48)
 - private 'headerLocalization' 'Lorg/eclipse/osgi/storage/ManifestLocalization;' @56  NULL (0)
 - private 'domain' 'Ljava/security/ProtectionDomain;' @60  NULL (0)
 - private 'nativeCodeFinder' 'Lorg/eclipse/osgi/storage/NativeCodeFinder;' @64  NULL (0)
 - private 'storageHooks' 'Ljava/util/List;' @68  a 'java/util/Collections$UnmodifiableRandomAccessList'{0x00000000c09f2d38} (c09f2d38)
 - private 'contentType' 'Lorg/eclipse/osgi/storage/ContentProvider$Type;' @72  a 'org/eclipse/osgi/storage/ContentProvider$Type'{0x00000000c06c0018} (c06c0018)
 - final synthetic 'this$0' 'Lorg/eclipse/osgi/storage/BundleInfo;' @76  a 'org/eclipse/osgi/storage/BundleInfo'{0x00000000c09f2dc8} (c09f2dc8)
RCX=0x0000000000000003 is an unknown value
RDX=0x00000000c09f2b28 is pointing into object: org.eclipse.osgi.storage.BundleInfo$Generation 
{0x00000000c09f2af8} - klass: 'org/eclipse/osgi/storage/BundleInfo$Generation'
 - ---- fields (total size 10 words):
 - private 'isDirectory' 'Z' @12  false
 - private 'hasPackageInfo' 'Z' @13  false
 - private 'isMRJar' 'Z' @14  false
 - private final 'generationId' 'J' @16  0 (0 0)
 - private 'lastModified' 'J' @24  1658639961937 (2ea54f51 182)
 - private final 'genMonitor' 'Ljava/lang/Object;' @32  a 'java/lang/Object'{0x00000000c09f2b48} (c09f2b48)
 - private final 'cachedHeaders' 'Ljava/util/Dictionary;' @36  a 'org/eclipse/osgi/storage/BundleInfo$CachedManifest'{0x00000000c09f2b58} (c09f2b58)
 - private 'content' 'Ljava/io/File;' @40  a 'java/io/File'{0x00000000c09f2c78} (c09f2c78)
 - private 'bundleFile' 'Lorg/eclipse/osgi/storage/bundlefile/BundleFile;' @44  a 'org/eclipse/osgi/storage/bundlefile/ZipBundleFile'{0x00000000c09f2c98} (c09f2c98)
 - private 'rawHeaders' 'Ljava/util/Map;' @48  NULL (0)
 - private 'revision' 'Lorg/eclipse/osgi/container/ModuleRevision;' @52  a 'org/eclipse/osgi/container/ModuleRevision'{0x00000000c09f1f48} (c09f1f48)
 - private 'headerLocalization' 'Lorg/eclipse/osgi/storage/ManifestLocalization;' @56  NULL (0)
 - private 'domain' 'Ljava/security/ProtectionDomain;' @60  NULL (0)
 - private 'nativeCodeFinder' 'Lorg/eclipse/osgi/storage/NativeCodeFinder;' @64  NULL (0)
 - private 'storageHooks' 'Ljava/util/List;' @68  a 'java/util/Collections$UnmodifiableRandomAccessList'{0x00000000c09f2d38} (c09f2d38)
 - private 'contentType' 'Lorg/eclipse/osgi/storage/ContentProvider$Type;' @72  a 'org/eclipse/osgi/storage/ContentProvider$Type'{0x00000000c06c0018} (c06c0018)
 - final synthetic 'this$0' 'Lorg/eclipse/osgi/storage/BundleInfo;' @76  a 'org/eclipse/osgi/storage/BundleInfo'{0x00000000c09f2dc8} (c09f2dc8)
RSP=0x0000008e01cff938 points into unknown readable memory: 0x00007ff8e66e9242 | 42 92 6e e6 f8 7f 00 00
RBP=0x0000008e01cffa40 points into unknown readable memory: 0x00007ff8e69ef608 | 08 f6 9e e6 f8 7f 00 00
RSI=0x00000000c0bb6980 is an oop: java.util.HashMap$Node 
{0x00000000c0bb6980} - klass: 'java/util/HashMap$Node'
 - ---- fields (total size 4 words):
 - final 'hash' 'I' @12  -451575659 (e5158095)
 - final 'key' 'Ljava/lang/Object;' @16  "jdt.ls-java-project"{0x00000000c0a10290} (c0a10290)
 - 'value' 'Ljava/lang/Object;' @20  a 'org/eclipse/core/resources/team/ResourceRuleFactory'{0x00000000c0bb6970} (c0bb6970)
 - 'next' 'Ljava/util/HashMap$Node;' @24  NULL (0)
RDI=0x000001f729e24630 points into unknown readable memory: 0x000001f713fc0150 | 50 01 fc 13 f7 01 00 00
R8 =0x0 is NULL
R9 =0x0000000000004f95 is an unknown value
R10=0x0000000000000055 is an unknown value
R11=0x0000000000000003 is an unknown value
R12=0x0 is NULL
R13=0x0000008e01cffbb0 points into unknown readable memory: 0x00007ff8e69f0020 | 20 00 9f e6 f8 7f 00 00
R14=0x00000001002442b0 is a pointer to class: 
org.eclipse.core.internal.resources.Rules$1 {0x00000001002442b8}
 - instance size:     3
 - klass size:        86
 - access:            synchronized 
 - state:             fully_initialized
 - name:              'org/eclipse/core/internal/resources/Rules$1'
 - super:             'org/eclipse/core/resources/team/ResourceRuleFactory'
 - sub:               
 - arrays:            NULL
 - methods:           Array<T>(0x000001f730f512e8)
 - method ordering:   Array<T>(0x000001f72a000018)
 - default_methods:   Array<T>(0x0000000000000000)
 - local interfaces:  Array<T>(0x000001f72a000058)
 - trans. interfaces: Array<T>(0x000001f730f51a50)
 - constants:         constant pool [30] {0x000001f730f47ec0} for 'org/eclipse/core/internal/resources/Rules$1' cache=0x000001f730f52a18
 - class loader data:  loader data: 0x000001f72f0b1540 for instance a 'org/eclipse/osgi/internal/loader/EquinoxClassLoader'{0x00000000c0206758}
 - source file:       'Rules.java'
 - class annotations:       Array<T>(0x0000000000000000)
 - class type annotations:  Array<T>(0x0000000000000000)
 - field annotations:       Array<T>(0x0000000000000000)
 - field type annotations:  Array<T>(0x0000000000000000)
 - inner classes:     Array<T>(0x000001f730f513b0)
 - nest members:     Array<T>(0x000001f72a000028)
 - permitted subclasses:     Array<T>(0x000001f72a000028)
 - java mirror:       a 'java/lang/Class'{0x00000000c0af2040} = 'org/eclipse/core/internal/resources/Rules$1'
 - vtable length      13  (start addr: 0x0000000100244478)
 - itable length      15 (start addr: 0x00000001002444e0)
 - ---- static fields (0 words):
 - ---- non-static fields (2 words):
 - private final 'workspace' 'Lorg/eclipse/core/resources/IWorkspace;' @12 
 - final synthetic 'this$0' 'Lorg/eclipse/core/internal/resources/Rules;' @16 
 - non-static oop maps: 12-16 
R15=0x00000000c0bb6970 is an oop: org.eclipse.core.resources.team.ResourceRuleFactory 
{0x00000000c0bb6970} - klass: 'org/eclipse/core/resources/team/ResourceRuleFactory'
 - ---- fields (total size 2 words):
 - private final 'workspace' 'Lorg/eclipse/core/resources/IWorkspace;' @12  
[error occurred during error reporting (printing register info), id 0xc0000005, EXCEPTION_ACCESS_VIOLATION (0xc0000005) at pc=0x00007ff8e66a2643]

Registers:
RAX=0x0000000000000001, RBX=0x00000000c09f2b28, RCX=0x0000000000000003, RDX=0x00000000c09f2b28
RSP=0x0000008e01cff938, RBP=0x0000008e01cffa40, RSI=0x00000000c0bb6980, RDI=0x000001f729e24630
R8 =0x0000000000000000, R9 =0x0000000000004f95, R10=0x0000000000000055, R11=0x0000000000000003
R12=0x0000000000000000, R13=0x0000008e01cffbb0, R14=0x00000001002442b0, R15=0x00000000c0bb6970
RIP=0x00007ff8e604c8e8, EFLAGS=0x0000000000010246

Top of Stack: (sp=0x0000008e01cff938)
0x0000008e01cff938:   00007ff8e66e9242 00000000c0bb6970
0x0000008e01cff948:   0000000000000002 00000000c06d8568
0x0000008e01cff958:   00007ff8e66e805f 000001f729e24630
0x0000008e01cff968:   00007ff8e66e6b22 00000000c09f2b28
0x0000008e01cff978:   00000001001d89f8 000001f7302da5b0
0x0000008e01cff988:   0000008e01cffa40 00000001002442a8
0x0000008e01cff998:   00007ff8e66e739e 00000000c0bb697c
0x0000008e01cff9a8:   00007ff8e66e88fe 00000000c054bcb0
0x0000008e01cff9b8:   00000000c0b47f80 00007ff8e6b546c0
0x0000008e01cff9c8:   00007ff8e6957b10 00000000000009fd
0x0000008e01cff9d8:   00007ff8e66e8c39 00007ff8e69ef608
0x0000008e01cff9e8:   000001f729e24630 0000008e01cffa49
0x0000008e01cff9f8:   0000000000000a01 0000000000000000
0x0000008e01cffa08:   0000000000000000 0000000000000000
0x0000008e01cffa18:   0000000000000000 0000000000000000
0x0000008e01cffa28:   0000000000000000 000001f7160d0380 

Instructions: (pc=0x00007ff8e604c8e8)
0x00007ff8e604c7e8:   48 83 c4 20 5e c3 cc cc 48 8b 01 c3 cc cc cc cc
0x00007ff8e604c7f8:   cc cc cc cc cc cc cc cc 4c 8b 01 4c 8b c9 48 8b
0x00007ff8e604c808:   0d c3 e1 b4 00 ba 44 60 08 00 e9 59 f2 ff ff cc
0x00007ff8e604c818:   cc cc cc cc cc cc cc cc 48 89 5c 24 08 57 48 83
0x00007ff8e604c828:   ec 20 48 8b 39 48 8b d9 48 85 3d 61 bf b9 00 75
0x00007ff8e604c838:   0e 48 8b c7 48 8b 5c 24 30 48 83 c4 20 5f c3 48
0x00007ff8e604c848:   8b cf e8 f1 55 85 00 48 8b d0 48 85 c0 74 20 48
0x00007ff8e604c858:   8b c7 f0 48 0f b1 13 74 16 48 85 05 30 bf b9 00
0x00007ff8e604c868:   74 0d 48 8b c8 f0 48 0f b1 13 48 3b c1 75 ea 48
0x00007ff8e604c878:   8b 5c 24 30 48 8b c2 48 83 c4 20 5f c3 cc cc cc
0x00007ff8e604c888:   cc cc cc cc cc cc cc cc 4c 8b 01 4c 8b c9 48 8b
0x00007ff8e604c898:   0d 33 e1 b4 00 ba 64 60 08 00 e9 c9 f1 ff ff cc
0x00007ff8e604c8a8:   cc cc cc cc cc cc cc cc 8b 05 32 2a af 00 c3 cc
0x00007ff8e604c8b8:   cc cc cc cc cc cc cc cc 0f b6 05 68 e9 b5 00 48
0x00007ff8e604c8c8:   8b d1 84 c0 74 16 44 8b 41 08 8b 0d 10 2a af 00
0x00007ff8e604c8d8:   49 d3 e0 4c 03 05 fe 29 af 00 eb 04 4c 8b 41 08
0x00007ff8e604c8e8:   45 8b 50 08 45 85 d2 7e 0e 41 f6 c2 01 75 53 41
0x00007ff8e604c8f8:   c1 fa 03 41 8b c2 c3 79 49 84 c0 b9 10 00 00 00
0x00007ff8e604c908:   8b 05 16 39 af 00 41 b8 0c 00 00 00 41 0f 45 c8
0x00007ff8e604c918:   ff c8 4c 63 c8 48 63 14 11 41 8b ca 83 e1 3f 48
0x00007ff8e604c928:   d3 e2 41 8b ca 48 c1 f9 10 0f b6 c1 49 8d 0c 11
0x00007ff8e604c938:   49 f7 d1 48 03 c1 49 c1 e9 03 48 c1 e8 03 41 23
0x00007ff8e604c948:   c1 c3 49 8b 00 49 8b c8 48 ff a0 00 01 00 00 cc
0x00007ff8e604c958:   cc cc cc cc cc cc cc cc 8b 44 24 30 45 03 c9 44
0x00007ff8e604c968:   2b 4c 24 28 83 c0 0b 44 03 ca 45 03 c8 41 03 c1
0x00007ff8e604c978:   c3 cc cc cc cc cc cc cc 4c 8b ca 48 8b d1 45 8b
0x00007ff8e604c988:   41 08 45 85 c0 7e 0e 41 f6 c0 01 75 56 41 c1 f8
0x00007ff8e604c998:   03 41 8b c0 c3 79 4c 80 3d 89 e8 b5 00 00 b8 0c
0x00007ff8e604c9a8:   00 00 00 b9 10 00 00 00 0f 45 c8 8b 05 6b 38 af
0x00007ff8e604c9b8:   00 ff c8 4c 63 c8 48 63 14 11 41 8b c8 83 e1 3f
0x00007ff8e604c9c8:   48 d3 e2 41 8b c8 48 c1 f9 10 0f b6 c1 49 8d 0c
0x00007ff8e604c9d8:   11 49 f7 d1 48 03 c1 49 c1 e9 03 48 c1 e8 03 41 


Stack slot to memory mapping:
stack at sp + 0 slots: 0x00007ff8e66e9242 jvm.dll
stack at sp + 1 slots: 0x00000000c0bb6970 is an oop: org.eclipse.core.resources.team.ResourceRuleFactory 
{0x00000000c0bb6970} - klass: 'org/eclipse/core/resources/team/ResourceRuleFactory'
 - ---- fields (total size 2 words):
 - private final 'workspace' 'Lorg/eclipse/core/resources/IWorkspace;' @12  
[error occurred during error reporting (inspecting top of stack), id 0xc0000005, EXCEPTION_ACCESS_VIOLATION (0xc0000005) at pc=0x00007ff8e66a2643]


---------------  P R O C E S S  ---------------

Threads class SMR info:
_java_thread_list=0x000001f73070cc80, length=23, elements={
0x000001f7160d0380, 0x000001f729ed8b10, 0x000001f729ed9890, 0x000001f729f21550,
0x000001f729f251f0, 0x000001f729f096f0, 0x000001f729f0d3d0, 0x000001f729f0e070,
0x000001f729f0ea20, 0x000001f729f0f320, 0x000001f72b9dbb40, 0x000001f72bbfe450,
0x000001f72bb10090, 0x000001f72bb0fb30, 0x000001f72ef73000, 0x000001f72eccfa80,
0x000001f72bca4360, 0x000001f72ee7e590, 0x000001f72ee7cd80, 0x000001f72ee80270,
0x000001f72ee7f8d0, 0x000001f72ee7fda0, 0x000001f72ee7dbf0
}

Java Threads: ( => current thread )
  0x000001f7160d0380 JavaThread "main" [_thread_blocked, id=11176, stack(0x0000008e00c00000,0x0000008e00d00000)]
  0x000001f729ed8b10 JavaThread "Reference Handler" daemon [_thread_blocked, id=14248, stack(0x0000008e00f00000,0x0000008e01000000)]
  0x000001f729ed9890 JavaThread "Finalizer" daemon [_thread_blocked, id=14640, stack(0x0000008e01000000,0x0000008e01100000)]
  0x000001f729f21550 JavaThread "Signal Dispatcher" daemon [_thread_blocked, id=9196, stack(0x0000008e01100000,0x0000008e01200000)]
  0x000001f729f251f0 JavaThread "Attach Listener" daemon [_thread_blocked, id=8592, stack(0x0000008e01200000,0x0000008e01300000)]
  0x000001f729f096f0 JavaThread "Service Thread" daemon [_thread_blocked, id=12384, stack(0x0000008e01300000,0x0000008e01400000)]
  0x000001f729f0d3d0 JavaThread "Monitor Deflation Thread" daemon [_thread_blocked, id=11784, stack(0x0000008e01400000,0x0000008e01500000)]
  0x000001f729f0e070 JavaThread "C2 CompilerThread0" daemon [_thread_blocked, id=13844, stack(0x0000008e01500000,0x0000008e01600000)]
  0x000001f729f0ea20 JavaThread "C1 CompilerThread0" daemon [_thread_blocked, id=4028, stack(0x0000008e01600000,0x0000008e01700000)]
  0x000001f729f0f320 JavaThread "Sweeper thread" daemon [_thread_blocked, id=13328, stack(0x0000008e01700000,0x0000008e01800000)]
  0x000001f72b9dbb40 JavaThread "Common-Cleaner" daemon [_thread_blocked, id=7108, stack(0x0000008e01800000,0x0000008e01900000)]
  0x000001f72bbfe450 JavaThread "Notification Thread" daemon [_thread_blocked, id=1228, stack(0x0000008e01900000,0x0000008e01a00000)]
  0x000001f72bb10090 JavaThread "Active Thread: Equinox Container: d2036d3a-ff95-4565-94be-cabbb7011727" [_thread_blocked, id=5660, stack(0x0000008e01e00000,0x0000008e01f00000)]
  0x000001f72bb0fb30 JavaThread "Framework Event Dispatcher: Equinox Container: d2036d3a-ff95-4565-94be-cabbb7011727" daemon [_thread_blocked, id=4256, stack(0x0000008e01f00000,0x0000008e02000000)]
  0x000001f72ef73000 JavaThread "Start Level: Equinox Container: d2036d3a-ff95-4565-94be-cabbb7011727" daemon [_thread_blocked, id=2984, stack(0x0000008e02000000,0x0000008e02100000)]
  0x000001f72eccfa80 JavaThread "SCR Component Actor" daemon [_thread_blocked, id=15204, stack(0x0000008e02100000,0x0000008e02200000)]
  0x000001f72bca4360 JavaThread "Bundle File Closer" daemon [_thread_blocked, id=15344, stack(0x0000008e02200000,0x0000008e02300000)]
  0x000001f72ee7e590 JavaThread "Worker-JM" [_thread_blocked, id=1460, stack(0x0000008e02300000,0x0000008e02400000)]
  0x000001f72ee7cd80 JavaThread "Worker-0: Repository registry initialization" [_thread_blocked, id=15272, stack(0x0000008e02400000,0x0000008e02500000)]
  0x000001f72ee80270 JavaThread "Worker-1" [_thread_blocked, id=13752, stack(0x0000008e02500000,0x0000008e02600000)]
  0x000001f72ee7f8d0 JavaThread "Worker-2: Updating Maven Dependencies" [_thread_blocked, id=7584, stack(0x0000008e02600000,0x0000008e02700000)]
  0x000001f72ee7fda0 JavaThread "Worker-3: Building" [_thread_blocked, id=10072, stack(0x0000008e00b00000,0x0000008e00c00000)]
  0x000001f72ee7dbf0 JavaThread "Worker-4" [_thread_blocked, id=12828, stack(0x0000008e02700000,0x0000008e02800000)]

Other Threads:
  0x000001f729eca890 VMThread "VM Thread" [stack: 0x0000008e00e00000,0x0000008e00f00000] [id=13028]
  0x000001f72bbfe920 WatcherThread [stack: 0x0000008e01a00000,0x0000008e01b00000] [id=6040]
  0x000001f7160e5b20 GCTaskThread "GC Thread#0" [stack: 0x0000008e00d00000,0x0000008e00e00000] [id=4780]
  0x000001f72e9e8040 GCTaskThread "GC Thread#1" [stack: 0x0000008e01b00000,0x0000008e01c00000] [id=14964]
=>0x000001f72ed9d040 GCTaskThread "GC Thread#2" [stack: 0x0000008e01c00000,0x0000008e01d00000] [id=8616]
  0x000001f72ed9d2f0 GCTaskThread "GC Thread#3" [stack: 0x0000008e01d00000,0x0000008e01e00000] [id=13144]

Threads with active compile tasks:
C1 CompilerThread0   166505 4072       3       java.lang.reflect.Proxy::<init> (15 bytes)

VM state: at safepoint (normal execution)

VM Mutex/Monitor currently owned by a thread:  ([mutex/lock_event])
[0x000001f7160cb9e0] Threads_lock - owner thread: 0x000001f729eca890
[0x000001f7160cacf0] Heap_lock - owner thread: 0x000001f729f0ea20
[0x000001f7160ca360] MethodData_lock - owner thread: 0x000001f729f0ea20

Heap address: 0x00000000c0000000, size: 1024 MB, Compressed Oops mode: 32-bit

CDS archive(s) not mapped
Compressed class space mapped at: 0x0000000100000000-0x0000000140000000, reserved size: 1073741824
Narrow klass base: 0x0000000000000000, Narrow klass shift: 3, Narrow klass range: 0x140000000

GC Precious Log:
 CPUs: 4 total, 4 available
 Memory: 4095M
 Large Page Support: Disabled
 NUMA Support: Disabled
 Compressed Oops: Enabled (32-bit)
 Alignments: Space 512K, Generation 512K, Heap 2M
 Heap Min Capacity: 100M
 Heap Initial Capacity: 100M
 Heap Max Capacity: 1G
 Pre-touch: Disabled
 Parallel Workers: 4

Heap:
 PSYoungGen      total 24576K, used 1307K [0x00000000eab00000, 0x00000000ec700000, 0x0000000100000000)
  eden space 23040K, 0% used [0x00000000eab00000,0x00000000eab00000,0x00000000ec180000)
  from space 1536K, 85% used [0x00000000ec580000,0x00000000ec6c6f38,0x00000000ec700000)
  to   space 1536K, 0% used [0x00000000ec400000,0x00000000ec400000,0x00000000ec580000)
 ParOldGen       total 68608K, used 13538K [0x00000000c0000000, 0x00000000c4300000, 0x00000000eab00000)
  object space 68608K, 19% used [0x00000000c0000000,0x00000000c0d38ae0,0x00000000c4300000)
 Metaspace       used 35392K, committed 35840K, reserved 1081344K
  class space    used 3589K, committed 3776K, reserved 1048576K

Card table byte_map: [0x000001f715ac0000,0x000001f715cd0000] _byte_map_base: 0x000001f7154c0000

Marking Bits: (ParMarkBitMap*) 0x00007ff8e6bc4b80
 Begin Bits: [0x000001f727d60000, 0x000001f728d60000)
 End Bits:   [0x000001f728d60000, 0x000001f729d60000)

Polling page: 0x000001f7158b0000

Metaspace:

Usage:
  Non-class:     31.06 MB used.
      Class:      3.51 MB used.
       Both:     34.56 MB used.

Virtual space:
  Non-class space:       32.00 MB reserved,      31.31 MB ( 98%) committed,  4 nodes.
      Class space:        1.00 GB reserved,       3.69 MB ( <1%) committed,  1 nodes.
             Both:        1.03 GB reserved,      35.00 MB (  3%) committed. 

Chunk freelists:
   Non-Class:  400.00 KB
       Class:  128.00 KB
        Both:  528.00 KB

MaxMetaspaceSize: unlimited
CompressedClassSpaceSize: 1.00 GB
Initial GC threshold: 21.00 MB
Current GC threshold: 35.00 MB
CDS: off
MetaspaceReclaimPolicy: balanced
 - commit_granule_bytes: 65536.
 - commit_granule_words: 8192.
 - virtual_space_node_default_size: 1048576.
 - enlarge_chunks_in_place: 1.
 - new_chunks_are_fully_committed: 0.
 - uncommit_free_chunks: 1.
 - use_allocation_guard: 0.
 - handle_deallocations: 1.


Internal statistics:

num_allocs_failed_limit: 6.
num_arena_births: 216.
num_arena_deaths: 14.
num_vsnodes_births: 5.
num_vsnodes_deaths: 0.
num_space_committed: 560.
num_space_uncommitted: 0.
num_chunks_returned_to_freelist: 20.
num_chunks_taken_from_freelist: 1361.
num_chunk_merges: 7.
num_chunk_splits: 878.
num_chunks_enlarged: 549.
num_purges: 2.
num_inconsistent_stats: 0.

CodeHeap 'non-profiled nmethods': size=120000Kb used=1948Kb max_used=1948Kb free=118051Kb
 bounds [0x000001f720830000, 0x000001f720aa0000, 0x000001f727d60000]
CodeHeap 'profiled nmethods': size=120000Kb used=8752Kb max_used=8752Kb free=111247Kb
 bounds [0x000001f719300000, 0x000001f719b90000, 0x000001f720830000]
CodeHeap 'non-nmethods': size=5760Kb used=1241Kb max_used=1279Kb free=4518Kb
 bounds [0x000001f718d60000, 0x000001f718fd0000, 0x000001f719300000]
 total_blobs=4618 nmethods=4061 adapters=472
 compilation: enabled
              stopped_count=0, restarted_count=0
 full_count=0

Compilation events (20 events):
Event: 156.378 Thread 0x000001f729f0e070 nmethod 4062 0x000001f720a13310 code [0x000001f720a13540, 0x000001f720a13d10]
Event: 156.379 Thread 0x000001f729f0e070 4063       4       java.lang.reflect.Executable::getAnnotation (23 bytes)
Event: 156.416 Thread 0x000001f729f0e070 nmethod 4063 0x000001f720a14410 code [0x000001f720a14680, 0x000001f720a154a0]
Event: 156.512 Thread 0x000001f729f0ea20 4064       3       java.lang.Class::getSimpleName (26 bytes)
Event: 156.513 Thread 0x000001f729f0ea20 nmethod 4064 0x000001f719b87c90 code [0x000001f719b87e40, 0x000001f719b88018]
Event: 156.517 Thread 0x000001f729f0ea20 4065       1       java.lang.reflect.Constructor::getModifiers (5 bytes)
Event: 156.517 Thread 0x000001f729f0ea20 nmethod 4065 0x000001f720a15e10 code [0x000001f720a15fa0, 0x000001f720a16078]
Event: 156.548 Thread 0x000001f729f0e070 4066       4       org.eclipse.osgi.container.ModuleDatabase::readLock (11 bytes)
Event: 156.556 Thread 0x000001f729f0e070 nmethod 4066 0x000001f720a16110 code [0x000001f720a162c0, 0x000001f720a165e8]
Event: 156.645 Thread 0x000001f729f0e070 4067       4       org.eclipse.osgi.container.ModuleDatabase::readUnlock (11 bytes)
Event: 156.657 Thread 0x000001f729f0e070 nmethod 4067 0x000001f720a16a10 code [0x000001f720a16be0, 0x000001f720a16ef0]
Event: 156.657 Thread 0x000001f729f0ea20 4069       3       com.google.common.collect.LexicographicalOrdering::compare (85 bytes)
Event: 156.658 Thread 0x000001f729f0ea20 nmethod 4069 0x000001f719b88110 code [0x000001f719b88360, 0x000001f719b88c78]
Event: 156.658 Thread 0x000001f729f0ea20 4068       3       com.google.common.collect.LexicographicalOrdering::compare (13 bytes)
Event: 156.659 Thread 0x000001f729f0ea20 nmethod 4068 0x000001f719b88f10 code [0x000001f719b890c0, 0x000001f719b89408]
Event: 156.659 Thread 0x000001f729f0ea20 4070       3       java.lang.reflect.Proxy::getProxyConstructor (92 bytes)
Event: 156.660 Thread 0x000001f729f0ea20 nmethod 4070 0x000001f719b89510 code [0x000001f719b89800, 0x000001f719b8ac48]
Event: 156.660 Thread 0x000001f729f0ea20 4071   !   3       java.lang.reflect.Proxy::newProxyInstance (75 bytes)
Event: 156.662 Thread 0x000001f729f0ea20 nmethod 4071 0x000001f719b8b210 code [0x000001f719b8b460, 0x000001f719b8bf08]
Event: 156.662 Thread 0x000001f729f0ea20 4072       3       java.lang.reflect.Proxy::<init> (15 bytes)

GC Heap History (20 events):
Event: 46.691 GC heap after
{Heap after GC invocations=2 (full 0):
 PSYoungGen      total 29696K, used 4094K [0x00000000eab00000, 0x00000000ecc00000, 0x0000000100000000)
  eden space 25600K, 0% used [0x00000000eab00000,0x00000000eab00000,0x00000000ec400000)
  from space 4096K, 99% used [0x00000000ec800000,0x00000000ecbff9d0,0x00000000ecc00000)
  to   space 4096K, 0% used [0x00000000ec400000,0x00000000ec400000,0x00000000ec800000)
 ParOldGen       total 68608K, used 1395K [0x00000000c0000000, 0x00000000c4300000, 0x00000000eab00000)
  object space 68608K, 2% used [0x00000000c0000000,0x00000000c015ccd0,0x00000000c4300000)
 Metaspace       used 14299K, committed 14528K, reserved 1064960K
  class space    used 1448K, committed 1536K, reserved 1048576K
}
Event: 62.097 GC heap before
{Heap before GC invocations=3 (full 0):
 PSYoungGen      total 29696K, used 29694K [0x00000000eab00000, 0x00000000ecc00000, 0x0000000100000000)
  eden space 25600K, 100% used [0x00000000eab00000,0x00000000ec400000,0x00000000ec400000)
  from space 4096K, 99% used [0x00000000ec800000,0x00000000ecbff9d0,0x00000000ecc00000)
  to   space 4096K, 0% used [0x00000000ec400000,0x00000000ec400000,0x00000000ec800000)
 ParOldGen       total 68608K, used 1395K [0x00000000c0000000, 0x00000000c4300000, 0x00000000eab00000)
  object space 68608K, 2% used [0x00000000c0000000,0x00000000c015ccd0,0x00000000c4300000)
 Metaspace       used 17490K, committed 17856K, reserved 1064960K
  class space    used 1764K, committed 1920K, reserved 1048576K
}
Event: 62.112 GC heap after
{Heap after GC invocations=3 (full 0):
 PSYoungGen      total 29696K, used 4086K [0x00000000eab00000, 0x00000000ecc00000, 0x0000000100000000)
  eden space 25600K, 0% used [0x00000000eab00000,0x00000000eab00000,0x00000000ec400000)
  from space 4096K, 99% used [0x00000000ec400000,0x00000000ec7fda48,0x00000000ec800000)
  to   space 4096K, 0% used [0x00000000ec800000,0x00000000ec800000,0x00000000ecc00000)
 ParOldGen       total 68608K, used 5110K [0x00000000c0000000, 0x00000000c4300000, 0x00000000eab00000)
  object space 68608K, 7% used [0x00000000c0000000,0x00000000c04fd900,0x00000000c4300000)
 Metaspace       used 17490K, committed 17856K, reserved 1064960K
  class space    used 1764K, committed 1920K, reserved 1048576K
}
Event: 65.814 GC heap before
{Heap before GC invocations=4 (full 0):
 PSYoungGen      total 29696K, used 22621K [0x00000000eab00000, 0x00000000ecc00000, 0x0000000100000000)
  eden space 25600K, 72% used [0x00000000eab00000,0x00000000ebd19a18,0x00000000ec400000)
  from space 4096K, 99% used [0x00000000ec400000,0x00000000ec7fda48,0x00000000ec800000)
  to   space 4096K, 0% used [0x00000000ec800000,0x00000000ec800000,0x00000000ecc00000)
 ParOldGen       total 68608K, used 5110K [0x00000000c0000000, 0x00000000c4300000, 0x00000000eab00000)
  object space 68608K, 7% used [0x00000000c0000000,0x00000000c04fd900,0x00000000c4300000)
 Metaspace       used 21086K, committed 21504K, reserved 1073152K
  class space    used 2120K, committed 2304K, reserved 1048576K
}
Event: 65.824 GC heap after
{Heap after GC invocations=4 (full 0):
 PSYoungGen      total 29696K, used 4080K [0x00000000eab00000, 0x00000000ecc00000, 0x0000000100000000)
  eden space 25600K, 0% used [0x00000000eab00000,0x00000000eab00000,0x00000000ec400000)
  from space 4096K, 99% used [0x00000000ec800000,0x00000000ecbfc100,0x00000000ecc00000)
  to   space 4096K, 0% used [0x00000000ec400000,0x00000000ec400000,0x00000000ec800000)
 ParOldGen       total 68608K, used 6802K [0x00000000c0000000, 0x00000000c4300000, 0x00000000eab00000)
  object space 68608K, 9% used [0x00000000c0000000,0x00000000c06a4b00,0x00000000c4300000)
 Metaspace       used 21086K, committed 21504K, reserved 1073152K
  class space    used 2120K, committed 2304K, reserved 1048576K
}
Event: 65.824 GC heap before
{Heap before GC invocations=5 (full 1):
 PSYoungGen      total 29696K, used 4080K [0x00000000eab00000, 0x00000000ecc00000, 0x0000000100000000)
  eden space 25600K, 0% used [0x00000000eab00000,0x00000000eab00000,0x00000000ec400000)
  from space 4096K, 99% used [0x00000000ec800000,0x00000000ecbfc100,0x00000000ecc00000)
  to   space 4096K, 0% used [0x00000000ec400000,0x00000000ec400000,0x00000000ec800000)
 ParOldGen       total 68608K, used 6802K [0x00000000c0000000, 0x00000000c4300000, 0x00000000eab00000)
  object space 68608K, 9% used [0x00000000c0000000,0x00000000c06a4b00,0x00000000c4300000)
 Metaspace       used 21086K, committed 21504K, reserved 1073152K
  class space    used 2120K, committed 2304K, reserved 1048576K
}
Event: 65.892 GC heap after
{Heap after GC invocations=5 (full 1):
 PSYoungGen      total 29696K, used 0K [0x00000000eab00000, 0x00000000ecc00000, 0x0000000100000000)
  eden space 25600K, 0% used [0x00000000eab00000,0x00000000eab00000,0x00000000ec400000)
  from space 4096K, 0% used [0x00000000ec800000,0x00000000ec800000,0x00000000ecc00000)
  to   space 4096K, 0% used [0x00000000ec400000,0x00000000ec400000,0x00000000ec800000)
 ParOldGen       total 68608K, used 10617K [0x00000000c0000000, 0x00000000c4300000, 0x00000000eab00000)
  object space 68608K, 15% used [0x00000000c0000000,0x00000000c0a5e510,0x00000000c4300000)
 Metaspace       used 21073K, committed 21504K, reserved 1073152K
  class space    used 2116K, committed 2304K, reserved 1048576K
}
Event: 97.677 GC heap before
{Heap before GC invocations=6 (full 1):
 PSYoungGen      total 29696K, used 25600K [0x00000000eab00000, 0x00000000ecc00000, 0x0000000100000000)
  eden space 25600K, 100% used [0x00000000eab00000,0x00000000ec400000,0x00000000ec400000)
  from space 4096K, 0% used [0x00000000ec800000,0x00000000ec800000,0x00000000ecc00000)
  to   space 4096K, 0% used [0x00000000ec400000,0x00000000ec400000,0x00000000ec800000)
 ParOldGen       total 68608K, used 10617K [0x00000000c0000000, 0x00000000c4300000, 0x00000000eab00000)
  object space 68608K, 15% used [0x00000000c0000000,0x00000000c0a5e510,0x00000000c4300000)
 Metaspace       used 24241K, committed 24704K, reserved 1073152K
  class space    used 2473K, committed 2688K, reserved 1048576K
}
Event: 97.682 GC heap after
{Heap after GC invocations=6 (full 1):
 PSYoungGen      total 27136K, used 1675K [0x00000000eab00000, 0x00000000eca80000, 0x0000000100000000)
  eden space 25088K, 0% used [0x00000000eab00000,0x00000000eab00000,0x00000000ec380000)
  from space 2048K, 81% used [0x00000000ec400000,0x00000000ec5a2ee0,0x00000000ec600000)
  to   space 3584K, 0% used [0x00000000ec700000,0x00000000ec700000,0x00000000eca80000)
 ParOldGen       total 68608K, used 10625K [0x00000000c0000000, 0x00000000c4300000, 0x00000000eab00000)
  object space 68608K, 15% used [0x00000000c0000000,0x00000000c0a60510,0x00000000c4300000)
 Metaspace       used 24241K, committed 24704K, reserved 1073152K
  class space    used 2473K, committed 2688K, reserved 1048576K
}
Event: 106.906 GC heap before
{Heap before GC invocations=7 (full 1):
 PSYoungGen      total 27136K, used 26763K [0x00000000eab00000, 0x00000000eca80000, 0x0000000100000000)
  eden space 25088K, 100% used [0x00000000eab00000,0x00000000ec380000,0x00000000ec380000)
  from space 2048K, 81% used [0x00000000ec400000,0x00000000ec5a2ee0,0x00000000ec600000)
  to   space 3584K, 0% used [0x00000000ec700000,0x00000000ec700000,0x00000000eca80000)
 ParOldGen       total 68608K, used 10625K [0x00000000c0000000, 0x00000000c4300000, 0x00000000eab00000)
  object space 68608K, 15% used [0x00000000c0000000,0x00000000c0a60510,0x00000000c4300000)
 Metaspace       used 26058K, committed 26624K, reserved 1073152K
  class space    used 2636K, committed 2880K, reserved 1048576K
}
Event: 106.909 GC heap after
{Heap after GC invocations=7 (full 1):
 PSYoungGen      total 27136K, used 2134K [0x00000000eab00000, 0x00000000ec980000, 0x0000000100000000)
  eden space 24576K, 0% used [0x00000000eab00000,0x00000000eab00000,0x00000000ec300000)
  from space 2560K, 83% used [0x00000000ec700000,0x00000000ec915a38,0x00000000ec980000)
  to   space 2560K, 0% used [0x00000000ec480000,0x00000000ec480000,0x00000000ec700000)
 ParOldGen       total 68608K, used 10633K [0x00000000c0000000, 0x00000000c4300000, 0x00000000eab00000)
  object space 68608K, 15% used [0x00000000c0000000,0x00000000c0a62510,0x00000000c4300000)
 Metaspace       used 26058K, committed 26624K, reserved 1073152K
  class space    used 2636K, committed 2880K, reserved 1048576K
}
Event: 127.710 GC heap before
{Heap before GC invocations=8 (full 1):
 PSYoungGen      total 27136K, used 26710K [0x00000000eab00000, 0x00000000ec980000, 0x0000000100000000)
  eden space 24576K, 100% used [0x00000000eab00000,0x00000000ec300000,0x00000000ec300000)
  from space 2560K, 83% used [0x00000000ec700000,0x00000000ec915a38,0x00000000ec980000)
  to   space 2560K, 0% used [0x00000000ec480000,0x00000000ec480000,0x00000000ec700000)
 ParOldGen       total 68608K, used 10633K [0x00000000c0000000, 0x00000000c4300000, 0x00000000eab00000)
  object space 68608K, 15% used [0x00000000c0000000,0x00000000c0a62510,0x00000000c4300000)
 Metaspace       used 28152K, committed 28672K, reserved 1081344K
  class space    used 2855K, committed 3072K, reserved 1048576K
}
Event: 127.714 GC heap after
{Heap after GC invocations=8 (full 1):
 PSYoungGen      total 26624K, used 2521K [0x00000000eab00000, 0x00000000ec880000, 0x0000000100000000)
  eden space 24064K, 0% used [0x00000000eab00000,0x00000000eab00000,0x00000000ec280000)
  from space 2560K, 98% used [0x00000000ec480000,0x00000000ec6f6608,0x00000000ec700000)
  to   space 1536K, 0% used [0x00000000ec700000,0x00000000ec700000,0x00000000ec880000)
 ParOldGen       total 68608K, used 10641K [0x00000000c0000000, 0x00000000c4300000, 0x00000000eab00000)
  object space 68608K, 15% used [0x00000000c0000000,0x00000000c0a64510,0x00000000c4300000)
 Metaspace       used 28152K, committed 28672K, reserved 1081344K
  class space    used 2855K, committed 3072K, reserved 1048576K
}
Event: 146.391 GC heap before
{Heap before GC invocations=9 (full 1):
 PSYoungGen      total 26624K, used 26524K [0x00000000eab00000, 0x00000000ec880000, 0x0000000100000000)
  eden space 24064K, 99% used [0x00000000eab00000,0x00000000ec270be0,0x00000000ec280000)
  from space 2560K, 98% used [0x00000000ec480000,0x00000000ec6f6608,0x00000000ec700000)
  to   space 1536K, 0% used [0x00000000ec700000,0x00000000ec700000,0x00000000ec880000)
 ParOldGen       total 68608K, used 10641K [0x00000000c0000000, 0x00000000c4300000, 0x00000000eab00000)
  object space 68608K, 15% used [0x00000000c0000000,0x00000000c0a64510,0x00000000c4300000)
 Metaspace       used 31189K, committed 31616K, reserved 1081344K
  class space    used 3150K, committed 3328K, reserved 1048576K
}
Event: 146.398 GC heap after
{Heap after GC invocations=9 (full 1):
 PSYoungGen      total 25088K, used 1520K [0x00000000eab00000, 0x00000000ec880000, 0x0000000100000000)
  eden space 23552K, 0% used [0x00000000eab00000,0x00000000eab00000,0x00000000ec200000)
  from space 1536K, 99% used [0x00000000ec700000,0x00000000ec87c2b0,0x00000000ec880000)
  to   space 3072K, 0% used [0x00000000ec280000,0x00000000ec280000,0x00000000ec580000)
 ParOldGen       total 68608K, used 12020K [0x00000000c0000000, 0x00000000c4300000, 0x00000000eab00000)
  object space 68608K, 17% used [0x00000000c0000000,0x00000000c0bbd348,0x00000000c4300000)
 Metaspace       used 31189K, committed 31616K, reserved 1081344K
  class space    used 3150K, committed 3328K, reserved 1048576K
}
Event: 152.861 GC heap before
{Heap before GC invocations=10 (full 1):
 PSYoungGen      total 25088K, used 25072K [0x00000000eab00000, 0x00000000ec880000, 0x0000000100000000)
  eden space 23552K, 100% used [0x00000000eab00000,0x00000000ec200000,0x00000000ec200000)
  from space 1536K, 99% used [0x00000000ec700000,0x00000000ec87c2b0,0x00000000ec880000)
  to   space 3072K, 0% used [0x00000000ec280000,0x00000000ec280000,0x00000000ec580000)
 ParOldGen       total 68608K, used 12020K [0x00000000c0000000, 0x00000000c4300000, 0x00000000eab00000)
  object space 68608K, 17% used [0x00000000c0000000,0x00000000c0bbd348,0x00000000c4300000)
 Metaspace       used 33863K, committed 34432K, reserved 1081344K
  class space    used 3413K, committed 3648K, reserved 1048576K
}
Event: 152.865 GC heap after
{Heap after GC invocations=10 (full 1):
 PSYoungGen      total 26112K, used 859K [0x00000000eab00000, 0x00000000ec780000, 0x0000000100000000)
  eden space 23040K, 0% used [0x00000000eab00000,0x00000000eab00000,0x00000000ec180000)
  from space 3072K, 27% used [0x00000000ec280000,0x00000000ec356f38,0x00000000ec580000)
  to   space 2048K, 0% used [0x00000000ec580000,0x00000000ec580000,0x00000000ec780000)
 ParOldGen       total 68608K, used 13316K [0x00000000c0000000, 0x00000000c4300000, 0x00000000eab00000)
  object space 68608K, 19% used [0x00000000c0000000,0x00000000c0d013e8,0x00000000c4300000)
 Metaspace       used 33863K, committed 34432K, reserved 1081344K
  class space    used 3413K, committed 3648K, reserved 1048576K
}
Event: 156.662 GC heap before
{Heap before GC invocations=11 (full 1):
 PSYoungGen      total 26112K, used 19042K [0x00000000eab00000, 0x00000000ec780000, 0x0000000100000000)
  eden space 23040K, 78% used [0x00000000eab00000,0x00000000ebcc1948,0x00000000ec180000)
  from space 3072K, 27% used [0x00000000ec280000,0x00000000ec356f38,0x00000000ec580000)
  to   space 2048K, 0% used [0x00000000ec580000,0x00000000ec580000,0x00000000ec780000)
 ParOldGen       total 68608K, used 13316K [0x00000000c0000000, 0x00000000c4300000, 0x00000000eab00000)
  object space 68608K, 19% used [0x00000000c0000000,0x00000000c0d013e8,0x00000000c4300000)
 Metaspace       used 35392K, committed 35840K, reserved 1081344K
  class space    used 3589K, committed 3776K, reserved 1048576K
}
Event: 156.666 GC heap after
{Heap after GC invocations=11 (full 1):
 PSYoungGen      total 24576K, used 1307K [0x00000000eab00000, 0x00000000ec700000, 0x0000000100000000)
  eden space 23040K, 0% used [0x00000000eab00000,0x00000000eab00000,0x00000000ec180000)
  from space 1536K, 85% used [0x00000000ec580000,0x00000000ec6c6f38,0x00000000ec700000)
  to   space 1536K, 0% used [0x00000000ec400000,0x00000000ec400000,0x00000000ec580000)
 ParOldGen       total 68608K, used 13538K [0x00000000c0000000, 0x00000000c4300000, 0x00000000eab00000)
  object space 68608K, 19% used [0x00000000c0000000,0x00000000c0d38ae0,0x00000000c4300000)
 Metaspace       used 35392K, committed 35840K, reserved 1081344K
  class space    used 3589K, committed 3776K, reserved 1048576K
}
Event: 156.666 GC heap before
{Heap before GC invocations=12 (full 2):
 PSYoungGen      total 24576K, used 1307K [0x00000000eab00000, 0x00000000ec700000, 0x0000000100000000)
  eden space 23040K, 0% used [0x00000000eab00000,0x00000000eab00000,0x00000000ec180000)
  from space 1536K, 85% used [0x00000000ec580000,0x00000000ec6c6f38,0x00000000ec700000)
  to   space 1536K, 0% used [0x00000000ec400000,0x00000000ec400000,0x00000000ec580000)
 ParOldGen       total 68608K, used 13538K [0x00000000c0000000, 0x00000000c4300000, 0x00000000eab00000)
  object space 68608K, 19% used [0x00000000c0000000,0x00000000c0d38ae0,0x00000000c4300000)
 Metaspace       used 35392K, committed 35840K, reserved 1081344K
  class space    used 3589K, committed 3776K, reserved 1048576K
}

Deoptimization events (20 events):
Event: 152.966 Thread 0x000001f72ef73000 DEOPT PACKING pc=0x000001f720852bac sp=0x0000008e020f9670
Event: 152.966 Thread 0x000001f72ef73000 DEOPT UNPACKING pc=0x000001f718db209d sp=0x0000008e020f9608 mode 2
Event: 152.966 Thread 0x000001f72ef73000 Uncommon trap: trap_request=0xffffff45 fr.pc=0x000001f72094023c relative=0x000000000000021c
Event: 152.966 Thread 0x000001f72ef73000 Uncommon trap: reason=unstable_if action=reinterpret pc=0x000001f72094023c method=java.util.WeakHashMap.expungeStaleEntries()V @ 9 c2
Event: 152.966 Thread 0x000001f72ef73000 DEOPT PACKING pc=0x000001f72094023c sp=0x0000008e020f9610
Event: 152.966 Thread 0x000001f72ef73000 DEOPT UNPACKING pc=0x000001f718db209d sp=0x0000008e020f95a8 mode 2
Event: 152.968 Thread 0x000001f72ef73000 Uncommon trap: trap_request=0xffffff45 fr.pc=0x000001f7209ad148 relative=0x0000000000001c68
Event: 152.968 Thread 0x000001f72ef73000 Uncommon trap: reason=unstable_if action=reinterpret pc=0x000001f7209ad148 method=org.eclipse.core.runtime.Path.computeSegmentCount(Ljava/lang/String;)I @ 6 c2
Event: 152.969 Thread 0x000001f72ef73000 DEOPT PACKING pc=0x000001f7209ad148 sp=0x0000008e020f97c0
Event: 152.969 Thread 0x000001f72ef73000 DEOPT UNPACKING pc=0x000001f718db209d sp=0x0000008e020f9700 mode 2
Event: 154.540 Thread 0x000001f72ef73000 Uncommon trap: trap_request=0xffffff45 fr.pc=0x000001f7209af030 relative=0x0000000000000490
Event: 154.540 Thread 0x000001f72ef73000 Uncommon trap: reason=unstable_if action=reinterpret pc=0x000001f7209af030 method=org.eclipse.core.runtime.Path.computeSegmentCount(Ljava/lang/String;)I @ 82 c2
Event: 154.540 Thread 0x000001f72ef73000 DEOPT PACKING pc=0x000001f7209af030 sp=0x0000008e020f9690
Event: 154.540 Thread 0x000001f72ef73000 DEOPT UNPACKING pc=0x000001f718db209d sp=0x0000008e020f9628 mode 2
Event: 155.673 Thread 0x000001f72ef73000 DEOPT PACKING pc=0x000001f719984f9e sp=0x0000008e020f7b80
Event: 155.673 Thread 0x000001f72ef73000 DEOPT UNPACKING pc=0x000001f718db2824 sp=0x0000008e020f7078 mode 0
Event: 155.674 Thread 0x000001f72ef73000 DEOPT PACKING pc=0x000001f719984f9e sp=0x0000008e020f7b80
Event: 155.674 Thread 0x000001f72ef73000 DEOPT UNPACKING pc=0x000001f718db2824 sp=0x0000008e020f7078 mode 0
Event: 155.676 Thread 0x000001f72ef73000 DEOPT PACKING pc=0x000001f719984f9e sp=0x0000008e020f7b80
Event: 155.676 Thread 0x000001f72ef73000 DEOPT UNPACKING pc=0x000001f718db2824 sp=0x0000008e020f7078 mode 0

Classes unloaded (7 events):
Event: 65.842 Thread 0x000001f729eca890 Unloading class 0x0000000100218800 'java/lang/invoke/LambdaForm$MH+0x0000000100218800'
Event: 65.842 Thread 0x000001f729eca890 Unloading class 0x0000000100218400 'java/lang/invoke/LambdaForm$MH+0x0000000100218400'
Event: 65.842 Thread 0x000001f729eca890 Unloading class 0x0000000100218000 'java/lang/invoke/LambdaForm$MH+0x0000000100218000'
Event: 65.842 Thread 0x000001f729eca890 Unloading class 0x0000000100217c00 'java/lang/invoke/LambdaForm$MH+0x0000000100217c00'
Event: 65.842 Thread 0x000001f729eca890 Unloading class 0x0000000100217400 'java/lang/invoke/LambdaForm$BMH+0x0000000100217400'
Event: 65.842 Thread 0x000001f729eca890 Unloading class 0x0000000100217000 'java/lang/invoke/LambdaForm$DMH+0x0000000100217000'
Event: 65.842 Thread 0x000001f729eca890 Unloading class 0x0000000100214400 'java/lang/invoke/LambdaForm$DMH+0x0000000100214400'

Classes redefined (0 events):
No events

Internal exceptions (20 events):
Event: 61.006 Thread 0x000001f72ef73000 Exception <a 'java/lang/NullPointerException'{0x00000000ebfff190}> (0x00000000ebfff190) 
thrown [e:\jenkins\tmp\workspace\build\src\src\hotspot\share\interpreter\linkResolver.cpp, line 1357]
Event: 61.006 Thread 0x000001f72ef73000 Exception <a 'java/lang/NullPointerException'{0x00000000ebfff9b8}> (0x00000000ebfff9b8) 
thrown [e:\jenkins\tmp\workspace\build\src\src\hotspot\share\interpreter\linkResolver.cpp, line 1357]
Event: 62.568 Thread 0x000001f72ef73000 Exception <a 'java/lang/NoSuchMethodError'{0x00000000eb027928}: 'void java.lang.invoke.DirectMethodHandle$Holder.invokeInterface(java.lang.Object, java.lang.Object, java.lang.Object)'> (0x00000000eb027928) 
thrown [e:\jenkins\tmp\workspace\build\src\src\hotspot\share\interpreter\linkResolver.cpp, line 766]
Event: 62.874 Thread 0x000001f72ef73000 Exception <a 'java/lang/NoSuchMethodError'{0x00000000eb341040}: 'java.lang.Object java.lang.invoke.Invokers$Holder.invokeExact_MT(java.lang.Object, java.lang.Object, java.lang.Object, java.lang.Object, java.lang.Object, java.lang.Object)'> (0x00000000eb341040) 
thrown [e:\jenkins\tmp\workspace\build\src\src\hotspot\share\interpreter\linkResolver.cpp, line 766]
Event: 63.010 Thread 0x000001f72ef73000 Exception <a 'java/lang/NoSuchMethodError'{0x00000000eb427380}: 'java.lang.Object java.lang.invoke.DirectMethodHandle$Holder.invokeStatic(java.lang.Object, java.lang.Object, int)'> (0x00000000eb427380) 
thrown [e:\jenkins\tmp\workspace\build\src\src\hotspot\share\interpreter\linkResolver.cpp, line 766]
Event: 63.012 Thread 0x000001f72ef73000 Exception <a 'java/lang/NoSuchMethodError'{0x00000000eb42be38}: 'void java.lang.invoke.DirectMethodHandle$Holder.invokeStatic(java.lang.Object, java.lang.Object, int, java.lang.Object)'> (0x00000000eb42be38) 
thrown [e:\jenkins\tmp\workspace\build\src\src\hotspot\share\interpreter\linkResolver.cpp, line 766]
Event: 63.014 Thread 0x000001f72ef73000 Exception <a 'java/lang/NoSuchMethodError'{0x00000000eb433568}: 'void java.lang.invoke.DelegatingMethodHandle$Holder.delegate(java.lang.Object, java.lang.Object, int, java.lang.Object)'> (0x00000000eb433568) 
thrown [e:\jenkins\tmp\workspace\build\src\src\hotspot\share\interpreter\linkResolver.cpp, line 766]
Event: 63.016 Thread 0x000001f72ef73000 Exception <a 'java/lang/NoSuchMethodError'{0x00000000eb437950}: 'int java.lang.invoke.DirectMethodHandle$Holder.invokeSpecial(java.lang.Object, java.lang.Object, java.lang.Object)'> (0x00000000eb437950) 
thrown [e:\jenkins\tmp\workspace\build\src\src\hotspot\share\interpreter\linkResolver.cpp, line 766]
Event: 63.019 Thread 0x000001f72ef73000 Exception <a 'java/lang/NoSuchMethodError'{0x00000000eb447b50}: 'int java.lang.invoke.DirectMethodHandle$Holder.invokeStatic(java.lang.Object, java.lang.Object, int)'> (0x00000000eb447b50) 
thrown [e:\jenkins\tmp\workspace\build\src\src\hotspot\share\interpreter\linkResolver.cpp, line 766]
Event: 63.020 Thread 0x000001f72ef73000 Exception <a 'java/lang/NoSuchMethodError'{0x00000000eb44bb78}: 'int java.lang.invoke.DirectMethodHandle$Holder.invokeSpecial(java.lang.Object, java.lang.Object, java.lang.Object, int)'> (0x00000000eb44bb78) 
thrown [e:\jenkins\tmp\workspace\build\src\src\hotspot\share\interpreter\linkResolver.cpp, line 766]
Event: 63.025 Thread 0x000001f72ef73000 Exception <a 'java/lang/NoSuchMethodError'{0x00000000eb466500}: 'java.lang.Object java.lang.invoke.DirectMethodHandle$Holder.invokeStatic(java.lang.Object, java.lang.Object, java.lang.Object, java.lang.Object, int)'> (0x00000000eb466500) 
thrown [e:\jenkins\tmp\workspace\build\src\src\hotspot\share\interpreter\linkResolver.cpp, line 766]
Event: 63.037 Thread 0x000001f72ef73000 Exception <a 'java/lang/NoSuchMethodError'{0x00000000eb472860}: 'java.lang.Object java.lang.invoke.DelegatingMethodHandle$Holder.reinvoke_L(java.lang.Object, java.lang.Object, java.lang.Object, java.lang.Object, int, int)'> (0x00000000eb472860) 
thrown [e:\jenkins\tmp\workspace\build\src\src\hotspot\share\interpreter\linkResolver.cpp, line 766]
Event: 63.076 Thread 0x000001f72ef73000 Exception <a 'java/lang/NoSuchMethodError'{0x00000000eb48a750}: 'java.lang.Object java.lang.invoke.Invokers$Holder.invokeExact_MT(java.lang.Object, java.lang.Object, java.lang.Object, java.lang.Object)'> (0x00000000eb48a750) 
thrown [e:\jenkins\tmp\workspace\build\src\src\hotspot\share\interpreter\linkResolver.cpp, line 766]
Event: 66.097 Thread 0x000001f72ef73000 Exception <a 'java/lang/NoSuchMethodError'{0x00000000eaba0be8}: 'int java.lang.invoke.DirectMethodHandle$Holder.invokeStaticInit(java.lang.Object, java.lang.Object, java.lang.Object)'> (0x00000000eaba0be8) 
thrown [e:\jenkins\tmp\workspace\build\src\src\hotspot\share\interpreter\linkResolver.cpp, line 766]
Event: 66.172 Thread 0x000001f72ef73000 Exception <a 'java/lang/IncompatibleClassChangeError'{0x00000000eac33668}: Found class java.lang.Object, but interface was expected> (0x00000000eac33668) 
thrown [e:\jenkins\tmp\workspace\build\src\src\hotspot\share\interpreter\linkResolver.cpp, line 833]
Event: 91.486 Thread 0x000001f72ef73000 Exception <a 'java/io/FileNotFoundException'{0x00000000eb714250}> (0x00000000eb714250) 
thrown [e:\jenkins\tmp\workspace\build\src\src\hotspot\share\prims\jni.cpp, line 516]
Event: 94.757 Thread 0x000001f72ef73000 Exception <a 'java/lang/NoSuchMethodError'{0x00000000ebbee0f8}: 'void java.lang.invoke.DirectMethodHandle$Holder.invokeSpecial(java.lang.Object, java.lang.Object, java.lang.Object, int)'> (0x00000000ebbee0f8) 
thrown [e:\jenkins\tmp\workspace\build\src\src\hotspot\share\interpreter\linkResolver.cpp, line 766]
Event: 95.987 Thread 0x000001f72ee80270 Exception <a 'java/lang/NoSuchMethodError'{0x00000000ead7f5b8}: 'int java.lang.invoke.DirectMethodHandle$Holder.invokeVirtual(java.lang.Object, java.lang.Object)'> (0x00000000ead7f5b8) 
thrown [e:\jenkins\tmp\workspace\build\src\src\hotspot\share\interpreter\linkResolver.cpp, line 766]
Event: 96.673 Thread 0x000001f72ee7f8d0 Exception <a 'java/lang/NoSuchMethodError'{0x00000000eadf0388}: 'java.lang.Object java.lang.invoke.DirectMethodHandle$Holder.newInvokeSpecial(java.lang.Object, java.lang.Object, java.lang.Object, java.lang.Object, java.lang.Object)'> (0x00000000eadf0388) 
thrown [e:\jenkins\tmp\workspace\build\src\src\hotspot\share\interpreter\linkResolver.cpp, line 766]
Event: 133.270 Thread 0x000001f72ee7f8d0 Exception <a 'java/lang/NoClassDefFoundError'{0x00000000eb1326f0}: javax/enterprise/inject/Typed> (0x00000000eb1326f0) 
thrown [e:\jenkins\tmp\workspace\build\src\src\hotspot\share\classfile\systemDictionary.cpp, line 245]

VM Operations (20 events):
Event: 148.419 Executing VM operation: Cleanup done
Event: 149.424 Executing VM operation: Cleanup
Event: 149.441 Executing VM operation: Cleanup done
Event: 151.453 Executing VM operation: Cleanup
Event: 151.453 Executing VM operation: Cleanup done
Event: 152.227 Executing VM operation: HandshakeAllThreads
Event: 152.227 Executing VM operation: HandshakeAllThreads done
Event: 152.860 Executing VM operation: ParallelGCFailedAllocation
Event: 152.865 Executing VM operation: ParallelGCFailedAllocation done
Event: 153.866 Executing VM operation: Cleanup
Event: 153.866 Executing VM operation: Cleanup done
Event: 154.878 Executing VM operation: Cleanup
Event: 154.878 Executing VM operation: Cleanup done
Event: 155.667 Executing VM operation: HandshakeAllThreads
Event: 155.667 Executing VM operation: HandshakeAllThreads done
Event: 156.361 Executing VM operation: HandshakeAllThreads
Event: 156.361 Executing VM operation: HandshakeAllThreads done
Event: 156.361 Executing VM operation: Cleanup
Event: 156.362 Executing VM operation: Cleanup done
Event: 156.662 Executing VM operation: CollectForMetadataAllocation

Events (20 events):
Event: 143.940 loading class sun/reflect/generics/reflectiveObjects/LazyReflectiveObjectGenerator done
Event: 143.940 loading class sun/reflect/generics/reflectiveObjects/TypeVariableImpl done
Event: 143.941 loading class sun/reflect/generics/reflectiveObjects/ParameterizedTypeImpl
Event: 143.941 loading class sun/reflect/generics/reflectiveObjects/ParameterizedTypeImpl done
Event: 152.422 loading class java/lang/Deprecated
Event: 152.423 loading class java/lang/Deprecated done
Event: 152.427 loading class java/lang/InheritableThreadLocal
Event: 152.427 loading class java/lang/InheritableThreadLocal done
Event: 155.362 loading class org/w3c/dom/DOMException
Event: 155.362 loading class org/w3c/dom/DOMException done
Event: 155.391 loading class sun/reflect/generics/scope/ConstructorScope
Event: 155.391 loading class sun/reflect/generics/scope/ConstructorScope done
Event: 155.391 loading class sun/reflect/generics/repository/ConstructorRepository
Event: 155.391 loading class sun/reflect/generics/repository/ConstructorRepository done
Event: 155.391 loading class sun/reflect/generics/tree/VoidDescriptor
Event: 155.392 loading class sun/reflect/generics/tree/VoidDescriptor done
Event: 155.392 loading class sun/reflect/generics/tree/MethodTypeSignature
Event: 155.392 loading class sun/reflect/generics/tree/MethodTypeSignature done
Event: 156.514 loading class java/util/concurrent/CompletionService
Event: 156.514 loading class java/util/concurrent/CompletionService done


Dynamic libraries:
0x00007ff7d3900000 - 0x00007ff7d390e000 	c:\Users\Артур\.vscode\extensions\redhat.java-1.9.0-win32-x64\jre\17.0.3-win32-x86_64\bin\java.exe
0x00007ff96d030000 - 0x00007ff96d228000 	C:\Windows\SYSTEM32\ntdll.dll
0x00007ff96c020000 - 0x00007ff96c0dd000 	C:\Windows\System32\KERNEL32.DLL
0x00007ff96aae0000 - 0x00007ff96adae000 	C:\Windows\System32\KERNELBASE.dll
0x00007ff96a9e0000 - 0x00007ff96aae0000 	C:\Windows\System32\ucrtbase.dll
0x00007ff958d00000 - 0x00007ff958d18000 	c:\Users\Артур\.vscode\extensions\redhat.java-1.9.0-win32-x64\jre\17.0.3-win32-x86_64\bin\jli.dll
0x00007ff96b440000 - 0x00007ff96b5e0000 	C:\Windows\System32\USER32.dll
0x00007ff96a750000 - 0x00007ff96a772000 	C:\Windows\System32\win32u.dll
0x00007ff96b410000 - 0x00007ff96b43a000 	C:\Windows\System32\GDI32.dll
0x00007ff96af80000 - 0x00007ff96b08b000 	C:\Windows\System32\gdi32full.dll
0x00007ff96adb0000 - 0x00007ff96ae4d000 	C:\Windows\System32\msvcp_win.dll
0x00007ff958d20000 - 0x00007ff958d39000 	c:\Users\Артур\.vscode\extensions\redhat.java-1.9.0-win32-x64\jre\17.0.3-win32-x86_64\bin\VCRUNTIME140.dll
0x00007ff969db0000 - 0x00007ff96a04a000 	C:\Windows\WinSxS\amd64_microsoft.windows.common-controls_6595b64144ccf1df_6.0.19041.1110_none_60b5254171f9507e\COMCTL32.dll
0x00007ff96c2c0000 - 0x00007ff96c35e000 	C:\Windows\System32\msvcrt.dll
0x00007ff96c0e0000 - 0x00007ff96c110000 	C:\Windows\System32\IMM32.DLL
0x00007ff958dc0000 - 0x00007ff958dcc000 	c:\Users\Артур\.vscode\extensions\redhat.java-1.9.0-win32-x64\jre\17.0.3-win32-x86_64\bin\vcruntime140_1.dll
0x00007ff903980000 - 0x00007ff903a11000 	c:\Users\Артур\.vscode\extensions\redhat.java-1.9.0-win32-x64\jre\17.0.3-win32-x86_64\bin\msvcp140.dll
0x00007ff8e6040000 - 0x00007ff8e6c88000 	c:\Users\Артур\.vscode\extensions\redhat.java-1.9.0-win32-x64\jre\17.0.3-win32-x86_64\bin\server\jvm.dll
0x00007ff96b360000 - 0x00007ff96b40e000 	C:\Windows\System32\ADVAPI32.dll
0x00007ff96c1c0000 - 0x00007ff96c25c000 	C:\Windows\System32\sechost.dll
0x00007ff96cab0000 - 0x00007ff96cbd5000 	C:\Windows\System32\RPCRT4.dll
0x00007ff96ce30000 - 0x00007ff96ce38000 	C:\Windows\System32\PSAPI.DLL
0x00007ff958d90000 - 0x00007ff958d99000 	C:\Windows\SYSTEM32\WSOCK32.dll
0x00007ff96bc50000 - 0x00007ff96bcbb000 	C:\Windows\System32\WS2_32.dll
0x00007ff962580000 - 0x00007ff9625a7000 	C:\Windows\SYSTEM32\WINMM.dll
0x00007ff965130000 - 0x00007ff96513a000 	C:\Windows\SYSTEM32\VERSION.dll
0x00007ff968020000 - 0x00007ff968032000 	C:\Windows\SYSTEM32\kernel.appcore.dll
0x00007ff958cf0000 - 0x00007ff958cfa000 	c:\Users\Артур\.vscode\extensions\redhat.java-1.9.0-win32-x64\jre\17.0.3-win32-x86_64\bin\jimage.dll
0x00007ff96a100000 - 0x00007ff96a2e4000 	C:\Windows\SYSTEM32\DBGHELP.DLL
0x00007ff96a050000 - 0x00007ff96a07c000 	C:\Windows\SYSTEM32\dbgcore.DLL
0x00007ff96aef0000 - 0x00007ff96af72000 	C:\Windows\System32\bcryptPrimitives.dll
0x00007ff958870000 - 0x00007ff95887e000 	c:\Users\Артур\.vscode\extensions\redhat.java-1.9.0-win32-x64\jre\17.0.3-win32-x86_64\bin\instrument.dll
0x00007ff953290000 - 0x00007ff9532b5000 	c:\Users\Артур\.vscode\extensions\redhat.java-1.9.0-win32-x64\jre\17.0.3-win32-x86_64\bin\java.dll
0x00007ff953870000 - 0x00007ff953888000 	c:\Users\Артур\.vscode\extensions\redhat.java-1.9.0-win32-x64\jre\17.0.3-win32-x86_64\bin\zip.dll
0x00007ff96c360000 - 0x00007ff96caa4000 	C:\Windows\System32\SHELL32.dll
0x00007ff968220000 - 0x00007ff9689b4000 	C:\Windows\SYSTEM32\windows.storage.dll
0x00007ff96bcc0000 - 0x00007ff96c014000 	C:\Windows\System32\combase.dll
0x00007ff969a60000 - 0x00007ff969a90000 	C:\Windows\SYSTEM32\Wldp.dll
0x00007ff96cbe0000 - 0x00007ff96cc8d000 	C:\Windows\System32\SHCORE.dll
0x00007ff96c260000 - 0x00007ff96c2b5000 	C:\Windows\System32\shlwapi.dll
0x00007ff96a690000 - 0x00007ff96a6af000 	C:\Windows\SYSTEM32\profapi.dll
0x00007ff953350000 - 0x00007ff953369000 	C:\Users\Артур\.vscode\extensions\redhat.java-1.9.0-win32-x64\jre\17.0.3-win32-x86_64\bin\net.dll
0x00007ff95ed60000 - 0x00007ff95ee6a000 	C:\Windows\SYSTEM32\WINHTTP.dll
0x00007ff9697e0000 - 0x00007ff96984a000 	C:\Windows\system32\mswsock.dll
0x00007ff953270000 - 0x00007ff953285000 	C:\Users\Артур\.vscode\extensions\redhat.java-1.9.0-win32-x64\jre\17.0.3-win32-x86_64\bin\nio.dll
0x00007ff9586f0000 - 0x00007ff958700000 	c:\Users\Артур\.vscode\extensions\redhat.java-1.9.0-win32-x64\jre\17.0.3-win32-x86_64\bin\verify.dll
0x00007ff94aa60000 - 0x00007ff94aa9e000 	C:\Users\Артур\AppData\Roaming\Code\User\globalStorage\redhat.java\1.9.0\config_win\org.eclipse.equinox.launcher\org.eclipse.equinox.launcher.win32.win32.x86_64_1.2.500.v20220509-0833\eclipse_11700.dll
0x00007ff96b640000 - 0x00007ff96b76a000 	C:\Windows\System32\ole32.dll
0x00007ff957fe0000 - 0x00007ff957fe9000 	C:\Users\Артур\.vscode\extensions\redhat.java-1.9.0-win32-x64\jre\17.0.3-win32-x86_64\bin\management.dll

dbghelp: loaded successfully - version: 4.0.5 - missing functions: none
symbol engine: initialized successfully - sym options: 0x614 - pdb path: .;c:\Users\Артур\.vscode\extensions\redhat.java-1.9.0-win32-x64\jre\17.0.3-win32-x86_64\bin;C:\Windows\SYSTEM32;C:\Windows\WinSxS\amd64_microsoft.windows.common-controls_6595b64144ccf1df_6.0.19041.1110_none_60b5254171f9507e;c:\Users\Артур\.vscode\extensions\redhat.java-1.9.0-win32-x64\jre\17.0.3-win32-x86_64\bin\server;C:\Users\Артур\AppData\Roaming\Code\User\globalStorage\redhat.java\1.9.0\config_win\org.eclipse.equinox.launcher\org.eclipse.equinox.launcher.win32.win32.x86_64_1.2.500.v20220509-0833

VM Arguments:
jvm_args: --add-modules=ALL-SYSTEM --add-opens=java.base/java.util=ALL-UNNAMED --add-opens=java.base/java.lang=ALL-UNNAMED --add-opens=java.base/sun.nio.fs=ALL-UNNAMED -Declipse.application=org.eclipse.jdt.ls.core.id1 -Dosgi.bundles.defaultStartLevel=4 -Declipse.product=org.eclipse.jdt.ls.core.product -Djava.import.generatesMetadataFilesAtProjectRoot=false -Dfile.encoding=utf8 -DwatchParentProcess=false -XX:+UseParallelGC -XX:GCTimeRatio=4 -XX:AdaptiveSizePolicyWeight=90 -Dsun.zip.disableMemoryMapping=true -Xmx1G -Xms100m -javaagent:c:\Users\Артур\.vscode\extensions\redhat.java-1.9.0-win32-x64\lombok\lombok-1.18.24.jar -XX:+HeapDumpOnOutOfMemoryError -XX:HeapDumpPath=c:\Users\Артур\AppData\Roaming\Code\User\workspaceStorage\5c1c60083b7b46aba082b4ca789630d8\redhat.java 
java_command: c:\Users\Артур\.vscode\extensions\redhat.java-1.9.0-win32-x64\server\plugins\org.eclipse.equinox.launcher_1.6.400.v20210924-0641.jar -configuration c:\Users\Артур\AppData\Roaming\Code\User\globalStorage\redhat.java\1.9.0\config_win -data c:\Users\Артур\AppData\Roaming\Code\User\workspaceStorage\5c1c60083b7b46aba082b4ca789630d8\redhat.java\jdt_ws
java_class_path (initial): c:\Users\Артур\.vscode\extensions\redhat.java-1.9.0-win32-x64\server\plugins\org.eclipse.equinox.launcher_1.6.400.v20210924-0641.jar
Launcher Type: SUN_STANDARD

[Global flags]
    uintx AdaptiveSizePolicyWeight                 = 90                                        {product} {command line}
     intx CICompilerCount                          = 3                                         {product} {ergonomic}
    uintx GCTimeRatio                              = 4                                         {product} {command line}
     bool HeapDumpOnOutOfMemoryError               = true                                   {manageable} {command line}
    ccstr HeapDumpPath                             = c:\Users\Артур\AppData\Roaming\Code\User\workspaceStorage\5c1c60083b7b46aba082b4ca789630d8\redhat.java         {manageable} {command line}
   size_t InitialHeapSize                          = 104857600                                 {product} {command line}
   size_t MaxHeapSize                              = 1073741824                                {product} {command line}
   size_t MaxNewSize                               = 357564416                                 {product} {ergonomic}
   size_t MinHeapDeltaBytes                        = 524288                                    {product} {ergonomic}
   size_t MinHeapSize                              = 104857600                                 {product} {command line}
   size_t NewSize                                  = 34603008                                  {product} {ergonomic}
    uintx NonNMethodCodeHeapSize                   = 5832780                                {pd product} {ergonomic}
    uintx NonProfiledCodeHeapSize                  = 122912730                              {pd product} {ergonomic}
   size_t OldSize                                  = 70254592                                  {product} {ergonomic}
    uintx ProfiledCodeHeapSize                     = 122912730                              {pd product} {ergonomic}
    uintx ReservedCodeCacheSize                    = 251658240                              {pd product} {ergonomic}
     bool SegmentedCodeCache                       = true                                      {product} {ergonomic}
   size_t SoftMaxHeapSize                          = 1073741824                             {manageable} {ergonomic}
     bool UseCompressedClassPointers               = true                           {product lp64_product} {ergonomic}
     bool UseCompressedOops                        = true                           {product lp64_product} {ergonomic}
     bool UseLargePagesIndividualAllocation        = false                                  {pd product} {ergonomic}
     bool UseParallelGC                            = true                                      {product} {command line}

Logging:
Log output configuration:
 #0: stdout all=warning uptime,level,tags
 #1: stderr all=off uptime,level,tags

Environment Variables:
JAVA_HOME=C:\Program Files\Java\jdk1.8.0_202
PATH=C:\Program Files (x86)\Common Files\Oracle\Java\javapath;C:\ProgramData\Oracle\Java\javapath;C:\Windows\system32;C:\Windows;C:\Windows\System32\Wbem;C:\Windows\System32\WindowsPowerShell\v1.0\;C:\Windows\System32\OpenSSH\;E:\Programs\Git\cmd;E:\Programs\nodejs\;C:\HaxeToolkit\haxe;C:\HaxeToolkit\neko;C:\Program Files\dotnet\;C:\Users\Артур\AppData\Local\Microsoft\WindowsApps;;E:\Programs\Microsoft VS Code\bin;C:\Users\Артур\AppData\Roaming\npm;E:\Programs\JetBrains\IntelliJ IDEA Community Edition 2022.1\bin;;C:\Users\Артур\.dotnet\tools
USERNAME=Артур
OS=Windows_NT
PROCESSOR_IDENTIFIER=Intel64 Family 6 Model 23 Stepping 10, GenuineIntel



---------------  S Y S T E M  ---------------

OS:
 Windows 10 , 64 bit Build 19041 (10.0.19041.1806)
OS uptime: 0 days 5:26 hours

CPU: total 4 (initial active 4) (4 cores per cpu, 1 threads per core) family 6 model 23 stepping 10 microcode 0xa0c, cx8, cmov, fxsr, mmx, sse, sse2, sse3, ssse3, sse4.1, tsc, clflush

Memory: 4k page, system-wide physical 4095M (186M free)
TotalPageFile size 12287M (AvailPageFile size 4186M)
current process WorkingSet (physical memory assigned to process): 139M, peak: 158M
current process commit charge ("private bytes"): 227M, peak: 249M

vm_info: OpenJDK 64-Bit Server VM (17.0.3+7) for windows-amd64 JRE (17.0.3+7), built on Apr 19 2022 16:55:35 by "" with MS VC++ 16.7 (VS2019)

END.
